02-Nov-2022 09:06:22.647 INFO [Thread-6] org.apache.coyote.AbstractProtocol.pause Pausing ProtocolHandler ["http-nio-8090"]
02-Nov-2022 09:06:22.709 INFO [Thread-6] org.apache.coyote.AbstractProtocol.pause Pausing ProtocolHandler ["ajp-nio-8009"]
02-Nov-2022 09:06:22.772 INFO [Thread-6] org.apache.catalina.core.StandardService.stopInternal Stopping service Catalina
02-Nov-2022 09:06:22.787 WARNING [localhost-startStop-2] org.apache.catalina.loader.WebappClassLoaderBase.clearReferencesJdbc The web application [zab] registered the JDBC driver [com.microsoft.sqlserver.jdbc.SQLServerDriver] but failed to unregister it when the web application was stopped. To prevent a memory leak, the JDBC Driver has been forcibly unregistered.
02-Nov-2022 09:06:22.803 INFO [Thread-6] org.apache.coyote.AbstractProtocol.stop Stopping ProtocolHandler ["http-nio-8090"]
02-Nov-2022 09:06:22.803 INFO [Thread-6] org.apache.coyote.AbstractProtocol.stop Stopping ProtocolHandler ["ajp-nio-8009"]
02-Nov-2022 09:25:58.335 INFO [main] org.apache.catalina.startup.VersionLoggerListener.log Server version:        Apache Tomcat/9.0.0.M1
02-Nov-2022 09:25:58.337 INFO [main] org.apache.catalina.startup.VersionLoggerListener.log Server built:          Nov 12 2015 22:05:52 UTC
02-Nov-2022 09:25:58.337 INFO [main] org.apache.catalina.startup.VersionLoggerListener.log Server number:         9.0.0.0
02-Nov-2022 09:25:58.337 INFO [main] org.apache.catalina.startup.VersionLoggerListener.log OS Name:               Windows 10
02-Nov-2022 09:25:58.337 INFO [main] org.apache.catalina.startup.VersionLoggerListener.log OS Version:            10.0
02-Nov-2022 09:25:58.338 INFO [main] org.apache.catalina.startup.VersionLoggerListener.log Architecture:          amd64
02-Nov-2022 09:25:58.338 INFO [main] org.apache.catalina.startup.VersionLoggerListener.log Java Home:             C:\Program Files\JAVA\jre1.8.0_92
02-Nov-2022 09:25:58.338 INFO [main] org.apache.catalina.startup.VersionLoggerListener.log JVM Version:           1.8.0_92-b14
02-Nov-2022 09:25:58.338 INFO [main] org.apache.catalina.startup.VersionLoggerListener.log JVM Vendor:            Oracle Corporation
02-Nov-2022 09:25:58.338 INFO [main] org.apache.catalina.startup.VersionLoggerListener.log CATALINA_BASE:         D:\Tomcat
02-Nov-2022 09:25:58.338 INFO [main] org.apache.catalina.startup.VersionLoggerListener.log CATALINA_HOME:         D:\Tomcat
02-Nov-2022 09:25:58.339 INFO [main] org.apache.catalina.startup.VersionLoggerListener.log Command line argument: -Dcatalina.home=D:\Tomcat
02-Nov-2022 09:25:58.339 INFO [main] org.apache.catalina.startup.VersionLoggerListener.log Command line argument: -Dcatalina.base=D:\Tomcat
02-Nov-2022 09:25:58.339 INFO [main] org.apache.catalina.startup.VersionLoggerListener.log Command line argument: -Djava.io.tmpdir=D:\Tomcat\temp
02-Nov-2022 09:25:58.339 INFO [main] org.apache.catalina.startup.VersionLoggerListener.log Command line argument: -Djava.util.logging.manager=org.apache.juli.ClassLoaderLogManager
02-Nov-2022 09:25:58.339 INFO [main] org.apache.catalina.startup.VersionLoggerListener.log Command line argument: -Djava.util.logging.config.file=D:\Tomcat\conf\logging.properties
02-Nov-2022 09:25:58.339 INFO [main] org.apache.catalina.startup.VersionLoggerListener.log Command line argument: exit
02-Nov-2022 09:25:58.339 INFO [main] org.apache.catalina.startup.VersionLoggerListener.log Command line argument: -Xms128m
02-Nov-2022 09:25:58.340 INFO [main] org.apache.catalina.startup.VersionLoggerListener.log Command line argument: -Xmx256m
02-Nov-2022 09:25:58.341 INFO [main] org.apache.catalina.core.AprLifecycleListener.lifecycleEvent The APR based Apache Tomcat Native library which allows optimal performance in production environments was not found on the java.library.path: D:\Tomcat\bin;C:\Windows\Sun\Java\bin;C:\Windows\system32;C:\Windows;C:\ProgramData\Oracle\Java\javapath;C:\Program Files (x86)\Common Files\Intel\Shared Libraries\redist\intel64\compiler;C:\Windows\system32;C:\Windows;C:\Windows\System32\Wbem;C:\Windows\System32\WindowsPowerShell\v1.0\;C:\Windows\System32\OpenSSH\;C:\Program Files\Git\cmd;C:\Program Files\nodejs\;C:\Program Files\Azure Data Studio\bin;C:\Program Files\Microsoft SQL Server\Client SDK\ODBC\170\Tools\Binn\;C:\Program Files (x86)\Microsoft SQL Server\150\Tools\Binn\;C:\Program Files\Microsoft SQL Server\150\Tools\Binn\;C:\Program Files\Microsoft SQL Server\150\DTS\Binn\;C:\Program Files (x86)\Microsoft SQL Server\150\DTS\Binn\;C:\Windows\system32\config\systemprofile\AppData\Local\Microsoft\WindowsApps;.
02-Nov-2022 09:25:58.520 INFO [main] org.apache.coyote.AbstractProtocol.init Initializing ProtocolHandler ["http-nio-8090"]
02-Nov-2022 09:25:58.609 INFO [main] org.apache.tomcat.util.net.NioSelectorPool.getSharedSelector Using a shared selector for servlet write/read
02-Nov-2022 09:25:58.613 INFO [main] org.apache.coyote.AbstractProtocol.init Initializing ProtocolHandler ["ajp-nio-8009"]
02-Nov-2022 09:25:58.616 INFO [main] org.apache.tomcat.util.net.NioSelectorPool.getSharedSelector Using a shared selector for servlet write/read
02-Nov-2022 09:25:58.617 INFO [main] org.apache.catalina.startup.Catalina.load Initialization processed in 719 ms
02-Nov-2022 09:25:58.647 INFO [main] org.apache.catalina.core.StandardService.startInternal Starting service Catalina
02-Nov-2022 09:25:58.648 INFO [main] org.apache.catalina.core.StandardEngine.startInternal Starting Servlet Engine: Apache Tomcat/9.0.0.M1
02-Nov-2022 09:25:58.660 INFO [localhost-startStop-1] org.apache.catalina.startup.HostConfig.deployDirectory Deploying web application directory D:\Tomcat\webapps\zab
02-Nov-2022 09:26:04.598 INFO [localhost-startStop-1] org.apache.jasper.servlet.TldScanner.scanJars At least one JAR was scanned for TLDs yet contained no TLDs. Enable debug logging for this logger for a complete list of JARs that were scanned but no TLDs were found in them. Skipping unneeded JARs during scanning can improve startup time and JSP compilation time.
02-Nov-2022 09:26:04.869 INFO [localhost-startStop-1] org.apache.catalina.util.SessionIdGeneratorBase.createSecureRandom Creation of SecureRandom instance for session ID generation using [SHA1PRNG] took [207] milliseconds.
02-Nov-2022 09:26:06.738 INFO [localhost-startStop-1] org.apache.catalina.startup.HostConfig.deployDirectory Deployment of web application directory D:\Tomcat\webapps\zab has finished in 8,077 ms
02-Nov-2022 09:26:06.741 INFO [main] org.apache.coyote.AbstractProtocol.start Starting ProtocolHandler [http-nio-8090]
02-Nov-2022 09:26:06.747 INFO [main] org.apache.coyote.AbstractProtocol.start Starting ProtocolHandler [ajp-nio-8009]
02-Nov-2022 09:26:06.750 INFO [main] org.apache.catalina.startup.Catalina.start Server startup in 8133 ms
02-Nov-2022 09:46:20.347 INFO [http-nio-8090-exec-2] org.apache.tomcat.util.http.parser.Cookie.logInvalidHeader A cookie header was received [-1]] that contained an invalid cookie. That cookie will be ignored.Note: further occurrences of this error will be logged at DEBUG level.
02-Nov-2022 11:41:04.979 INFO [main] org.apache.catalina.startup.VersionLoggerListener.log Server version:        Apache Tomcat/9.0.0.M1
02-Nov-2022 11:41:04.979 INFO [main] org.apache.catalina.startup.VersionLoggerListener.log Server built:          Nov 12 2015 22:05:52 UTC
02-Nov-2022 11:41:04.994 INFO [main] org.apache.catalina.startup.VersionLoggerListener.log Server number:         9.0.0.0
02-Nov-2022 11:41:04.994 INFO [main] org.apache.catalina.startup.VersionLoggerListener.log OS Name:               Windows 10
02-Nov-2022 11:41:04.994 INFO [main] org.apache.catalina.startup.VersionLoggerListener.log OS Version:            10.0
02-Nov-2022 11:41:04.994 INFO [main] org.apache.catalina.startup.VersionLoggerListener.log Architecture:          amd64
02-Nov-2022 11:41:04.994 INFO [main] org.apache.catalina.startup.VersionLoggerListener.log Java Home:             C:\Program Files\JAVA\jre1.8.0_92
02-Nov-2022 11:41:04.994 INFO [main] org.apache.catalina.startup.VersionLoggerListener.log JVM Version:           1.8.0_92-b14
02-Nov-2022 11:41:04.994 INFO [main] org.apache.catalina.startup.VersionLoggerListener.log JVM Vendor:            Oracle Corporation
02-Nov-2022 11:41:04.994 INFO [main] org.apache.catalina.startup.VersionLoggerListener.log CATALINA_BASE:         D:\Tomcat
02-Nov-2022 11:41:04.994 INFO [main] org.apache.catalina.startup.VersionLoggerListener.log CATALINA_HOME:         D:\Tomcat
02-Nov-2022 11:41:04.994 INFO [main] org.apache.catalina.startup.VersionLoggerListener.log Command line argument: -Dcatalina.home=D:\Tomcat
02-Nov-2022 11:41:04.994 INFO [main] org.apache.catalina.startup.VersionLoggerListener.log Command line argument: -Dcatalina.base=D:\Tomcat
02-Nov-2022 11:41:04.994 INFO [main] org.apache.catalina.startup.VersionLoggerListener.log Command line argument: -Djava.io.tmpdir=D:\Tomcat\temp
02-Nov-2022 11:41:04.994 INFO [main] org.apache.catalina.startup.VersionLoggerListener.log Command line argument: -Djava.util.logging.manager=org.apache.juli.ClassLoaderLogManager
02-Nov-2022 11:41:04.994 INFO [main] org.apache.catalina.startup.VersionLoggerListener.log Command line argument: -Djava.util.logging.config.file=D:\Tomcat\conf\logging.properties
02-Nov-2022 11:41:04.994 INFO [main] org.apache.catalina.startup.VersionLoggerListener.log Command line argument: exit
02-Nov-2022 11:41:04.994 INFO [main] org.apache.catalina.startup.VersionLoggerListener.log Command line argument: -Xms128m
02-Nov-2022 11:41:04.994 INFO [main] org.apache.catalina.startup.VersionLoggerListener.log Command line argument: -Xmx256m
02-Nov-2022 11:41:04.994 INFO [main] org.apache.catalina.core.AprLifecycleListener.lifecycleEvent The APR based Apache Tomcat Native library which allows optimal performance in production environments was not found on the java.library.path: D:\Tomcat\bin;C:\Windows\Sun\Java\bin;C:\Windows\system32;C:\Windows;C:\ProgramData\Oracle\Java\javapath;C:\Program Files (x86)\Common Files\Intel\Shared Libraries\redist\intel64\compiler;C:\Windows\system32;C:\Windows;C:\Windows\System32\Wbem;C:\Windows\System32\WindowsPowerShell\v1.0\;C:\Windows\System32\OpenSSH\;C:\Program Files\Git\cmd;C:\Program Files\nodejs\;C:\Program Files\Azure Data Studio\bin;C:\Program Files\Microsoft SQL Server\Client SDK\ODBC\170\Tools\Binn\;C:\Program Files (x86)\Microsoft SQL Server\150\Tools\Binn\;C:\Program Files\Microsoft SQL Server\150\Tools\Binn\;C:\Program Files\Microsoft SQL Server\150\DTS\Binn\;C:\Program Files (x86)\Microsoft SQL Server\150\DTS\Binn\;C:\Windows\system32\config\systemprofile\AppData\Local\Microsoft\WindowsApps;.
02-Nov-2022 11:41:05.458 INFO [main] org.apache.coyote.AbstractProtocol.init Initializing ProtocolHandler ["http-nio-8090"]
02-Nov-2022 11:41:05.604 INFO [main] org.apache.tomcat.util.net.NioSelectorPool.getSharedSelector Using a shared selector for servlet write/read
02-Nov-2022 11:41:05.611 INFO [main] org.apache.coyote.AbstractProtocol.init Initializing ProtocolHandler ["ajp-nio-8009"]
02-Nov-2022 11:41:05.613 INFO [main] org.apache.tomcat.util.net.NioSelectorPool.getSharedSelector Using a shared selector for servlet write/read
02-Nov-2022 11:41:05.614 INFO [main] org.apache.catalina.startup.Catalina.load Initialization processed in 1728 ms
02-Nov-2022 11:41:05.652 INFO [main] org.apache.catalina.core.StandardService.startInternal Starting service Catalina
02-Nov-2022 11:41:05.652 INFO [main] org.apache.catalina.core.StandardEngine.startInternal Starting Servlet Engine: Apache Tomcat/9.0.0.M1
02-Nov-2022 11:41:05.665 INFO [localhost-startStop-1] org.apache.catalina.startup.HostConfig.deployDirectory Deploying web application directory D:\Tomcat\webapps\zab
02-Nov-2022 11:41:12.474 INFO [localhost-startStop-1] org.apache.jasper.servlet.TldScanner.scanJars At least one JAR was scanned for TLDs yet contained no TLDs. Enable debug logging for this logger for a complete list of JARs that were scanned but no TLDs were found in them. Skipping unneeded JARs during scanning can improve startup time and JSP compilation time.
02-Nov-2022 11:41:12.700 INFO [localhost-startStop-1] org.apache.catalina.util.SessionIdGeneratorBase.createSecureRandom Creation of SecureRandom instance for session ID generation using [SHA1PRNG] took [147] milliseconds.
02-Nov-2022 11:41:32.877 INFO [localhost-startStop-1] org.apache.catalina.startup.HostConfig.deployDirectory Deployment of web application directory D:\Tomcat\webapps\zab has finished in 27,212 ms
02-Nov-2022 11:41:32.877 INFO [main] org.apache.coyote.AbstractProtocol.start Starting ProtocolHandler [http-nio-8090]
02-Nov-2022 11:41:32.892 INFO [main] org.apache.coyote.AbstractProtocol.start Starting ProtocolHandler [ajp-nio-8009]
02-Nov-2022 11:41:32.892 INFO [main] org.apache.catalina.startup.Catalina.start Server startup in 27283 ms
02-Nov-2022 12:16:52.345 INFO [http-nio-8090-exec-4] org.apache.tomcat.util.http.parser.Cookie.logInvalidHeader A cookie header was received [-1]] that contained an invalid cookie. That cookie will be ignored.Note: further occurrences of this error will be logged at DEBUG level.
