20-Dec-2022 09:14:16.690 INFO [Thread-6] org.apache.coyote.AbstractProtocol.pause Pausing ProtocolHandler ["http-nio-8090"]
20-Dec-2022 09:14:16.755 INFO [Thread-6] org.apache.coyote.AbstractProtocol.pause Pausing ProtocolHandler ["ajp-nio-8009"]
20-Dec-2022 09:14:16.820 INFO [Thread-6] org.apache.catalina.core.StandardService.stopInternal Stopping service Catalina
20-Dec-2022 09:14:16.876 WARNING [localhost-startStop-2] org.apache.catalina.loader.WebappClassLoaderBase.clearReferencesJdbc The web application [zab] registered the JDBC driver [com.microsoft.sqlserver.jdbc.SQLServerDriver] but failed to unregister it when the web application was stopped. To prevent a memory leak, the JDBC Driver has been forcibly unregistered.
20-Dec-2022 09:14:16.976 INFO [Thread-6] org.apache.coyote.AbstractProtocol.stop Stopping ProtocolHandler ["http-nio-8090"]
20-Dec-2022 09:14:16.980 INFO [Thread-6] org.apache.coyote.AbstractProtocol.stop Stopping ProtocolHandler ["ajp-nio-8009"]
20-Dec-2022 09:14:19.853 INFO [main] org.apache.catalina.startup.VersionLoggerListener.log Server version:        Apache Tomcat/9.0.0.M1
20-Dec-2022 09:14:19.853 INFO [main] org.apache.catalina.startup.VersionLoggerListener.log Server built:          Nov 12 2015 22:05:52 UTC
20-Dec-2022 09:14:19.853 INFO [main] org.apache.catalina.startup.VersionLoggerListener.log Server number:         9.0.0.0
20-Dec-2022 09:14:19.855 INFO [main] org.apache.catalina.startup.VersionLoggerListener.log OS Name:               Windows 10
20-Dec-2022 09:14:19.855 INFO [main] org.apache.catalina.startup.VersionLoggerListener.log OS Version:            10.0
20-Dec-2022 09:14:19.855 INFO [main] org.apache.catalina.startup.VersionLoggerListener.log Architecture:          amd64
20-Dec-2022 09:14:19.855 INFO [main] org.apache.catalina.startup.VersionLoggerListener.log Java Home:             C:\Program Files\JAVA\jre1.8.0_92
20-Dec-2022 09:14:19.855 INFO [main] org.apache.catalina.startup.VersionLoggerListener.log JVM Version:           1.8.0_92-b14
20-Dec-2022 09:14:19.855 INFO [main] org.apache.catalina.startup.VersionLoggerListener.log JVM Vendor:            Oracle Corporation
20-Dec-2022 09:14:19.855 INFO [main] org.apache.catalina.startup.VersionLoggerListener.log CATALINA_BASE:         D:\Tomcat
20-Dec-2022 09:14:19.857 INFO [main] org.apache.catalina.startup.VersionLoggerListener.log CATALINA_HOME:         D:\Tomcat
20-Dec-2022 09:14:19.857 INFO [main] org.apache.catalina.startup.VersionLoggerListener.log Command line argument: -Dfile.encoding=UTF8
20-Dec-2022 09:14:19.857 INFO [main] org.apache.catalina.startup.VersionLoggerListener.log Command line argument: -Dcatalina.home=D:\Tomcat
20-Dec-2022 09:14:19.857 INFO [main] org.apache.catalina.startup.VersionLoggerListener.log Command line argument: -Dcatalina.base=D:\Tomcat
20-Dec-2022 09:14:19.857 INFO [main] org.apache.catalina.startup.VersionLoggerListener.log Command line argument: -Djava.io.tmpdir=D:\Tomcat\temp
20-Dec-2022 09:14:19.857 INFO [main] org.apache.catalina.startup.VersionLoggerListener.log Command line argument: -Djava.util.logging.manager=org.apache.juli.ClassLoaderLogManager
20-Dec-2022 09:14:19.857 INFO [main] org.apache.catalina.startup.VersionLoggerListener.log Command line argument: -Djava.util.logging.config.file=D:\Tomcat\conf\logging.properties
20-Dec-2022 09:14:19.858 INFO [main] org.apache.catalina.startup.VersionLoggerListener.log Command line argument: exit
20-Dec-2022 09:14:19.858 INFO [main] org.apache.catalina.startup.VersionLoggerListener.log Command line argument: -Xms128m
20-Dec-2022 09:14:19.861 INFO [main] org.apache.catalina.startup.VersionLoggerListener.log Command line argument: -Xmx256m
20-Dec-2022 09:14:19.861 INFO [main] org.apache.catalina.core.AprLifecycleListener.lifecycleEvent The APR based Apache Tomcat Native library which allows optimal performance in production environments was not found on the java.library.path: D:\Tomcat\bin;C:\WINDOWS\Sun\Java\bin;C:\WINDOWS\system32;C:\WINDOWS;C:\ProgramData\Oracle\Java\javapath;C:\Program Files (x86)\Common Files\Intel\Shared Libraries\redist\intel64\compiler;C:\WINDOWS\system32;C:\WINDOWS;C:\WINDOWS\System32\Wbem;C:\WINDOWS\System32\WindowsPowerShell\v1.0\;C:\WINDOWS\System32\OpenSSH\;C:\Program Files\Git\cmd;C:\Program Files\nodejs\;C:\Program Files\Azure Data Studio\bin;C:\Program Files\Microsoft SQL Server\Client SDK\ODBC\170\Tools\Binn\;C:\Program Files (x86)\Microsoft SQL Server\150\Tools\Binn\;C:\Program Files\Microsoft SQL Server\150\Tools\Binn\;C:\Program Files\Microsoft SQL Server\150\DTS\Binn\;C:\Program Files (x86)\Microsoft SQL Server\150\DTS\Binn\;C:\Users\Wasimul Islam\AppData\Local\Microsoft\WindowsApps;C:\Users\Wasimul Islam\AppData\Local\Programs\Microsoft VS Code\bin;C:\Users\Wasimul Islam\AppData\Roaming\npm;C:\source\flutter\bin;;.
20-Dec-2022 09:14:19.973 INFO [main] org.apache.coyote.AbstractProtocol.init Initializing ProtocolHandler ["http-nio-8090"]
20-Dec-2022 09:14:20.029 INFO [main] org.apache.tomcat.util.net.NioSelectorPool.getSharedSelector Using a shared selector for servlet write/read
20-Dec-2022 09:14:20.030 INFO [main] org.apache.coyote.AbstractProtocol.init Initializing ProtocolHandler ["ajp-nio-8009"]
20-Dec-2022 09:14:20.034 INFO [main] org.apache.tomcat.util.net.NioSelectorPool.getSharedSelector Using a shared selector for servlet write/read
20-Dec-2022 09:14:20.034 INFO [main] org.apache.catalina.startup.Catalina.load Initialization processed in 444 ms
20-Dec-2022 09:14:20.056 INFO [main] org.apache.catalina.core.StandardService.startInternal Starting service Catalina
20-Dec-2022 09:14:20.056 INFO [main] org.apache.catalina.core.StandardEngine.startInternal Starting Servlet Engine: Apache Tomcat/9.0.0.M1
20-Dec-2022 09:14:20.064 INFO [localhost-startStop-1] org.apache.catalina.startup.HostConfig.deployDirectory Deploying web application directory D:\Tomcat\webapps\zab
20-Dec-2022 09:14:23.696 INFO [localhost-startStop-1] org.apache.jasper.servlet.TldScanner.scanJars At least one JAR was scanned for TLDs yet contained no TLDs. Enable debug logging for this logger for a complete list of JARs that were scanned but no TLDs were found in them. Skipping unneeded JARs during scanning can improve startup time and JSP compilation time.
20-Dec-2022 09:14:23.879 INFO [localhost-startStop-1] org.apache.catalina.util.SessionIdGeneratorBase.createSecureRandom Creation of SecureRandom instance for session ID generation using [SHA1PRNG] took [141] milliseconds.
20-Dec-2022 09:14:25.014 INFO [localhost-startStop-1] org.apache.catalina.startup.HostConfig.deployDirectory Deployment of web application directory D:\Tomcat\webapps\zab has finished in 4,950 ms
20-Dec-2022 09:14:25.028 INFO [main] org.apache.coyote.AbstractProtocol.start Starting ProtocolHandler [http-nio-8090]
20-Dec-2022 09:14:25.031 INFO [main] org.apache.coyote.AbstractProtocol.start Starting ProtocolHandler [ajp-nio-8009]
20-Dec-2022 09:14:25.031 INFO [main] org.apache.catalina.startup.Catalina.start Server startup in 5001 ms
20-Dec-2022 09:30:45.245 INFO [http-nio-8090-exec-5] org.apache.tomcat.util.http.parser.Cookie.logInvalidHeader A cookie header was received [-1,-1]] that contained an invalid cookie. That cookie will be ignored.Note: further occurrences of this error will be logged at DEBUG level.
20-Dec-2022 09:54:41.801 INFO [Thread-6] org.apache.coyote.AbstractProtocol.pause Pausing ProtocolHandler ["http-nio-8090"]
20-Dec-2022 09:54:41.867 INFO [Thread-6] org.apache.coyote.AbstractProtocol.pause Pausing ProtocolHandler ["ajp-nio-8009"]
20-Dec-2022 09:54:41.928 INFO [Thread-6] org.apache.catalina.core.StandardService.stopInternal Stopping service Catalina
20-Dec-2022 09:54:41.933 INFO [localhost-startStop-2] org.apache.catalina.core.StandardWrapper.unload Waiting for 1 instance(s) to be deallocated for Servlet [zabadmin]
20-Dec-2022 09:54:43.021 INFO [localhost-startStop-2] org.apache.catalina.core.StandardWrapper.unload Waiting for 1 instance(s) to be deallocated for Servlet [zabadmin]
20-Dec-2022 09:54:44.077 INFO [localhost-startStop-2] org.apache.catalina.core.StandardWrapper.unload Waiting for 1 instance(s) to be deallocated for Servlet [zabadmin]
20-Dec-2022 09:54:44.214 WARNING [localhost-startStop-2] org.apache.catalina.loader.WebappClassLoaderBase.clearReferencesJdbc The web application [zab] registered the JDBC driver [com.microsoft.sqlserver.jdbc.SQLServerDriver] but failed to unregister it when the web application was stopped. To prevent a memory leak, the JDBC Driver has been forcibly unregistered.
20-Dec-2022 09:54:44.218 WARNING [localhost-startStop-2] org.apache.catalina.loader.WebappClassLoaderBase.clearReferencesThreads The web application [zab] is still processing a request that has yet to finish. This is very likely to create a memory leak. You can control the time allowed for requests to finish by using the unloadDelay attribute of the standard Context implementation. Stack trace of request processing thread:
 com.microsoft.sqlserver.jdbc.TDSParser.parse(tdsparser.java:91)
 com.microsoft.sqlserver.jdbc.SQLServerResultSet$FetchBuffer.nextRow(SQLServerResultSet.java:4758)
 com.microsoft.sqlserver.jdbc.SQLServerResultSet.fetchBufferNext(SQLServerResultSet.java:1682)
 com.microsoft.sqlserver.jdbc.SQLServerResultSet.discardFetchBuffer(SQLServerResultSet.java:4921)
 com.microsoft.sqlserver.jdbc.SQLServerResultSet.closeInternal(SQLServerResultSet.java:554)
 com.microsoft.sqlserver.jdbc.SQLServerResultSet.close(SQLServerResultSet.java:566)
 com.microsoft.sqlserver.jdbc.SQLServerStatement.clearLastResult(SQLServerStatement.java:1223)
 com.microsoft.sqlserver.jdbc.SQLServerStatement.getNextResult(SQLServerStatement.java:1479)
 com.microsoft.sqlserver.jdbc.SQLServerStatement.processResults(SQLServerStatement.java:1135)
 com.microsoft.sqlserver.jdbc.SQLServerStatement.processBatch(SQLServerStatement.java:1123)
 com.microsoft.sqlserver.jdbc.SQLServerStatement.processExecuteResults(SQLServerStatement.java:1115)
 com.microsoft.sqlserver.jdbc.SQLServerStatement$StmtExecCmd.processResponse(SQLServerStatement.java:683)
 com.microsoft.sqlserver.jdbc.TDSCommand.close(IOBuffer.java:4660)
 com.microsoft.sqlserver.jdbc.SQLServerStatement.discardLastExecutionResults(SQLServerStatement.java:93)
 com.microsoft.sqlserver.jdbc.SQLServerStatement.closeInternal(SQLServerStatement.java:583)
 com.microsoft.sqlserver.jdbc.SQLServerStatement.close(SQLServerStatement.java:595)
 zaberp.zab.zabTableDef.Upgrade(zabTableDef.java:1004)
 zaberp.zab.ZABAdmin.initAll(ZABAdmin.java:329)
 zaberp.zab.ZABAdmin.doPost(ZABAdmin.java:198)
 javax.servlet.http.HttpServlet.service(HttpServlet.java:648)
 javax.servlet.http.HttpServlet.service(HttpServlet.java:729)
 org.apache.catalina.core.ApplicationFilterChain.internalDoFilter(ApplicationFilterChain.java:269)
 org.apache.catalina.core.ApplicationFilterChain.doFilter(ApplicationFilterChain.java:184)
 org.apache.tomcat.websocket.server.WsFilter.doFilter(WsFilter.java:53)
 org.apache.catalina.core.ApplicationFilterChain.internalDoFilter(ApplicationFilterChain.java:217)
 org.apache.catalina.core.ApplicationFilterChain.doFilter(ApplicationFilterChain.java:184)
 org.apache.catalina.core.StandardWrapperValve.invoke(StandardWrapperValve.java:199)
 org.apache.catalina.core.StandardContextValve.invoke(StandardContextValve.java:105)
 org.apache.catalina.authenticator.AuthenticatorBase.invoke(AuthenticatorBase.java:506)
 org.apache.catalina.core.StandardHostValve.invoke(StandardHostValve.java:140)
 org.apache.catalina.valves.ErrorReportValve.invoke(ErrorReportValve.java:79)
 org.apache.catalina.valves.AbstractAccessLogValve.invoke(AbstractAccessLogValve.java:616)
 org.apache.catalina.core.StandardEngineValve.invoke(StandardEngineValve.java:87)
 org.apache.catalina.connector.CoyoteAdapter.service(CoyoteAdapter.java:361)
 org.apache.coyote.http11.Http11Processor.service(Http11Processor.java:1080)
 org.apache.coyote.AbstractProcessorLight.process(AbstractProcessorLight.java:75)
 org.apache.coyote.AbstractProtocol$ConnectionHandler.process(AbstractProtocol.java:757)
 org.apache.tomcat.util.net.NioEndpoint$SocketProcessor.run(NioEndpoint.java:1515)
 java.util.concurrent.ThreadPoolExecutor.runWorker(Unknown Source)
 java.util.concurrent.ThreadPoolExecutor$Worker.run(Unknown Source)
 org.apache.tomcat.util.threads.TaskThread$WrappingRunnable.run(TaskThread.java:61)
 java.lang.Thread.run(Unknown Source)
20-Dec-2022 09:54:44.250 INFO [Thread-6] org.apache.coyote.AbstractProtocol.stop Stopping ProtocolHandler ["http-nio-8090"]
20-Dec-2022 09:54:51.203 INFO [main] org.apache.catalina.startup.VersionLoggerListener.log Server version:        Apache Tomcat/9.0.0.M1
20-Dec-2022 09:54:51.207 INFO [main] org.apache.catalina.startup.VersionLoggerListener.log Server built:          Nov 12 2015 22:05:52 UTC
20-Dec-2022 09:54:51.207 INFO [main] org.apache.catalina.startup.VersionLoggerListener.log Server number:         9.0.0.0
20-Dec-2022 09:54:51.207 INFO [main] org.apache.catalina.startup.VersionLoggerListener.log OS Name:               Windows 10
20-Dec-2022 09:54:51.207 INFO [main] org.apache.catalina.startup.VersionLoggerListener.log OS Version:            10.0
20-Dec-2022 09:54:51.207 INFO [main] org.apache.catalina.startup.VersionLoggerListener.log Architecture:          amd64
20-Dec-2022 09:54:51.207 INFO [main] org.apache.catalina.startup.VersionLoggerListener.log Java Home:             C:\Program Files\JAVA\jre1.8.0_92
20-Dec-2022 09:54:51.207 INFO [main] org.apache.catalina.startup.VersionLoggerListener.log JVM Version:           1.8.0_92-b14
20-Dec-2022 09:54:51.207 INFO [main] org.apache.catalina.startup.VersionLoggerListener.log JVM Vendor:            Oracle Corporation
20-Dec-2022 09:54:51.207 INFO [main] org.apache.catalina.startup.VersionLoggerListener.log CATALINA_BASE:         D:\Tomcat
20-Dec-2022 09:54:51.207 INFO [main] org.apache.catalina.startup.VersionLoggerListener.log CATALINA_HOME:         D:\Tomcat
20-Dec-2022 09:54:51.207 INFO [main] org.apache.catalina.startup.VersionLoggerListener.log Command line argument: -Dfile.encoding=UTF8
20-Dec-2022 09:54:51.207 INFO [main] org.apache.catalina.startup.VersionLoggerListener.log Command line argument: -Dcatalina.home=D:\Tomcat
20-Dec-2022 09:54:51.207 INFO [main] org.apache.catalina.startup.VersionLoggerListener.log Command line argument: -Dcatalina.base=D:\Tomcat
20-Dec-2022 09:54:51.207 INFO [main] org.apache.catalina.startup.VersionLoggerListener.log Command line argument: -Djava.io.tmpdir=D:\Tomcat\temp
20-Dec-2022 09:54:51.207 INFO [main] org.apache.catalina.startup.VersionLoggerListener.log Command line argument: -Djava.util.logging.manager=org.apache.juli.ClassLoaderLogManager
20-Dec-2022 09:54:51.207 INFO [main] org.apache.catalina.startup.VersionLoggerListener.log Command line argument: -Djava.util.logging.config.file=D:\Tomcat\conf\logging.properties
20-Dec-2022 09:54:51.207 INFO [main] org.apache.catalina.startup.VersionLoggerListener.log Command line argument: exit
20-Dec-2022 09:54:51.207 INFO [main] org.apache.catalina.startup.VersionLoggerListener.log Command line argument: -Xms128m
20-Dec-2022 09:54:51.216 INFO [main] org.apache.catalina.startup.VersionLoggerListener.log Command line argument: -Xmx256m
20-Dec-2022 09:54:51.216 INFO [main] org.apache.catalina.core.AprLifecycleListener.lifecycleEvent The APR based Apache Tomcat Native library which allows optimal performance in production environments was not found on the java.library.path: D:\Tomcat\bin;C:\WINDOWS\Sun\Java\bin;C:\WINDOWS\system32;C:\WINDOWS;C:\ProgramData\Oracle\Java\javapath;C:\Program Files (x86)\Common Files\Intel\Shared Libraries\redist\intel64\compiler;C:\WINDOWS\system32;C:\WINDOWS;C:\WINDOWS\System32\Wbem;C:\WINDOWS\System32\WindowsPowerShell\v1.0\;C:\WINDOWS\System32\OpenSSH\;C:\Program Files\Git\cmd;C:\Program Files\nodejs\;C:\Program Files\Azure Data Studio\bin;C:\Program Files\Microsoft SQL Server\Client SDK\ODBC\170\Tools\Binn\;C:\Program Files (x86)\Microsoft SQL Server\150\Tools\Binn\;C:\Program Files\Microsoft SQL Server\150\Tools\Binn\;C:\Program Files\Microsoft SQL Server\150\DTS\Binn\;C:\Program Files (x86)\Microsoft SQL Server\150\DTS\Binn\;C:\Users\Wasimul Islam\AppData\Local\Microsoft\WindowsApps;C:\Users\Wasimul Islam\AppData\Local\Programs\Microsoft VS Code\bin;C:\Users\Wasimul Islam\AppData\Roaming\npm;C:\source\flutter\bin;;.
20-Dec-2022 09:54:51.366 INFO [main] org.apache.coyote.AbstractProtocol.init Initializing ProtocolHandler ["http-nio-8090"]
20-Dec-2022 09:54:51.453 INFO [main] org.apache.tomcat.util.net.NioSelectorPool.getSharedSelector Using a shared selector for servlet write/read
20-Dec-2022 09:54:51.457 INFO [main] org.apache.coyote.AbstractProtocol.init Initializing ProtocolHandler ["ajp-nio-8009"]
20-Dec-2022 09:54:51.457 INFO [main] org.apache.tomcat.util.net.NioSelectorPool.getSharedSelector Using a shared selector for servlet write/read
20-Dec-2022 09:54:51.457 INFO [main] org.apache.catalina.startup.Catalina.load Initialization processed in 731 ms
20-Dec-2022 09:54:51.489 INFO [main] org.apache.catalina.core.StandardService.startInternal Starting service Catalina
20-Dec-2022 09:54:51.489 INFO [main] org.apache.catalina.core.StandardEngine.startInternal Starting Servlet Engine: Apache Tomcat/9.0.0.M1
20-Dec-2022 09:54:51.504 INFO [localhost-startStop-1] org.apache.catalina.startup.HostConfig.deployDirectory Deploying web application directory D:\Tomcat\webapps\zab
20-Dec-2022 09:54:56.365 INFO [localhost-startStop-1] org.apache.jasper.servlet.TldScanner.scanJars At least one JAR was scanned for TLDs yet contained no TLDs. Enable debug logging for this logger for a complete list of JARs that were scanned but no TLDs were found in them. Skipping unneeded JARs during scanning can improve startup time and JSP compilation time.
20-Dec-2022 09:54:56.609 INFO [localhost-startStop-1] org.apache.catalina.util.SessionIdGeneratorBase.createSecureRandom Creation of SecureRandom instance for session ID generation using [SHA1PRNG] took [197] milliseconds.
20-Dec-2022 09:54:57.934 INFO [localhost-startStop-1] org.apache.catalina.startup.HostConfig.deployDirectory Deployment of web application directory D:\Tomcat\webapps\zab has finished in 6,430 ms
20-Dec-2022 09:54:57.934 INFO [main] org.apache.coyote.AbstractProtocol.start Starting ProtocolHandler [http-nio-8090]
20-Dec-2022 09:54:57.949 INFO [main] org.apache.coyote.AbstractProtocol.start Starting ProtocolHandler [ajp-nio-8009]
20-Dec-2022 09:54:57.949 INFO [main] org.apache.catalina.startup.Catalina.start Server startup in 6491 ms
20-Dec-2022 09:54:58.466 INFO [http-nio-8090-exec-1] org.apache.tomcat.util.http.parser.Cookie.logInvalidHeader A cookie header was received [-1,-1]] that contained an invalid cookie. That cookie will be ignored.Note: further occurrences of this error will be logged at DEBUG level.
20-Dec-2022 10:03:29.190 INFO [Thread-6] org.apache.coyote.AbstractProtocol.pause Pausing ProtocolHandler ["http-nio-8090"]
20-Dec-2022 10:03:29.251 INFO [Thread-6] org.apache.coyote.AbstractProtocol.pause Pausing ProtocolHandler ["ajp-nio-8009"]
20-Dec-2022 10:03:29.314 INFO [Thread-6] org.apache.catalina.core.StandardService.stopInternal Stopping service Catalina
20-Dec-2022 10:03:29.346 WARNING [localhost-startStop-2] org.apache.catalina.loader.WebappClassLoaderBase.clearReferencesJdbc The web application [zab] registered the JDBC driver [com.microsoft.sqlserver.jdbc.SQLServerDriver] but failed to unregister it when the web application was stopped. To prevent a memory leak, the JDBC Driver has been forcibly unregistered.
20-Dec-2022 10:03:29.362 INFO [Thread-6] org.apache.coyote.AbstractProtocol.stop Stopping ProtocolHandler ["http-nio-8090"]
20-Dec-2022 10:03:29.365 INFO [Thread-6] org.apache.coyote.AbstractProtocol.stop Stopping ProtocolHandler ["ajp-nio-8009"]
20-Dec-2022 10:03:33.562 INFO [main] org.apache.catalina.startup.VersionLoggerListener.log Server version:        Apache Tomcat/9.0.0.M1
20-Dec-2022 10:03:33.562 INFO [main] org.apache.catalina.startup.VersionLoggerListener.log Server built:          Nov 12 2015 22:05:52 UTC
20-Dec-2022 10:03:33.562 INFO [main] org.apache.catalina.startup.VersionLoggerListener.log Server number:         9.0.0.0
20-Dec-2022 10:03:33.562 INFO [main] org.apache.catalina.startup.VersionLoggerListener.log OS Name:               Windows 10
20-Dec-2022 10:03:33.562 INFO [main] org.apache.catalina.startup.VersionLoggerListener.log OS Version:            10.0
20-Dec-2022 10:03:33.562 INFO [main] org.apache.catalina.startup.VersionLoggerListener.log Architecture:          amd64
20-Dec-2022 10:03:33.562 INFO [main] org.apache.catalina.startup.VersionLoggerListener.log Java Home:             C:\Program Files\JAVA\jre1.8.0_92
20-Dec-2022 10:03:33.562 INFO [main] org.apache.catalina.startup.VersionLoggerListener.log JVM Version:           1.8.0_92-b14
20-Dec-2022 10:03:33.562 INFO [main] org.apache.catalina.startup.VersionLoggerListener.log JVM Vendor:            Oracle Corporation
20-Dec-2022 10:03:33.562 INFO [main] org.apache.catalina.startup.VersionLoggerListener.log CATALINA_BASE:         D:\Tomcat
20-Dec-2022 10:03:33.562 INFO [main] org.apache.catalina.startup.VersionLoggerListener.log CATALINA_HOME:         D:\Tomcat
20-Dec-2022 10:03:33.562 INFO [main] org.apache.catalina.startup.VersionLoggerListener.log Command line argument: -Dfile.encoding=UTF8
20-Dec-2022 10:03:33.562 INFO [main] org.apache.catalina.startup.VersionLoggerListener.log Command line argument: -Dcatalina.home=D:\Tomcat
20-Dec-2022 10:03:33.562 INFO [main] org.apache.catalina.startup.VersionLoggerListener.log Command line argument: -Dcatalina.base=D:\Tomcat
20-Dec-2022 10:03:33.562 INFO [main] org.apache.catalina.startup.VersionLoggerListener.log Command line argument: -Djava.io.tmpdir=D:\Tomcat\temp
20-Dec-2022 10:03:33.562 INFO [main] org.apache.catalina.startup.VersionLoggerListener.log Command line argument: -Djava.util.logging.manager=org.apache.juli.ClassLoaderLogManager
20-Dec-2022 10:03:33.562 INFO [main] org.apache.catalina.startup.VersionLoggerListener.log Command line argument: -Djava.util.logging.config.file=D:\Tomcat\conf\logging.properties
20-Dec-2022 10:03:33.574 INFO [main] org.apache.catalina.startup.VersionLoggerListener.log Command line argument: exit
20-Dec-2022 10:03:33.574 INFO [main] org.apache.catalina.startup.VersionLoggerListener.log Command line argument: -Xms128m
20-Dec-2022 10:03:33.575 INFO [main] org.apache.catalina.startup.VersionLoggerListener.log Command line argument: -Xmx256m
20-Dec-2022 10:03:33.575 INFO [main] org.apache.catalina.core.AprLifecycleListener.lifecycleEvent The APR based Apache Tomcat Native library which allows optimal performance in production environments was not found on the java.library.path: D:\Tomcat\bin;C:\WINDOWS\Sun\Java\bin;C:\WINDOWS\system32;C:\WINDOWS;C:\ProgramData\Oracle\Java\javapath;C:\Program Files (x86)\Common Files\Intel\Shared Libraries\redist\intel64\compiler;C:\WINDOWS\system32;C:\WINDOWS;C:\WINDOWS\System32\Wbem;C:\WINDOWS\System32\WindowsPowerShell\v1.0\;C:\WINDOWS\System32\OpenSSH\;C:\Program Files\Git\cmd;C:\Program Files\nodejs\;C:\Program Files\Azure Data Studio\bin;C:\Program Files\Microsoft SQL Server\Client SDK\ODBC\170\Tools\Binn\;C:\Program Files (x86)\Microsoft SQL Server\150\Tools\Binn\;C:\Program Files\Microsoft SQL Server\150\Tools\Binn\;C:\Program Files\Microsoft SQL Server\150\DTS\Binn\;C:\Program Files (x86)\Microsoft SQL Server\150\DTS\Binn\;C:\Users\Wasimul Islam\AppData\Local\Microsoft\WindowsApps;C:\Users\Wasimul Islam\AppData\Local\Programs\Microsoft VS Code\bin;C:\Users\Wasimul Islam\AppData\Roaming\npm;C:\source\flutter\bin;;.
20-Dec-2022 10:03:33.763 INFO [main] org.apache.coyote.AbstractProtocol.init Initializing ProtocolHandler ["http-nio-8090"]
20-Dec-2022 10:03:33.858 INFO [main] org.apache.tomcat.util.net.NioSelectorPool.getSharedSelector Using a shared selector for servlet write/read
20-Dec-2022 10:03:33.864 INFO [main] org.apache.coyote.AbstractProtocol.init Initializing ProtocolHandler ["ajp-nio-8009"]
20-Dec-2022 10:03:33.869 INFO [main] org.apache.tomcat.util.net.NioSelectorPool.getSharedSelector Using a shared selector for servlet write/read
20-Dec-2022 10:03:33.869 INFO [main] org.apache.catalina.startup.Catalina.load Initialization processed in 794 ms
20-Dec-2022 10:03:33.906 INFO [main] org.apache.catalina.core.StandardService.startInternal Starting service Catalina
20-Dec-2022 10:03:33.906 INFO [main] org.apache.catalina.core.StandardEngine.startInternal Starting Servlet Engine: Apache Tomcat/9.0.0.M1
20-Dec-2022 10:03:33.923 INFO [localhost-startStop-1] org.apache.catalina.startup.HostConfig.deployDirectory Deploying web application directory D:\Tomcat\webapps\zab
20-Dec-2022 10:03:39.490 INFO [localhost-startStop-1] org.apache.jasper.servlet.TldScanner.scanJars At least one JAR was scanned for TLDs yet contained no TLDs. Enable debug logging for this logger for a complete list of JARs that were scanned but no TLDs were found in them. Skipping unneeded JARs during scanning can improve startup time and JSP compilation time.
20-Dec-2022 10:03:39.790 INFO [localhost-startStop-1] org.apache.catalina.util.SessionIdGeneratorBase.createSecureRandom Creation of SecureRandom instance for session ID generation using [SHA1PRNG] took [222] milliseconds.
20-Dec-2022 10:03:41.522 INFO [localhost-startStop-1] org.apache.catalina.startup.HostConfig.deployDirectory Deployment of web application directory D:\Tomcat\webapps\zab has finished in 7,597 ms
20-Dec-2022 10:03:41.533 INFO [main] org.apache.coyote.AbstractProtocol.start Starting ProtocolHandler [http-nio-8090]
20-Dec-2022 10:03:41.542 INFO [main] org.apache.coyote.AbstractProtocol.start Starting ProtocolHandler [ajp-nio-8009]
20-Dec-2022 10:03:41.544 INFO [main] org.apache.catalina.startup.Catalina.start Server startup in 7673 ms
20-Dec-2022 10:04:26.012 INFO [http-nio-8090-exec-1] org.apache.tomcat.util.http.parser.Cookie.logInvalidHeader A cookie header was received [-1,-1]] that contained an invalid cookie. That cookie will be ignored.Note: further occurrences of this error will be logged at DEBUG level.
20-Dec-2022 10:05:29.139 INFO [Thread-6] org.apache.coyote.AbstractProtocol.pause Pausing ProtocolHandler ["http-nio-8090"]
20-Dec-2022 10:05:29.199 INFO [Thread-6] org.apache.coyote.AbstractProtocol.pause Pausing ProtocolHandler ["ajp-nio-8009"]
20-Dec-2022 10:05:29.262 INFO [Thread-6] org.apache.catalina.core.StandardService.stopInternal Stopping service Catalina
20-Dec-2022 10:05:29.292 WARNING [localhost-startStop-2] org.apache.catalina.loader.WebappClassLoaderBase.clearReferencesJdbc The web application [zab] registered the JDBC driver [com.microsoft.sqlserver.jdbc.SQLServerDriver] but failed to unregister it when the web application was stopped. To prevent a memory leak, the JDBC Driver has been forcibly unregistered.
20-Dec-2022 10:05:29.302 INFO [Thread-6] org.apache.coyote.AbstractProtocol.stop Stopping ProtocolHandler ["http-nio-8090"]
20-Dec-2022 10:05:29.324 INFO [Thread-6] org.apache.coyote.AbstractProtocol.stop Stopping ProtocolHandler ["ajp-nio-8009"]
20-Dec-2022 10:05:32.575 INFO [main] org.apache.catalina.startup.VersionLoggerListener.log Server version:        Apache Tomcat/9.0.0.M1
20-Dec-2022 10:05:32.575 INFO [main] org.apache.catalina.startup.VersionLoggerListener.log Server built:          Nov 12 2015 22:05:52 UTC
20-Dec-2022 10:05:32.575 INFO [main] org.apache.catalina.startup.VersionLoggerListener.log Server number:         9.0.0.0
20-Dec-2022 10:05:32.575 INFO [main] org.apache.catalina.startup.VersionLoggerListener.log OS Name:               Windows 10
20-Dec-2022 10:05:32.582 INFO [main] org.apache.catalina.startup.VersionLoggerListener.log OS Version:            10.0
20-Dec-2022 10:05:32.582 INFO [main] org.apache.catalina.startup.VersionLoggerListener.log Architecture:          amd64
20-Dec-2022 10:05:32.582 INFO [main] org.apache.catalina.startup.VersionLoggerListener.log Java Home:             C:\Program Files\JAVA\jre1.8.0_92
20-Dec-2022 10:05:32.582 INFO [main] org.apache.catalina.startup.VersionLoggerListener.log JVM Version:           1.8.0_92-b14
20-Dec-2022 10:05:32.582 INFO [main] org.apache.catalina.startup.VersionLoggerListener.log JVM Vendor:            Oracle Corporation
20-Dec-2022 10:05:32.582 INFO [main] org.apache.catalina.startup.VersionLoggerListener.log CATALINA_BASE:         D:\Tomcat
20-Dec-2022 10:05:32.584 INFO [main] org.apache.catalina.startup.VersionLoggerListener.log CATALINA_HOME:         D:\Tomcat
20-Dec-2022 10:05:32.584 INFO [main] org.apache.catalina.startup.VersionLoggerListener.log Command line argument: -Dfile.encoding=UTF8
20-Dec-2022 10:05:32.584 INFO [main] org.apache.catalina.startup.VersionLoggerListener.log Command line argument: -Dcatalina.home=D:\Tomcat
20-Dec-2022 10:05:32.584 INFO [main] org.apache.catalina.startup.VersionLoggerListener.log Command line argument: -Dcatalina.base=D:\Tomcat
20-Dec-2022 10:05:32.584 INFO [main] org.apache.catalina.startup.VersionLoggerListener.log Command line argument: -Djava.io.tmpdir=D:\Tomcat\temp
20-Dec-2022 10:05:32.584 INFO [main] org.apache.catalina.startup.VersionLoggerListener.log Command line argument: -Djava.util.logging.manager=org.apache.juli.ClassLoaderLogManager
20-Dec-2022 10:05:32.584 INFO [main] org.apache.catalina.startup.VersionLoggerListener.log Command line argument: -Djava.util.logging.config.file=D:\Tomcat\conf\logging.properties
20-Dec-2022 10:05:32.586 INFO [main] org.apache.catalina.startup.VersionLoggerListener.log Command line argument: exit
20-Dec-2022 10:05:32.587 INFO [main] org.apache.catalina.startup.VersionLoggerListener.log Command line argument: -Xms128m
20-Dec-2022 10:05:32.589 INFO [main] org.apache.catalina.startup.VersionLoggerListener.log Command line argument: -Xmx256m
20-Dec-2022 10:05:32.589 INFO [main] org.apache.catalina.core.AprLifecycleListener.lifecycleEvent The APR based Apache Tomcat Native library which allows optimal performance in production environments was not found on the java.library.path: D:\Tomcat\bin;C:\WINDOWS\Sun\Java\bin;C:\WINDOWS\system32;C:\WINDOWS;C:\ProgramData\Oracle\Java\javapath;C:\Program Files (x86)\Common Files\Intel\Shared Libraries\redist\intel64\compiler;C:\WINDOWS\system32;C:\WINDOWS;C:\WINDOWS\System32\Wbem;C:\WINDOWS\System32\WindowsPowerShell\v1.0\;C:\WINDOWS\System32\OpenSSH\;C:\Program Files\Git\cmd;C:\Program Files\nodejs\;C:\Program Files\Azure Data Studio\bin;C:\Program Files\Microsoft SQL Server\Client SDK\ODBC\170\Tools\Binn\;C:\Program Files (x86)\Microsoft SQL Server\150\Tools\Binn\;C:\Program Files\Microsoft SQL Server\150\Tools\Binn\;C:\Program Files\Microsoft SQL Server\150\DTS\Binn\;C:\Program Files (x86)\Microsoft SQL Server\150\DTS\Binn\;C:\Users\Wasimul Islam\AppData\Local\Microsoft\WindowsApps;C:\Users\Wasimul Islam\AppData\Local\Programs\Microsoft VS Code\bin;C:\Users\Wasimul Islam\AppData\Roaming\npm;C:\source\flutter\bin;;.
20-Dec-2022 10:05:32.757 INFO [main] org.apache.coyote.AbstractProtocol.init Initializing ProtocolHandler ["http-nio-8090"]
20-Dec-2022 10:05:32.852 INFO [main] org.apache.tomcat.util.net.NioSelectorPool.getSharedSelector Using a shared selector for servlet write/read
20-Dec-2022 10:05:32.856 INFO [main] org.apache.coyote.AbstractProtocol.init Initializing ProtocolHandler ["ajp-nio-8009"]
20-Dec-2022 10:05:32.860 INFO [main] org.apache.tomcat.util.net.NioSelectorPool.getSharedSelector Using a shared selector for servlet write/read
20-Dec-2022 10:05:32.862 INFO [main] org.apache.catalina.startup.Catalina.load Initialization processed in 718 ms
20-Dec-2022 10:05:32.892 INFO [main] org.apache.catalina.core.StandardService.startInternal Starting service Catalina
20-Dec-2022 10:05:32.892 INFO [main] org.apache.catalina.core.StandardEngine.startInternal Starting Servlet Engine: Apache Tomcat/9.0.0.M1
20-Dec-2022 10:05:32.904 INFO [localhost-startStop-1] org.apache.catalina.startup.HostConfig.deployDirectory Deploying web application directory D:\Tomcat\webapps\zab
20-Dec-2022 10:05:37.791 INFO [localhost-startStop-1] org.apache.jasper.servlet.TldScanner.scanJars At least one JAR was scanned for TLDs yet contained no TLDs. Enable debug logging for this logger for a complete list of JARs that were scanned but no TLDs were found in them. Skipping unneeded JARs during scanning can improve startup time and JSP compilation time.
20-Dec-2022 10:05:38.057 INFO [localhost-startStop-1] org.apache.catalina.util.SessionIdGeneratorBase.createSecureRandom Creation of SecureRandom instance for session ID generation using [SHA1PRNG] took [203] milliseconds.
20-Dec-2022 10:05:39.741 INFO [localhost-startStop-1] org.apache.catalina.startup.HostConfig.deployDirectory Deployment of web application directory D:\Tomcat\webapps\zab has finished in 6,837 ms
20-Dec-2022 10:05:39.747 INFO [main] org.apache.coyote.AbstractProtocol.start Starting ProtocolHandler [http-nio-8090]
20-Dec-2022 10:05:39.758 INFO [main] org.apache.coyote.AbstractProtocol.start Starting ProtocolHandler [ajp-nio-8009]
20-Dec-2022 10:05:39.761 INFO [main] org.apache.catalina.startup.Catalina.start Server startup in 6898 ms
20-Dec-2022 10:05:45.931 INFO [http-nio-8090-exec-1] org.apache.tomcat.util.http.parser.Cookie.logInvalidHeader A cookie header was received [-1,-1]] that contained an invalid cookie. That cookie will be ignored.Note: further occurrences of this error will be logged at DEBUG level.
20-Dec-2022 16:14:22.547 INFO [Thread-8] org.apache.coyote.AbstractProtocol.pause Pausing ProtocolHandler ["http-nio-8090"]
20-Dec-2022 16:14:22.619 INFO [Thread-8] org.apache.coyote.AbstractProtocol.pause Pausing ProtocolHandler ["ajp-nio-8009"]
20-Dec-2022 16:14:22.683 INFO [Thread-8] org.apache.catalina.core.StandardService.stopInternal Stopping service Catalina
20-Dec-2022 16:14:22.781 WARNING [localhost-startStop-2] org.apache.catalina.loader.WebappClassLoaderBase.clearReferencesJdbc The web application [zab] registered the JDBC driver [com.microsoft.sqlserver.jdbc.SQLServerDriver] but failed to unregister it when the web application was stopped. To prevent a memory leak, the JDBC Driver has been forcibly unregistered.
20-Dec-2022 16:14:22.781 WARNING [localhost-startStop-2] org.apache.catalina.loader.WebappClassLoaderBase.clearReferencesThreads The web application [zab] appears to have started a thread named [Thread-6] but has failed to stop it. This is very likely to create a memory leak. Stack trace of thread:
 sun.print.Win32PrintServiceLookup.notifyPrinterChange(Native Method)
 sun.print.Win32PrintServiceLookup.access$100(Unknown Source)
 sun.print.Win32PrintServiceLookup$PrinterChangeListener.run(Unknown Source)
20-Dec-2022 16:14:22.796 SEVERE [localhost-startStop-2] org.apache.catalina.loader.WebappClassLoaderBase.checkThreadLocalMapForLeaks The web application [zab] created a ThreadLocal with key of type [com.crystaldecisions.reports.common.locale.FormatterCache$5] (value [com.crystaldecisions.reports.common.locale.FormatterCache$5@6ce2f914]) and a value of type [java.util.HashMap] (value [{com.ibm.icu.util.GregorianCalendar[time=1671511558526,areFieldsSet=false,areAllFieldsSet=false,lenient=true,zone=com.ibm.icu.impl.JavaTimeZone@6dcd0e4d,firstDayOfWeek=1,minimalDaysInFirstWeek=4,ERA=0,YEAR=0,MONTH=0,WEEK_OF_YEAR=0,WEEK_OF_MONTH=0,DAY_OF_MONTH=0,DAY_OF_YEAR=0,DAY_OF_WEEK=0,DAY_OF_WEEK_IN_MONTH=0,AM_PM=0,HOUR=0,HOUR_OF_DAY=0,MINUTE=0,SECOND=0,MILLISECOND=0,ZONE_OFFSET=0,DST_OFFSET=0,YEAR_WOY=0,DOW_LOCAL=0,EXTENDED_YEAR=0,JULIAN_DAY=0,MILLISECONDS_IN_DAY=0]={en_US=com.ibm.icu.text.SimpleDateFormat@b4dc7db3}}]) but failed to remove it when the web application was stopped. Threads are going to be renewed over time to try and avoid a probable memory leak.
20-Dec-2022 16:14:22.796 SEVERE [localhost-startStop-2] org.apache.catalina.loader.WebappClassLoaderBase.checkThreadLocalMapForLeaks The web application [zab] created a ThreadLocal with key of type [com.crystaldecisions.reports.reportdefinition.FormattedFieldValue$1] (value [com.crystaldecisions.reports.reportdefinition.FormattedFieldValue$1@30bf8d9a]) and a value of type [com.crystaldecisions.reports.reportdefinition.FormattedFieldValue.a] (value [com.crystaldecisions.reports.reportdefinition.FormattedFieldValue$a@40bc934e]) but failed to remove it when the web application was stopped. Threads are going to be renewed over time to try and avoid a probable memory leak.
20-Dec-2022 16:14:22.796 SEVERE [localhost-startStop-2] org.apache.catalina.loader.WebappClassLoaderBase.checkThreadLocalMapForLeaks The web application [zab] created a ThreadLocal with key of type [com.crystaldecisions.reports.exporters.format.page.pdf.dom.j$1] (value [com.crystaldecisions.reports.exporters.format.page.pdf.dom.j$1@3e02bdee]) and a value of type [com.crystaldecisions.reports.exporters.format.page.pdf.dom.j] (value [com.crystaldecisions.reports.exporters.format.page.pdf.dom.j@2ed4eb3]) but failed to remove it when the web application was stopped. Threads are going to be renewed over time to try and avoid a probable memory leak.
20-Dec-2022 16:14:22.796 SEVERE [localhost-startStop-2] org.apache.catalina.loader.WebappClassLoaderBase.checkThreadLocalMapForLeaks The web application [zab] created a ThreadLocal with key of type [com.crystaldecisions.reports.exporters.format.page.pdf.pdflib.n$1] (value [com.crystaldecisions.reports.exporters.format.page.pdf.pdflib.n$1@4e72c029]) and a value of type [com.crystaldecisions.reports.exporters.format.page.pdf.pdflib.n] (value [com.crystaldecisions.reports.exporters.format.page.pdf.pdflib.n@6af00c4a]) but failed to remove it when the web application was stopped. Threads are going to be renewed over time to try and avoid a probable memory leak.
20-Dec-2022 16:14:22.796 SEVERE [localhost-startStop-2] org.apache.catalina.loader.WebappClassLoaderBase.checkThreadLocalMapForLeaks The web application [zab] created a ThreadLocal with key of type [com.crystaldecisions.reports.exporters.format.page.pdf.pdflib.DoubleFormatter$1] (value [com.crystaldecisions.reports.exporters.format.page.pdf.pdflib.DoubleFormatter$1@29c66774]) and a value of type [java.lang.StringBuilder] (value [921]) but failed to remove it when the web application was stopped. Threads are going to be renewed over time to try and avoid a probable memory leak.
20-Dec-2022 16:14:22.796 SEVERE [localhost-startStop-2] org.apache.catalina.loader.WebappClassLoaderBase.checkThreadLocalMapForLeaks The web application [zab] created a ThreadLocal with key of type [com.crystaldecisions.reports.exporters.format.page.pdf.fontembedding.opentype.reader.OpenTypeReader$2] (value [com.crystaldecisions.reports.exporters.format.page.pdf.fontembedding.opentype.reader.OpenTypeReader$2@716d89ed]) and a value of type [java.util.ArrayList] (value [[]]) but failed to remove it when the web application was stopped. Threads are going to be renewed over time to try and avoid a probable memory leak.
20-Dec-2022 16:14:22.796 SEVERE [localhost-startStop-2] org.apache.catalina.loader.WebappClassLoaderBase.checkThreadLocalMapForLeaks The web application [zab] created a ThreadLocal with key of type [com.crystaldecisions.reports.common.locale.FormatterCache$3] (value [com.crystaldecisions.reports.common.locale.FormatterCache$3@1b9549d6]) and a value of type [java.util.HashMap] (value [{com.ibm.icu.util.GregorianCalendar[time=1671494400000,areFieldsSet=true,areAllFieldsSet=true,lenient=true,zone=com.ibm.icu.impl.JavaTimeZone@1142e,firstDayOfWeek=1,minimalDaysInFirstWeek=4,ERA=1,YEAR=2022,MONTH=11,WEEK_OF_YEAR=51,WEEK_OF_MONTH=3,DAY_OF_MONTH=20,DAY_OF_YEAR=354,DAY_OF_WEEK=3,DAY_OF_WEEK_IN_MONTH=3,AM_PM=0,HOUR=0,HOUR_OF_DAY=0,MINUTE=0,SECOND=0,MILLISECOND=0,ZONE_OFFSET=0,DST_OFFSET=0,YEAR_WOY=2022,DOW_LOCAL=3,EXTENDED_YEAR=2022,JULIAN_DAY=2459934,MILLISECONDS_IN_DAY=0]={en_US=com.ibm.icu.text.SimpleDateFormat@8629ad2d}}]) but failed to remove it when the web application was stopped. Threads are going to be renewed over time to try and avoid a probable memory leak.
20-Dec-2022 16:14:22.805 SEVERE [localhost-startStop-2] org.apache.catalina.loader.WebappClassLoaderBase.checkThreadLocalMapForLeaks The web application [zab] created a ThreadLocal with key of type [com.crystaldecisions.reports.reportdefinition.FormattedFieldValue$1] (value [com.crystaldecisions.reports.reportdefinition.FormattedFieldValue$1@30bf8d9a]) and a value of type [com.crystaldecisions.reports.reportdefinition.FormattedFieldValue.a] (value [com.crystaldecisions.reports.reportdefinition.FormattedFieldValue$a@23862fc1]) but failed to remove it when the web application was stopped. Threads are going to be renewed over time to try and avoid a probable memory leak.
20-Dec-2022 16:14:22.805 SEVERE [localhost-startStop-2] org.apache.catalina.loader.WebappClassLoaderBase.checkThreadLocalMapForLeaks The web application [zab] created a ThreadLocal with key of type [com.crystaldecisions.reports.exporters.format.page.pdf.dom.j$1] (value [com.crystaldecisions.reports.exporters.format.page.pdf.dom.j$1@3e02bdee]) and a value of type [com.crystaldecisions.reports.exporters.format.page.pdf.dom.j] (value [com.crystaldecisions.reports.exporters.format.page.pdf.dom.j@3afcead2]) but failed to remove it when the web application was stopped. Threads are going to be renewed over time to try and avoid a probable memory leak.
20-Dec-2022 16:14:22.811 SEVERE [localhost-startStop-2] org.apache.catalina.loader.WebappClassLoaderBase.checkThreadLocalMapForLeaks The web application [zab] created a ThreadLocal with key of type [com.crystaldecisions.reports.common.locale.FormatterCache$1] (value [com.crystaldecisions.reports.common.locale.FormatterCache$1@42effeb2]) and a value of type [java.util.HashMap] (value [{en_US=com.ibm.icu.text.DecimalFormat@674dc}]) but failed to remove it when the web application was stopped. Threads are going to be renewed over time to try and avoid a probable memory leak.
20-Dec-2022 16:14:22.811 SEVERE [localhost-startStop-2] org.apache.catalina.loader.WebappClassLoaderBase.checkThreadLocalMapForLeaks The web application [zab] created a ThreadLocal with key of type [com.crystaldecisions.reports.exporters.format.page.pdf.pdflib.n$1] (value [com.crystaldecisions.reports.exporters.format.page.pdf.pdflib.n$1@4e72c029]) and a value of type [com.crystaldecisions.reports.exporters.format.page.pdf.pdflib.n] (value [com.crystaldecisions.reports.exporters.format.page.pdf.pdflib.n@47e7bb3d]) but failed to remove it when the web application was stopped. Threads are going to be renewed over time to try and avoid a probable memory leak.
20-Dec-2022 16:14:22.813 SEVERE [localhost-startStop-2] org.apache.catalina.loader.WebappClassLoaderBase.checkThreadLocalMapForLeaks The web application [zab] created a ThreadLocal with key of type [com.crystaldecisions.reports.common.locale.FormatterCache$2] (value [com.crystaldecisions.reports.common.locale.FormatterCache$2@3e35a0ee]) and a value of type [java.util.HashMap] (value [{en_US=com.ibm.icu.text.DecimalFormat@67500}]) but failed to remove it when the web application was stopped. Threads are going to be renewed over time to try and avoid a probable memory leak.
20-Dec-2022 16:14:22.813 SEVERE [localhost-startStop-2] org.apache.catalina.loader.WebappClassLoaderBase.checkThreadLocalMapForLeaks The web application [zab] created a ThreadLocal with key of type [com.crystaldecisions.reports.exporters.format.page.pdf.pdflib.DoubleFormatter$1] (value [com.crystaldecisions.reports.exporters.format.page.pdf.pdflib.DoubleFormatter$1@29c66774]) and a value of type [java.lang.StringBuilder] (value [921]) but failed to remove it when the web application was stopped. Threads are going to be renewed over time to try and avoid a probable memory leak.
20-Dec-2022 16:14:22.813 SEVERE [localhost-startStop-2] org.apache.catalina.loader.WebappClassLoaderBase.checkThreadLocalMapForLeaks The web application [zab] created a ThreadLocal with key of type [com.crystaldecisions.reports.common.locale.FormatterCache$3] (value [com.crystaldecisions.reports.common.locale.FormatterCache$3@1b9549d6]) and a value of type [java.util.HashMap] (value [{com.ibm.icu.util.GregorianCalendar[time=1671511261416,areFieldsSet=false,areAllFieldsSet=false,lenient=true,zone=com.ibm.icu.impl.JavaTimeZone@6dcd0e4d,firstDayOfWeek=1,minimalDaysInFirstWeek=4,ERA=0,YEAR=0,MONTH=0,WEEK_OF_YEAR=0,WEEK_OF_MONTH=0,DAY_OF_MONTH=0,DAY_OF_YEAR=0,DAY_OF_WEEK=0,DAY_OF_WEEK_IN_MONTH=0,AM_PM=0,HOUR=0,HOUR_OF_DAY=0,MINUTE=0,SECOND=0,MILLISECOND=0,ZONE_OFFSET=0,DST_OFFSET=0,YEAR_WOY=0,DOW_LOCAL=0,EXTENDED_YEAR=0,JULIAN_DAY=0,MILLISECONDS_IN_DAY=0]={en_US=com.ibm.icu.text.SimpleDateFormat@8629ad2d}, com.ibm.icu.util.GregorianCalendar[time=1671494400000,areFieldsSet=true,areAllFieldsSet=true,lenient=true,zone=com.ibm.icu.impl.JavaTimeZone@1142e,firstDayOfWeek=1,minimalDaysInFirstWeek=4,ERA=1,YEAR=2022,MONTH=11,WEEK_OF_YEAR=51,WEEK_OF_MONTH=3,DAY_OF_MONTH=20,DAY_OF_YEAR=354,DAY_OF_WEEK=3,DAY_OF_WEEK_IN_MONTH=3,AM_PM=0,HOUR=0,HOUR_OF_DAY=0,MINUTE=0,SECOND=0,MILLISECOND=0,ZONE_OFFSET=0,DST_OFFSET=0,YEAR_WOY=2022,DOW_LOCAL=3,EXTENDED_YEAR=2022,JULIAN_DAY=2459934,MILLISECONDS_IN_DAY=0]={en_US=com.ibm.icu.text.SimpleDateFormat@8629ad2d}}]) but failed to remove it when the web application was stopped. Threads are going to be renewed over time to try and avoid a probable memory leak.
20-Dec-2022 16:14:22.813 SEVERE [localhost-startStop-2] org.apache.catalina.loader.WebappClassLoaderBase.checkThreadLocalMapForLeaks The web application [zab] created a ThreadLocal with key of type [com.crystaldecisions.reports.common.filemanagement.DataPump$1] (value [com.crystaldecisions.reports.common.filemanagement.DataPump$1@22c550e1]) and a value of type [byte[]] (value [[B@6249af9f]) but failed to remove it when the web application was stopped. Threads are going to be renewed over time to try and avoid a probable memory leak.
20-Dec-2022 16:14:22.813 SEVERE [localhost-startStop-2] org.apache.catalina.loader.WebappClassLoaderBase.checkThreadLocalMapForLeaks The web application [zab] created a ThreadLocal with key of type [com.crystaldecisions.reports.exporters.format.page.pdf.fontembedding.opentype.reader.OpenTypeReader$2] (value [com.crystaldecisions.reports.exporters.format.page.pdf.fontembedding.opentype.reader.OpenTypeReader$2@716d89ed]) and a value of type [java.util.ArrayList] (value [[]]) but failed to remove it when the web application was stopped. Threads are going to be renewed over time to try and avoid a probable memory leak.
20-Dec-2022 16:14:22.818 SEVERE [localhost-startStop-2] org.apache.catalina.loader.WebappClassLoaderBase.checkThreadLocalMapForLeaks The web application [zab] created a ThreadLocal with key of type [com.crystaldecisions.reports.common.locale.FormatterCache$5] (value [com.crystaldecisions.reports.common.locale.FormatterCache$5@6ce2f914]) and a value of type [java.util.HashMap] (value [{com.ibm.icu.util.GregorianCalendar[time=1671511261554,areFieldsSet=false,areAllFieldsSet=false,lenient=true,zone=com.ibm.icu.impl.JavaTimeZone@6dcd0e4d,firstDayOfWeek=1,minimalDaysInFirstWeek=4,ERA=0,YEAR=0,MONTH=0,WEEK_OF_YEAR=0,WEEK_OF_MONTH=0,DAY_OF_MONTH=0,DAY_OF_YEAR=0,DAY_OF_WEEK=0,DAY_OF_WEEK_IN_MONTH=0,AM_PM=0,HOUR=0,HOUR_OF_DAY=0,MINUTE=0,SECOND=0,MILLISECOND=0,ZONE_OFFSET=0,DST_OFFSET=0,YEAR_WOY=0,DOW_LOCAL=0,EXTENDED_YEAR=0,JULIAN_DAY=0,MILLISECONDS_IN_DAY=0]={en_US=com.ibm.icu.text.SimpleDateFormat@b4dc7db3}, com.ibm.icu.util.GregorianCalendar[time=1671511265480,areFieldsSet=false,areAllFieldsSet=false,lenient=true,zone=com.ibm.icu.impl.JavaTimeZone@6dcd0e4d,firstDayOfWeek=1,minimalDaysInFirstWeek=4,ERA=0,YEAR=0,MONTH=0,WEEK_OF_YEAR=0,WEEK_OF_MONTH=0,DAY_OF_MONTH=0,DAY_OF_YEAR=0,DAY_OF_WEEK=0,DAY_OF_WEEK_IN_MONTH=0,AM_PM=0,HOUR=0,HOUR_OF_DAY=0,MINUTE=0,SECOND=0,MILLISECOND=0,ZONE_OFFSET=0,DST_OFFSET=0,YEAR_WOY=0,DOW_LOCAL=0,EXTENDED_YEAR=0,JULIAN_DAY=0,MILLISECONDS_IN_DAY=0]={en_US=com.ibm.icu.text.SimpleDateFormat@b4dc7db3}}]) but failed to remove it when the web application was stopped. Threads are going to be renewed over time to try and avoid a probable memory leak.
20-Dec-2022 16:14:22.880 INFO [Thread-8] org.apache.coyote.AbstractProtocol.stop Stopping ProtocolHandler ["http-nio-8090"]
20-Dec-2022 16:14:22.894 INFO [Thread-8] org.apache.coyote.AbstractProtocol.stop Stopping ProtocolHandler ["ajp-nio-8009"]
20-Dec-2022 16:14:26.112 INFO [main] org.apache.catalina.startup.VersionLoggerListener.log Server version:        Apache Tomcat/9.0.0.M1
20-Dec-2022 16:14:26.114 INFO [main] org.apache.catalina.startup.VersionLoggerListener.log Server built:          Nov 12 2015 22:05:52 UTC
20-Dec-2022 16:14:26.114 INFO [main] org.apache.catalina.startup.VersionLoggerListener.log Server number:         9.0.0.0
20-Dec-2022 16:14:26.114 INFO [main] org.apache.catalina.startup.VersionLoggerListener.log OS Name:               Windows 10
20-Dec-2022 16:14:26.114 INFO [main] org.apache.catalina.startup.VersionLoggerListener.log OS Version:            10.0
20-Dec-2022 16:14:26.114 INFO [main] org.apache.catalina.startup.VersionLoggerListener.log Architecture:          amd64
20-Dec-2022 16:14:26.114 INFO [main] org.apache.catalina.startup.VersionLoggerListener.log Java Home:             C:\Program Files\JAVA\jre1.8.0_92
20-Dec-2022 16:14:26.114 INFO [main] org.apache.catalina.startup.VersionLoggerListener.log JVM Version:           1.8.0_92-b14
20-Dec-2022 16:14:26.114 INFO [main] org.apache.catalina.startup.VersionLoggerListener.log JVM Vendor:            Oracle Corporation
20-Dec-2022 16:14:26.114 INFO [main] org.apache.catalina.startup.VersionLoggerListener.log CATALINA_BASE:         D:\Tomcat
20-Dec-2022 16:14:26.114 INFO [main] org.apache.catalina.startup.VersionLoggerListener.log CATALINA_HOME:         D:\Tomcat
20-Dec-2022 16:14:26.114 INFO [main] org.apache.catalina.startup.VersionLoggerListener.log Command line argument: -Dfile.encoding=UTF8
20-Dec-2022 16:14:26.114 INFO [main] org.apache.catalina.startup.VersionLoggerListener.log Command line argument: -Dcatalina.home=D:\Tomcat
20-Dec-2022 16:14:26.114 INFO [main] org.apache.catalina.startup.VersionLoggerListener.log Command line argument: -Dcatalina.base=D:\Tomcat
20-Dec-2022 16:14:26.114 INFO [main] org.apache.catalina.startup.VersionLoggerListener.log Command line argument: -Djava.io.tmpdir=D:\Tomcat\temp
20-Dec-2022 16:14:26.114 INFO [main] org.apache.catalina.startup.VersionLoggerListener.log Command line argument: -Djava.util.logging.manager=org.apache.juli.ClassLoaderLogManager
20-Dec-2022 16:14:26.114 INFO [main] org.apache.catalina.startup.VersionLoggerListener.log Command line argument: -Djava.util.logging.config.file=D:\Tomcat\conf\logging.properties
20-Dec-2022 16:14:26.120 INFO [main] org.apache.catalina.startup.VersionLoggerListener.log Command line argument: exit
20-Dec-2022 16:14:26.121 INFO [main] org.apache.catalina.startup.VersionLoggerListener.log Command line argument: -Xms128m
20-Dec-2022 16:14:26.124 INFO [main] org.apache.catalina.startup.VersionLoggerListener.log Command line argument: -Xmx256m
20-Dec-2022 16:14:26.124 INFO [main] org.apache.catalina.core.AprLifecycleListener.lifecycleEvent The APR based Apache Tomcat Native library which allows optimal performance in production environments was not found on the java.library.path: D:\Tomcat\bin;C:\WINDOWS\Sun\Java\bin;C:\WINDOWS\system32;C:\WINDOWS;C:\ProgramData\Oracle\Java\javapath;C:\Program Files (x86)\Common Files\Intel\Shared Libraries\redist\intel64\compiler;C:\WINDOWS\system32;C:\WINDOWS;C:\WINDOWS\System32\Wbem;C:\WINDOWS\System32\WindowsPowerShell\v1.0\;C:\WINDOWS\System32\OpenSSH\;C:\Program Files\Git\cmd;C:\Program Files\nodejs\;C:\Program Files\Azure Data Studio\bin;C:\Program Files\Microsoft SQL Server\Client SDK\ODBC\170\Tools\Binn\;C:\Program Files (x86)\Microsoft SQL Server\150\Tools\Binn\;C:\Program Files\Microsoft SQL Server\150\Tools\Binn\;C:\Program Files\Microsoft SQL Server\150\DTS\Binn\;C:\Program Files (x86)\Microsoft SQL Server\150\DTS\Binn\;C:\Users\Wasimul Islam\AppData\Local\Microsoft\WindowsApps;C:\Users\Wasimul Islam\AppData\Local\Programs\Microsoft VS Code\bin;C:\Users\Wasimul Islam\AppData\Roaming\npm;C:\source\flutter\bin;;.
20-Dec-2022 16:14:26.296 INFO [main] org.apache.coyote.AbstractProtocol.init Initializing ProtocolHandler ["http-nio-8090"]
20-Dec-2022 16:14:26.396 INFO [main] org.apache.tomcat.util.net.NioSelectorPool.getSharedSelector Using a shared selector for servlet write/read
20-Dec-2022 16:14:26.400 INFO [main] org.apache.coyote.AbstractProtocol.init Initializing ProtocolHandler ["ajp-nio-8009"]
20-Dec-2022 16:14:26.403 INFO [main] org.apache.tomcat.util.net.NioSelectorPool.getSharedSelector Using a shared selector for servlet write/read
20-Dec-2022 16:14:26.403 INFO [main] org.apache.catalina.startup.Catalina.load Initialization processed in 745 ms
20-Dec-2022 16:14:26.431 INFO [main] org.apache.catalina.core.StandardService.startInternal Starting service Catalina
20-Dec-2022 16:14:26.432 INFO [main] org.apache.catalina.core.StandardEngine.startInternal Starting Servlet Engine: Apache Tomcat/9.0.0.M1
20-Dec-2022 16:14:26.445 INFO [localhost-startStop-1] org.apache.catalina.startup.HostConfig.deployDirectory Deploying web application directory D:\Tomcat\webapps\zab
20-Dec-2022 16:14:32.285 INFO [localhost-startStop-1] org.apache.jasper.servlet.TldScanner.scanJars At least one JAR was scanned for TLDs yet contained no TLDs. Enable debug logging for this logger for a complete list of JARs that were scanned but no TLDs were found in them. Skipping unneeded JARs during scanning can improve startup time and JSP compilation time.
20-Dec-2022 16:14:32.598 INFO [localhost-startStop-1] org.apache.catalina.util.SessionIdGeneratorBase.createSecureRandom Creation of SecureRandom instance for session ID generation using [SHA1PRNG] took [250] milliseconds.
20-Dec-2022 16:14:34.241 INFO [localhost-startStop-1] org.apache.catalina.startup.HostConfig.deployDirectory Deployment of web application directory D:\Tomcat\webapps\zab has finished in 7,796 ms
20-Dec-2022 16:14:34.241 INFO [main] org.apache.coyote.AbstractProtocol.start Starting ProtocolHandler [http-nio-8090]
20-Dec-2022 16:14:34.241 INFO [main] org.apache.coyote.AbstractProtocol.start Starting ProtocolHandler [ajp-nio-8009]
20-Dec-2022 16:14:34.257 INFO [main] org.apache.catalina.startup.Catalina.start Server startup in 7856 ms
