27-Nov-2022 14:40:32.383 INFO [main] org.apache.catalina.startup.VersionLoggerListener.log Server version:        Apache Tomcat/9.0.0.M1
27-Nov-2022 14:40:32.396 INFO [main] org.apache.catalina.startup.VersionLoggerListener.log Server built:          Nov 12 2015 22:05:52 UTC
27-Nov-2022 14:40:32.397 INFO [main] org.apache.catalina.startup.VersionLoggerListener.log Server number:         9.0.0.0
27-Nov-2022 14:40:32.397 INFO [main] org.apache.catalina.startup.VersionLoggerListener.log OS Name:               Windows 10
27-Nov-2022 14:40:32.397 INFO [main] org.apache.catalina.startup.VersionLoggerListener.log OS Version:            10.0
27-Nov-2022 14:40:32.397 INFO [main] org.apache.catalina.startup.VersionLoggerListener.log Architecture:          amd64
27-Nov-2022 14:40:32.397 INFO [main] org.apache.catalina.startup.VersionLoggerListener.log Java Home:             C:\Program Files\JAVA\jre1.8.0_92
27-Nov-2022 14:40:32.399 INFO [main] org.apache.catalina.startup.VersionLoggerListener.log JVM Version:           1.8.0_92-b14
27-Nov-2022 14:40:32.399 INFO [main] org.apache.catalina.startup.VersionLoggerListener.log JVM Vendor:            Oracle Corporation
27-Nov-2022 14:40:32.399 INFO [main] org.apache.catalina.startup.VersionLoggerListener.log CATALINA_BASE:         D:\Tomcat
27-Nov-2022 14:40:32.399 INFO [main] org.apache.catalina.startup.VersionLoggerListener.log CATALINA_HOME:         D:\Tomcat
27-Nov-2022 14:40:32.400 INFO [main] org.apache.catalina.startup.VersionLoggerListener.log Command line argument: -Dfile.encoding=UTF8
27-Nov-2022 14:40:32.400 INFO [main] org.apache.catalina.startup.VersionLoggerListener.log Command line argument: -Dcatalina.home=D:\Tomcat
27-Nov-2022 14:40:32.400 INFO [main] org.apache.catalina.startup.VersionLoggerListener.log Command line argument: -Dcatalina.base=D:\Tomcat
27-Nov-2022 14:40:32.401 INFO [main] org.apache.catalina.startup.VersionLoggerListener.log Command line argument: -Djava.io.tmpdir=D:\Tomcat\temp
27-Nov-2022 14:40:32.401 INFO [main] org.apache.catalina.startup.VersionLoggerListener.log Command line argument: -Djava.util.logging.manager=org.apache.juli.ClassLoaderLogManager
27-Nov-2022 14:40:32.401 INFO [main] org.apache.catalina.startup.VersionLoggerListener.log Command line argument: -Djava.util.logging.config.file=D:\Tomcat\conf\logging.properties
27-Nov-2022 14:40:32.403 INFO [main] org.apache.catalina.startup.VersionLoggerListener.log Command line argument: exit
27-Nov-2022 14:40:32.403 INFO [main] org.apache.catalina.startup.VersionLoggerListener.log Command line argument: -Xms128m
27-Nov-2022 14:40:32.403 INFO [main] org.apache.catalina.startup.VersionLoggerListener.log Command line argument: -Xmx256m
27-Nov-2022 14:40:32.404 INFO [main] org.apache.catalina.core.AprLifecycleListener.lifecycleEvent The APR based Apache Tomcat Native library which allows optimal performance in production environments was not found on the java.library.path: D:\Tomcat\bin;C:\WINDOWS\Sun\Java\bin;C:\WINDOWS\system32;C:\WINDOWS;C:\ProgramData\Oracle\Java\javapath;C:\Program Files (x86)\Common Files\Intel\Shared Libraries\redist\intel64\compiler;C:\WINDOWS\system32;C:\WINDOWS;C:\WINDOWS\System32\Wbem;C:\WINDOWS\System32\WindowsPowerShell\v1.0\;C:\WINDOWS\System32\OpenSSH\;C:\Program Files\Git\cmd;C:\Program Files\nodejs\;C:\Program Files\Azure Data Studio\bin;C:\Program Files\Microsoft SQL Server\Client SDK\ODBC\170\Tools\Binn\;C:\Program Files (x86)\Microsoft SQL Server\150\Tools\Binn\;C:\Program Files\Microsoft SQL Server\150\Tools\Binn\;C:\Program Files\Microsoft SQL Server\150\DTS\Binn\;C:\Program Files (x86)\Microsoft SQL Server\150\DTS\Binn\;C:\Users\Wasimul Islam\AppData\Local\Microsoft\WindowsApps;C:\Users\Wasimul Islam\AppData\Local\Programs\Microsoft VS Code\bin;C:\Users\Wasimul Islam\AppData\Roaming\npm;C:\source\flutter\bin;;.
27-Nov-2022 14:40:32.571 INFO [main] org.apache.coyote.AbstractProtocol.init Initializing ProtocolHandler ["http-nio-8090"]
27-Nov-2022 14:40:32.665 INFO [main] org.apache.tomcat.util.net.NioSelectorPool.getSharedSelector Using a shared selector for servlet write/read
27-Nov-2022 14:40:32.671 INFO [main] org.apache.coyote.AbstractProtocol.init Initializing ProtocolHandler ["ajp-nio-8009"]
27-Nov-2022 14:40:32.675 INFO [main] org.apache.tomcat.util.net.NioSelectorPool.getSharedSelector Using a shared selector for servlet write/read
27-Nov-2022 14:40:32.675 INFO [main] org.apache.catalina.startup.Catalina.load Initialization processed in 706 ms
27-Nov-2022 14:40:32.700 INFO [main] org.apache.catalina.core.StandardService.startInternal Starting service Catalina
27-Nov-2022 14:40:32.700 INFO [main] org.apache.catalina.core.StandardEngine.startInternal Starting Servlet Engine: Apache Tomcat/9.0.0.M1
27-Nov-2022 14:40:32.744 INFO [localhost-startStop-1] org.apache.catalina.startup.HostConfig.deployDirectory Deploying web application directory D:\Tomcat\webapps\zab
27-Nov-2022 14:40:38.629 INFO [localhost-startStop-1] org.apache.jasper.servlet.TldScanner.scanJars At least one JAR was scanned for TLDs yet contained no TLDs. Enable debug logging for this logger for a complete list of JARs that were scanned but no TLDs were found in them. Skipping unneeded JARs during scanning can improve startup time and JSP compilation time.
27-Nov-2022 14:40:38.928 INFO [localhost-startStop-1] org.apache.catalina.util.SessionIdGeneratorBase.createSecureRandom Creation of SecureRandom instance for session ID generation using [SHA1PRNG] took [232] milliseconds.
27-Nov-2022 14:40:40.845 INFO [localhost-startStop-1] org.apache.catalina.startup.HostConfig.deployDirectory Deployment of web application directory D:\Tomcat\webapps\zab has finished in 8,101 ms
27-Nov-2022 14:40:40.859 INFO [main] org.apache.coyote.AbstractProtocol.start Starting ProtocolHandler [http-nio-8090]
27-Nov-2022 14:40:40.859 INFO [main] org.apache.coyote.AbstractProtocol.start Starting ProtocolHandler [ajp-nio-8009]
27-Nov-2022 14:40:40.873 INFO [main] org.apache.catalina.startup.Catalina.start Server startup in 8196 ms
27-Nov-2022 14:40:40.873 INFO [Thread-5] org.apache.coyote.AbstractProtocol.pause Pausing ProtocolHandler ["http-nio-8090"]
27-Nov-2022 14:40:40.937 INFO [Thread-5] org.apache.coyote.AbstractProtocol.pause Pausing ProtocolHandler ["ajp-nio-8009"]
27-Nov-2022 14:40:41.001 INFO [Thread-5] org.apache.catalina.core.StandardService.stopInternal Stopping service Catalina
27-Nov-2022 14:40:41.016 WARNING [localhost-startStop-1] org.apache.catalina.loader.WebappClassLoaderBase.clearReferencesJdbc The web application [zab] registered the JDBC driver [com.microsoft.sqlserver.jdbc.SQLServerDriver] but failed to unregister it when the web application was stopped. To prevent a memory leak, the JDBC Driver has been forcibly unregistered.
27-Nov-2022 14:40:41.016 INFO [Thread-5] org.apache.coyote.AbstractProtocol.stop Stopping ProtocolHandler ["http-nio-8090"]
27-Nov-2022 14:40:41.016 INFO [Thread-5] org.apache.coyote.AbstractProtocol.stop Stopping ProtocolHandler ["ajp-nio-8009"]
