28-Feb-2023 10:00:49.997 INFO [main] org.apache.catalina.startup.VersionLoggerListener.log Server version:        Apache Tomcat/9.0.0.M1
28-Feb-2023 10:00:50.004 INFO [main] org.apache.catalina.startup.VersionLoggerListener.log Server built:          Nov 12 2015 22:05:52 UTC
28-Feb-2023 10:00:50.004 INFO [main] org.apache.catalina.startup.VersionLoggerListener.log Server number:         9.0.0.0
28-Feb-2023 10:00:50.004 INFO [main] org.apache.catalina.startup.VersionLoggerListener.log OS Name:               Windows 10
28-Feb-2023 10:00:50.004 INFO [main] org.apache.catalina.startup.VersionLoggerListener.log OS Version:            10.0
28-Feb-2023 10:00:50.004 INFO [main] org.apache.catalina.startup.VersionLoggerListener.log Architecture:          amd64
28-Feb-2023 10:00:50.004 INFO [main] org.apache.catalina.startup.VersionLoggerListener.log Java Home:             C:\Program Files\JAVA\jre1.8.0_92
28-Feb-2023 10:00:50.004 INFO [main] org.apache.catalina.startup.VersionLoggerListener.log JVM Version:           1.8.0_92-b14
28-Feb-2023 10:00:50.004 INFO [main] org.apache.catalina.startup.VersionLoggerListener.log JVM Vendor:            Oracle Corporation
28-Feb-2023 10:00:50.004 INFO [main] org.apache.catalina.startup.VersionLoggerListener.log CATALINA_BASE:         D:\Tomcat
28-Feb-2023 10:00:50.004 INFO [main] org.apache.catalina.startup.VersionLoggerListener.log CATALINA_HOME:         D:\Tomcat
28-Feb-2023 10:00:50.004 INFO [main] org.apache.catalina.startup.VersionLoggerListener.log Command line argument: -Dfile.encoding=UTF8
28-Feb-2023 10:00:50.004 INFO [main] org.apache.catalina.startup.VersionLoggerListener.log Command line argument: -Dcatalina.home=D:\Tomcat
28-Feb-2023 10:00:50.004 INFO [main] org.apache.catalina.startup.VersionLoggerListener.log Command line argument: -Dcatalina.base=D:\Tomcat
28-Feb-2023 10:00:50.004 INFO [main] org.apache.catalina.startup.VersionLoggerListener.log Command line argument: -Djava.io.tmpdir=D:\Tomcat\temp
28-Feb-2023 10:00:50.004 INFO [main] org.apache.catalina.startup.VersionLoggerListener.log Command line argument: -Djava.util.logging.manager=org.apache.juli.ClassLoaderLogManager
28-Feb-2023 10:00:50.004 INFO [main] org.apache.catalina.startup.VersionLoggerListener.log Command line argument: -Djava.util.logging.config.file=D:\Tomcat\conf\logging.properties
28-Feb-2023 10:00:50.009 INFO [main] org.apache.catalina.startup.VersionLoggerListener.log Command line argument: exit
28-Feb-2023 10:00:50.009 INFO [main] org.apache.catalina.startup.VersionLoggerListener.log Command line argument: -Xms128m
28-Feb-2023 10:00:50.012 INFO [main] org.apache.catalina.startup.VersionLoggerListener.log Command line argument: -Xmx256m
28-Feb-2023 10:00:50.012 INFO [main] org.apache.catalina.core.AprLifecycleListener.lifecycleEvent The APR based Apache Tomcat Native library which allows optimal performance in production environments was not found on the java.library.path: D:\Tomcat\bin;C:\WINDOWS\Sun\Java\bin;C:\WINDOWS\system32;C:\WINDOWS;C:\ProgramData\Oracle\Java\javapath;C:\Program Files (x86)\Common Files\Intel\Shared Libraries\redist\intel64\compiler;C:\WINDOWS\system32;C:\WINDOWS;C:\WINDOWS\System32\Wbem;C:\WINDOWS\System32\WindowsPowerShell\v1.0\;C:\WINDOWS\System32\OpenSSH\;C:\Program Files\Git\cmd;C:\Program Files\nodejs\;C:\Program Files\Azure Data Studio\bin;C:\Program Files\Microsoft SQL Server\Client SDK\ODBC\170\Tools\Binn\;C:\Program Files (x86)\Microsoft SQL Server\150\Tools\Binn\;C:\Program Files\Microsoft SQL Server\150\Tools\Binn\;C:\Program Files\Microsoft SQL Server\150\DTS\Binn\;C:\Program Files (x86)\Microsoft SQL Server\150\DTS\Binn\;C:\Users\Wasimul Islam\AppData\Local\Microsoft\WindowsApps;C:\Users\Wasimul Islam\AppData\Local\Programs\Microsoft VS Code\bin;C:\Users\Wasimul Islam\AppData\Roaming\npm;C:\source\flutter\bin;;.
28-Feb-2023 10:00:50.117 INFO [main] org.apache.coyote.AbstractProtocol.init Initializing ProtocolHandler ["http-nio-8090"]
28-Feb-2023 10:00:50.174 INFO [main] org.apache.tomcat.util.net.NioSelectorPool.getSharedSelector Using a shared selector for servlet write/read
28-Feb-2023 10:00:50.179 INFO [main] org.apache.coyote.AbstractProtocol.init Initializing ProtocolHandler ["ajp-nio-8009"]
28-Feb-2023 10:00:50.180 INFO [main] org.apache.tomcat.util.net.NioSelectorPool.getSharedSelector Using a shared selector for servlet write/read
28-Feb-2023 10:00:50.182 INFO [main] org.apache.catalina.startup.Catalina.load Initialization processed in 434 ms
28-Feb-2023 10:00:50.203 INFO [main] org.apache.catalina.core.StandardService.startInternal Starting service Catalina
28-Feb-2023 10:00:50.203 INFO [main] org.apache.catalina.core.StandardEngine.startInternal Starting Servlet Engine: Apache Tomcat/9.0.0.M1
28-Feb-2023 10:00:50.211 INFO [localhost-startStop-1] org.apache.catalina.startup.HostConfig.deployDirectory Deploying web application directory D:\Tomcat\webapps\zab
28-Feb-2023 10:00:54.523 INFO [localhost-startStop-1] org.apache.jasper.servlet.TldScanner.scanJars At least one JAR was scanned for TLDs yet contained no TLDs. Enable debug logging for this logger for a complete list of JARs that were scanned but no TLDs were found in them. Skipping unneeded JARs during scanning can improve startup time and JSP compilation time.
28-Feb-2023 10:00:54.701 INFO [localhost-startStop-1] org.apache.catalina.util.SessionIdGeneratorBase.createSecureRandom Creation of SecureRandom instance for session ID generation using [SHA1PRNG] took [137] milliseconds.
28-Feb-2023 10:00:55.543 INFO [localhost-startStop-1] org.apache.catalina.startup.HostConfig.deployDirectory Deployment of web application directory D:\Tomcat\webapps\zab has finished in 5,332 ms
28-Feb-2023 10:00:55.551 INFO [main] org.apache.coyote.AbstractProtocol.start Starting ProtocolHandler [http-nio-8090]
28-Feb-2023 10:00:55.554 INFO [main] org.apache.coyote.AbstractProtocol.start Starting ProtocolHandler [ajp-nio-8009]
28-Feb-2023 10:00:55.558 INFO [main] org.apache.catalina.startup.Catalina.start Server startup in 5374 ms
28-Feb-2023 10:38:54.707 INFO [Thread-6] org.apache.coyote.AbstractProtocol.pause Pausing ProtocolHandler ["http-nio-8090"]
28-Feb-2023 10:38:54.763 INFO [Thread-6] org.apache.coyote.AbstractProtocol.pause Pausing ProtocolHandler ["ajp-nio-8009"]
28-Feb-2023 10:38:54.817 INFO [Thread-6] org.apache.catalina.core.StandardService.stopInternal Stopping service Catalina
28-Feb-2023 10:38:54.841 WARNING [localhost-startStop-2] org.apache.catalina.loader.WebappClassLoaderBase.clearReferencesJdbc The web application [zab] registered the JDBC driver [com.microsoft.sqlserver.jdbc.SQLServerDriver] but failed to unregister it when the web application was stopped. To prevent a memory leak, the JDBC Driver has been forcibly unregistered.
28-Feb-2023 10:38:54.847 INFO [Thread-6] org.apache.coyote.AbstractProtocol.stop Stopping ProtocolHandler ["http-nio-8090"]
28-Feb-2023 10:38:54.850 INFO [Thread-6] org.apache.coyote.AbstractProtocol.stop Stopping ProtocolHandler ["ajp-nio-8009"]
28-Feb-2023 10:38:57.384 INFO [main] org.apache.catalina.startup.VersionLoggerListener.log Server version:        Apache Tomcat/9.0.0.M1
28-Feb-2023 10:38:57.384 INFO [main] org.apache.catalina.startup.VersionLoggerListener.log Server built:          Nov 12 2015 22:05:52 UTC
28-Feb-2023 10:38:57.384 INFO [main] org.apache.catalina.startup.VersionLoggerListener.log Server number:         9.0.0.0
28-Feb-2023 10:38:57.384 INFO [main] org.apache.catalina.startup.VersionLoggerListener.log OS Name:               Windows 10
28-Feb-2023 10:38:57.384 INFO [main] org.apache.catalina.startup.VersionLoggerListener.log OS Version:            10.0
28-Feb-2023 10:38:57.384 INFO [main] org.apache.catalina.startup.VersionLoggerListener.log Architecture:          amd64
28-Feb-2023 10:38:57.384 INFO [main] org.apache.catalina.startup.VersionLoggerListener.log Java Home:             C:\Program Files\JAVA\jre1.8.0_92
28-Feb-2023 10:38:57.384 INFO [main] org.apache.catalina.startup.VersionLoggerListener.log JVM Version:           1.8.0_92-b14
28-Feb-2023 10:38:57.384 INFO [main] org.apache.catalina.startup.VersionLoggerListener.log JVM Vendor:            Oracle Corporation
28-Feb-2023 10:38:57.384 INFO [main] org.apache.catalina.startup.VersionLoggerListener.log CATALINA_BASE:         D:\Tomcat
28-Feb-2023 10:38:57.384 INFO [main] org.apache.catalina.startup.VersionLoggerListener.log CATALINA_HOME:         D:\Tomcat
28-Feb-2023 10:38:57.384 INFO [main] org.apache.catalina.startup.VersionLoggerListener.log Command line argument: -Dfile.encoding=UTF8
28-Feb-2023 10:38:57.384 INFO [main] org.apache.catalina.startup.VersionLoggerListener.log Command line argument: -Dcatalina.home=D:\Tomcat
28-Feb-2023 10:38:57.388 INFO [main] org.apache.catalina.startup.VersionLoggerListener.log Command line argument: -Dcatalina.base=D:\Tomcat
28-Feb-2023 10:38:57.388 INFO [main] org.apache.catalina.startup.VersionLoggerListener.log Command line argument: -Djava.io.tmpdir=D:\Tomcat\temp
28-Feb-2023 10:38:57.388 INFO [main] org.apache.catalina.startup.VersionLoggerListener.log Command line argument: -Djava.util.logging.manager=org.apache.juli.ClassLoaderLogManager
28-Feb-2023 10:38:57.388 INFO [main] org.apache.catalina.startup.VersionLoggerListener.log Command line argument: -Djava.util.logging.config.file=D:\Tomcat\conf\logging.properties
28-Feb-2023 10:38:57.388 INFO [main] org.apache.catalina.startup.VersionLoggerListener.log Command line argument: exit
28-Feb-2023 10:38:57.389 INFO [main] org.apache.catalina.startup.VersionLoggerListener.log Command line argument: -Xms128m
28-Feb-2023 10:38:57.389 INFO [main] org.apache.catalina.startup.VersionLoggerListener.log Command line argument: -Xmx256m
28-Feb-2023 10:38:57.389 INFO [main] org.apache.catalina.core.AprLifecycleListener.lifecycleEvent The APR based Apache Tomcat Native library which allows optimal performance in production environments was not found on the java.library.path: D:\Tomcat\bin;C:\WINDOWS\Sun\Java\bin;C:\WINDOWS\system32;C:\WINDOWS;C:\ProgramData\Oracle\Java\javapath;C:\Program Files (x86)\Common Files\Intel\Shared Libraries\redist\intel64\compiler;C:\WINDOWS\system32;C:\WINDOWS;C:\WINDOWS\System32\Wbem;C:\WINDOWS\System32\WindowsPowerShell\v1.0\;C:\WINDOWS\System32\OpenSSH\;C:\Program Files\Git\cmd;C:\Program Files\nodejs\;C:\Program Files\Azure Data Studio\bin;C:\Program Files\Microsoft SQL Server\Client SDK\ODBC\170\Tools\Binn\;C:\Program Files (x86)\Microsoft SQL Server\150\Tools\Binn\;C:\Program Files\Microsoft SQL Server\150\Tools\Binn\;C:\Program Files\Microsoft SQL Server\150\DTS\Binn\;C:\Program Files (x86)\Microsoft SQL Server\150\DTS\Binn\;C:\Users\Wasimul Islam\AppData\Local\Microsoft\WindowsApps;C:\Users\Wasimul Islam\AppData\Local\Programs\Microsoft VS Code\bin;C:\Users\Wasimul Islam\AppData\Roaming\npm;C:\source\flutter\bin;;.
28-Feb-2023 10:38:57.483 INFO [main] org.apache.coyote.AbstractProtocol.init Initializing ProtocolHandler ["http-nio-8090"]
28-Feb-2023 10:38:57.538 INFO [main] org.apache.tomcat.util.net.NioSelectorPool.getSharedSelector Using a shared selector for servlet write/read
28-Feb-2023 10:38:57.538 INFO [main] org.apache.coyote.AbstractProtocol.init Initializing ProtocolHandler ["ajp-nio-8009"]
28-Feb-2023 10:38:57.542 INFO [main] org.apache.tomcat.util.net.NioSelectorPool.getSharedSelector Using a shared selector for servlet write/read
28-Feb-2023 10:38:57.543 INFO [main] org.apache.catalina.startup.Catalina.load Initialization processed in 417 ms
28-Feb-2023 10:38:57.558 INFO [main] org.apache.catalina.core.StandardService.startInternal Starting service Catalina
28-Feb-2023 10:38:57.558 INFO [main] org.apache.catalina.core.StandardEngine.startInternal Starting Servlet Engine: Apache Tomcat/9.0.0.M1
28-Feb-2023 10:38:57.569 INFO [localhost-startStop-1] org.apache.catalina.startup.HostConfig.deployDirectory Deploying web application directory D:\Tomcat\webapps\zab
28-Feb-2023 10:39:00.419 INFO [localhost-startStop-1] org.apache.jasper.servlet.TldScanner.scanJars At least one JAR was scanned for TLDs yet contained no TLDs. Enable debug logging for this logger for a complete list of JARs that were scanned but no TLDs were found in them. Skipping unneeded JARs during scanning can improve startup time and JSP compilation time.
28-Feb-2023 10:39:00.590 INFO [localhost-startStop-1] org.apache.catalina.util.SessionIdGeneratorBase.createSecureRandom Creation of SecureRandom instance for session ID generation using [SHA1PRNG] took [131] milliseconds.
28-Feb-2023 10:39:01.347 INFO [localhost-startStop-1] org.apache.catalina.startup.HostConfig.deployDirectory Deployment of web application directory D:\Tomcat\webapps\zab has finished in 3,778 ms
28-Feb-2023 10:39:01.347 INFO [main] org.apache.coyote.AbstractProtocol.start Starting ProtocolHandler [http-nio-8090]
28-Feb-2023 10:39:01.347 INFO [main] org.apache.coyote.AbstractProtocol.start Starting ProtocolHandler [ajp-nio-8009]
28-Feb-2023 10:39:01.357 INFO [main] org.apache.catalina.startup.Catalina.start Server startup in 3814 ms
28-Feb-2023 15:00:22.972 INFO [http-nio-8090-exec-8] org.apache.tomcat.util.http.parser.Cookie.logInvalidHeader A cookie header was received [-1]] that contained an invalid cookie. That cookie will be ignored.Note: further occurrences of this error will be logged at DEBUG level.
28-Feb-2023 15:07:15.212 INFO [Thread-13] org.apache.coyote.AbstractProtocol.pause Pausing ProtocolHandler ["http-nio-8090"]
28-Feb-2023 15:07:15.270 INFO [Thread-13] org.apache.coyote.AbstractProtocol.pause Pausing ProtocolHandler ["ajp-nio-8009"]
28-Feb-2023 15:07:15.320 INFO [Thread-13] org.apache.catalina.core.StandardService.stopInternal Stopping service Catalina
28-Feb-2023 15:07:15.369 WARNING [localhost-startStop-2] org.apache.catalina.loader.WebappClassLoaderBase.clearReferencesJdbc The web application [zab] registered the JDBC driver [com.microsoft.sqlserver.jdbc.SQLServerDriver] but failed to unregister it when the web application was stopped. To prevent a memory leak, the JDBC Driver has been forcibly unregistered.
28-Feb-2023 15:07:15.371 WARNING [localhost-startStop-2] org.apache.catalina.loader.WebappClassLoaderBase.clearReferencesThreads The web application [zab] appears to have started a thread named [Background Batch Spiller 0] but has failed to stop it. This is very likely to create a memory leak. Stack trace of thread:
 sun.misc.Unsafe.park(Native Method)
 java.util.concurrent.locks.LockSupport.park(Unknown Source)
 java.util.concurrent.locks.AbstractQueuedSynchronizer$ConditionObject.await(Unknown Source)
 java.util.concurrent.LinkedBlockingQueue.take(Unknown Source)
 com.crystaldecisions12.reports.saveddata.saveddata90.Batch$e.if(SourceFile:1238)
 com.crystaldecisions12.reports.saveddata.saveddata90.Batch$e.a(SourceFile:1252)
 com.crystaldecisions12.reports.saveddata.saveddata90.Batch$e.run(SourceFile:1283)
 java.lang.Thread.run(Unknown Source)
28-Feb-2023 15:07:15.372 WARNING [localhost-startStop-2] org.apache.catalina.loader.WebappClassLoaderBase.clearReferencesThreads The web application [zab] appears to have started a thread named [Background Batch Spiller 1] but has failed to stop it. This is very likely to create a memory leak. Stack trace of thread:
 sun.misc.Unsafe.park(Native Method)
 java.util.concurrent.locks.LockSupport.park(Unknown Source)
 java.util.concurrent.locks.AbstractQueuedSynchronizer$ConditionObject.await(Unknown Source)
 java.util.concurrent.LinkedBlockingQueue.take(Unknown Source)
 com.crystaldecisions12.reports.saveddata.saveddata90.Batch$e.if(SourceFile:1238)
 com.crystaldecisions12.reports.saveddata.saveddata90.Batch$e.a(SourceFile:1252)
 com.crystaldecisions12.reports.saveddata.saveddata90.Batch$e.run(SourceFile:1283)
 java.lang.Thread.run(Unknown Source)
28-Feb-2023 15:07:15.372 WARNING [localhost-startStop-2] org.apache.catalina.loader.WebappClassLoaderBase.clearReferencesThreads The web application [zab] appears to have started a thread named [Background Batch Spiller 2] but has failed to stop it. This is very likely to create a memory leak. Stack trace of thread:
 sun.misc.Unsafe.park(Native Method)
 java.util.concurrent.locks.LockSupport.park(Unknown Source)
 java.util.concurrent.locks.AbstractQueuedSynchronizer$ConditionObject.await(Unknown Source)
 java.util.concurrent.LinkedBlockingQueue.take(Unknown Source)
 com.crystaldecisions12.reports.saveddata.saveddata90.Batch$e.if(SourceFile:1238)
 com.crystaldecisions12.reports.saveddata.saveddata90.Batch$e.a(SourceFile:1252)
 com.crystaldecisions12.reports.saveddata.saveddata90.Batch$e.run(SourceFile:1283)
 java.lang.Thread.run(Unknown Source)
28-Feb-2023 15:07:15.374 WARNING [localhost-startStop-2] org.apache.catalina.loader.WebappClassLoaderBase.clearReferencesThreads The web application [zab] appears to have started a thread named [Thread-9] but has failed to stop it. This is very likely to create a memory leak. Stack trace of thread:
 sun.print.Win32PrintServiceLookup.notifyPrinterChange(Native Method)
 sun.print.Win32PrintServiceLookup.access$100(Unknown Source)
 sun.print.Win32PrintServiceLookup$PrinterChangeListener.run(Unknown Source)
28-Feb-2023 15:07:15.375 WARNING [localhost-startStop-2] org.apache.catalina.loader.WebappClassLoaderBase.clearReferencesThreads The web application [zab] appears to have started a thread named [Background Batch Spiller 0] but has failed to stop it. This is very likely to create a memory leak. Stack trace of thread:
 sun.misc.Unsafe.park(Native Method)
 java.util.concurrent.locks.LockSupport.park(Unknown Source)
 java.util.concurrent.locks.AbstractQueuedSynchronizer$ConditionObject.await(Unknown Source)
 java.util.concurrent.LinkedBlockingQueue.take(Unknown Source)
 com.crystaldecisions.reports.saveddata.saveddata.Batch$d.if(SourceFile:943)
 com.crystaldecisions.reports.saveddata.saveddata.Batch$d.a(SourceFile:957)
 com.crystaldecisions.reports.saveddata.saveddata.Batch$d.run(SourceFile:991)
 java.lang.Thread.run(Unknown Source)
28-Feb-2023 15:07:15.378 SEVERE [localhost-startStop-2] org.apache.catalina.loader.WebappClassLoaderBase.checkThreadLocalMapForLeaks The web application [zab] created a ThreadLocal with key of type [com.crystaldecisions.reports.common.locale.FormatterCache$2] (value [com.crystaldecisions.reports.common.locale.FormatterCache$2@779e4c67]) and a value of type [java.util.HashMap] (value [{en_US=com.ibm.icu.text.DecimalFormat@67500}]) but failed to remove it when the web application was stopped. Threads are going to be renewed over time to try and avoid a probable memory leak.
28-Feb-2023 15:07:15.378 SEVERE [localhost-startStop-2] org.apache.catalina.loader.WebappClassLoaderBase.checkThreadLocalMapForLeaks The web application [zab] created a ThreadLocal with key of type [com.crystaldecisions.reports.common.locale.FormatterCache$1] (value [com.crystaldecisions.reports.common.locale.FormatterCache$1@4ee7da94]) and a value of type [java.util.HashMap] (value [{en_US=com.ibm.icu.text.DecimalFormat@674dc}]) but failed to remove it when the web application was stopped. Threads are going to be renewed over time to try and avoid a probable memory leak.
28-Feb-2023 15:07:15.378 SEVERE [localhost-startStop-2] org.apache.catalina.loader.WebappClassLoaderBase.checkThreadLocalMapForLeaks The web application [zab] created a ThreadLocal with key of type [com.crystaldecisions.reports.exporters.format.page.pdf.dom.j$1] (value [com.crystaldecisions.reports.exporters.format.page.pdf.dom.j$1@2029ad39]) and a value of type [com.crystaldecisions.reports.exporters.format.page.pdf.dom.j] (value [com.crystaldecisions.reports.exporters.format.page.pdf.dom.j@769ba3ff]) but failed to remove it when the web application was stopped. Threads are going to be renewed over time to try and avoid a probable memory leak.
28-Feb-2023 15:07:15.381 SEVERE [localhost-startStop-2] org.apache.catalina.loader.WebappClassLoaderBase.checkThreadLocalMapForLeaks The web application [zab] created a ThreadLocal with key of type [com.crystaldecisions.reports.common.locale.FormatterCache$1] (value [com.crystaldecisions.reports.common.locale.FormatterCache$1@4ee7da94]) and a value of type [java.util.HashMap] (value [{en_US=com.ibm.icu.text.DecimalFormat@674dc}]) but failed to remove it when the web application was stopped. Threads are going to be renewed over time to try and avoid a probable memory leak.
28-Feb-2023 15:07:15.387 SEVERE [localhost-startStop-2] org.apache.catalina.loader.WebappClassLoaderBase.checkThreadLocalMapForLeaks The web application [zab] created a ThreadLocal with key of type [com.crystaldecisions.reports.exporters.format.page.pdf.pdflib.DoubleFormatter$1] (value [com.crystaldecisions.reports.exporters.format.page.pdf.pdflib.DoubleFormatter$1@7b33b9]) and a value of type [java.lang.StringBuilder] (value [921]) but failed to remove it when the web application was stopped. Threads are going to be renewed over time to try and avoid a probable memory leak.
28-Feb-2023 15:07:15.387 SEVERE [localhost-startStop-2] org.apache.catalina.loader.WebappClassLoaderBase.checkThreadLocalMapForLeaks The web application [zab] created a ThreadLocal with key of type [com.crystaldecisions.reports.common.locale.FormatterCache$3] (value [com.crystaldecisions.reports.common.locale.FormatterCache$3@b6fdeb5]) and a value of type [java.util.HashMap] (value [{com.ibm.icu.util.GregorianCalendar[time=1677574856516,areFieldsSet=false,areAllFieldsSet=false,lenient=true,zone=com.ibm.icu.impl.JavaTimeZone@6dcd0e4d,firstDayOfWeek=1,minimalDaysInFirstWeek=4,ERA=0,YEAR=0,MONTH=0,WEEK_OF_YEAR=0,WEEK_OF_MONTH=0,DAY_OF_MONTH=0,DAY_OF_YEAR=0,DAY_OF_WEEK=0,DAY_OF_WEEK_IN_MONTH=0,AM_PM=0,HOUR=0,HOUR_OF_DAY=0,MINUTE=0,SECOND=0,MILLISECOND=0,ZONE_OFFSET=0,DST_OFFSET=0,YEAR_WOY=0,DOW_LOCAL=0,EXTENDED_YEAR=0,JULIAN_DAY=0,MILLISECONDS_IN_DAY=0]={en_US=com.ibm.icu.text.SimpleDateFormat@8629ad2d}, com.ibm.icu.util.GregorianCalendar[time=1677542400000,areFieldsSet=true,areAllFieldsSet=true,lenient=true,zone=com.ibm.icu.impl.JavaTimeZone@1142e,firstDayOfWeek=1,minimalDaysInFirstWeek=4,ERA=1,YEAR=2023,MONTH=1,WEEK_OF_YEAR=9,WEEK_OF_MONTH=5,DAY_OF_MONTH=28,DAY_OF_YEAR=59,DAY_OF_WEEK=3,DAY_OF_WEEK_IN_MONTH=4,AM_PM=0,HOUR=0,HOUR_OF_DAY=0,MINUTE=0,SECOND=0,MILLISECOND=0,ZONE_OFFSET=0,DST_OFFSET=0,YEAR_WOY=2023,DOW_LOCAL=3,EXTENDED_YEAR=2023,JULIAN_DAY=2460004,MILLISECONDS_IN_DAY=0]={en_US=com.ibm.icu.text.SimpleDateFormat@8629ad2d}}]) but failed to remove it when the web application was stopped. Threads are going to be renewed over time to try and avoid a probable memory leak.
28-Feb-2023 15:07:15.389 SEVERE [localhost-startStop-2] org.apache.catalina.loader.WebappClassLoaderBase.checkThreadLocalMapForLeaks The web application [zab] created a ThreadLocal with key of type [com.crystaldecisions.reports.common.filemanagement.DataPump$1] (value [com.crystaldecisions.reports.common.filemanagement.DataPump$1@24985af7]) and a value of type [byte[]] (value [[B@122eab93]) but failed to remove it when the web application was stopped. Threads are going to be renewed over time to try and avoid a probable memory leak.
28-Feb-2023 15:07:15.389 SEVERE [localhost-startStop-2] org.apache.catalina.loader.WebappClassLoaderBase.checkThreadLocalMapForLeaks The web application [zab] created a ThreadLocal with key of type [com.crystaldecisions.reports.common.locale.FormatterCache$5] (value [com.crystaldecisions.reports.common.locale.FormatterCache$5@18b073d7]) and a value of type [java.util.HashMap] (value [{com.ibm.icu.util.GregorianCalendar[time=1677574856656,areFieldsSet=false,areAllFieldsSet=false,lenient=true,zone=com.ibm.icu.impl.JavaTimeZone@6dcd0e4d,firstDayOfWeek=1,minimalDaysInFirstWeek=4,ERA=0,YEAR=0,MONTH=0,WEEK_OF_YEAR=0,WEEK_OF_MONTH=0,DAY_OF_MONTH=0,DAY_OF_YEAR=0,DAY_OF_WEEK=0,DAY_OF_WEEK_IN_MONTH=0,AM_PM=0,HOUR=0,HOUR_OF_DAY=0,MINUTE=0,SECOND=0,MILLISECOND=0,ZONE_OFFSET=0,DST_OFFSET=0,YEAR_WOY=0,DOW_LOCAL=0,EXTENDED_YEAR=0,JULIAN_DAY=0,MILLISECONDS_IN_DAY=0]={en_US=com.ibm.icu.text.SimpleDateFormat@b4dc7db3}, com.ibm.icu.util.GregorianCalendar[time=1677574920553,areFieldsSet=false,areAllFieldsSet=false,lenient=true,zone=com.ibm.icu.impl.JavaTimeZone@6dcd0e4d,firstDayOfWeek=1,minimalDaysInFirstWeek=4,ERA=0,YEAR=0,MONTH=0,WEEK_OF_YEAR=0,WEEK_OF_MONTH=0,DAY_OF_MONTH=0,DAY_OF_YEAR=0,DAY_OF_WEEK=0,DAY_OF_WEEK_IN_MONTH=0,AM_PM=0,HOUR=0,HOUR_OF_DAY=0,MINUTE=0,SECOND=0,MILLISECOND=0,ZONE_OFFSET=0,DST_OFFSET=0,YEAR_WOY=0,DOW_LOCAL=0,EXTENDED_YEAR=0,JULIAN_DAY=0,MILLISECONDS_IN_DAY=0]={en_US=com.ibm.icu.text.SimpleDateFormat@b4dc7db3}}]) but failed to remove it when the web application was stopped. Threads are going to be renewed over time to try and avoid a probable memory leak.
28-Feb-2023 15:07:15.391 SEVERE [localhost-startStop-2] org.apache.catalina.loader.WebappClassLoaderBase.checkThreadLocalMapForLeaks The web application [zab] created a ThreadLocal with key of type [com.crystaldecisions.reports.reportdefinition.FormattedFieldValue$1] (value [com.crystaldecisions.reports.reportdefinition.FormattedFieldValue$1@3f73f8d0]) and a value of type [com.crystaldecisions.reports.reportdefinition.FormattedFieldValue.a] (value [com.crystaldecisions.reports.reportdefinition.FormattedFieldValue$a@727b5150]) but failed to remove it when the web application was stopped. Threads are going to be renewed over time to try and avoid a probable memory leak.
28-Feb-2023 15:07:15.391 SEVERE [localhost-startStop-2] org.apache.catalina.loader.WebappClassLoaderBase.checkThreadLocalMapForLeaks The web application [zab] created a ThreadLocal with key of type [com.crystaldecisions.reports.exporters.format.page.pdf.pdflib.n$1] (value [com.crystaldecisions.reports.exporters.format.page.pdf.pdflib.n$1@5e9b9989]) and a value of type [com.crystaldecisions.reports.exporters.format.page.pdf.pdflib.n] (value [com.crystaldecisions.reports.exporters.format.page.pdf.pdflib.n@2dd07e13]) but failed to remove it when the web application was stopped. Threads are going to be renewed over time to try and avoid a probable memory leak.
28-Feb-2023 15:07:15.393 SEVERE [localhost-startStop-2] org.apache.catalina.loader.WebappClassLoaderBase.checkThreadLocalMapForLeaks The web application [zab] created a ThreadLocal with key of type [com.crystaldecisions.reports.common.locale.FormatterCache$2] (value [com.crystaldecisions.reports.common.locale.FormatterCache$2@779e4c67]) and a value of type [java.util.HashMap] (value [{en_US=com.ibm.icu.text.DecimalFormat@67500}]) but failed to remove it when the web application was stopped. Threads are going to be renewed over time to try and avoid a probable memory leak.
28-Feb-2023 15:07:15.395 SEVERE [localhost-startStop-2] org.apache.catalina.loader.WebappClassLoaderBase.checkThreadLocalMapForLeaks The web application [zab] created a ThreadLocal with key of type [com.crystaldecisions.reports.exporters.format.page.pdf.fontembedding.opentype.reader.OpenTypeReader$2] (value [com.crystaldecisions.reports.exporters.format.page.pdf.fontembedding.opentype.reader.OpenTypeReader$2@779b2a07]) and a value of type [java.util.ArrayList] (value [[]]) but failed to remove it when the web application was stopped. Threads are going to be renewed over time to try and avoid a probable memory leak.
28-Feb-2023 15:07:15.395 SEVERE [localhost-startStop-2] org.apache.catalina.loader.WebappClassLoaderBase.checkThreadLocalMapForLeaks The web application [zab] created a ThreadLocal with key of type [com.crystaldecisions.reports.common.locale.FormatterCache$2] (value [com.crystaldecisions.reports.common.locale.FormatterCache$2@779e4c67]) and a value of type [java.util.HashMap] (value [{en_US=com.ibm.icu.text.DecimalFormat@67500}]) but failed to remove it when the web application was stopped. Threads are going to be renewed over time to try and avoid a probable memory leak.
28-Feb-2023 15:07:15.395 SEVERE [localhost-startStop-2] org.apache.catalina.loader.WebappClassLoaderBase.checkThreadLocalMapForLeaks The web application [zab] created a ThreadLocal with key of type [com.crystaldecisions.reports.common.locale.FormatterCache$1] (value [com.crystaldecisions.reports.common.locale.FormatterCache$1@4ee7da94]) and a value of type [java.util.HashMap] (value [{en_US=com.ibm.icu.text.DecimalFormat@674dc}]) but failed to remove it when the web application was stopped. Threads are going to be renewed over time to try and avoid a probable memory leak.
28-Feb-2023 15:07:15.395 SEVERE [localhost-startStop-2] org.apache.catalina.loader.WebappClassLoaderBase.checkThreadLocalMapForLeaks The web application [zab] created a ThreadLocal with key of type [com.crystaldecisions.reports.common.locale.FormatterCache$2] (value [com.crystaldecisions.reports.common.locale.FormatterCache$2@779e4c67]) and a value of type [java.util.HashMap] (value [{en_US=com.ibm.icu.text.DecimalFormat@67500}]) but failed to remove it when the web application was stopped. Threads are going to be renewed over time to try and avoid a probable memory leak.
28-Feb-2023 15:07:15.395 SEVERE [localhost-startStop-2] org.apache.catalina.loader.WebappClassLoaderBase.checkThreadLocalMapForLeaks The web application [zab] created a ThreadLocal with key of type [com.crystaldecisions.reports.common.locale.FormatterCache$1] (value [com.crystaldecisions.reports.common.locale.FormatterCache$1@4ee7da94]) and a value of type [java.util.HashMap] (value [{en_US=com.ibm.icu.text.DecimalFormat@674dc}]) but failed to remove it when the web application was stopped. Threads are going to be renewed over time to try and avoid a probable memory leak.
28-Feb-2023 15:07:15.408 INFO [Thread-13] org.apache.coyote.AbstractProtocol.stop Stopping ProtocolHandler ["http-nio-8090"]
28-Feb-2023 15:07:15.410 INFO [Thread-13] org.apache.coyote.AbstractProtocol.stop Stopping ProtocolHandler ["ajp-nio-8009"]
28-Feb-2023 15:07:18.773 INFO [main] org.apache.catalina.startup.VersionLoggerListener.log Server version:        Apache Tomcat/9.0.0.M1
28-Feb-2023 15:07:18.773 INFO [main] org.apache.catalina.startup.VersionLoggerListener.log Server built:          Nov 12 2015 22:05:52 UTC
28-Feb-2023 15:07:18.773 INFO [main] org.apache.catalina.startup.VersionLoggerListener.log Server number:         9.0.0.0
28-Feb-2023 15:07:18.773 INFO [main] org.apache.catalina.startup.VersionLoggerListener.log OS Name:               Windows 10
28-Feb-2023 15:07:18.773 INFO [main] org.apache.catalina.startup.VersionLoggerListener.log OS Version:            10.0
28-Feb-2023 15:07:18.773 INFO [main] org.apache.catalina.startup.VersionLoggerListener.log Architecture:          amd64
28-Feb-2023 15:07:18.773 INFO [main] org.apache.catalina.startup.VersionLoggerListener.log Java Home:             C:\Program Files\JAVA\jre1.8.0_92
28-Feb-2023 15:07:18.773 INFO [main] org.apache.catalina.startup.VersionLoggerListener.log JVM Version:           1.8.0_92-b14
28-Feb-2023 15:07:18.773 INFO [main] org.apache.catalina.startup.VersionLoggerListener.log JVM Vendor:            Oracle Corporation
28-Feb-2023 15:07:18.773 INFO [main] org.apache.catalina.startup.VersionLoggerListener.log CATALINA_BASE:         D:\Tomcat
28-Feb-2023 15:07:18.773 INFO [main] org.apache.catalina.startup.VersionLoggerListener.log CATALINA_HOME:         D:\Tomcat
28-Feb-2023 15:07:18.781 INFO [main] org.apache.catalina.startup.VersionLoggerListener.log Command line argument: -Dfile.encoding=UTF8
28-Feb-2023 15:07:18.781 INFO [main] org.apache.catalina.startup.VersionLoggerListener.log Command line argument: -Dcatalina.home=D:\Tomcat
28-Feb-2023 15:07:18.781 INFO [main] org.apache.catalina.startup.VersionLoggerListener.log Command line argument: -Dcatalina.base=D:\Tomcat
28-Feb-2023 15:07:18.781 INFO [main] org.apache.catalina.startup.VersionLoggerListener.log Command line argument: -Djava.io.tmpdir=D:\Tomcat\temp
28-Feb-2023 15:07:18.783 INFO [main] org.apache.catalina.startup.VersionLoggerListener.log Command line argument: -Djava.util.logging.manager=org.apache.juli.ClassLoaderLogManager
28-Feb-2023 15:07:18.783 INFO [main] org.apache.catalina.startup.VersionLoggerListener.log Command line argument: -Djava.util.logging.config.file=D:\Tomcat\conf\logging.properties
28-Feb-2023 15:07:18.783 INFO [main] org.apache.catalina.startup.VersionLoggerListener.log Command line argument: exit
28-Feb-2023 15:07:18.783 INFO [main] org.apache.catalina.startup.VersionLoggerListener.log Command line argument: -Xms128m
28-Feb-2023 15:07:18.783 INFO [main] org.apache.catalina.startup.VersionLoggerListener.log Command line argument: -Xmx256m
28-Feb-2023 15:07:18.783 INFO [main] org.apache.catalina.core.AprLifecycleListener.lifecycleEvent The APR based Apache Tomcat Native library which allows optimal performance in production environments was not found on the java.library.path: D:\Tomcat\bin;C:\WINDOWS\Sun\Java\bin;C:\WINDOWS\system32;C:\WINDOWS;C:\ProgramData\Oracle\Java\javapath;C:\Program Files (x86)\Common Files\Intel\Shared Libraries\redist\intel64\compiler;C:\WINDOWS\system32;C:\WINDOWS;C:\WINDOWS\System32\Wbem;C:\WINDOWS\System32\WindowsPowerShell\v1.0\;C:\WINDOWS\System32\OpenSSH\;C:\Program Files\Git\cmd;C:\Program Files\nodejs\;C:\Program Files\Azure Data Studio\bin;C:\Program Files\Microsoft SQL Server\Client SDK\ODBC\170\Tools\Binn\;C:\Program Files (x86)\Microsoft SQL Server\150\Tools\Binn\;C:\Program Files\Microsoft SQL Server\150\Tools\Binn\;C:\Program Files\Microsoft SQL Server\150\DTS\Binn\;C:\Program Files (x86)\Microsoft SQL Server\150\DTS\Binn\;C:\Users\Wasimul Islam\AppData\Local\Microsoft\WindowsApps;C:\Users\Wasimul Islam\AppData\Local\Programs\Microsoft VS Code\bin;C:\Users\Wasimul Islam\AppData\Roaming\npm;C:\source\flutter\bin;;.
28-Feb-2023 15:07:18.971 INFO [main] org.apache.coyote.AbstractProtocol.init Initializing ProtocolHandler ["http-nio-8090"]
28-Feb-2023 15:07:19.059 INFO [main] org.apache.tomcat.util.net.NioSelectorPool.getSharedSelector Using a shared selector for servlet write/read
28-Feb-2023 15:07:19.067 INFO [main] org.apache.coyote.AbstractProtocol.init Initializing ProtocolHandler ["ajp-nio-8009"]
28-Feb-2023 15:07:19.069 INFO [main] org.apache.tomcat.util.net.NioSelectorPool.getSharedSelector Using a shared selector for servlet write/read
28-Feb-2023 15:07:19.071 INFO [main] org.apache.catalina.startup.Catalina.load Initialization processed in 717 ms
28-Feb-2023 15:07:19.100 INFO [main] org.apache.catalina.core.StandardService.startInternal Starting service Catalina
28-Feb-2023 15:07:19.100 INFO [main] org.apache.catalina.core.StandardEngine.startInternal Starting Servlet Engine: Apache Tomcat/9.0.0.M1
28-Feb-2023 15:07:19.117 INFO [localhost-startStop-1] org.apache.catalina.startup.HostConfig.deployDirectory Deploying web application directory D:\Tomcat\webapps\zab
28-Feb-2023 15:07:24.500 INFO [localhost-startStop-1] org.apache.jasper.servlet.TldScanner.scanJars At least one JAR was scanned for TLDs yet contained no TLDs. Enable debug logging for this logger for a complete list of JARs that were scanned but no TLDs were found in them. Skipping unneeded JARs during scanning can improve startup time and JSP compilation time.
28-Feb-2023 15:07:24.826 INFO [localhost-startStop-1] org.apache.catalina.util.SessionIdGeneratorBase.createSecureRandom Creation of SecureRandom instance for session ID generation using [SHA1PRNG] took [248] milliseconds.
28-Feb-2023 15:07:25.828 INFO [localhost-startStop-1] org.apache.catalina.startup.HostConfig.deployDirectory Deployment of web application directory D:\Tomcat\webapps\zab has finished in 6,711 ms
28-Feb-2023 15:07:25.832 INFO [main] org.apache.coyote.AbstractProtocol.start Starting ProtocolHandler [http-nio-8090]
28-Feb-2023 15:07:25.839 INFO [main] org.apache.coyote.AbstractProtocol.start Starting ProtocolHandler [ajp-nio-8009]
28-Feb-2023 15:07:25.843 INFO [main] org.apache.catalina.startup.Catalina.start Server startup in 6772 ms
28-Feb-2023 15:07:25.956 INFO [http-nio-8090-exec-1] org.apache.tomcat.util.http.parser.Cookie.logInvalidHeader A cookie header was received [-1]] that contained an invalid cookie. That cookie will be ignored.Note: further occurrences of this error will be logged at DEBUG level.
