23-Aug-2022 09:06:24.162 INFO [Thread-11] org.apache.coyote.AbstractProtocol.pause Pausing ProtocolHandler ["http-nio-8090"]
23-Aug-2022 09:06:24.228 INFO [Thread-11] org.apache.coyote.AbstractProtocol.pause Pausing ProtocolHandler ["ajp-nio-8009"]
23-Aug-2022 09:06:24.289 INFO [Thread-11] org.apache.catalina.core.StandardService.stopInternal Stopping service Catalina
23-Aug-2022 09:06:24.302 WARNING [localhost-startStop-2] org.apache.catalina.loader.WebappClassLoaderBase.clearReferencesJdbc The web application [zab] registered the JDBC driver [com.microsoft.sqlserver.jdbc.SQLServerDriver] but failed to unregister it when the web application was stopped. To prevent a memory leak, the JDBC Driver has been forcibly unregistered.
23-Aug-2022 09:06:24.303 WARNING [localhost-startStop-2] org.apache.catalina.loader.WebappClassLoaderBase.clearReferencesThreads The web application [zab] appears to have started a thread named [Thread-6] but has failed to stop it. This is very likely to create a memory leak. Stack trace of thread:
 sun.print.Win32PrintServiceLookup.notifyPrinterChange(Native Method)
 sun.print.Win32PrintServiceLookup.access$100(Unknown Source)
 sun.print.Win32PrintServiceLookup$PrinterChangeListener.run(Unknown Source)
23-Aug-2022 09:06:24.304 WARNING [localhost-startStop-2] org.apache.catalina.loader.WebappClassLoaderBase.clearReferencesThreads The web application [zab] appears to have started a thread named [Background Batch Spiller 0] but has failed to stop it. This is very likely to create a memory leak. Stack trace of thread:
 sun.misc.Unsafe.park(Native Method)
 java.util.concurrent.locks.LockSupport.park(Unknown Source)
 java.util.concurrent.locks.AbstractQueuedSynchronizer$ConditionObject.await(Unknown Source)
 java.util.concurrent.LinkedBlockingQueue.take(Unknown Source)
 com.crystaldecisions.reports.saveddata.saveddata.Batch$d.if(SourceFile:943)
 com.crystaldecisions.reports.saveddata.saveddata.Batch$d.a(SourceFile:957)
 com.crystaldecisions.reports.saveddata.saveddata.Batch$d.run(SourceFile:991)
 java.lang.Thread.run(Unknown Source)
23-Aug-2022 09:06:24.304 WARNING [localhost-startStop-2] org.apache.catalina.loader.WebappClassLoaderBase.clearReferencesThreads The web application [zab] appears to have started a thread named [Background Batch Spiller 1] but has failed to stop it. This is very likely to create a memory leak. Stack trace of thread:
 sun.misc.Unsafe.park(Native Method)
 java.util.concurrent.locks.LockSupport.park(Unknown Source)
 java.util.concurrent.locks.AbstractQueuedSynchronizer$ConditionObject.await(Unknown Source)
 java.util.concurrent.LinkedBlockingQueue.take(Unknown Source)
 com.crystaldecisions.reports.saveddata.saveddata.Batch$d.if(SourceFile:943)
 com.crystaldecisions.reports.saveddata.saveddata.Batch$d.a(SourceFile:957)
 com.crystaldecisions.reports.saveddata.saveddata.Batch$d.run(SourceFile:991)
 java.lang.Thread.run(Unknown Source)
23-Aug-2022 09:06:24.306 WARNING [localhost-startStop-2] org.apache.catalina.loader.WebappClassLoaderBase.clearReferencesThreads The web application [zab] appears to have started a thread named [Background Batch Spiller 2] but has failed to stop it. This is very likely to create a memory leak. Stack trace of thread:
 sun.misc.Unsafe.park(Native Method)
 java.util.concurrent.locks.LockSupport.park(Unknown Source)
 java.util.concurrent.locks.AbstractQueuedSynchronizer$ConditionObject.await(Unknown Source)
 java.util.concurrent.LinkedBlockingQueue.take(Unknown Source)
 com.crystaldecisions.reports.saveddata.saveddata.Batch$d.if(SourceFile:943)
 com.crystaldecisions.reports.saveddata.saveddata.Batch$d.a(SourceFile:957)
 com.crystaldecisions.reports.saveddata.saveddata.Batch$d.run(SourceFile:991)
 java.lang.Thread.run(Unknown Source)
23-Aug-2022 09:06:24.310 SEVERE [localhost-startStop-2] org.apache.catalina.loader.WebappClassLoaderBase.checkThreadLocalMapForLeaks The web application [zab] created a ThreadLocal with key of type [com.crystaldecisions.reports.reportdefinition.FormattedFieldValue$1] (value [com.crystaldecisions.reports.reportdefinition.FormattedFieldValue$1@41ee4bdf]) and a value of type [com.crystaldecisions.reports.reportdefinition.FormattedFieldValue.a] (value [com.crystaldecisions.reports.reportdefinition.FormattedFieldValue$a@10a8e154]) but failed to remove it when the web application was stopped. Threads are going to be renewed over time to try and avoid a probable memory leak.
23-Aug-2022 09:06:24.311 SEVERE [localhost-startStop-2] org.apache.catalina.loader.WebappClassLoaderBase.checkThreadLocalMapForLeaks The web application [zab] created a ThreadLocal with key of type [com.crystaldecisions.reports.exporters.format.page.pdf.dom.j$1] (value [com.crystaldecisions.reports.exporters.format.page.pdf.dom.j$1@2750cb99]) and a value of type [com.crystaldecisions.reports.exporters.format.page.pdf.dom.j] (value [com.crystaldecisions.reports.exporters.format.page.pdf.dom.j@320ae358]) but failed to remove it when the web application was stopped. Threads are going to be renewed over time to try and avoid a probable memory leak.
23-Aug-2022 09:06:24.311 SEVERE [localhost-startStop-2] org.apache.catalina.loader.WebappClassLoaderBase.checkThreadLocalMapForLeaks The web application [zab] created a ThreadLocal with key of type [com.crystaldecisions.reports.common.locale.FormatterCache$1] (value [com.crystaldecisions.reports.common.locale.FormatterCache$1@53577f25]) and a value of type [java.util.HashMap] (value [{en_US=com.ibm.icu.text.DecimalFormat@674dc}]) but failed to remove it when the web application was stopped. Threads are going to be renewed over time to try and avoid a probable memory leak.
23-Aug-2022 09:06:24.311 SEVERE [localhost-startStop-2] org.apache.catalina.loader.WebappClassLoaderBase.checkThreadLocalMapForLeaks The web application [zab] created a ThreadLocal with key of type [com.crystaldecisions.reports.exporters.format.page.pdf.pdflib.n$1] (value [com.crystaldecisions.reports.exporters.format.page.pdf.pdflib.n$1@3d4aa1a9]) and a value of type [com.crystaldecisions.reports.exporters.format.page.pdf.pdflib.n] (value [com.crystaldecisions.reports.exporters.format.page.pdf.pdflib.n@795e9537]) but failed to remove it when the web application was stopped. Threads are going to be renewed over time to try and avoid a probable memory leak.
23-Aug-2022 09:06:24.312 SEVERE [localhost-startStop-2] org.apache.catalina.loader.WebappClassLoaderBase.checkThreadLocalMapForLeaks The web application [zab] created a ThreadLocal with key of type [com.crystaldecisions.reports.common.locale.FormatterCache$2] (value [com.crystaldecisions.reports.common.locale.FormatterCache$2@59be550]) and a value of type [java.util.HashMap] (value [{en_US=com.ibm.icu.text.DecimalFormat@67500}]) but failed to remove it when the web application was stopped. Threads are going to be renewed over time to try and avoid a probable memory leak.
23-Aug-2022 09:06:24.312 SEVERE [localhost-startStop-2] org.apache.catalina.loader.WebappClassLoaderBase.checkThreadLocalMapForLeaks The web application [zab] created a ThreadLocal with key of type [com.crystaldecisions.reports.exporters.format.page.pdf.pdflib.DoubleFormatter$1] (value [com.crystaldecisions.reports.exporters.format.page.pdf.pdflib.DoubleFormatter$1@27503da2]) and a value of type [java.lang.StringBuilder] (value [921]) but failed to remove it when the web application was stopped. Threads are going to be renewed over time to try and avoid a probable memory leak.
23-Aug-2022 09:06:24.313 SEVERE [localhost-startStop-2] org.apache.catalina.loader.WebappClassLoaderBase.checkThreadLocalMapForLeaks The web application [zab] created a ThreadLocal with key of type [com.crystaldecisions.reports.common.locale.FormatterCache$3] (value [com.crystaldecisions.reports.common.locale.FormatterCache$3@79211df0]) and a value of type [java.util.HashMap] (value [{com.ibm.icu.util.GregorianCalendar[time=1660993871045,areFieldsSet=false,areAllFieldsSet=false,lenient=true,zone=com.ibm.icu.impl.JavaTimeZone@6dcd0e4d,firstDayOfWeek=1,minimalDaysInFirstWeek=4,ERA=0,YEAR=0,MONTH=0,WEEK_OF_YEAR=0,WEEK_OF_MONTH=0,DAY_OF_MONTH=0,DAY_OF_YEAR=0,DAY_OF_WEEK=0,DAY_OF_WEEK_IN_MONTH=0,AM_PM=0,HOUR=0,HOUR_OF_DAY=0,MINUTE=0,SECOND=0,MILLISECOND=0,ZONE_OFFSET=0,DST_OFFSET=0,YEAR_WOY=0,DOW_LOCAL=0,EXTENDED_YEAR=0,JULIAN_DAY=0,MILLISECONDS_IN_DAY=0]={en_US=com.ibm.icu.text.SimpleDateFormat@8629ad2d}, com.ibm.icu.util.GregorianCalendar[time=1660780800000,areFieldsSet=true,areAllFieldsSet=true,lenient=true,zone=com.ibm.icu.impl.JavaTimeZone@1142e,firstDayOfWeek=1,minimalDaysInFirstWeek=4,ERA=1,YEAR=2022,MONTH=7,WEEK_OF_YEAR=33,WEEK_OF_MONTH=3,DAY_OF_MONTH=18,DAY_OF_YEAR=230,DAY_OF_WEEK=5,DAY_OF_WEEK_IN_MONTH=3,AM_PM=0,HOUR=0,HOUR_OF_DAY=0,MINUTE=0,SECOND=0,MILLISECOND=0,ZONE_OFFSET=0,DST_OFFSET=0,YEAR_WOY=2022,DOW_LOCAL=5,EXTENDED_YEAR=2022,JULIAN_DAY=2459810,MILLISECONDS_IN_DAY=0]={en_US=com.ibm.icu.text.SimpleDateFormat@8629ad2d}, com.ibm.icu.util.GregorianCalendar[time=1660953600000,areFieldsSet=true,areAllFieldsSet=true,lenient=true,zone=com.ibm.icu.impl.JavaTimeZone@1142e,firstDayOfWeek=1,minimalDaysInFirstWeek=4,ERA=1,YEAR=2022,MONTH=7,WEEK_OF_YEAR=33,WEEK_OF_MONTH=3,DAY_OF_MONTH=20,DAY_OF_YEAR=232,DAY_OF_WEEK=7,DAY_OF_WEEK_IN_MONTH=3,AM_PM=0,HOUR=0,HOUR_OF_DAY=0,MINUTE=0,SECOND=0,MILLISECOND=0,ZONE_OFFSET=0,DST_OFFSET=0,YEAR_WOY=2022,DOW_LOCAL=7,EXTENDED_YEAR=2022,JULIAN_DAY=2459812,MILLISECONDS_IN_DAY=0]={en_US=com.ibm.icu.text.SimpleDateFormat@8629ad2d}}]) but failed to remove it when the web application was stopped. Threads are going to be renewed over time to try and avoid a probable memory leak.
23-Aug-2022 09:06:24.314 SEVERE [localhost-startStop-2] org.apache.catalina.loader.WebappClassLoaderBase.checkThreadLocalMapForLeaks The web application [zab] created a ThreadLocal with key of type [com.crystaldecisions.reports.common.filemanagement.DataPump$1] (value [com.crystaldecisions.reports.common.filemanagement.DataPump$1@3804f1f]) and a value of type [byte[]] (value [[B@f56b124]) but failed to remove it when the web application was stopped. Threads are going to be renewed over time to try and avoid a probable memory leak.
23-Aug-2022 09:06:24.315 SEVERE [localhost-startStop-2] org.apache.catalina.loader.WebappClassLoaderBase.checkThreadLocalMapForLeaks The web application [zab] created a ThreadLocal with key of type [com.crystaldecisions.reports.exporters.format.page.pdf.fontembedding.opentype.reader.OpenTypeReader$2] (value [com.crystaldecisions.reports.exporters.format.page.pdf.fontembedding.opentype.reader.OpenTypeReader$2@6e29ef9f]) and a value of type [java.util.ArrayList] (value [[]]) but failed to remove it when the web application was stopped. Threads are going to be renewed over time to try and avoid a probable memory leak.
23-Aug-2022 09:06:24.316 SEVERE [localhost-startStop-2] org.apache.catalina.loader.WebappClassLoaderBase.checkThreadLocalMapForLeaks The web application [zab] created a ThreadLocal with key of type [com.crystaldecisions.reports.common.locale.FormatterCache$5] (value [com.crystaldecisions.reports.common.locale.FormatterCache$5@4c07829]) and a value of type [java.util.HashMap] (value [{com.ibm.icu.util.GregorianCalendar[time=1660993871195,areFieldsSet=false,areAllFieldsSet=false,lenient=true,zone=com.ibm.icu.impl.JavaTimeZone@6dcd0e4d,firstDayOfWeek=1,minimalDaysInFirstWeek=4,ERA=0,YEAR=0,MONTH=0,WEEK_OF_YEAR=0,WEEK_OF_MONTH=0,DAY_OF_MONTH=0,DAY_OF_YEAR=0,DAY_OF_WEEK=0,DAY_OF_WEEK_IN_MONTH=0,AM_PM=0,HOUR=0,HOUR_OF_DAY=0,MINUTE=0,SECOND=0,MILLISECOND=0,ZONE_OFFSET=0,DST_OFFSET=0,YEAR_WOY=0,DOW_LOCAL=0,EXTENDED_YEAR=0,JULIAN_DAY=0,MILLISECONDS_IN_DAY=0]={en_US=com.ibm.icu.text.SimpleDateFormat@b4dc7db3}, com.ibm.icu.util.GregorianCalendar[time=1660993883015,areFieldsSet=false,areAllFieldsSet=false,lenient=true,zone=com.ibm.icu.impl.JavaTimeZone@6dcd0e4d,firstDayOfWeek=1,minimalDaysInFirstWeek=4,ERA=0,YEAR=0,MONTH=0,WEEK_OF_YEAR=0,WEEK_OF_MONTH=0,DAY_OF_MONTH=0,DAY_OF_YEAR=0,DAY_OF_WEEK=0,DAY_OF_WEEK_IN_MONTH=0,AM_PM=0,HOUR=0,HOUR_OF_DAY=0,MINUTE=0,SECOND=0,MILLISECOND=0,ZONE_OFFSET=0,DST_OFFSET=0,YEAR_WOY=0,DOW_LOCAL=0,EXTENDED_YEAR=0,JULIAN_DAY=0,MILLISECONDS_IN_DAY=0]={en_US=com.ibm.icu.text.SimpleDateFormat@b4dc7db3}}]) but failed to remove it when the web application was stopped. Threads are going to be renewed over time to try and avoid a probable memory leak.
23-Aug-2022 09:06:24.325 INFO [Thread-11] org.apache.coyote.AbstractProtocol.stop Stopping ProtocolHandler ["http-nio-8090"]
23-Aug-2022 09:06:24.327 INFO [Thread-11] org.apache.coyote.AbstractProtocol.stop Stopping ProtocolHandler ["ajp-nio-8009"]
23-Aug-2022 09:06:28.816 INFO [main] org.apache.catalina.startup.VersionLoggerListener.log Server version:        Apache Tomcat/9.0.0.M1
23-Aug-2022 09:06:28.816 INFO [main] org.apache.catalina.startup.VersionLoggerListener.log Server built:          Nov 12 2015 22:05:52 UTC
23-Aug-2022 09:06:28.817 INFO [main] org.apache.catalina.startup.VersionLoggerListener.log Server number:         9.0.0.0
23-Aug-2022 09:06:28.817 INFO [main] org.apache.catalina.startup.VersionLoggerListener.log OS Name:               Windows 10
23-Aug-2022 09:06:28.817 INFO [main] org.apache.catalina.startup.VersionLoggerListener.log OS Version:            10.0
23-Aug-2022 09:06:28.817 INFO [main] org.apache.catalina.startup.VersionLoggerListener.log Architecture:          amd64
23-Aug-2022 09:06:28.817 INFO [main] org.apache.catalina.startup.VersionLoggerListener.log Java Home:             C:\Program Files\JAVA\jre1.8.0_92
23-Aug-2022 09:06:28.818 INFO [main] org.apache.catalina.startup.VersionLoggerListener.log JVM Version:           1.8.0_92-b14
23-Aug-2022 09:06:28.818 INFO [main] org.apache.catalina.startup.VersionLoggerListener.log JVM Vendor:            Oracle Corporation
23-Aug-2022 09:06:28.818 INFO [main] org.apache.catalina.startup.VersionLoggerListener.log CATALINA_BASE:         D:\Tomcat
23-Aug-2022 09:06:28.818 INFO [main] org.apache.catalina.startup.VersionLoggerListener.log CATALINA_HOME:         D:\Tomcat
23-Aug-2022 09:06:28.818 INFO [main] org.apache.catalina.startup.VersionLoggerListener.log Command line argument: -Dcatalina.home=D:\Tomcat
23-Aug-2022 09:06:28.818 INFO [main] org.apache.catalina.startup.VersionLoggerListener.log Command line argument: -Dcatalina.base=D:\Tomcat
23-Aug-2022 09:06:28.819 INFO [main] org.apache.catalina.startup.VersionLoggerListener.log Command line argument: -Djava.io.tmpdir=D:\Tomcat\temp
23-Aug-2022 09:06:28.819 INFO [main] org.apache.catalina.startup.VersionLoggerListener.log Command line argument: -Djava.util.logging.manager=org.apache.juli.ClassLoaderLogManager
23-Aug-2022 09:06:28.819 INFO [main] org.apache.catalina.startup.VersionLoggerListener.log Command line argument: -Djava.util.logging.config.file=D:\Tomcat\conf\logging.properties
23-Aug-2022 09:06:28.819 INFO [main] org.apache.catalina.startup.VersionLoggerListener.log Command line argument: exit
23-Aug-2022 09:06:28.820 INFO [main] org.apache.catalina.startup.VersionLoggerListener.log Command line argument: -Xms128m
23-Aug-2022 09:06:28.822 INFO [main] org.apache.catalina.startup.VersionLoggerListener.log Command line argument: -Xmx256m
23-Aug-2022 09:06:28.823 INFO [main] org.apache.catalina.core.AprLifecycleListener.lifecycleEvent The APR based Apache Tomcat Native library which allows optimal performance in production environments was not found on the java.library.path: D:\Tomcat\bin;C:\Windows\Sun\Java\bin;C:\Windows\system32;C:\Windows;C:\ProgramData\Oracle\Java\javapath;C:\Program Files (x86)\Common Files\Intel\Shared Libraries\redist\intel64\compiler;C:\Windows\system32;C:\Windows;C:\Windows\System32\Wbem;C:\Windows\System32\WindowsPowerShell\v1.0\;C:\Windows\System32\OpenSSH\;C:\Program Files\Git\cmd;C:\Program Files\nodejs\;C:\Program Files (x86)\Microsoft SQL Server\110\Tools\Binn\;C:\Program Files\Microsoft SQL Server\110\Tools\Binn\;C:\Program Files\Microsoft SQL Server\110\DTS\Binn\;C:\Program Files (x86)\Microsoft SQL Server\110\Tools\Binn\ManagementStudio\;C:\Program Files (x86)\Microsoft SQL Server\110\DTS\Binn\;C:\Users\Wasimul Islam\AppData\Local\Microsoft\WindowsApps;C:\Users\Wasimul Islam\AppData\Local\Programs\Microsoft VS Code\bin;C:\Users\Wasimul Islam\AppData\Roaming\npm;C:\source\flutter\bin;.
23-Aug-2022 09:06:28.924 INFO [main] org.apache.coyote.AbstractProtocol.init Initializing ProtocolHandler ["http-nio-8090"]
23-Aug-2022 09:06:29.000 INFO [main] org.apache.tomcat.util.net.NioSelectorPool.getSharedSelector Using a shared selector for servlet write/read
23-Aug-2022 09:06:29.002 INFO [main] org.apache.coyote.AbstractProtocol.init Initializing ProtocolHandler ["ajp-nio-8009"]
23-Aug-2022 09:06:29.005 INFO [main] org.apache.tomcat.util.net.NioSelectorPool.getSharedSelector Using a shared selector for servlet write/read
23-Aug-2022 09:06:29.005 INFO [main] org.apache.catalina.startup.Catalina.load Initialization processed in 443 ms
23-Aug-2022 09:06:29.029 INFO [main] org.apache.catalina.core.StandardService.startInternal Starting service Catalina
23-Aug-2022 09:06:29.029 INFO [main] org.apache.catalina.core.StandardEngine.startInternal Starting Servlet Engine: Apache Tomcat/9.0.0.M1
23-Aug-2022 09:06:29.039 INFO [localhost-startStop-1] org.apache.catalina.startup.HostConfig.deployDirectory Deploying web application directory D:\Tomcat\webapps\zab
23-Aug-2022 09:06:32.452 INFO [localhost-startStop-1] org.apache.jasper.servlet.TldScanner.scanJars At least one JAR was scanned for TLDs yet contained no TLDs. Enable debug logging for this logger for a complete list of JARs that were scanned but no TLDs were found in them. Skipping unneeded JARs during scanning can improve startup time and JSP compilation time.
23-Aug-2022 09:06:32.668 INFO [localhost-startStop-1] org.apache.catalina.util.SessionIdGeneratorBase.createSecureRandom Creation of SecureRandom instance for session ID generation using [SHA1PRNG] took [160] milliseconds.
23-Aug-2022 09:06:33.508 INFO [localhost-startStop-1] org.apache.catalina.startup.HostConfig.deployDirectory Deployment of web application directory D:\Tomcat\webapps\zab has finished in 4,469 ms
23-Aug-2022 09:06:33.511 INFO [main] org.apache.coyote.AbstractProtocol.start Starting ProtocolHandler [http-nio-8090]
23-Aug-2022 09:06:33.517 INFO [main] org.apache.coyote.AbstractProtocol.start Starting ProtocolHandler [ajp-nio-8009]
23-Aug-2022 09:06:33.519 INFO [main] org.apache.catalina.startup.Catalina.start Server startup in 4513 ms
23-Aug-2022 09:07:45.129 INFO [http-nio-8090-exec-1] org.apache.tomcat.util.http.parser.Cookie.logInvalidHeader A cookie header was received [-1]] that contained an invalid cookie. That cookie will be ignored.Note: further occurrences of this error will be logged at DEBUG level.
