01-Nov-2022 09:32:23.906 INFO [main] org.apache.catalina.startup.VersionLoggerListener.log Server version:        Apache Tomcat/9.0.0.M1
01-Nov-2022 09:32:23.906 INFO [main] org.apache.catalina.startup.VersionLoggerListener.log Server built:          Nov 12 2015 22:05:52 UTC
01-Nov-2022 09:32:23.906 INFO [main] org.apache.catalina.startup.VersionLoggerListener.log Server number:         9.0.0.0
01-Nov-2022 09:32:23.906 INFO [main] org.apache.catalina.startup.VersionLoggerListener.log OS Name:               Windows 10
01-Nov-2022 09:32:23.906 INFO [main] org.apache.catalina.startup.VersionLoggerListener.log OS Version:            10.0
01-Nov-2022 09:32:23.906 INFO [main] org.apache.catalina.startup.VersionLoggerListener.log Architecture:          amd64
01-Nov-2022 09:32:23.906 INFO [main] org.apache.catalina.startup.VersionLoggerListener.log Java Home:             C:\Program Files\JAVA\jre1.8.0_92
01-Nov-2022 09:32:23.906 INFO [main] org.apache.catalina.startup.VersionLoggerListener.log JVM Version:           1.8.0_92-b14
01-Nov-2022 09:32:23.906 INFO [main] org.apache.catalina.startup.VersionLoggerListener.log JVM Vendor:            Oracle Corporation
01-Nov-2022 09:32:23.906 INFO [main] org.apache.catalina.startup.VersionLoggerListener.log CATALINA_BASE:         D:\Tomcat
01-Nov-2022 09:32:23.906 INFO [main] org.apache.catalina.startup.VersionLoggerListener.log CATALINA_HOME:         D:\Tomcat
01-Nov-2022 09:32:23.906 INFO [main] org.apache.catalina.startup.VersionLoggerListener.log Command line argument: -Dcatalina.home=D:\Tomcat
01-Nov-2022 09:32:23.906 INFO [main] org.apache.catalina.startup.VersionLoggerListener.log Command line argument: -Dcatalina.base=D:\Tomcat
01-Nov-2022 09:32:23.906 INFO [main] org.apache.catalina.startup.VersionLoggerListener.log Command line argument: -Djava.io.tmpdir=D:\Tomcat\temp
01-Nov-2022 09:32:23.906 INFO [main] org.apache.catalina.startup.VersionLoggerListener.log Command line argument: -Djava.util.logging.manager=org.apache.juli.ClassLoaderLogManager
01-Nov-2022 09:32:23.906 INFO [main] org.apache.catalina.startup.VersionLoggerListener.log Command line argument: -Djava.util.logging.config.file=D:\Tomcat\conf\logging.properties
01-Nov-2022 09:32:23.906 INFO [main] org.apache.catalina.startup.VersionLoggerListener.log Command line argument: exit
01-Nov-2022 09:32:23.906 INFO [main] org.apache.catalina.startup.VersionLoggerListener.log Command line argument: -Xms128m
01-Nov-2022 09:32:23.906 INFO [main] org.apache.catalina.startup.VersionLoggerListener.log Command line argument: -Xmx256m
01-Nov-2022 09:32:23.921 INFO [main] org.apache.catalina.core.AprLifecycleListener.lifecycleEvent The APR based Apache Tomcat Native library which allows optimal performance in production environments was not found on the java.library.path: D:\Tomcat\bin;C:\Windows\Sun\Java\bin;C:\Windows\system32;C:\Windows;C:\ProgramData\Oracle\Java\javapath;C:\Program Files (x86)\Common Files\Intel\Shared Libraries\redist\intel64\compiler;C:\Windows\system32;C:\Windows;C:\Windows\System32\Wbem;C:\Windows\System32\WindowsPowerShell\v1.0\;C:\Windows\System32\OpenSSH\;C:\Program Files\Git\cmd;C:\Program Files\nodejs\;C:\Program Files\Azure Data Studio\bin;C:\Program Files\Microsoft SQL Server\Client SDK\ODBC\170\Tools\Binn\;C:\Program Files (x86)\Microsoft SQL Server\150\Tools\Binn\;C:\Program Files\Microsoft SQL Server\150\Tools\Binn\;C:\Program Files\Microsoft SQL Server\150\DTS\Binn\;C:\Program Files (x86)\Microsoft SQL Server\150\DTS\Binn\;C:\Windows\system32\config\systemprofile\AppData\Local\Microsoft\WindowsApps;.
01-Nov-2022 09:32:24.298 INFO [main] org.apache.coyote.AbstractProtocol.init Initializing ProtocolHandler ["http-nio-8090"]
01-Nov-2022 09:32:24.487 INFO [main] org.apache.tomcat.util.net.NioSelectorPool.getSharedSelector Using a shared selector for servlet write/read
01-Nov-2022 09:32:24.503 INFO [main] org.apache.coyote.AbstractProtocol.init Initializing ProtocolHandler ["ajp-nio-8009"]
01-Nov-2022 09:32:24.503 INFO [main] org.apache.tomcat.util.net.NioSelectorPool.getSharedSelector Using a shared selector for servlet write/read
01-Nov-2022 09:32:24.503 INFO [main] org.apache.catalina.startup.Catalina.load Initialization processed in 1309 ms
01-Nov-2022 09:32:24.549 INFO [main] org.apache.catalina.core.StandardService.startInternal Starting service Catalina
01-Nov-2022 09:32:24.549 INFO [main] org.apache.catalina.core.StandardEngine.startInternal Starting Servlet Engine: Apache Tomcat/9.0.0.M1
01-Nov-2022 09:32:24.612 INFO [localhost-startStop-1] org.apache.catalina.startup.HostConfig.deployDirectory Deploying web application directory D:\Tomcat\webapps\zab
01-Nov-2022 09:32:31.861 INFO [localhost-startStop-1] org.apache.jasper.servlet.TldScanner.scanJars At least one JAR was scanned for TLDs yet contained no TLDs. Enable debug logging for this logger for a complete list of JARs that were scanned but no TLDs were found in them. Skipping unneeded JARs during scanning can improve startup time and JSP compilation time.
01-Nov-2022 09:32:32.065 INFO [localhost-startStop-1] org.apache.catalina.util.SessionIdGeneratorBase.createSecureRandom Creation of SecureRandom instance for session ID generation using [SHA1PRNG] took [126] milliseconds.
01-Nov-2022 09:32:33.321 INFO [localhost-startStop-1] org.apache.catalina.startup.HostConfig.deployDirectory Deployment of web application directory D:\Tomcat\webapps\zab has finished in 8,709 ms
01-Nov-2022 09:32:33.321 INFO [main] org.apache.coyote.AbstractProtocol.start Starting ProtocolHandler [http-nio-8090]
01-Nov-2022 09:32:33.321 INFO [main] org.apache.coyote.AbstractProtocol.start Starting ProtocolHandler [ajp-nio-8009]
01-Nov-2022 09:32:33.336 INFO [main] org.apache.catalina.startup.Catalina.start Server startup in 8825 ms
01-Nov-2022 13:27:59.846 INFO [Thread-6] org.apache.coyote.AbstractProtocol.pause Pausing ProtocolHandler ["http-nio-8090"]
01-Nov-2022 13:27:59.912 INFO [Thread-6] org.apache.coyote.AbstractProtocol.pause Pausing ProtocolHandler ["ajp-nio-8009"]
01-Nov-2022 13:27:59.974 INFO [Thread-6] org.apache.catalina.core.StandardService.stopInternal Stopping service Catalina
01-Nov-2022 13:28:00.024 WARNING [localhost-startStop-2] org.apache.catalina.loader.WebappClassLoaderBase.clearReferencesJdbc The web application [zab] registered the JDBC driver [com.microsoft.sqlserver.jdbc.SQLServerDriver] but failed to unregister it when the web application was stopped. To prevent a memory leak, the JDBC Driver has been forcibly unregistered.
01-Nov-2022 13:28:00.123 INFO [Thread-6] org.apache.coyote.AbstractProtocol.stop Stopping ProtocolHandler ["http-nio-8090"]
01-Nov-2022 13:28:00.126 INFO [Thread-6] org.apache.coyote.AbstractProtocol.stop Stopping ProtocolHandler ["ajp-nio-8009"]
01-Nov-2022 15:44:13.405 INFO [main] org.apache.catalina.startup.VersionLoggerListener.log Server version:        Apache Tomcat/9.0.0.M1
01-Nov-2022 15:44:13.407 INFO [main] org.apache.catalina.startup.VersionLoggerListener.log Server built:          Nov 12 2015 22:05:52 UTC
01-Nov-2022 15:44:13.407 INFO [main] org.apache.catalina.startup.VersionLoggerListener.log Server number:         9.0.0.0
01-Nov-2022 15:44:13.407 INFO [main] org.apache.catalina.startup.VersionLoggerListener.log OS Name:               Windows 10
01-Nov-2022 15:44:13.407 INFO [main] org.apache.catalina.startup.VersionLoggerListener.log OS Version:            10.0
01-Nov-2022 15:44:13.407 INFO [main] org.apache.catalina.startup.VersionLoggerListener.log Architecture:          amd64
01-Nov-2022 15:44:13.407 INFO [main] org.apache.catalina.startup.VersionLoggerListener.log Java Home:             C:\Program Files\JAVA\jre1.8.0_92
01-Nov-2022 15:44:13.407 INFO [main] org.apache.catalina.startup.VersionLoggerListener.log JVM Version:           1.8.0_92-b14
01-Nov-2022 15:44:13.407 INFO [main] org.apache.catalina.startup.VersionLoggerListener.log JVM Vendor:            Oracle Corporation
01-Nov-2022 15:44:13.407 INFO [main] org.apache.catalina.startup.VersionLoggerListener.log CATALINA_BASE:         D:\Tomcat
01-Nov-2022 15:44:13.408 INFO [main] org.apache.catalina.startup.VersionLoggerListener.log CATALINA_HOME:         D:\Tomcat
01-Nov-2022 15:44:13.408 INFO [main] org.apache.catalina.startup.VersionLoggerListener.log Command line argument: -Dcatalina.home=D:\Tomcat
01-Nov-2022 15:44:13.408 INFO [main] org.apache.catalina.startup.VersionLoggerListener.log Command line argument: -Dcatalina.base=D:\Tomcat
01-Nov-2022 15:44:13.408 INFO [main] org.apache.catalina.startup.VersionLoggerListener.log Command line argument: -Djava.io.tmpdir=D:\Tomcat\temp
01-Nov-2022 15:44:13.408 INFO [main] org.apache.catalina.startup.VersionLoggerListener.log Command line argument: -Djava.util.logging.manager=org.apache.juli.ClassLoaderLogManager
01-Nov-2022 15:44:13.408 INFO [main] org.apache.catalina.startup.VersionLoggerListener.log Command line argument: -Djava.util.logging.config.file=D:\Tomcat\conf\logging.properties
01-Nov-2022 15:44:13.408 INFO [main] org.apache.catalina.startup.VersionLoggerListener.log Command line argument: exit
01-Nov-2022 15:44:13.409 INFO [main] org.apache.catalina.startup.VersionLoggerListener.log Command line argument: -Xms128m
01-Nov-2022 15:44:13.409 INFO [main] org.apache.catalina.startup.VersionLoggerListener.log Command line argument: -Xmx256m
01-Nov-2022 15:44:13.409 INFO [main] org.apache.catalina.core.AprLifecycleListener.lifecycleEvent The APR based Apache Tomcat Native library which allows optimal performance in production environments was not found on the java.library.path: D:\Tomcat\bin;C:\Windows\Sun\Java\bin;C:\Windows\system32;C:\Windows;C:\ProgramData\Oracle\Java\javapath;C:\Program Files (x86)\Common Files\Intel\Shared Libraries\redist\intel64\compiler;C:\Windows\system32;C:\Windows;C:\Windows\System32\Wbem;C:\Windows\System32\WindowsPowerShell\v1.0\;C:\Windows\System32\OpenSSH\;C:\Program Files\Git\cmd;C:\Program Files\nodejs\;C:\Program Files\Azure Data Studio\bin;C:\Program Files\Microsoft SQL Server\Client SDK\ODBC\170\Tools\Binn\;C:\Program Files (x86)\Microsoft SQL Server\150\Tools\Binn\;C:\Program Files\Microsoft SQL Server\150\Tools\Binn\;C:\Program Files\Microsoft SQL Server\150\DTS\Binn\;C:\Program Files (x86)\Microsoft SQL Server\150\DTS\Binn\;C:\Windows\system32\config\systemprofile\AppData\Local\Microsoft\WindowsApps;.
01-Nov-2022 15:44:13.561 INFO [main] org.apache.coyote.AbstractProtocol.init Initializing ProtocolHandler ["http-nio-8090"]
01-Nov-2022 15:44:13.641 INFO [main] org.apache.tomcat.util.net.NioSelectorPool.getSharedSelector Using a shared selector for servlet write/read
01-Nov-2022 15:44:13.644 INFO [main] org.apache.coyote.AbstractProtocol.init Initializing ProtocolHandler ["ajp-nio-8009"]
01-Nov-2022 15:44:13.646 INFO [main] org.apache.tomcat.util.net.NioSelectorPool.getSharedSelector Using a shared selector for servlet write/read
01-Nov-2022 15:44:13.647 INFO [main] org.apache.catalina.startup.Catalina.load Initialization processed in 502 ms
01-Nov-2022 15:44:13.669 INFO [main] org.apache.catalina.core.StandardService.startInternal Starting service Catalina
01-Nov-2022 15:44:13.670 INFO [main] org.apache.catalina.core.StandardEngine.startInternal Starting Servlet Engine: Apache Tomcat/9.0.0.M1
01-Nov-2022 15:44:13.679 INFO [localhost-startStop-1] org.apache.catalina.startup.HostConfig.deployDirectory Deploying web application directory D:\Tomcat\webapps\zab
01-Nov-2022 15:44:17.264 INFO [localhost-startStop-1] org.apache.jasper.servlet.TldScanner.scanJars At least one JAR was scanned for TLDs yet contained no TLDs. Enable debug logging for this logger for a complete list of JARs that were scanned but no TLDs were found in them. Skipping unneeded JARs during scanning can improve startup time and JSP compilation time.
01-Nov-2022 15:44:17.408 INFO [localhost-startStop-1] org.apache.catalina.util.SessionIdGeneratorBase.createSecureRandom Creation of SecureRandom instance for session ID generation using [SHA1PRNG] took [104] milliseconds.
01-Nov-2022 15:44:18.539 INFO [localhost-startStop-1] org.apache.catalina.startup.HostConfig.deployDirectory Deployment of web application directory D:\Tomcat\webapps\zab has finished in 4,860 ms
01-Nov-2022 15:44:18.542 INFO [main] org.apache.coyote.AbstractProtocol.start Starting ProtocolHandler [http-nio-8090]
01-Nov-2022 15:44:18.549 INFO [main] org.apache.coyote.AbstractProtocol.start Starting ProtocolHandler [ajp-nio-8009]
01-Nov-2022 15:44:18.551 INFO [main] org.apache.catalina.startup.Catalina.start Server startup in 4903 ms
01-Nov-2022 16:55:32.787 INFO [Thread-6] org.apache.coyote.AbstractProtocol.pause Pausing ProtocolHandler ["http-nio-8090"]
01-Nov-2022 16:55:32.852 INFO [Thread-6] org.apache.coyote.AbstractProtocol.pause Pausing ProtocolHandler ["ajp-nio-8009"]
01-Nov-2022 16:55:32.913 INFO [Thread-6] org.apache.catalina.core.StandardService.stopInternal Stopping service Catalina
01-Nov-2022 16:55:32.952 WARNING [localhost-startStop-2] org.apache.catalina.loader.WebappClassLoaderBase.clearReferencesJdbc The web application [zab] registered the JDBC driver [com.microsoft.sqlserver.jdbc.SQLServerDriver] but failed to unregister it when the web application was stopped. To prevent a memory leak, the JDBC Driver has been forcibly unregistered.
01-Nov-2022 16:55:33.091 INFO [Thread-6] org.apache.coyote.AbstractProtocol.stop Stopping ProtocolHandler ["http-nio-8090"]
01-Nov-2022 16:55:33.095 INFO [Thread-6] org.apache.coyote.AbstractProtocol.stop Stopping ProtocolHandler ["ajp-nio-8009"]
01-Nov-2022 16:55:37.708 INFO [main] org.apache.catalina.startup.VersionLoggerListener.log Server version:        Apache Tomcat/9.0.0.M1
01-Nov-2022 16:55:37.710 INFO [main] org.apache.catalina.startup.VersionLoggerListener.log Server built:          Nov 12 2015 22:05:52 UTC
01-Nov-2022 16:55:37.713 INFO [main] org.apache.catalina.startup.VersionLoggerListener.log Server number:         9.0.0.0
01-Nov-2022 16:55:37.713 INFO [main] org.apache.catalina.startup.VersionLoggerListener.log OS Name:               Windows 10
01-Nov-2022 16:55:37.713 INFO [main] org.apache.catalina.startup.VersionLoggerListener.log OS Version:            10.0
01-Nov-2022 16:55:37.713 INFO [main] org.apache.catalina.startup.VersionLoggerListener.log Architecture:          amd64
01-Nov-2022 16:55:37.713 INFO [main] org.apache.catalina.startup.VersionLoggerListener.log Java Home:             C:\Program Files\JAVA\jre1.8.0_92
01-Nov-2022 16:55:37.713 INFO [main] org.apache.catalina.startup.VersionLoggerListener.log JVM Version:           1.8.0_92-b14
01-Nov-2022 16:55:37.714 INFO [main] org.apache.catalina.startup.VersionLoggerListener.log JVM Vendor:            Oracle Corporation
01-Nov-2022 16:55:37.714 INFO [main] org.apache.catalina.startup.VersionLoggerListener.log CATALINA_BASE:         D:\Tomcat
01-Nov-2022 16:55:37.714 INFO [main] org.apache.catalina.startup.VersionLoggerListener.log CATALINA_HOME:         D:\Tomcat
01-Nov-2022 16:55:37.714 INFO [main] org.apache.catalina.startup.VersionLoggerListener.log Command line argument: -Dfile.encoding=UTF8
01-Nov-2022 16:55:37.715 INFO [main] org.apache.catalina.startup.VersionLoggerListener.log Command line argument: -Dcatalina.home=D:\Tomcat
01-Nov-2022 16:55:37.715 INFO [main] org.apache.catalina.startup.VersionLoggerListener.log Command line argument: -Dcatalina.base=D:\Tomcat
01-Nov-2022 16:55:37.715 INFO [main] org.apache.catalina.startup.VersionLoggerListener.log Command line argument: -Djava.io.tmpdir=D:\Tomcat\temp
01-Nov-2022 16:55:37.715 INFO [main] org.apache.catalina.startup.VersionLoggerListener.log Command line argument: -Djava.util.logging.manager=org.apache.juli.ClassLoaderLogManager
01-Nov-2022 16:55:37.716 INFO [main] org.apache.catalina.startup.VersionLoggerListener.log Command line argument: -Djava.util.logging.config.file=D:\Tomcat\conf\logging.properties
01-Nov-2022 16:55:37.717 INFO [main] org.apache.catalina.startup.VersionLoggerListener.log Command line argument: exit
01-Nov-2022 16:55:37.717 INFO [main] org.apache.catalina.startup.VersionLoggerListener.log Command line argument: -Xms128m
01-Nov-2022 16:55:37.721 INFO [main] org.apache.catalina.startup.VersionLoggerListener.log Command line argument: -Xmx256m
01-Nov-2022 16:55:37.721 INFO [main] org.apache.catalina.core.AprLifecycleListener.lifecycleEvent The APR based Apache Tomcat Native library which allows optimal performance in production environments was not found on the java.library.path: D:\Tomcat\bin;C:\Windows\Sun\Java\bin;C:\Windows\system32;C:\Windows;C:\ProgramData\Oracle\Java\javapath;C:\Program Files (x86)\Common Files\Intel\Shared Libraries\redist\intel64\compiler;C:\Windows\system32;C:\Windows;C:\Windows\System32\Wbem;C:\Windows\System32\WindowsPowerShell\v1.0\;C:\Windows\System32\OpenSSH\;C:\Program Files\Git\cmd;C:\Program Files\nodejs\;C:\Program Files\Azure Data Studio\bin;C:\Program Files\Microsoft SQL Server\Client SDK\ODBC\170\Tools\Binn\;C:\Program Files (x86)\Microsoft SQL Server\150\Tools\Binn\;C:\Program Files\Microsoft SQL Server\150\Tools\Binn\;C:\Program Files\Microsoft SQL Server\150\DTS\Binn\;C:\Program Files (x86)\Microsoft SQL Server\150\DTS\Binn\;C:\Users\Wasimul Islam\AppData\Local\Microsoft\WindowsApps;C:\Users\Wasimul Islam\AppData\Local\Programs\Microsoft VS Code\bin;C:\Users\Wasimul Islam\AppData\Roaming\npm;C:\source\flutter\bin;;.
01-Nov-2022 16:55:37.886 INFO [main] org.apache.coyote.AbstractProtocol.init Initializing ProtocolHandler ["http-nio-8090"]
01-Nov-2022 16:55:37.989 INFO [main] org.apache.tomcat.util.net.NioSelectorPool.getSharedSelector Using a shared selector for servlet write/read
01-Nov-2022 16:55:37.993 INFO [main] org.apache.coyote.AbstractProtocol.init Initializing ProtocolHandler ["ajp-nio-8009"]
01-Nov-2022 16:55:37.996 INFO [main] org.apache.tomcat.util.net.NioSelectorPool.getSharedSelector Using a shared selector for servlet write/read
01-Nov-2022 16:55:37.996 INFO [main] org.apache.catalina.startup.Catalina.load Initialization processed in 721 ms
01-Nov-2022 16:55:38.023 INFO [main] org.apache.catalina.core.StandardService.startInternal Starting service Catalina
01-Nov-2022 16:55:38.023 INFO [main] org.apache.catalina.core.StandardEngine.startInternal Starting Servlet Engine: Apache Tomcat/9.0.0.M1
01-Nov-2022 16:55:38.037 INFO [localhost-startStop-1] org.apache.catalina.startup.HostConfig.deployDirectory Deploying web application directory D:\Tomcat\webapps\zab
01-Nov-2022 16:55:43.773 INFO [localhost-startStop-1] org.apache.jasper.servlet.TldScanner.scanJars At least one JAR was scanned for TLDs yet contained no TLDs. Enable debug logging for this logger for a complete list of JARs that were scanned but no TLDs were found in them. Skipping unneeded JARs during scanning can improve startup time and JSP compilation time.
01-Nov-2022 16:55:43.964 INFO [localhost-startStop-1] org.apache.catalina.util.SessionIdGeneratorBase.createSecureRandom Creation of SecureRandom instance for session ID generation using [SHA1PRNG] took [129] milliseconds.
01-Nov-2022 16:55:45.270 INFO [localhost-startStop-1] org.apache.catalina.startup.HostConfig.deployDirectory Deployment of web application directory D:\Tomcat\webapps\zab has finished in 7,233 ms
01-Nov-2022 16:55:45.274 INFO [main] org.apache.coyote.AbstractProtocol.start Starting ProtocolHandler [http-nio-8090]
01-Nov-2022 16:55:45.280 INFO [main] org.apache.coyote.AbstractProtocol.start Starting ProtocolHandler [ajp-nio-8009]
01-Nov-2022 16:55:45.282 INFO [main] org.apache.catalina.startup.Catalina.start Server startup in 7284 ms
