28-Nov-2022 10:36:15.674 INFO [main] org.apache.catalina.startup.VersionLoggerListener.log Server version:        Apache Tomcat/9.0.0.M1
28-Nov-2022 10:36:15.674 INFO [main] org.apache.catalina.startup.VersionLoggerListener.log Server built:          Nov 12 2015 22:05:52 UTC
28-Nov-2022 10:36:15.674 INFO [main] org.apache.catalina.startup.VersionLoggerListener.log Server number:         9.0.0.0
28-Nov-2022 10:36:15.674 INFO [main] org.apache.catalina.startup.VersionLoggerListener.log OS Name:               Windows 10
28-Nov-2022 10:36:15.674 INFO [main] org.apache.catalina.startup.VersionLoggerListener.log OS Version:            10.0
28-Nov-2022 10:36:15.674 INFO [main] org.apache.catalina.startup.VersionLoggerListener.log Architecture:          amd64
28-Nov-2022 10:36:15.674 INFO [main] org.apache.catalina.startup.VersionLoggerListener.log Java Home:             C:\Program Files\JAVA\jre1.8.0_92
28-Nov-2022 10:36:15.674 INFO [main] org.apache.catalina.startup.VersionLoggerListener.log JVM Version:           1.8.0_92-b14
28-Nov-2022 10:36:15.674 INFO [main] org.apache.catalina.startup.VersionLoggerListener.log JVM Vendor:            Oracle Corporation
28-Nov-2022 10:36:15.674 INFO [main] org.apache.catalina.startup.VersionLoggerListener.log CATALINA_BASE:         D:\Tomcat
28-Nov-2022 10:36:15.674 INFO [main] org.apache.catalina.startup.VersionLoggerListener.log CATALINA_HOME:         D:\Tomcat
28-Nov-2022 10:36:15.674 INFO [main] org.apache.catalina.startup.VersionLoggerListener.log Command line argument: -Dfile.encoding=UTF8
28-Nov-2022 10:36:15.674 INFO [main] org.apache.catalina.startup.VersionLoggerListener.log Command line argument: -Dcatalina.home=D:\Tomcat
28-Nov-2022 10:36:15.674 INFO [main] org.apache.catalina.startup.VersionLoggerListener.log Command line argument: -Dcatalina.base=D:\Tomcat
28-Nov-2022 10:36:15.674 INFO [main] org.apache.catalina.startup.VersionLoggerListener.log Command line argument: -Djava.io.tmpdir=D:\Tomcat\temp
28-Nov-2022 10:36:15.674 INFO [main] org.apache.catalina.startup.VersionLoggerListener.log Command line argument: -Djava.util.logging.manager=org.apache.juli.ClassLoaderLogManager
28-Nov-2022 10:36:15.674 INFO [main] org.apache.catalina.startup.VersionLoggerListener.log Command line argument: -Djava.util.logging.config.file=D:\Tomcat\conf\logging.properties
28-Nov-2022 10:36:15.674 INFO [main] org.apache.catalina.startup.VersionLoggerListener.log Command line argument: exit
28-Nov-2022 10:36:15.674 INFO [main] org.apache.catalina.startup.VersionLoggerListener.log Command line argument: -Xms128m
28-Nov-2022 10:36:15.674 INFO [main] org.apache.catalina.startup.VersionLoggerListener.log Command line argument: -Xmx256m
28-Nov-2022 10:36:15.674 INFO [main] org.apache.catalina.core.AprLifecycleListener.lifecycleEvent The APR based Apache Tomcat Native library which allows optimal performance in production environments was not found on the java.library.path: D:\Tomcat\bin;C:\WINDOWS\Sun\Java\bin;C:\WINDOWS\system32;C:\WINDOWS;C:\ProgramData\Oracle\Java\javapath;C:\Program Files (x86)\Common Files\Intel\Shared Libraries\redist\intel64\compiler;C:\WINDOWS\system32;C:\WINDOWS;C:\WINDOWS\System32\Wbem;C:\WINDOWS\System32\WindowsPowerShell\v1.0\;C:\WINDOWS\System32\OpenSSH\;C:\Program Files\Git\cmd;C:\Program Files\nodejs\;C:\Program Files\Azure Data Studio\bin;C:\Program Files\Microsoft SQL Server\Client SDK\ODBC\170\Tools\Binn\;C:\Program Files (x86)\Microsoft SQL Server\150\Tools\Binn\;C:\Program Files\Microsoft SQL Server\150\Tools\Binn\;C:\Program Files\Microsoft SQL Server\150\DTS\Binn\;C:\Program Files (x86)\Microsoft SQL Server\150\DTS\Binn\;C:\Users\Wasimul Islam\AppData\Local\Microsoft\WindowsApps;C:\Users\Wasimul Islam\AppData\Local\Programs\Microsoft VS Code\bin;C:\Users\Wasimul Islam\AppData\Roaming\npm;C:\source\flutter\bin;;.
28-Nov-2022 10:36:15.791 INFO [main] org.apache.coyote.AbstractProtocol.init Initializing ProtocolHandler ["http-nio-8090"]
28-Nov-2022 10:36:15.852 INFO [main] org.apache.tomcat.util.net.NioSelectorPool.getSharedSelector Using a shared selector for servlet write/read
28-Nov-2022 10:36:15.852 INFO [main] org.apache.coyote.AbstractProtocol.init Initializing ProtocolHandler ["ajp-nio-8009"]
28-Nov-2022 10:36:15.852 INFO [main] org.apache.tomcat.util.net.NioSelectorPool.getSharedSelector Using a shared selector for servlet write/read
28-Nov-2022 10:36:15.852 INFO [main] org.apache.catalina.startup.Catalina.load Initialization processed in 464 ms
28-Nov-2022 10:36:15.891 INFO [main] org.apache.catalina.core.StandardService.startInternal Starting service Catalina
28-Nov-2022 10:36:15.891 INFO [main] org.apache.catalina.core.StandardEngine.startInternal Starting Servlet Engine: Apache Tomcat/9.0.0.M1
28-Nov-2022 10:36:15.902 INFO [localhost-startStop-1] org.apache.catalina.startup.HostConfig.deployDirectory Deploying web application directory D:\Tomcat\webapps\zab
28-Nov-2022 10:36:20.263 INFO [localhost-startStop-1] org.apache.jasper.servlet.TldScanner.scanJars At least one JAR was scanned for TLDs yet contained no TLDs. Enable debug logging for this logger for a complete list of JARs that were scanned but no TLDs were found in them. Skipping unneeded JARs during scanning can improve startup time and JSP compilation time.
28-Nov-2022 10:36:20.442 INFO [localhost-startStop-1] org.apache.catalina.util.SessionIdGeneratorBase.createSecureRandom Creation of SecureRandom instance for session ID generation using [SHA1PRNG] took [138] milliseconds.
28-Nov-2022 10:36:21.698 INFO [localhost-startStop-1] org.apache.catalina.startup.HostConfig.deployDirectory Deployment of web application directory D:\Tomcat\webapps\zab has finished in 5,796 ms
28-Nov-2022 10:36:21.698 INFO [main] org.apache.coyote.AbstractProtocol.start Starting ProtocolHandler [http-nio-8090]
28-Nov-2022 10:36:21.712 INFO [main] org.apache.coyote.AbstractProtocol.start Starting ProtocolHandler [ajp-nio-8009]
28-Nov-2022 10:36:21.713 INFO [main] org.apache.catalina.startup.Catalina.start Server startup in 5847 ms
28-Nov-2022 10:39:14.327 INFO [Thread-6] org.apache.coyote.AbstractProtocol.pause Pausing ProtocolHandler ["http-nio-8090"]
28-Nov-2022 10:39:14.385 INFO [Thread-6] org.apache.coyote.AbstractProtocol.pause Pausing ProtocolHandler ["ajp-nio-8009"]
28-Nov-2022 10:39:14.448 INFO [Thread-6] org.apache.catalina.core.StandardService.stopInternal Stopping service Catalina
28-Nov-2022 10:39:14.473 WARNING [localhost-startStop-2] org.apache.catalina.loader.WebappClassLoaderBase.clearReferencesJdbc The web application [zab] registered the JDBC driver [com.microsoft.sqlserver.jdbc.SQLServerDriver] but failed to unregister it when the web application was stopped. To prevent a memory leak, the JDBC Driver has been forcibly unregistered.
28-Nov-2022 10:39:14.480 INFO [Thread-6] org.apache.coyote.AbstractProtocol.stop Stopping ProtocolHandler ["http-nio-8090"]
28-Nov-2022 10:39:14.484 INFO [Thread-6] org.apache.coyote.AbstractProtocol.stop Stopping ProtocolHandler ["ajp-nio-8009"]
28-Nov-2022 10:39:17.813 INFO [main] org.apache.catalina.startup.VersionLoggerListener.log Server version:        Apache Tomcat/9.0.0.M1
28-Nov-2022 10:39:17.817 INFO [main] org.apache.catalina.startup.VersionLoggerListener.log Server built:          Nov 12 2015 22:05:52 UTC
28-Nov-2022 10:39:17.817 INFO [main] org.apache.catalina.startup.VersionLoggerListener.log Server number:         9.0.0.0
28-Nov-2022 10:39:17.817 INFO [main] org.apache.catalina.startup.VersionLoggerListener.log OS Name:               Windows 10
28-Nov-2022 10:39:17.817 INFO [main] org.apache.catalina.startup.VersionLoggerListener.log OS Version:            10.0
28-Nov-2022 10:39:17.818 INFO [main] org.apache.catalina.startup.VersionLoggerListener.log Architecture:          amd64
28-Nov-2022 10:39:17.818 INFO [main] org.apache.catalina.startup.VersionLoggerListener.log Java Home:             C:\Program Files\JAVA\jre1.8.0_92
28-Nov-2022 10:39:17.818 INFO [main] org.apache.catalina.startup.VersionLoggerListener.log JVM Version:           1.8.0_92-b14
28-Nov-2022 10:39:17.818 INFO [main] org.apache.catalina.startup.VersionLoggerListener.log JVM Vendor:            Oracle Corporation
28-Nov-2022 10:39:17.818 INFO [main] org.apache.catalina.startup.VersionLoggerListener.log CATALINA_BASE:         D:\Tomcat
28-Nov-2022 10:39:17.818 INFO [main] org.apache.catalina.startup.VersionLoggerListener.log CATALINA_HOME:         D:\Tomcat
28-Nov-2022 10:39:17.818 INFO [main] org.apache.catalina.startup.VersionLoggerListener.log Command line argument: -Dfile.encoding=UTF8
28-Nov-2022 10:39:17.818 INFO [main] org.apache.catalina.startup.VersionLoggerListener.log Command line argument: -Dcatalina.home=D:\Tomcat
28-Nov-2022 10:39:17.818 INFO [main] org.apache.catalina.startup.VersionLoggerListener.log Command line argument: -Dcatalina.base=D:\Tomcat
28-Nov-2022 10:39:17.818 INFO [main] org.apache.catalina.startup.VersionLoggerListener.log Command line argument: -Djava.io.tmpdir=D:\Tomcat\temp
28-Nov-2022 10:39:17.818 INFO [main] org.apache.catalina.startup.VersionLoggerListener.log Command line argument: -Djava.util.logging.manager=org.apache.juli.ClassLoaderLogManager
28-Nov-2022 10:39:17.818 INFO [main] org.apache.catalina.startup.VersionLoggerListener.log Command line argument: -Djava.util.logging.config.file=D:\Tomcat\conf\logging.properties
28-Nov-2022 10:39:17.820 INFO [main] org.apache.catalina.startup.VersionLoggerListener.log Command line argument: exit
28-Nov-2022 10:39:17.821 INFO [main] org.apache.catalina.startup.VersionLoggerListener.log Command line argument: -Xms128m
28-Nov-2022 10:39:17.821 INFO [main] org.apache.catalina.startup.VersionLoggerListener.log Command line argument: -Xmx256m
28-Nov-2022 10:39:17.821 INFO [main] org.apache.catalina.core.AprLifecycleListener.lifecycleEvent The APR based Apache Tomcat Native library which allows optimal performance in production environments was not found on the java.library.path: D:\Tomcat\bin;C:\WINDOWS\Sun\Java\bin;C:\WINDOWS\system32;C:\WINDOWS;C:\ProgramData\Oracle\Java\javapath;C:\Program Files (x86)\Common Files\Intel\Shared Libraries\redist\intel64\compiler;C:\WINDOWS\system32;C:\WINDOWS;C:\WINDOWS\System32\Wbem;C:\WINDOWS\System32\WindowsPowerShell\v1.0\;C:\WINDOWS\System32\OpenSSH\;C:\Program Files\Git\cmd;C:\Program Files\nodejs\;C:\Program Files\Azure Data Studio\bin;C:\Program Files\Microsoft SQL Server\Client SDK\ODBC\170\Tools\Binn\;C:\Program Files (x86)\Microsoft SQL Server\150\Tools\Binn\;C:\Program Files\Microsoft SQL Server\150\Tools\Binn\;C:\Program Files\Microsoft SQL Server\150\DTS\Binn\;C:\Program Files (x86)\Microsoft SQL Server\150\DTS\Binn\;C:\Users\Wasimul Islam\AppData\Local\Microsoft\WindowsApps;C:\Users\Wasimul Islam\AppData\Local\Programs\Microsoft VS Code\bin;C:\Users\Wasimul Islam\AppData\Roaming\npm;C:\source\flutter\bin;;.
28-Nov-2022 10:39:17.916 INFO [main] org.apache.coyote.AbstractProtocol.init Initializing ProtocolHandler ["http-nio-8090"]
28-Nov-2022 10:39:17.963 INFO [main] org.apache.tomcat.util.net.NioSelectorPool.getSharedSelector Using a shared selector for servlet write/read
28-Nov-2022 10:39:17.963 INFO [main] org.apache.coyote.AbstractProtocol.init Initializing ProtocolHandler ["ajp-nio-8009"]
28-Nov-2022 10:39:17.963 INFO [main] org.apache.tomcat.util.net.NioSelectorPool.getSharedSelector Using a shared selector for servlet write/read
28-Nov-2022 10:39:17.963 INFO [main] org.apache.catalina.startup.Catalina.load Initialization processed in 438 ms
28-Nov-2022 10:39:17.986 INFO [main] org.apache.catalina.core.StandardService.startInternal Starting service Catalina
28-Nov-2022 10:39:17.986 INFO [main] org.apache.catalina.core.StandardEngine.startInternal Starting Servlet Engine: Apache Tomcat/9.0.0.M1
28-Nov-2022 10:39:18.003 INFO [localhost-startStop-1] org.apache.catalina.startup.HostConfig.deployDirectory Deploying web application directory D:\Tomcat\webapps\zab
28-Nov-2022 10:39:21.059 INFO [localhost-startStop-1] org.apache.jasper.servlet.TldScanner.scanJars At least one JAR was scanned for TLDs yet contained no TLDs. Enable debug logging for this logger for a complete list of JARs that were scanned but no TLDs were found in them. Skipping unneeded JARs during scanning can improve startup time and JSP compilation time.
28-Nov-2022 10:39:21.233 INFO [localhost-startStop-1] org.apache.catalina.util.SessionIdGeneratorBase.createSecureRandom Creation of SecureRandom instance for session ID generation using [SHA1PRNG] took [142] milliseconds.
28-Nov-2022 10:39:22.337 INFO [localhost-startStop-1] org.apache.catalina.startup.HostConfig.deployDirectory Deployment of web application directory D:\Tomcat\webapps\zab has finished in 4,334 ms
28-Nov-2022 10:39:22.337 INFO [main] org.apache.coyote.AbstractProtocol.start Starting ProtocolHandler [http-nio-8090]
28-Nov-2022 10:39:22.344 INFO [main] org.apache.coyote.AbstractProtocol.start Starting ProtocolHandler [ajp-nio-8009]
28-Nov-2022 10:39:22.344 INFO [main] org.apache.catalina.startup.Catalina.start Server startup in 4373 ms
28-Nov-2022 11:16:44.163 INFO [http-nio-8090-exec-3] org.apache.tomcat.util.http.parser.Cookie.logInvalidHeader A cookie header was received [-1]] that contained an invalid cookie. That cookie will be ignored.Note: further occurrences of this error will be logged at DEBUG level.
28-Nov-2022 11:32:01.391 INFO [Thread-6] org.apache.coyote.AbstractProtocol.pause Pausing ProtocolHandler ["http-nio-8090"]
28-Nov-2022 11:32:01.458 INFO [Thread-6] org.apache.coyote.AbstractProtocol.pause Pausing ProtocolHandler ["ajp-nio-8009"]
28-Nov-2022 11:32:01.521 INFO [Thread-6] org.apache.catalina.core.StandardService.stopInternal Stopping service Catalina
28-Nov-2022 11:32:01.526 WARNING [localhost-startStop-2] org.apache.catalina.loader.WebappClassLoaderBase.clearReferencesJdbc The web application [zab] registered the JDBC driver [com.microsoft.sqlserver.jdbc.SQLServerDriver] but failed to unregister it when the web application was stopped. To prevent a memory leak, the JDBC Driver has been forcibly unregistered.
28-Nov-2022 11:32:01.542 INFO [Thread-6] org.apache.coyote.AbstractProtocol.stop Stopping ProtocolHandler ["http-nio-8090"]
28-Nov-2022 11:32:01.542 INFO [Thread-6] org.apache.coyote.AbstractProtocol.stop Stopping ProtocolHandler ["ajp-nio-8009"]
28-Nov-2022 11:36:43.882 INFO [main] org.apache.catalina.startup.VersionLoggerListener.log Server version:        Apache Tomcat/9.0.0.M1
28-Nov-2022 11:36:43.882 INFO [main] org.apache.catalina.startup.VersionLoggerListener.log Server built:          Nov 12 2015 22:05:52 UTC
28-Nov-2022 11:36:43.882 INFO [main] org.apache.catalina.startup.VersionLoggerListener.log Server number:         9.0.0.0
28-Nov-2022 11:36:43.882 INFO [main] org.apache.catalina.startup.VersionLoggerListener.log OS Name:               Windows 10
28-Nov-2022 11:36:43.882 INFO [main] org.apache.catalina.startup.VersionLoggerListener.log OS Version:            10.0
28-Nov-2022 11:36:43.882 INFO [main] org.apache.catalina.startup.VersionLoggerListener.log Architecture:          amd64
28-Nov-2022 11:36:43.882 INFO [main] org.apache.catalina.startup.VersionLoggerListener.log Java Home:             C:\Program Files\JAVA\jre1.8.0_92
28-Nov-2022 11:36:43.882 INFO [main] org.apache.catalina.startup.VersionLoggerListener.log JVM Version:           1.8.0_92-b14
28-Nov-2022 11:36:43.882 INFO [main] org.apache.catalina.startup.VersionLoggerListener.log JVM Vendor:            Oracle Corporation
28-Nov-2022 11:36:43.882 INFO [main] org.apache.catalina.startup.VersionLoggerListener.log CATALINA_BASE:         D:\Tomcat
28-Nov-2022 11:36:43.882 INFO [main] org.apache.catalina.startup.VersionLoggerListener.log CATALINA_HOME:         D:\Tomcat
28-Nov-2022 11:36:43.882 INFO [main] org.apache.catalina.startup.VersionLoggerListener.log Command line argument: -Dcatalina.home=D:\Tomcat
28-Nov-2022 11:36:43.882 INFO [main] org.apache.catalina.startup.VersionLoggerListener.log Command line argument: -Dcatalina.base=D:\Tomcat
28-Nov-2022 11:36:43.882 INFO [main] org.apache.catalina.startup.VersionLoggerListener.log Command line argument: -Djava.io.tmpdir=D:\Tomcat\temp
28-Nov-2022 11:36:43.882 INFO [main] org.apache.catalina.startup.VersionLoggerListener.log Command line argument: -Djava.util.logging.manager=org.apache.juli.ClassLoaderLogManager
28-Nov-2022 11:36:43.882 INFO [main] org.apache.catalina.startup.VersionLoggerListener.log Command line argument: -Djava.util.logging.config.file=D:\Tomcat\conf\logging.properties
28-Nov-2022 11:36:43.882 INFO [main] org.apache.catalina.startup.VersionLoggerListener.log Command line argument: exit
28-Nov-2022 11:36:43.882 INFO [main] org.apache.catalina.startup.VersionLoggerListener.log Command line argument: -Xms128m
28-Nov-2022 11:36:43.882 INFO [main] org.apache.catalina.startup.VersionLoggerListener.log Command line argument: -Xmx256m
28-Nov-2022 11:36:43.882 INFO [main] org.apache.catalina.core.AprLifecycleListener.lifecycleEvent The APR based Apache Tomcat Native library which allows optimal performance in production environments was not found on the java.library.path: D:\Tomcat\bin;C:\WINDOWS\Sun\Java\bin;C:\WINDOWS\system32;C:\WINDOWS;C:\ProgramData\Oracle\Java\javapath;C:\Program Files (x86)\Common Files\Intel\Shared Libraries\redist\intel64\compiler;C:\WINDOWS\system32;C:\WINDOWS;C:\WINDOWS\System32\Wbem;C:\WINDOWS\System32\WindowsPowerShell\v1.0\;C:\WINDOWS\System32\OpenSSH\;C:\Program Files\Git\cmd;C:\Program Files\nodejs\;C:\Program Files\Azure Data Studio\bin;C:\Program Files\Microsoft SQL Server\Client SDK\ODBC\170\Tools\Binn\;C:\Program Files (x86)\Microsoft SQL Server\150\Tools\Binn\;C:\Program Files\Microsoft SQL Server\150\Tools\Binn\;C:\Program Files\Microsoft SQL Server\150\DTS\Binn\;C:\Program Files (x86)\Microsoft SQL Server\150\DTS\Binn\;C:\WINDOWS\system32\config\systemprofile\AppData\Local\Microsoft\WindowsApps;.
28-Nov-2022 11:36:44.274 INFO [main] org.apache.coyote.AbstractProtocol.init Initializing ProtocolHandler ["http-nio-8090"]
28-Nov-2022 11:36:44.479 INFO [main] org.apache.tomcat.util.net.NioSelectorPool.getSharedSelector Using a shared selector for servlet write/read
28-Nov-2022 11:36:44.489 INFO [main] org.apache.coyote.AbstractProtocol.init Initializing ProtocolHandler ["ajp-nio-8009"]
28-Nov-2022 11:36:44.493 INFO [main] org.apache.tomcat.util.net.NioSelectorPool.getSharedSelector Using a shared selector for servlet write/read
28-Nov-2022 11:36:44.493 INFO [main] org.apache.catalina.startup.Catalina.load Initialization processed in 1290 ms
28-Nov-2022 11:36:44.541 INFO [main] org.apache.catalina.core.StandardService.startInternal Starting service Catalina
28-Nov-2022 11:36:44.541 INFO [main] org.apache.catalina.core.StandardEngine.startInternal Starting Servlet Engine: Apache Tomcat/9.0.0.M1
28-Nov-2022 11:36:44.557 INFO [localhost-startStop-1] org.apache.catalina.startup.HostConfig.deployDirectory Deploying web application directory D:\Tomcat\webapps\zab
28-Nov-2022 11:36:51.130 INFO [localhost-startStop-1] org.apache.jasper.servlet.TldScanner.scanJars At least one JAR was scanned for TLDs yet contained no TLDs. Enable debug logging for this logger for a complete list of JARs that were scanned but no TLDs were found in them. Skipping unneeded JARs during scanning can improve startup time and JSP compilation time.
28-Nov-2022 11:36:52.386 INFO [localhost-startStop-1] org.apache.catalina.startup.HostConfig.deployDirectory Deployment of web application directory D:\Tomcat\webapps\zab has finished in 7,829 ms
28-Nov-2022 11:36:52.386 INFO [main] org.apache.coyote.AbstractProtocol.start Starting ProtocolHandler [http-nio-8090]
28-Nov-2022 11:36:52.402 INFO [main] org.apache.coyote.AbstractProtocol.start Starting ProtocolHandler [ajp-nio-8009]
28-Nov-2022 11:36:52.402 INFO [main] org.apache.catalina.startup.Catalina.start Server startup in 7915 ms
28-Nov-2022 11:40:31.268 INFO [Thread-6] org.apache.coyote.AbstractProtocol.pause Pausing ProtocolHandler ["http-nio-8090"]
28-Nov-2022 11:40:31.335 INFO [Thread-6] org.apache.coyote.AbstractProtocol.pause Pausing ProtocolHandler ["ajp-nio-8009"]
28-Nov-2022 11:40:31.399 INFO [Thread-6] org.apache.catalina.core.StandardService.stopInternal Stopping service Catalina
28-Nov-2022 11:40:31.420 WARNING [localhost-startStop-2] org.apache.catalina.loader.WebappClassLoaderBase.clearReferencesJdbc The web application [zab] registered the JDBC driver [com.microsoft.sqlserver.jdbc.SQLServerDriver] but failed to unregister it when the web application was stopped. To prevent a memory leak, the JDBC Driver has been forcibly unregistered.
28-Nov-2022 11:40:31.420 INFO [Thread-6] org.apache.coyote.AbstractProtocol.stop Stopping ProtocolHandler ["http-nio-8090"]
28-Nov-2022 11:40:31.420 INFO [Thread-6] org.apache.coyote.AbstractProtocol.stop Stopping ProtocolHandler ["ajp-nio-8009"]
28-Nov-2022 15:32:55.487 INFO [main] org.apache.catalina.startup.VersionLoggerListener.log Server version:        Apache Tomcat/9.0.0.M1
28-Nov-2022 15:32:55.487 INFO [main] org.apache.catalina.startup.VersionLoggerListener.log Server built:          Nov 12 2015 22:05:52 UTC
28-Nov-2022 15:32:55.502 INFO [main] org.apache.catalina.startup.VersionLoggerListener.log Server number:         9.0.0.0
28-Nov-2022 15:32:55.502 INFO [main] org.apache.catalina.startup.VersionLoggerListener.log OS Name:               Windows 10
28-Nov-2022 15:32:55.502 INFO [main] org.apache.catalina.startup.VersionLoggerListener.log OS Version:            10.0
28-Nov-2022 15:32:55.502 INFO [main] org.apache.catalina.startup.VersionLoggerListener.log Architecture:          amd64
28-Nov-2022 15:32:55.502 INFO [main] org.apache.catalina.startup.VersionLoggerListener.log Java Home:             C:\Program Files\JAVA\jre1.8.0_92
28-Nov-2022 15:32:55.502 INFO [main] org.apache.catalina.startup.VersionLoggerListener.log JVM Version:           1.8.0_92-b14
28-Nov-2022 15:32:55.502 INFO [main] org.apache.catalina.startup.VersionLoggerListener.log JVM Vendor:            Oracle Corporation
28-Nov-2022 15:32:55.502 INFO [main] org.apache.catalina.startup.VersionLoggerListener.log CATALINA_BASE:         D:\Tomcat
28-Nov-2022 15:32:55.502 INFO [main] org.apache.catalina.startup.VersionLoggerListener.log CATALINA_HOME:         D:\Tomcat
28-Nov-2022 15:32:55.502 INFO [main] org.apache.catalina.startup.VersionLoggerListener.log Command line argument: -Dfile.encoding=UTF8
28-Nov-2022 15:32:55.502 INFO [main] org.apache.catalina.startup.VersionLoggerListener.log Command line argument: -Dcatalina.home=D:\Tomcat
28-Nov-2022 15:32:55.502 INFO [main] org.apache.catalina.startup.VersionLoggerListener.log Command line argument: -Dcatalina.base=D:\Tomcat
28-Nov-2022 15:32:55.502 INFO [main] org.apache.catalina.startup.VersionLoggerListener.log Command line argument: -Djava.io.tmpdir=D:\Tomcat\temp
28-Nov-2022 15:32:55.502 INFO [main] org.apache.catalina.startup.VersionLoggerListener.log Command line argument: -Djava.util.logging.manager=org.apache.juli.ClassLoaderLogManager
28-Nov-2022 15:32:55.502 INFO [main] org.apache.catalina.startup.VersionLoggerListener.log Command line argument: -Djava.util.logging.config.file=D:\Tomcat\conf\logging.properties
28-Nov-2022 15:32:55.502 INFO [main] org.apache.catalina.startup.VersionLoggerListener.log Command line argument: exit
28-Nov-2022 15:32:55.502 INFO [main] org.apache.catalina.startup.VersionLoggerListener.log Command line argument: -Xms128m
28-Nov-2022 15:32:55.502 INFO [main] org.apache.catalina.startup.VersionLoggerListener.log Command line argument: -Xmx256m
28-Nov-2022 15:32:55.502 INFO [main] org.apache.catalina.core.AprLifecycleListener.lifecycleEvent The APR based Apache Tomcat Native library which allows optimal performance in production environments was not found on the java.library.path: D:\Tomcat\bin;C:\WINDOWS\Sun\Java\bin;C:\WINDOWS\system32;C:\WINDOWS;C:\ProgramData\Oracle\Java\javapath;C:\Program Files (x86)\Common Files\Intel\Shared Libraries\redist\intel64\compiler;C:\WINDOWS\system32;C:\WINDOWS;C:\WINDOWS\System32\Wbem;C:\WINDOWS\System32\WindowsPowerShell\v1.0\;C:\WINDOWS\System32\OpenSSH\;C:\Program Files\Git\cmd;C:\Program Files\nodejs\;C:\Program Files\Azure Data Studio\bin;C:\Program Files\Microsoft SQL Server\Client SDK\ODBC\170\Tools\Binn\;C:\Program Files (x86)\Microsoft SQL Server\150\Tools\Binn\;C:\Program Files\Microsoft SQL Server\150\Tools\Binn\;C:\Program Files\Microsoft SQL Server\150\DTS\Binn\;C:\Program Files (x86)\Microsoft SQL Server\150\DTS\Binn\;C:\Users\Wasimul Islam\AppData\Local\Microsoft\WindowsApps;C:\Users\Wasimul Islam\AppData\Local\Programs\Microsoft VS Code\bin;C:\Users\Wasimul Islam\AppData\Roaming\npm;C:\source\flutter\bin;;.
28-Nov-2022 15:32:55.710 INFO [main] org.apache.coyote.AbstractProtocol.init Initializing ProtocolHandler ["http-nio-8090"]
28-Nov-2022 15:32:55.817 INFO [main] org.apache.tomcat.util.net.NioSelectorPool.getSharedSelector Using a shared selector for servlet write/read
28-Nov-2022 15:32:55.822 INFO [main] org.apache.coyote.AbstractProtocol.init Initializing ProtocolHandler ["ajp-nio-8009"]
28-Nov-2022 15:32:55.822 INFO [main] org.apache.tomcat.util.net.NioSelectorPool.getSharedSelector Using a shared selector for servlet write/read
28-Nov-2022 15:32:55.822 INFO [main] org.apache.catalina.startup.Catalina.load Initialization processed in 786 ms
28-Nov-2022 15:32:55.849 INFO [main] org.apache.catalina.core.StandardService.startInternal Starting service Catalina
28-Nov-2022 15:32:55.849 INFO [main] org.apache.catalina.core.StandardEngine.startInternal Starting Servlet Engine: Apache Tomcat/9.0.0.M1
28-Nov-2022 15:32:55.866 INFO [localhost-startStop-1] org.apache.catalina.startup.HostConfig.deployDirectory Deploying web application directory D:\Tomcat\webapps\zab
28-Nov-2022 16:34:55.138 INFO [main] org.apache.catalina.startup.VersionLoggerListener.log Server version:        Apache Tomcat/9.0.0.M1
28-Nov-2022 16:34:55.140 INFO [main] org.apache.catalina.startup.VersionLoggerListener.log Server built:          Nov 12 2015 22:05:52 UTC
28-Nov-2022 16:34:55.140 INFO [main] org.apache.catalina.startup.VersionLoggerListener.log Server number:         9.0.0.0
28-Nov-2022 16:34:55.140 INFO [main] org.apache.catalina.startup.VersionLoggerListener.log OS Name:               Windows 10
28-Nov-2022 16:34:55.140 INFO [main] org.apache.catalina.startup.VersionLoggerListener.log OS Version:            10.0
28-Nov-2022 16:34:55.140 INFO [main] org.apache.catalina.startup.VersionLoggerListener.log Architecture:          amd64
28-Nov-2022 16:34:55.140 INFO [main] org.apache.catalina.startup.VersionLoggerListener.log Java Home:             C:\Program Files\JAVA\jre1.8.0_92
28-Nov-2022 16:34:55.140 INFO [main] org.apache.catalina.startup.VersionLoggerListener.log JVM Version:           1.8.0_92-b14
28-Nov-2022 16:34:55.140 INFO [main] org.apache.catalina.startup.VersionLoggerListener.log JVM Vendor:            Oracle Corporation
28-Nov-2022 16:34:55.143 INFO [main] org.apache.catalina.startup.VersionLoggerListener.log CATALINA_BASE:         D:\Tomcat
28-Nov-2022 16:34:55.143 INFO [main] org.apache.catalina.startup.VersionLoggerListener.log CATALINA_HOME:         D:\Tomcat
28-Nov-2022 16:34:55.143 INFO [main] org.apache.catalina.startup.VersionLoggerListener.log Command line argument: -Dfile.encoding=UTF8
28-Nov-2022 16:34:55.143 INFO [main] org.apache.catalina.startup.VersionLoggerListener.log Command line argument: -Dcatalina.home=D:\Tomcat
28-Nov-2022 16:34:55.143 INFO [main] org.apache.catalina.startup.VersionLoggerListener.log Command line argument: -Dcatalina.base=D:\Tomcat
28-Nov-2022 16:34:55.143 INFO [main] org.apache.catalina.startup.VersionLoggerListener.log Command line argument: -Djava.io.tmpdir=D:\Tomcat\temp
28-Nov-2022 16:34:55.145 INFO [main] org.apache.catalina.startup.VersionLoggerListener.log Command line argument: -Djava.util.logging.manager=org.apache.juli.ClassLoaderLogManager
28-Nov-2022 16:34:55.145 INFO [main] org.apache.catalina.startup.VersionLoggerListener.log Command line argument: -Djava.util.logging.config.file=D:\Tomcat\conf\logging.properties
28-Nov-2022 16:34:55.146 INFO [main] org.apache.catalina.startup.VersionLoggerListener.log Command line argument: exit
28-Nov-2022 16:34:55.146 INFO [main] org.apache.catalina.startup.VersionLoggerListener.log Command line argument: -Xms128m
28-Nov-2022 16:34:55.147 INFO [main] org.apache.catalina.startup.VersionLoggerListener.log Command line argument: -Xmx256m
28-Nov-2022 16:34:55.147 INFO [main] org.apache.catalina.core.AprLifecycleListener.lifecycleEvent The APR based Apache Tomcat Native library which allows optimal performance in production environments was not found on the java.library.path: D:\Tomcat\bin;C:\WINDOWS\Sun\Java\bin;C:\WINDOWS\system32;C:\WINDOWS;C:\ProgramData\Oracle\Java\javapath;C:\Program Files (x86)\Common Files\Intel\Shared Libraries\redist\intel64\compiler;C:\WINDOWS\system32;C:\WINDOWS;C:\WINDOWS\System32\Wbem;C:\WINDOWS\System32\WindowsPowerShell\v1.0\;C:\WINDOWS\System32\OpenSSH\;C:\Program Files\Git\cmd;C:\Program Files\nodejs\;C:\Program Files\Azure Data Studio\bin;C:\Program Files\Microsoft SQL Server\Client SDK\ODBC\170\Tools\Binn\;C:\Program Files (x86)\Microsoft SQL Server\150\Tools\Binn\;C:\Program Files\Microsoft SQL Server\150\Tools\Binn\;C:\Program Files\Microsoft SQL Server\150\DTS\Binn\;C:\Program Files (x86)\Microsoft SQL Server\150\DTS\Binn\;C:\Users\Wasimul Islam\AppData\Local\Microsoft\WindowsApps;C:\Users\Wasimul Islam\AppData\Local\Programs\Microsoft VS Code\bin;C:\Users\Wasimul Islam\AppData\Roaming\npm;C:\source\flutter\bin;;.
28-Nov-2022 16:34:55.356 INFO [main] org.apache.coyote.AbstractProtocol.init Initializing ProtocolHandler ["http-nio-8090"]
28-Nov-2022 16:34:55.447 INFO [main] org.apache.tomcat.util.net.NioSelectorPool.getSharedSelector Using a shared selector for servlet write/read
28-Nov-2022 16:34:55.455 INFO [main] org.apache.coyote.AbstractProtocol.init Initializing ProtocolHandler ["ajp-nio-8009"]
28-Nov-2022 16:34:55.455 INFO [main] org.apache.tomcat.util.net.NioSelectorPool.getSharedSelector Using a shared selector for servlet write/read
28-Nov-2022 16:34:55.455 INFO [main] org.apache.catalina.startup.Catalina.load Initialization processed in 758 ms
28-Nov-2022 16:34:55.488 INFO [main] org.apache.catalina.core.StandardService.startInternal Starting service Catalina
28-Nov-2022 16:34:55.488 INFO [main] org.apache.catalina.core.StandardEngine.startInternal Starting Servlet Engine: Apache Tomcat/9.0.0.M1
28-Nov-2022 16:34:55.502 INFO [localhost-startStop-1] org.apache.catalina.startup.HostConfig.deployDirectory Deploying web application directory D:\Tomcat\webapps\zab
28-Nov-2022 16:35:00.560 INFO [localhost-startStop-1] org.apache.jasper.servlet.TldScanner.scanJars At least one JAR was scanned for TLDs yet contained no TLDs. Enable debug logging for this logger for a complete list of JARs that were scanned but no TLDs were found in them. Skipping unneeded JARs during scanning can improve startup time and JSP compilation time.
28-Nov-2022 16:35:00.817 INFO [localhost-startStop-1] org.apache.catalina.util.SessionIdGeneratorBase.createSecureRandom Creation of SecureRandom instance for session ID generation using [SHA1PRNG] took [201] milliseconds.
28-Nov-2022 16:35:02.867 INFO [localhost-startStop-1] org.apache.catalina.startup.HostConfig.deployDirectory Deployment of web application directory D:\Tomcat\webapps\zab has finished in 7,365 ms
28-Nov-2022 16:35:02.874 INFO [main] org.apache.coyote.AbstractProtocol.start Starting ProtocolHandler [http-nio-8090]
28-Nov-2022 16:35:02.882 INFO [main] org.apache.coyote.AbstractProtocol.start Starting ProtocolHandler [ajp-nio-8009]
28-Nov-2022 16:35:02.886 INFO [main] org.apache.catalina.startup.Catalina.start Server startup in 7427 ms
28-Nov-2022 16:35:32.806 INFO [http-nio-8090-exec-2] org.apache.tomcat.util.http.parser.Cookie.logInvalidHeader A cookie header was received [-1]] that contained an invalid cookie. That cookie will be ignored.Note: further occurrences of this error will be logged at DEBUG level.
