01-Jan-2023 09:07:48.860 INFO [main] org.apache.catalina.startup.VersionLoggerListener.log Server version:        Apache Tomcat/9.0.0.M1
01-Jan-2023 09:07:48.860 INFO [main] org.apache.catalina.startup.VersionLoggerListener.log Server built:          Nov 12 2015 22:05:52 UTC
01-Jan-2023 09:07:48.860 INFO [main] org.apache.catalina.startup.VersionLoggerListener.log Server number:         9.0.0.0
01-Jan-2023 09:07:48.860 INFO [main] org.apache.catalina.startup.VersionLoggerListener.log OS Name:               Windows 10
01-Jan-2023 09:07:48.860 INFO [main] org.apache.catalina.startup.VersionLoggerListener.log OS Version:            10.0
01-Jan-2023 09:07:48.860 INFO [main] org.apache.catalina.startup.VersionLoggerListener.log Architecture:          amd64
01-Jan-2023 09:07:48.860 INFO [main] org.apache.catalina.startup.VersionLoggerListener.log Java Home:             C:\Program Files\JAVA\jre1.8.0_92
01-Jan-2023 09:07:48.860 INFO [main] org.apache.catalina.startup.VersionLoggerListener.log JVM Version:           1.8.0_92-b14
01-Jan-2023 09:07:48.860 INFO [main] org.apache.catalina.startup.VersionLoggerListener.log JVM Vendor:            Oracle Corporation
01-Jan-2023 09:07:48.860 INFO [main] org.apache.catalina.startup.VersionLoggerListener.log CATALINA_BASE:         D:\Tomcat
01-Jan-2023 09:07:48.860 INFO [main] org.apache.catalina.startup.VersionLoggerListener.log CATALINA_HOME:         D:\Tomcat
01-Jan-2023 09:07:48.860 INFO [main] org.apache.catalina.startup.VersionLoggerListener.log Command line argument: -Dfile.encoding=UTF8
01-Jan-2023 09:07:48.860 INFO [main] org.apache.catalina.startup.VersionLoggerListener.log Command line argument: -Dcatalina.home=D:\Tomcat
01-Jan-2023 09:07:48.860 INFO [main] org.apache.catalina.startup.VersionLoggerListener.log Command line argument: -Dcatalina.base=D:\Tomcat
01-Jan-2023 09:07:48.860 INFO [main] org.apache.catalina.startup.VersionLoggerListener.log Command line argument: -Djava.io.tmpdir=D:\Tomcat\temp
01-Jan-2023 09:07:48.860 INFO [main] org.apache.catalina.startup.VersionLoggerListener.log Command line argument: -Djava.util.logging.manager=org.apache.juli.ClassLoaderLogManager
01-Jan-2023 09:07:48.860 INFO [main] org.apache.catalina.startup.VersionLoggerListener.log Command line argument: -Djava.util.logging.config.file=D:\Tomcat\conf\logging.properties
01-Jan-2023 09:07:48.867 INFO [main] org.apache.catalina.startup.VersionLoggerListener.log Command line argument: exit
01-Jan-2023 09:07:48.867 INFO [main] org.apache.catalina.startup.VersionLoggerListener.log Command line argument: -Xms128m
01-Jan-2023 09:07:48.870 INFO [main] org.apache.catalina.startup.VersionLoggerListener.log Command line argument: -Xmx256m
01-Jan-2023 09:07:48.870 INFO [main] org.apache.catalina.core.AprLifecycleListener.lifecycleEvent The APR based Apache Tomcat Native library which allows optimal performance in production environments was not found on the java.library.path: D:\Tomcat\bin;C:\WINDOWS\Sun\Java\bin;C:\WINDOWS\system32;C:\WINDOWS;C:\ProgramData\Oracle\Java\javapath;C:\Program Files (x86)\Common Files\Intel\Shared Libraries\redist\intel64\compiler;C:\WINDOWS\system32;C:\WINDOWS;C:\WINDOWS\System32\Wbem;C:\WINDOWS\System32\WindowsPowerShell\v1.0\;C:\WINDOWS\System32\OpenSSH\;C:\Program Files\Git\cmd;C:\Program Files\nodejs\;C:\Program Files\Azure Data Studio\bin;C:\Program Files\Microsoft SQL Server\Client SDK\ODBC\170\Tools\Binn\;C:\Program Files (x86)\Microsoft SQL Server\150\Tools\Binn\;C:\Program Files\Microsoft SQL Server\150\Tools\Binn\;C:\Program Files\Microsoft SQL Server\150\DTS\Binn\;C:\Program Files (x86)\Microsoft SQL Server\150\DTS\Binn\;C:\Users\Wasimul Islam\AppData\Local\Microsoft\WindowsApps;C:\Users\Wasimul Islam\AppData\Local\Programs\Microsoft VS Code\bin;C:\Users\Wasimul Islam\AppData\Roaming\npm;C:\source\flutter\bin;;.
01-Jan-2023 09:07:48.992 INFO [main] org.apache.coyote.AbstractProtocol.init Initializing ProtocolHandler ["http-nio-8090"]
01-Jan-2023 09:07:49.052 INFO [main] org.apache.tomcat.util.net.NioSelectorPool.getSharedSelector Using a shared selector for servlet write/read
01-Jan-2023 09:07:49.056 INFO [main] org.apache.coyote.AbstractProtocol.init Initializing ProtocolHandler ["ajp-nio-8009"]
01-Jan-2023 09:07:49.059 SEVERE [main] org.apache.coyote.AbstractProtocol.init Failed to initialize end point associated with ProtocolHandler ["ajp-nio-8009"]
 java.net.BindException: Address already in use: bind
	at sun.nio.ch.Net.bind0(Native Method)
	at sun.nio.ch.Net.bind(Unknown Source)
	at sun.nio.ch.Net.bind(Unknown Source)
	at sun.nio.ch.ServerSocketChannelImpl.bind(Unknown Source)
	at sun.nio.ch.ServerSocketAdaptor.bind(Unknown Source)
	at org.apache.tomcat.util.net.NioEndpoint.bind(NioEndpoint.java:245)
	at org.apache.tomcat.util.net.AbstractEndpoint.init(AbstractEndpoint.java:790)
	at org.apache.coyote.AbstractProtocol.init(AbstractProtocol.java:544)
	at org.apache.catalina.connector.Connector.initInternal(Connector.java:978)
	at org.apache.catalina.util.LifecycleBase.init(LifecycleBase.java:107)
	at org.apache.catalina.core.StandardService.initInternal(StandardService.java:569)
	at org.apache.catalina.util.LifecycleBase.init(LifecycleBase.java:107)
	at org.apache.catalina.core.StandardServer.initInternal(StandardServer.java:851)
	at org.apache.catalina.util.LifecycleBase.init(LifecycleBase.java:107)
	at org.apache.catalina.startup.Catalina.load(Catalina.java:600)
	at org.apache.catalina.startup.Catalina.load(Catalina.java:623)
	at sun.reflect.NativeMethodAccessorImpl.invoke0(Native Method)
	at sun.reflect.NativeMethodAccessorImpl.invoke(Unknown Source)
	at sun.reflect.DelegatingMethodAccessorImpl.invoke(Unknown Source)
	at java.lang.reflect.Method.invoke(Unknown Source)
	at org.apache.catalina.startup.Bootstrap.load(Bootstrap.java:310)
	at org.apache.catalina.startup.Bootstrap.main(Bootstrap.java:484)

01-Jan-2023 09:07:49.062 SEVERE [main] org.apache.catalina.core.StandardService.initInternal Failed to initialize connector [Connector[AJP/1.3-8009]]
 org.apache.catalina.LifecycleException: Failed to initialize component [Connector[AJP/1.3-8009]]
	at org.apache.catalina.util.LifecycleBase.init(LifecycleBase.java:112)
	at org.apache.catalina.core.StandardService.initInternal(StandardService.java:569)
	at org.apache.catalina.util.LifecycleBase.init(LifecycleBase.java:107)
	at org.apache.catalina.core.StandardServer.initInternal(StandardServer.java:851)
	at org.apache.catalina.util.LifecycleBase.init(LifecycleBase.java:107)
	at org.apache.catalina.startup.Catalina.load(Catalina.java:600)
	at org.apache.catalina.startup.Catalina.load(Catalina.java:623)
	at sun.reflect.NativeMethodAccessorImpl.invoke0(Native Method)
	at sun.reflect.NativeMethodAccessorImpl.invoke(Unknown Source)
	at sun.reflect.DelegatingMethodAccessorImpl.invoke(Unknown Source)
	at java.lang.reflect.Method.invoke(Unknown Source)
	at org.apache.catalina.startup.Bootstrap.load(Bootstrap.java:310)
	at org.apache.catalina.startup.Bootstrap.main(Bootstrap.java:484)
Caused by: org.apache.catalina.LifecycleException: Protocol handler initialization failed
	at org.apache.catalina.connector.Connector.initInternal(Connector.java:982)
	at org.apache.catalina.util.LifecycleBase.init(LifecycleBase.java:107)
	... 12 more
Caused by: java.net.BindException: Address already in use: bind
	at sun.nio.ch.Net.bind0(Native Method)
	at sun.nio.ch.Net.bind(Unknown Source)
	at sun.nio.ch.Net.bind(Unknown Source)
	at sun.nio.ch.ServerSocketChannelImpl.bind(Unknown Source)
	at sun.nio.ch.ServerSocketAdaptor.bind(Unknown Source)
	at org.apache.tomcat.util.net.NioEndpoint.bind(NioEndpoint.java:245)
	at org.apache.tomcat.util.net.AbstractEndpoint.init(AbstractEndpoint.java:790)
	at org.apache.coyote.AbstractProtocol.init(AbstractProtocol.java:544)
	at org.apache.catalina.connector.Connector.initInternal(Connector.java:978)
	... 13 more

01-Jan-2023 09:07:49.063 INFO [main] org.apache.catalina.startup.Catalina.load Initialization processed in 485 ms
01-Jan-2023 09:07:49.086 INFO [main] org.apache.catalina.core.StandardService.startInternal Starting service Catalina
01-Jan-2023 09:07:49.086 INFO [main] org.apache.catalina.core.StandardEngine.startInternal Starting Servlet Engine: Apache Tomcat/9.0.0.M1
01-Jan-2023 09:07:49.098 INFO [localhost-startStop-1] org.apache.catalina.startup.HostConfig.deployDirectory Deploying web application directory D:\Tomcat\webapps\zab
01-Jan-2023 09:07:53.144 INFO [localhost-startStop-1] org.apache.jasper.servlet.TldScanner.scanJars At least one JAR was scanned for TLDs yet contained no TLDs. Enable debug logging for this logger for a complete list of JARs that were scanned but no TLDs were found in them. Skipping unneeded JARs during scanning can improve startup time and JSP compilation time.
01-Jan-2023 09:07:53.298 INFO [localhost-startStop-1] org.apache.catalina.util.SessionIdGeneratorBase.createSecureRandom Creation of SecureRandom instance for session ID generation using [SHA1PRNG] took [106] milliseconds.
01-Jan-2023 09:07:55.025 INFO [localhost-startStop-1] org.apache.catalina.startup.HostConfig.deployDirectory Deployment of web application directory D:\Tomcat\webapps\zab has finished in 5,927 ms
01-Jan-2023 09:07:55.034 INFO [main] org.apache.coyote.AbstractProtocol.start Starting ProtocolHandler [http-nio-8090]
01-Jan-2023 09:07:55.041 INFO [main] org.apache.catalina.startup.Catalina.start Server startup in 5982 ms
01-Jan-2023 09:07:55.041 SEVERE [main] org.apache.catalina.core.StandardServer.await StandardServer.await: create[localhost:8005]: 
 java.net.BindException: Address already in use: JVM_Bind
	at java.net.DualStackPlainSocketImpl.bind0(Native Method)
	at java.net.DualStackPlainSocketImpl.socketBind(Unknown Source)
	at java.net.AbstractPlainSocketImpl.bind(Unknown Source)
	at java.net.PlainSocketImpl.bind(Unknown Source)
	at java.net.ServerSocket.bind(Unknown Source)
	at java.net.ServerSocket.<init>(Unknown Source)
	at org.apache.catalina.core.StandardServer.await(StandardServer.java:421)
	at org.apache.catalina.startup.Catalina.await(Catalina.java:737)
	at org.apache.catalina.startup.Catalina.start(Catalina.java:683)
	at sun.reflect.NativeMethodAccessorImpl.invoke0(Native Method)
	at sun.reflect.NativeMethodAccessorImpl.invoke(Unknown Source)
	at sun.reflect.DelegatingMethodAccessorImpl.invoke(Unknown Source)
	at java.lang.reflect.Method.invoke(Unknown Source)
	at org.apache.catalina.startup.Bootstrap.start(Bootstrap.java:351)
	at org.apache.catalina.startup.Bootstrap.main(Bootstrap.java:485)

01-Jan-2023 09:07:55.041 INFO [main] org.apache.coyote.AbstractProtocol.pause Pausing ProtocolHandler ["http-nio-8090"]
01-Jan-2023 09:07:55.103 INFO [main] org.apache.coyote.AbstractProtocol.pause Pausing ProtocolHandler ["ajp-nio-8009"]
01-Jan-2023 09:07:55.104 INFO [main] org.apache.catalina.core.StandardService.stopInternal Stopping service Catalina
01-Jan-2023 09:07:55.118 WARNING [localhost-startStop-1] org.apache.catalina.loader.WebappClassLoaderBase.clearReferencesJdbc The web application [zab] registered the JDBC driver [com.microsoft.sqlserver.jdbc.SQLServerDriver] but failed to unregister it when the web application was stopped. To prevent a memory leak, the JDBC Driver has been forcibly unregistered.
01-Jan-2023 09:07:55.129 INFO [main] org.apache.coyote.AbstractProtocol.stop Stopping ProtocolHandler ["http-nio-8090"]
01-Jan-2023 09:07:55.131 INFO [main] org.apache.coyote.AbstractProtocol.destroy Destroying ProtocolHandler ["http-nio-8090"]
01-Jan-2023 09:07:55.131 INFO [main] org.apache.coyote.AbstractProtocol.stop Stopping ProtocolHandler ["ajp-nio-8009"]
01-Jan-2023 09:07:55.131 INFO [main] org.apache.coyote.AbstractProtocol.destroy Destroying ProtocolHandler ["ajp-nio-8009"]
01-Jan-2023 09:08:05.297 INFO [main] org.apache.catalina.startup.VersionLoggerListener.log Server version:        Apache Tomcat/9.0.0.M1
01-Jan-2023 09:08:05.297 INFO [main] org.apache.catalina.startup.VersionLoggerListener.log Server built:          Nov 12 2015 22:05:52 UTC
01-Jan-2023 09:08:05.297 INFO [main] org.apache.catalina.startup.VersionLoggerListener.log Server number:         9.0.0.0
01-Jan-2023 09:08:05.297 INFO [main] org.apache.catalina.startup.VersionLoggerListener.log OS Name:               Windows 10
01-Jan-2023 09:08:05.297 INFO [main] org.apache.catalina.startup.VersionLoggerListener.log OS Version:            10.0
01-Jan-2023 09:08:05.297 INFO [main] org.apache.catalina.startup.VersionLoggerListener.log Architecture:          amd64
01-Jan-2023 09:08:05.297 INFO [main] org.apache.catalina.startup.VersionLoggerListener.log Java Home:             C:\Program Files\JAVA\jre1.8.0_92
01-Jan-2023 09:08:05.297 INFO [main] org.apache.catalina.startup.VersionLoggerListener.log JVM Version:           1.8.0_92-b14
01-Jan-2023 09:08:05.297 INFO [main] org.apache.catalina.startup.VersionLoggerListener.log JVM Vendor:            Oracle Corporation
01-Jan-2023 09:08:05.297 INFO [main] org.apache.catalina.startup.VersionLoggerListener.log CATALINA_BASE:         D:\Tomcat
01-Jan-2023 09:08:05.297 INFO [main] org.apache.catalina.startup.VersionLoggerListener.log CATALINA_HOME:         D:\Tomcat
01-Jan-2023 09:08:05.297 INFO [main] org.apache.catalina.startup.VersionLoggerListener.log Command line argument: -Dfile.encoding=UTF8
01-Jan-2023 09:08:05.310 INFO [main] org.apache.catalina.startup.VersionLoggerListener.log Command line argument: -Dcatalina.home=D:\Tomcat
01-Jan-2023 09:08:05.310 INFO [main] org.apache.catalina.startup.VersionLoggerListener.log Command line argument: -Dcatalina.base=D:\Tomcat
01-Jan-2023 09:08:05.311 INFO [main] org.apache.catalina.startup.VersionLoggerListener.log Command line argument: -Djava.io.tmpdir=D:\Tomcat\temp
01-Jan-2023 09:08:05.311 INFO [main] org.apache.catalina.startup.VersionLoggerListener.log Command line argument: -Djava.util.logging.manager=org.apache.juli.ClassLoaderLogManager
01-Jan-2023 09:08:05.311 INFO [main] org.apache.catalina.startup.VersionLoggerListener.log Command line argument: -Djava.util.logging.config.file=D:\Tomcat\conf\logging.properties
01-Jan-2023 09:08:05.313 INFO [main] org.apache.catalina.startup.VersionLoggerListener.log Command line argument: exit
01-Jan-2023 09:08:05.313 INFO [main] org.apache.catalina.startup.VersionLoggerListener.log Command line argument: -Xms128m
01-Jan-2023 09:08:05.315 INFO [main] org.apache.catalina.startup.VersionLoggerListener.log Command line argument: -Xmx256m
01-Jan-2023 09:08:05.315 INFO [main] org.apache.catalina.core.AprLifecycleListener.lifecycleEvent The APR based Apache Tomcat Native library which allows optimal performance in production environments was not found on the java.library.path: D:\Tomcat\bin;C:\WINDOWS\Sun\Java\bin;C:\WINDOWS\system32;C:\WINDOWS;C:\ProgramData\Oracle\Java\javapath;C:\Program Files (x86)\Common Files\Intel\Shared Libraries\redist\intel64\compiler;C:\WINDOWS\system32;C:\WINDOWS;C:\WINDOWS\System32\Wbem;C:\WINDOWS\System32\WindowsPowerShell\v1.0\;C:\WINDOWS\System32\OpenSSH\;C:\Program Files\Git\cmd;C:\Program Files\nodejs\;C:\Program Files\Azure Data Studio\bin;C:\Program Files\Microsoft SQL Server\Client SDK\ODBC\170\Tools\Binn\;C:\Program Files (x86)\Microsoft SQL Server\150\Tools\Binn\;C:\Program Files\Microsoft SQL Server\150\Tools\Binn\;C:\Program Files\Microsoft SQL Server\150\DTS\Binn\;C:\Program Files (x86)\Microsoft SQL Server\150\DTS\Binn\;C:\Users\Wasimul Islam\AppData\Local\Microsoft\WindowsApps;C:\Users\Wasimul Islam\AppData\Local\Programs\Microsoft VS Code\bin;C:\Users\Wasimul Islam\AppData\Roaming\npm;C:\source\flutter\bin;;.
01-Jan-2023 09:08:05.391 INFO [main] org.apache.coyote.AbstractProtocol.init Initializing ProtocolHandler ["http-nio-8090"]
01-Jan-2023 09:08:05.454 INFO [main] org.apache.tomcat.util.net.NioSelectorPool.getSharedSelector Using a shared selector for servlet write/read
01-Jan-2023 09:08:05.454 INFO [main] org.apache.coyote.AbstractProtocol.init Initializing ProtocolHandler ["ajp-nio-8009"]
01-Jan-2023 09:08:05.454 INFO [main] org.apache.tomcat.util.net.NioSelectorPool.getSharedSelector Using a shared selector for servlet write/read
01-Jan-2023 09:08:05.454 INFO [main] org.apache.catalina.startup.Catalina.load Initialization processed in 406 ms
01-Jan-2023 09:08:05.469 INFO [main] org.apache.catalina.core.StandardService.startInternal Starting service Catalina
01-Jan-2023 09:08:05.469 INFO [main] org.apache.catalina.core.StandardEngine.startInternal Starting Servlet Engine: Apache Tomcat/9.0.0.M1
01-Jan-2023 09:08:05.487 INFO [localhost-startStop-1] org.apache.catalina.startup.HostConfig.deployDirectory Deploying web application directory D:\Tomcat\webapps\zab
01-Jan-2023 09:08:08.631 INFO [localhost-startStop-1] org.apache.jasper.servlet.TldScanner.scanJars At least one JAR was scanned for TLDs yet contained no TLDs. Enable debug logging for this logger for a complete list of JARs that were scanned but no TLDs were found in them. Skipping unneeded JARs during scanning can improve startup time and JSP compilation time.
01-Jan-2023 09:08:10.783 INFO [localhost-startStop-1] org.apache.catalina.startup.HostConfig.deployDirectory Deployment of web application directory D:\Tomcat\webapps\zab has finished in 5,295 ms
01-Jan-2023 09:08:10.786 INFO [main] org.apache.coyote.AbstractProtocol.start Starting ProtocolHandler [http-nio-8090]
01-Jan-2023 09:08:10.795 INFO [main] org.apache.coyote.AbstractProtocol.start Starting ProtocolHandler [ajp-nio-8009]
01-Jan-2023 09:08:10.797 INFO [main] org.apache.catalina.startup.Catalina.start Server startup in 5335 ms
01-Jan-2023 09:45:14.415 INFO [Thread-6] org.apache.coyote.AbstractProtocol.pause Pausing ProtocolHandler ["http-nio-8090"]
01-Jan-2023 09:45:14.480 INFO [Thread-6] org.apache.coyote.AbstractProtocol.pause Pausing ProtocolHandler ["ajp-nio-8009"]
01-Jan-2023 09:45:14.540 INFO [Thread-6] org.apache.catalina.core.StandardService.stopInternal Stopping service Catalina
01-Jan-2023 09:45:14.574 WARNING [localhost-startStop-2] org.apache.catalina.loader.WebappClassLoaderBase.clearReferencesJdbc The web application [zab] registered the JDBC driver [com.microsoft.sqlserver.jdbc.SQLServerDriver] but failed to unregister it when the web application was stopped. To prevent a memory leak, the JDBC Driver has been forcibly unregistered.
01-Jan-2023 09:45:14.634 INFO [Thread-6] org.apache.coyote.AbstractProtocol.stop Stopping ProtocolHandler ["http-nio-8090"]
01-Jan-2023 09:45:14.637 INFO [Thread-6] org.apache.coyote.AbstractProtocol.stop Stopping ProtocolHandler ["ajp-nio-8009"]
