19-Dec-2022 11:15:48.184 INFO [main] org.apache.catalina.startup.VersionLoggerListener.log Server version:        Apache Tomcat/9.0.0.M1
19-Dec-2022 11:15:48.184 INFO [main] org.apache.catalina.startup.VersionLoggerListener.log Server built:          Nov 12 2015 22:05:52 UTC
19-Dec-2022 11:15:48.184 INFO [main] org.apache.catalina.startup.VersionLoggerListener.log Server number:         9.0.0.0
19-Dec-2022 11:15:48.184 INFO [main] org.apache.catalina.startup.VersionLoggerListener.log OS Name:               Windows 10
19-Dec-2022 11:15:48.184 INFO [main] org.apache.catalina.startup.VersionLoggerListener.log OS Version:            10.0
19-Dec-2022 11:15:48.189 INFO [main] org.apache.catalina.startup.VersionLoggerListener.log Architecture:          amd64
19-Dec-2022 11:15:48.189 INFO [main] org.apache.catalina.startup.VersionLoggerListener.log Java Home:             C:\Program Files\JAVA\jre1.8.0_92
19-Dec-2022 11:15:48.189 INFO [main] org.apache.catalina.startup.VersionLoggerListener.log JVM Version:           1.8.0_92-b14
19-Dec-2022 11:15:48.189 INFO [main] org.apache.catalina.startup.VersionLoggerListener.log JVM Vendor:            Oracle Corporation
19-Dec-2022 11:15:48.189 INFO [main] org.apache.catalina.startup.VersionLoggerListener.log CATALINA_BASE:         D:\Tomcat
19-Dec-2022 11:15:48.189 INFO [main] org.apache.catalina.startup.VersionLoggerListener.log CATALINA_HOME:         D:\Tomcat
19-Dec-2022 11:15:48.189 INFO [main] org.apache.catalina.startup.VersionLoggerListener.log Command line argument: -Dfile.encoding=UTF8
19-Dec-2022 11:15:48.189 INFO [main] org.apache.catalina.startup.VersionLoggerListener.log Command line argument: -Dcatalina.home=D:\Tomcat
19-Dec-2022 11:15:48.189 INFO [main] org.apache.catalina.startup.VersionLoggerListener.log Command line argument: -Dcatalina.base=D:\Tomcat
19-Dec-2022 11:15:48.192 INFO [main] org.apache.catalina.startup.VersionLoggerListener.log Command line argument: -Djava.io.tmpdir=D:\Tomcat\temp
19-Dec-2022 11:15:48.192 INFO [main] org.apache.catalina.startup.VersionLoggerListener.log Command line argument: -Djava.util.logging.manager=org.apache.juli.ClassLoaderLogManager
19-Dec-2022 11:15:48.192 INFO [main] org.apache.catalina.startup.VersionLoggerListener.log Command line argument: -Djava.util.logging.config.file=D:\Tomcat\conf\logging.properties
19-Dec-2022 11:15:48.192 INFO [main] org.apache.catalina.startup.VersionLoggerListener.log Command line argument: exit
19-Dec-2022 11:15:48.192 INFO [main] org.apache.catalina.startup.VersionLoggerListener.log Command line argument: -Xms128m
19-Dec-2022 11:15:48.192 INFO [main] org.apache.catalina.startup.VersionLoggerListener.log Command line argument: -Xmx256m
19-Dec-2022 11:15:48.192 INFO [main] org.apache.catalina.core.AprLifecycleListener.lifecycleEvent The APR based Apache Tomcat Native library which allows optimal performance in production environments was not found on the java.library.path: D:\Tomcat\bin;C:\WINDOWS\Sun\Java\bin;C:\WINDOWS\system32;C:\WINDOWS;C:\ProgramData\Oracle\Java\javapath;C:\Program Files (x86)\Common Files\Intel\Shared Libraries\redist\intel64\compiler;C:\WINDOWS\system32;C:\WINDOWS;C:\WINDOWS\System32\Wbem;C:\WINDOWS\System32\WindowsPowerShell\v1.0\;C:\WINDOWS\System32\OpenSSH\;C:\Program Files\Git\cmd;C:\Program Files\nodejs\;C:\Program Files\Azure Data Studio\bin;C:\Program Files\Microsoft SQL Server\Client SDK\ODBC\170\Tools\Binn\;C:\Program Files (x86)\Microsoft SQL Server\150\Tools\Binn\;C:\Program Files\Microsoft SQL Server\150\Tools\Binn\;C:\Program Files\Microsoft SQL Server\150\DTS\Binn\;C:\Program Files (x86)\Microsoft SQL Server\150\DTS\Binn\;C:\Users\Wasimul Islam\AppData\Local\Microsoft\WindowsApps;C:\Users\Wasimul Islam\AppData\Local\Programs\Microsoft VS Code\bin;C:\Users\Wasimul Islam\AppData\Roaming\npm;C:\source\flutter\bin;;.
19-Dec-2022 11:15:48.375 INFO [main] org.apache.coyote.AbstractProtocol.init Initializing ProtocolHandler ["http-nio-8090"]
19-Dec-2022 11:15:48.489 INFO [main] org.apache.tomcat.util.net.NioSelectorPool.getSharedSelector Using a shared selector for servlet write/read
19-Dec-2022 11:15:48.490 INFO [main] org.apache.coyote.AbstractProtocol.init Initializing ProtocolHandler ["ajp-nio-8009"]
19-Dec-2022 11:15:48.495 INFO [main] org.apache.tomcat.util.net.NioSelectorPool.getSharedSelector Using a shared selector for servlet write/read
19-Dec-2022 11:15:48.495 INFO [main] org.apache.catalina.startup.Catalina.load Initialization processed in 801 ms
19-Dec-2022 11:15:48.530 INFO [main] org.apache.catalina.core.StandardService.startInternal Starting service Catalina
19-Dec-2022 11:15:48.530 INFO [main] org.apache.catalina.core.StandardEngine.startInternal Starting Servlet Engine: Apache Tomcat/9.0.0.M1
19-Dec-2022 11:15:48.537 INFO [localhost-startStop-1] org.apache.catalina.startup.HostConfig.deployDirectory Deploying web application directory D:\Tomcat\webapps\zab
19-Dec-2022 11:15:54.757 INFO [localhost-startStop-1] org.apache.jasper.servlet.TldScanner.scanJars At least one JAR was scanned for TLDs yet contained no TLDs. Enable debug logging for this logger for a complete list of JARs that were scanned but no TLDs were found in them. Skipping unneeded JARs during scanning can improve startup time and JSP compilation time.
19-Dec-2022 11:15:55.073 INFO [localhost-startStop-1] org.apache.catalina.util.SessionIdGeneratorBase.createSecureRandom Creation of SecureRandom instance for session ID generation using [SHA1PRNG] took [251] milliseconds.
19-Dec-2022 11:15:57.202 INFO [localhost-startStop-1] org.apache.catalina.startup.HostConfig.deployDirectory Deployment of web application directory D:\Tomcat\webapps\zab has finished in 8,664 ms
19-Dec-2022 11:15:57.206 INFO [main] org.apache.coyote.AbstractProtocol.start Starting ProtocolHandler [http-nio-8090]
19-Dec-2022 11:15:57.219 INFO [main] org.apache.coyote.AbstractProtocol.start Starting ProtocolHandler [ajp-nio-8009]
19-Dec-2022 11:15:57.222 INFO [main] org.apache.catalina.startup.Catalina.start Server startup in 8724 ms
19-Dec-2022 14:17:55.843 INFO [Thread-8] org.apache.coyote.AbstractProtocol.pause Pausing ProtocolHandler ["http-nio-8090"]
19-Dec-2022 14:17:55.905 INFO [Thread-8] org.apache.coyote.AbstractProtocol.pause Pausing ProtocolHandler ["ajp-nio-8009"]
19-Dec-2022 14:17:55.968 INFO [Thread-8] org.apache.catalina.core.StandardService.stopInternal Stopping service Catalina
19-Dec-2022 14:17:56.018 WARNING [localhost-startStop-2] org.apache.catalina.loader.WebappClassLoaderBase.clearReferencesJdbc The web application [zab] registered the JDBC driver [com.microsoft.sqlserver.jdbc.SQLServerDriver] but failed to unregister it when the web application was stopped. To prevent a memory leak, the JDBC Driver has been forcibly unregistered.
19-Dec-2022 14:17:56.024 WARNING [localhost-startStop-2] org.apache.catalina.loader.WebappClassLoaderBase.clearReferencesThreads The web application [zab] appears to have started a thread named [Thread-6] but has failed to stop it. This is very likely to create a memory leak. Stack trace of thread:
 sun.print.Win32PrintServiceLookup.notifyPrinterChange(Native Method)
 sun.print.Win32PrintServiceLookup.access$100(Unknown Source)
 sun.print.Win32PrintServiceLookup$PrinterChangeListener.run(Unknown Source)
19-Dec-2022 14:17:56.054 SEVERE [localhost-startStop-2] org.apache.catalina.loader.WebappClassLoaderBase.checkThreadLocalMapForLeaks The web application [zab] created a ThreadLocal with key of type [com.crystaldecisions.reports.exporters.format.page.pdf.dom.j$1] (value [com.crystaldecisions.reports.exporters.format.page.pdf.dom.j$1@69e38d48]) and a value of type [com.crystaldecisions.reports.exporters.format.page.pdf.dom.j] (value [com.crystaldecisions.reports.exporters.format.page.pdf.dom.j@29fc25f6]) but failed to remove it when the web application was stopped. Threads are going to be renewed over time to try and avoid a probable memory leak.
19-Dec-2022 14:17:56.058 SEVERE [localhost-startStop-2] org.apache.catalina.loader.WebappClassLoaderBase.checkThreadLocalMapForLeaks The web application [zab] created a ThreadLocal with key of type [com.crystaldecisions.reports.common.locale.FormatterCache$1] (value [com.crystaldecisions.reports.common.locale.FormatterCache$1@7ce581d5]) and a value of type [java.util.HashMap] (value [{en_US=com.ibm.icu.text.DecimalFormat@674dc}]) but failed to remove it when the web application was stopped. Threads are going to be renewed over time to try and avoid a probable memory leak.
19-Dec-2022 14:17:56.058 SEVERE [localhost-startStop-2] org.apache.catalina.loader.WebappClassLoaderBase.checkThreadLocalMapForLeaks The web application [zab] created a ThreadLocal with key of type [com.crystaldecisions.reports.exporters.format.page.pdf.pdflib.n$1] (value [com.crystaldecisions.reports.exporters.format.page.pdf.pdflib.n$1@2b7d7a68]) and a value of type [com.crystaldecisions.reports.exporters.format.page.pdf.pdflib.n] (value [com.crystaldecisions.reports.exporters.format.page.pdf.pdflib.n@7909cb24]) but failed to remove it when the web application was stopped. Threads are going to be renewed over time to try and avoid a probable memory leak.
19-Dec-2022 14:17:56.058 SEVERE [localhost-startStop-2] org.apache.catalina.loader.WebappClassLoaderBase.checkThreadLocalMapForLeaks The web application [zab] created a ThreadLocal with key of type [com.crystaldecisions.reports.common.locale.FormatterCache$2] (value [com.crystaldecisions.reports.common.locale.FormatterCache$2@2abdb799]) and a value of type [java.util.HashMap] (value [{en_US=com.ibm.icu.text.DecimalFormat@67500}]) but failed to remove it when the web application was stopped. Threads are going to be renewed over time to try and avoid a probable memory leak.
19-Dec-2022 14:17:56.058 SEVERE [localhost-startStop-2] org.apache.catalina.loader.WebappClassLoaderBase.checkThreadLocalMapForLeaks The web application [zab] created a ThreadLocal with key of type [com.crystaldecisions.reports.exporters.format.page.pdf.pdflib.DoubleFormatter$1] (value [com.crystaldecisions.reports.exporters.format.page.pdf.pdflib.DoubleFormatter$1@24601bca]) and a value of type [java.lang.StringBuilder] (value [800]) but failed to remove it when the web application was stopped. Threads are going to be renewed over time to try and avoid a probable memory leak.
19-Dec-2022 14:17:56.065 SEVERE [localhost-startStop-2] org.apache.catalina.loader.WebappClassLoaderBase.checkThreadLocalMapForLeaks The web application [zab] created a ThreadLocal with key of type [com.crystaldecisions.reports.common.locale.FormatterCache$3] (value [com.crystaldecisions.reports.common.locale.FormatterCache$3@5522d6f1]) and a value of type [java.util.HashMap] (value [{com.ibm.icu.util.GregorianCalendar[time=1671427332081,areFieldsSet=false,areAllFieldsSet=false,lenient=true,zone=com.ibm.icu.impl.JavaTimeZone@6dcd0e4d,firstDayOfWeek=1,minimalDaysInFirstWeek=4,ERA=0,YEAR=0,MONTH=0,WEEK_OF_YEAR=0,WEEK_OF_MONTH=0,DAY_OF_MONTH=0,DAY_OF_YEAR=0,DAY_OF_WEEK=0,DAY_OF_WEEK_IN_MONTH=0,AM_PM=0,HOUR=0,HOUR_OF_DAY=0,MINUTE=0,SECOND=0,MILLISECOND=0,ZONE_OFFSET=0,DST_OFFSET=0,YEAR_WOY=0,DOW_LOCAL=0,EXTENDED_YEAR=0,JULIAN_DAY=0,MILLISECONDS_IN_DAY=0]={en_US=com.ibm.icu.text.SimpleDateFormat@8629ad2d}, com.ibm.icu.util.GregorianCalendar[time=1671408000000,areFieldsSet=true,areAllFieldsSet=true,lenient=true,zone=com.ibm.icu.impl.JavaTimeZone@1142e,firstDayOfWeek=1,minimalDaysInFirstWeek=4,ERA=1,YEAR=2022,MONTH=11,WEEK_OF_YEAR=51,WEEK_OF_MONTH=3,DAY_OF_MONTH=19,DAY_OF_YEAR=353,DAY_OF_WEEK=2,DAY_OF_WEEK_IN_MONTH=3,AM_PM=0,HOUR=0,HOUR_OF_DAY=0,MINUTE=0,SECOND=0,MILLISECOND=0,ZONE_OFFSET=0,DST_OFFSET=0,YEAR_WOY=2022,DOW_LOCAL=2,EXTENDED_YEAR=2022,JULIAN_DAY=2459933,MILLISECONDS_IN_DAY=0]={en_US=com.ibm.icu.text.SimpleDateFormat@8629ad2d}}]) but failed to remove it when the web application was stopped. Threads are going to be renewed over time to try and avoid a probable memory leak.
19-Dec-2022 14:17:56.067 SEVERE [localhost-startStop-2] org.apache.catalina.loader.WebappClassLoaderBase.checkThreadLocalMapForLeaks The web application [zab] created a ThreadLocal with key of type [com.crystaldecisions.reports.common.filemanagement.DataPump$1] (value [com.crystaldecisions.reports.common.filemanagement.DataPump$1@78791c9]) and a value of type [byte[]] (value [[B@7a4fd495]) but failed to remove it when the web application was stopped. Threads are going to be renewed over time to try and avoid a probable memory leak.
19-Dec-2022 14:17:56.067 SEVERE [localhost-startStop-2] org.apache.catalina.loader.WebappClassLoaderBase.checkThreadLocalMapForLeaks The web application [zab] created a ThreadLocal with key of type [com.crystaldecisions.reports.exporters.format.page.pdf.fontembedding.opentype.reader.OpenTypeReader$2] (value [com.crystaldecisions.reports.exporters.format.page.pdf.fontembedding.opentype.reader.OpenTypeReader$2@6d01470d]) and a value of type [java.util.ArrayList] (value [[]]) but failed to remove it when the web application was stopped. Threads are going to be renewed over time to try and avoid a probable memory leak.
19-Dec-2022 14:17:56.069 SEVERE [localhost-startStop-2] org.apache.catalina.loader.WebappClassLoaderBase.checkThreadLocalMapForLeaks The web application [zab] created a ThreadLocal with key of type [com.crystaldecisions.reports.common.locale.FormatterCache$5] (value [com.crystaldecisions.reports.common.locale.FormatterCache$5@398d4f96]) and a value of type [java.util.HashMap] (value [{com.ibm.icu.util.GregorianCalendar[time=1671427332239,areFieldsSet=false,areAllFieldsSet=false,lenient=true,zone=com.ibm.icu.impl.JavaTimeZone@6dcd0e4d,firstDayOfWeek=1,minimalDaysInFirstWeek=4,ERA=0,YEAR=0,MONTH=0,WEEK_OF_YEAR=0,WEEK_OF_MONTH=0,DAY_OF_MONTH=0,DAY_OF_YEAR=0,DAY_OF_WEEK=0,DAY_OF_WEEK_IN_MONTH=0,AM_PM=0,HOUR=0,HOUR_OF_DAY=0,MINUTE=0,SECOND=0,MILLISECOND=0,ZONE_OFFSET=0,DST_OFFSET=0,YEAR_WOY=0,DOW_LOCAL=0,EXTENDED_YEAR=0,JULIAN_DAY=0,MILLISECONDS_IN_DAY=0]={en_US=com.ibm.icu.text.SimpleDateFormat@b4dc7db3}, com.ibm.icu.util.GregorianCalendar[time=1671427337223,areFieldsSet=false,areAllFieldsSet=false,lenient=true,zone=com.ibm.icu.impl.JavaTimeZone@6dcd0e4d,firstDayOfWeek=1,minimalDaysInFirstWeek=4,ERA=0,YEAR=0,MONTH=0,WEEK_OF_YEAR=0,WEEK_OF_MONTH=0,DAY_OF_MONTH=0,DAY_OF_YEAR=0,DAY_OF_WEEK=0,DAY_OF_WEEK_IN_MONTH=0,AM_PM=0,HOUR=0,HOUR_OF_DAY=0,MINUTE=0,SECOND=0,MILLISECOND=0,ZONE_OFFSET=0,DST_OFFSET=0,YEAR_WOY=0,DOW_LOCAL=0,EXTENDED_YEAR=0,JULIAN_DAY=0,MILLISECONDS_IN_DAY=0]={en_US=com.ibm.icu.text.SimpleDateFormat@b4dc7db3}}]) but failed to remove it when the web application was stopped. Threads are going to be renewed over time to try and avoid a probable memory leak.
19-Dec-2022 14:17:56.072 SEVERE [localhost-startStop-2] org.apache.catalina.loader.WebappClassLoaderBase.checkThreadLocalMapForLeaks The web application [zab] created a ThreadLocal with key of type [com.crystaldecisions.reports.reportdefinition.FormattedFieldValue$1] (value [com.crystaldecisions.reports.reportdefinition.FormattedFieldValue$1@d789939]) and a value of type [com.crystaldecisions.reports.reportdefinition.FormattedFieldValue.a] (value [com.crystaldecisions.reports.reportdefinition.FormattedFieldValue$a@44a92415]) but failed to remove it when the web application was stopped. Threads are going to be renewed over time to try and avoid a probable memory leak.
19-Dec-2022 14:17:56.151 INFO [Thread-8] org.apache.coyote.AbstractProtocol.stop Stopping ProtocolHandler ["http-nio-8090"]
19-Dec-2022 14:17:56.155 INFO [Thread-8] org.apache.coyote.AbstractProtocol.stop Stopping ProtocolHandler ["ajp-nio-8009"]
19-Dec-2022 14:18:08.319 INFO [main] org.apache.catalina.startup.VersionLoggerListener.log Server version:        Apache Tomcat/9.0.0.M1
19-Dec-2022 14:18:08.335 INFO [main] org.apache.catalina.startup.VersionLoggerListener.log Server built:          Nov 12 2015 22:05:52 UTC
19-Dec-2022 14:18:08.335 INFO [main] org.apache.catalina.startup.VersionLoggerListener.log Server number:         9.0.0.0
19-Dec-2022 14:18:08.335 INFO [main] org.apache.catalina.startup.VersionLoggerListener.log OS Name:               Windows 10
19-Dec-2022 14:18:08.335 INFO [main] org.apache.catalina.startup.VersionLoggerListener.log OS Version:            10.0
19-Dec-2022 14:18:08.335 INFO [main] org.apache.catalina.startup.VersionLoggerListener.log Architecture:          amd64
19-Dec-2022 14:18:08.337 INFO [main] org.apache.catalina.startup.VersionLoggerListener.log Java Home:             C:\Program Files\JAVA\jre1.8.0_92
19-Dec-2022 14:18:08.337 INFO [main] org.apache.catalina.startup.VersionLoggerListener.log JVM Version:           1.8.0_92-b14
19-Dec-2022 14:18:08.337 INFO [main] org.apache.catalina.startup.VersionLoggerListener.log JVM Vendor:            Oracle Corporation
19-Dec-2022 14:18:08.337 INFO [main] org.apache.catalina.startup.VersionLoggerListener.log CATALINA_BASE:         D:\Tomcat
19-Dec-2022 14:18:08.338 INFO [main] org.apache.catalina.startup.VersionLoggerListener.log CATALINA_HOME:         D:\Tomcat
19-Dec-2022 14:18:08.338 INFO [main] org.apache.catalina.startup.VersionLoggerListener.log Command line argument: -Dfile.encoding=UTF8
19-Dec-2022 14:18:08.338 INFO [main] org.apache.catalina.startup.VersionLoggerListener.log Command line argument: -Dcatalina.home=D:\Tomcat
19-Dec-2022 14:18:08.338 INFO [main] org.apache.catalina.startup.VersionLoggerListener.log Command line argument: -Dcatalina.base=D:\Tomcat
19-Dec-2022 14:18:08.338 INFO [main] org.apache.catalina.startup.VersionLoggerListener.log Command line argument: -Djava.io.tmpdir=D:\Tomcat\temp
19-Dec-2022 14:18:08.338 INFO [main] org.apache.catalina.startup.VersionLoggerListener.log Command line argument: -Djava.util.logging.manager=org.apache.juli.ClassLoaderLogManager
19-Dec-2022 14:18:08.338 INFO [main] org.apache.catalina.startup.VersionLoggerListener.log Command line argument: -Djava.util.logging.config.file=D:\Tomcat\conf\logging.properties
19-Dec-2022 14:18:08.340 INFO [main] org.apache.catalina.startup.VersionLoggerListener.log Command line argument: exit
19-Dec-2022 14:18:08.340 INFO [main] org.apache.catalina.startup.VersionLoggerListener.log Command line argument: -Xms128m
19-Dec-2022 14:18:08.344 INFO [main] org.apache.catalina.startup.VersionLoggerListener.log Command line argument: -Xmx256m
19-Dec-2022 14:18:08.344 INFO [main] org.apache.catalina.core.AprLifecycleListener.lifecycleEvent The APR based Apache Tomcat Native library which allows optimal performance in production environments was not found on the java.library.path: D:\Tomcat\bin;C:\WINDOWS\Sun\Java\bin;C:\WINDOWS\system32;C:\WINDOWS;C:\ProgramData\Oracle\Java\javapath;C:\Program Files (x86)\Common Files\Intel\Shared Libraries\redist\intel64\compiler;C:\WINDOWS\system32;C:\WINDOWS;C:\WINDOWS\System32\Wbem;C:\WINDOWS\System32\WindowsPowerShell\v1.0\;C:\WINDOWS\System32\OpenSSH\;C:\Program Files\Git\cmd;C:\Program Files\nodejs\;C:\Program Files\Azure Data Studio\bin;C:\Program Files\Microsoft SQL Server\Client SDK\ODBC\170\Tools\Binn\;C:\Program Files (x86)\Microsoft SQL Server\150\Tools\Binn\;C:\Program Files\Microsoft SQL Server\150\Tools\Binn\;C:\Program Files\Microsoft SQL Server\150\DTS\Binn\;C:\Program Files (x86)\Microsoft SQL Server\150\DTS\Binn\;C:\Users\Wasimul Islam\AppData\Local\Microsoft\WindowsApps;C:\Users\Wasimul Islam\AppData\Local\Programs\Microsoft VS Code\bin;C:\Users\Wasimul Islam\AppData\Roaming\npm;C:\source\flutter\bin;;.
19-Dec-2022 14:18:08.545 INFO [main] org.apache.coyote.AbstractProtocol.init Initializing ProtocolHandler ["http-nio-8090"]
19-Dec-2022 14:18:08.638 INFO [main] org.apache.tomcat.util.net.NioSelectorPool.getSharedSelector Using a shared selector for servlet write/read
19-Dec-2022 14:18:08.640 INFO [main] org.apache.coyote.AbstractProtocol.init Initializing ProtocolHandler ["ajp-nio-8009"]
19-Dec-2022 14:18:08.647 INFO [main] org.apache.tomcat.util.net.NioSelectorPool.getSharedSelector Using a shared selector for servlet write/read
19-Dec-2022 14:18:08.647 INFO [main] org.apache.catalina.startup.Catalina.load Initialization processed in 774 ms
19-Dec-2022 14:18:08.679 INFO [main] org.apache.catalina.core.StandardService.startInternal Starting service Catalina
19-Dec-2022 14:18:08.682 INFO [main] org.apache.catalina.core.StandardEngine.startInternal Starting Servlet Engine: Apache Tomcat/9.0.0.M1
19-Dec-2022 14:18:08.695 INFO [localhost-startStop-1] org.apache.catalina.startup.HostConfig.deployDirectory Deploying web application directory D:\Tomcat\webapps\zab
19-Dec-2022 14:18:14.110 INFO [localhost-startStop-1] org.apache.jasper.servlet.TldScanner.scanJars At least one JAR was scanned for TLDs yet contained no TLDs. Enable debug logging for this logger for a complete list of JARs that were scanned but no TLDs were found in them. Skipping unneeded JARs during scanning can improve startup time and JSP compilation time.
19-Dec-2022 14:18:14.432 INFO [localhost-startStop-1] org.apache.catalina.util.SessionIdGeneratorBase.createSecureRandom Creation of SecureRandom instance for session ID generation using [SHA1PRNG] took [227] milliseconds.
19-Dec-2022 14:18:16.215 INFO [localhost-startStop-1] org.apache.catalina.startup.HostConfig.deployDirectory Deployment of web application directory D:\Tomcat\webapps\zab has finished in 7,520 ms
19-Dec-2022 14:18:16.221 INFO [main] org.apache.coyote.AbstractProtocol.start Starting ProtocolHandler [http-nio-8090]
19-Dec-2022 14:18:16.231 INFO [main] org.apache.coyote.AbstractProtocol.start Starting ProtocolHandler [ajp-nio-8009]
19-Dec-2022 14:18:16.234 INFO [main] org.apache.catalina.startup.Catalina.start Server startup in 7584 ms
