[2022-11-20 08:44:18] [info]  [ 4896] Commons Daemon procrun (1.0.15.0 64-bit) started
[2022-11-20 08:44:19] [info]  [ 4896] Running 'Tomcat9' Service...
[2022-11-20 08:44:19] [info]  [ 5312] Starting service...
[2022-11-20 08:44:20] [info]  [ 5312] Service started in 1429 ms.
[2022-11-20 08:47:29] [info]  [14188] Stopping service...
[2022-11-20 08:47:30] [info]  [14188] Service stop thread completed.
[2022-11-20 08:47:30] [info]  [ 4896] Run service finished.
[2022-11-20 08:47:30] [info]  [ 4896] Commons Daemon procrun finished
[2022-11-20 09:53:12] [info]  [15452] Commons Daemon procrun (1.0.15.0 64-bit) started
[2022-11-20 09:53:12] [info]  [15452] Debugging 'Tomcat9' service...
[2022-11-20 09:53:12] [info]  [15452] Starting service...
[2022-11-20 09:53:13] [info]  [15452] Service started in 1236 ms.
[2022-11-20 11:23:23] [info]  [ 5068] Console CTRL+CLOSE event signaled
[2022-11-20 11:23:23] [info]  [ 5068] Stopping service...
[2022-11-20 11:23:24] [info]  [ 5068] Service stop thread completed.
[2022-11-20 11:27:00] [info]  [ 9460] Commons Daemon procrun (1.0.15.0 64-bit) started
[2022-11-20 11:27:00] [info]  [ 9460] Debugging 'Tomcat9' service...
[2022-11-20 11:27:00] [info]  [ 9460] Starting service...
[2022-11-20 11:27:01] [info]  [ 9460] Service started in 1211 ms.
[2022-11-20 11:30:33] [info]  [11040] Console CTRL+CLOSE event signaled
[2022-11-20 11:30:33] [info]  [11040] Stopping service...
[2022-11-20 11:30:34] [info]  [11040] Service stop thread completed.
[2022-11-20 11:30:36] [info]  [15988] Commons Daemon procrun (1.0.15.0 64-bit) started
[2022-11-20 11:30:36] [info]  [15988] Debugging 'Tomcat9' service...
[2022-11-20 11:30:36] [info]  [15988] Starting service...
[2022-11-20 11:30:37] [info]  [15988] Service started in 1195 ms.
[2022-11-20 11:31:40] [info]  [ 4748] Console CTRL+CLOSE event signaled
[2022-11-20 11:31:40] [info]  [ 4748] Stopping service...
[2022-11-20 11:31:41] [info]  [ 4748] Service stop thread completed.
[2022-11-20 11:31:46] [info]  [17284] Commons Daemon procrun (1.0.15.0 64-bit) started
[2022-11-20 11:31:46] [info]  [17284] Debugging 'Tomcat9' service...
[2022-11-20 11:31:46] [info]  [17284] Starting service...
[2022-11-20 11:31:47] [info]  [17284] Service started in 1297 ms.
[2022-11-20 11:32:07] [info]  [ 5084] Commons Daemon procrun (1.0.15.0 64-bit) started
[2022-11-20 11:32:07] [info]  [ 5084] Running 'Tomcat9' Service...
[2022-11-20 11:32:07] [info]  [17940] Starting service...
[2022-11-20 11:32:08] [info]  [17940] Service started in 1169 ms.
[2022-11-20 11:32:09] [info]  [ 5084] Run service finished.
[2022-11-20 11:32:09] [info]  [ 5084] Commons Daemon procrun finished
[2022-11-20 11:35:38] [info]  [ 5244] Commons Daemon procrun (1.0.15.0 64-bit) started
[2022-11-20 11:35:38] [info]  [ 5244] Running 'Tomcat9' Service...
[2022-11-20 11:35:38] [info]  [ 5980] Starting service...
[2022-11-20 11:35:39] [info]  [ 5980] Service started in 1458 ms.
[2022-11-20 11:38:01] [info]  [ 5088] Commons Daemon procrun (1.0.15.0 64-bit) started
[2022-11-20 11:38:01] [info]  [ 5088] Debugging 'Tomcat9' service...
[2022-11-20 11:38:01] [info]  [ 5088] Starting service...
[2022-11-20 11:38:02] [info]  [ 5088] Service started in 1171 ms.
[2022-11-20 11:38:03] [info]  [ 5088] Debug service finished with exit code 0
[2022-11-20 11:38:03] [info]  [ 5088] Commons Daemon procrun finished
[2022-11-20 11:39:03] [info]  [ 6448] Stopping service...
[2022-11-20 11:39:04] [info]  [ 6448] Service stop thread completed.
[2022-11-20 11:39:04] [info]  [ 5244] Run service finished.
[2022-11-20 11:39:04] [info]  [ 5244] Commons Daemon procrun finished
[2022-11-20 11:39:05] [info]  [10220] Commons Daemon procrun (1.0.15.0 64-bit) started
[2022-11-20 11:39:05] [info]  [10220] Running 'Tomcat9' Service...
[2022-11-20 11:39:05] [info]  [14000] Starting service...
[2022-11-20 11:39:06] [info]  [14000] Service started in 1106 ms.
[2022-11-20 11:39:41] [info]  [ 2464] Commons Daemon procrun (1.0.15.0 64-bit) started
[2022-11-20 11:39:41] [info]  [ 2464] Debugging 'Tomcat9' service...
[2022-11-20 11:39:41] [info]  [ 2464] Starting service...
[2022-11-20 11:39:42] [info]  [ 2464] Service started in 1184 ms.
[2022-11-20 11:39:42] [info]  [ 2464] Debug service finished with exit code 0
[2022-11-20 11:39:42] [info]  [ 2464] Commons Daemon procrun finished
[2022-11-20 11:39:44] [info]  [ 7008] Commons Daemon procrun (1.0.15.0 64-bit) started
[2022-11-20 11:39:44] [info]  [ 7008] Debugging 'Tomcat9' service...
[2022-11-20 11:39:44] [info]  [ 7008] Starting service...
[2022-11-20 11:39:45] [info]  [ 7008] Service started in 1170 ms.
[2022-11-20 11:39:46] [info]  [ 7008] Debug service finished with exit code 0
[2022-11-20 11:39:46] [info]  [ 7008] Commons Daemon procrun finished
[2022-11-20 11:39:55] [info]  [14284] Stopping service...
[2022-11-20 11:39:56] [info]  [14284] Service stop thread completed.
[2022-11-20 11:39:56] [info]  [10220] Run service finished.
[2022-11-20 11:39:56] [info]  [10220] Commons Daemon procrun finished
[2022-11-20 11:40:00] [info]  [ 9860] Commons Daemon procrun (1.0.15.0 64-bit) started
[2022-11-20 11:40:00] [info]  [ 9860] Debugging 'Tomcat9' service...
[2022-11-20 11:40:00] [info]  [ 9860] Starting service...
[2022-11-20 11:40:01] [info]  [ 9860] Service started in 1177 ms.
[2022-11-20 11:41:58] [info]  [12704] Console CTRL+CLOSE event signaled
[2022-11-20 11:41:58] [info]  [12704] Stopping service...
[2022-11-20 11:41:59] [info]  [12704] Service stop thread completed.
[2022-11-20 11:42:00] [info]  [10512] Commons Daemon procrun (1.0.15.0 64-bit) started
[2022-11-20 11:42:00] [info]  [10512] Debugging 'Tomcat9' service...
[2022-11-20 11:42:00] [info]  [10512] Starting service...
[2022-11-20 11:42:01] [info]  [10512] Service started in 1179 ms.
[2022-11-20 11:43:12] [info]  [ 4708] Console CTRL+CLOSE event signaled
[2022-11-20 11:43:12] [info]  [ 4708] Stopping service...
[2022-11-20 11:43:13] [info]  [ 4708] Service stop thread completed.
[2022-11-20 11:46:40] [info]  [ 4164] Commons Daemon procrun (1.0.15.0 64-bit) started
[2022-11-20 11:46:40] [info]  [ 4164] Debugging 'Tomcat9' service...
[2022-11-20 11:46:40] [info]  [ 4164] Starting service...
[2022-11-20 11:46:41] [info]  [ 4164] Service started in 1186 ms.
[2022-11-20 11:47:04] [info]  [ 4276] Console CTRL+CLOSE event signaled
[2022-11-20 11:47:04] [info]  [ 4276] Stopping service...
[2022-11-20 11:47:05] [info]  [ 4276] Service stop thread completed.
[2022-11-20 11:47:52] [info]  [11528] Commons Daemon procrun (1.0.15.0 64-bit) started
[2022-11-20 11:47:52] [info]  [11528] Debugging 'Tomcat9' service...
[2022-11-20 11:47:52] [info]  [11528] Starting service...
[2022-11-20 11:47:53] [info]  [11528] Service started in 1183 ms.
[2022-11-20 11:49:08] [info]  [ 1568] Console CTRL+CLOSE event signaled
[2022-11-20 11:49:08] [info]  [ 1568] Stopping service...
[2022-11-20 11:49:09] [info]  [ 1568] Service stop thread completed.
[2022-11-20 11:49:12] [info]  [ 6828] Commons Daemon procrun (1.0.15.0 64-bit) started
[2022-11-20 11:49:12] [info]  [ 6828] Debugging 'Tomcat9' service...
[2022-11-20 11:49:12] [info]  [ 6828] Starting service...
[2022-11-20 11:49:13] [info]  [ 6828] Service started in 1187 ms.
[2022-11-20 11:56:51] [info]  [ 2564] Console CTRL+CLOSE event signaled
[2022-11-20 11:56:51] [info]  [ 2564] Stopping service...
[2022-11-20 11:56:59] [info]  [11876] Commons Daemon procrun (1.0.15.0 64-bit) started
[2022-11-20 11:56:59] [info]  [11876] Debugging 'Tomcat9' service...
[2022-11-20 11:56:59] [info]  [11876] Starting service...
[2022-11-20 11:57:00] [info]  [11876] Service started in 1175 ms.
[2022-11-20 11:58:09] [info]  [11288] Console CTRL+CLOSE event signaled
[2022-11-20 11:58:09] [info]  [11288] Stopping service...
[2022-11-20 11:58:10] [info]  [11288] Service stop thread completed.
[2022-11-20 11:58:12] [info]  [ 1916] Commons Daemon procrun (1.0.15.0 64-bit) started
[2022-11-20 11:58:12] [info]  [ 1916] Debugging 'Tomcat9' service...
[2022-11-20 11:58:12] [info]  [ 1916] Starting service...
[2022-11-20 11:58:13] [info]  [ 1916] Service started in 1193 ms.
[2022-11-20 11:59:55] [info]  [10624] Console CTRL+CLOSE event signaled
[2022-11-20 11:59:55] [info]  [10624] Stopping service...
[2022-11-20 11:59:56] [info]  [10624] Service stop thread completed.
[2022-11-20 11:59:57] [info]  [ 9868] Commons Daemon procrun (1.0.15.0 64-bit) started
[2022-11-20 11:59:57] [info]  [ 9868] Debugging 'Tomcat9' service...
[2022-11-20 11:59:57] [info]  [ 9868] Starting service...
[2022-11-20 11:59:59] [info]  [ 9868] Service started in 1173 ms.
[2022-11-20 12:06:50] [info]  [11536] Console CTRL+CLOSE event signaled
[2022-11-20 12:06:50] [info]  [11536] Stopping service...
[2022-11-20 12:06:57] [info]  [ 6028] Commons Daemon procrun (1.0.15.0 64-bit) started
[2022-11-20 12:06:57] [info]  [ 6028] Debugging 'Tomcat9' service...
[2022-11-20 12:06:57] [info]  [ 6028] Starting service...
[2022-11-20 12:06:59] [info]  [ 6028] Service started in 1176 ms.
[2022-11-20 12:14:35] [info]  [13448] Console CTRL+CLOSE event signaled
[2022-11-20 12:14:35] [info]  [13448] Stopping service...
[2022-11-20 12:14:36] [info]  [13448] Service stop thread completed.
[2022-11-20 12:14:37] [info]  [  920] Commons Daemon procrun (1.0.15.0 64-bit) started
[2022-11-20 12:14:37] [info]  [  920] Debugging 'Tomcat9' service...
[2022-11-20 12:14:37] [info]  [  920] Starting service...
[2022-11-20 12:14:38] [info]  [  920] Service started in 1193 ms.
[2022-11-20 12:21:44] [info]  [ 1492] Console CTRL+CLOSE event signaled
[2022-11-20 12:21:44] [info]  [ 1492] Stopping service...
[2022-11-20 12:21:45] [info]  [ 1492] Service stop thread completed.
[2022-11-20 12:21:46] [info]  [13248] Commons Daemon procrun (1.0.15.0 64-bit) started
[2022-11-20 12:21:46] [info]  [13248] Debugging 'Tomcat9' service...
[2022-11-20 12:21:46] [info]  [13248] Starting service...
[2022-11-20 12:21:48] [info]  [13248] Service started in 1216 ms.
[2022-11-20 12:24:01] [info]  [ 2152] Console CTRL+CLOSE event signaled
[2022-11-20 12:24:01] [info]  [ 2152] Stopping service...
[2022-11-20 12:24:08] [info]  [12944] Commons Daemon procrun (1.0.15.0 64-bit) started
[2022-11-20 12:24:08] [info]  [12944] Debugging 'Tomcat9' service...
[2022-11-20 12:24:08] [info]  [12944] Starting service...
[2022-11-20 12:24:09] [info]  [12944] Service started in 1169 ms.
[2022-11-21 09:31:41] [info]  [12740] Console CTRL+CLOSE event signaled
[2022-11-21 09:31:41] [info]  [12740] Stopping service...
