[2022-12-20 09:14:19] [info]  [14280] Commons Daemon procrun (1.0.15.0 64-bit) started
[2022-12-20 09:14:19] [info]  [14280] Debugging 'Tomcat9' service...
[2022-12-20 09:14:19] [info]  [14280] Starting service...
[2022-12-20 09:14:20] [info]  [14280] Service started in 1127 ms.
[2022-12-20 09:54:41] [info]  [ 8040] Console CTRL+CLOSE event signaled
[2022-12-20 09:54:41] [info]  [ 8040] Stopping service...
[2022-12-20 09:54:50] [info]  [ 9780] Commons Daemon procrun (1.0.15.0 64-bit) started
[2022-12-20 09:54:50] [info]  [ 9780] Debugging 'Tomcat9' service...
[2022-12-20 09:54:50] [info]  [ 9780] Starting service...
[2022-12-20 09:54:51] [info]  [ 9780] Service started in 1173 ms.
[2022-12-20 10:03:29] [info]  [11892] Console CTRL+CLOSE event signaled
[2022-12-20 10:03:29] [info]  [11892] Stopping service...
[2022-12-20 10:03:30] [info]  [11892] Service stop thread completed.
[2022-12-20 10:03:32] [info]  [ 9608] Commons Daemon procrun (1.0.15.0 64-bit) started
[2022-12-20 10:03:32] [info]  [ 9608] Debugging 'Tomcat9' service...
[2022-12-20 10:03:32] [info]  [ 9608] Starting service...
[2022-12-20 10:03:33] [info]  [ 9608] Service started in 1245 ms.
[2022-12-20 10:05:29] [info]  [ 9232] Console CTRL+CLOSE event signaled
[2022-12-20 10:05:29] [info]  [ 9232] Stopping service...
[2022-12-20 10:05:30] [info]  [ 9232] Service stop thread completed.
[2022-12-20 10:05:31] [info]  [ 9048] Commons Daemon procrun (1.0.15.0 64-bit) started
[2022-12-20 10:05:31] [info]  [ 9048] Debugging 'Tomcat9' service...
[2022-12-20 10:05:31] [info]  [ 9048] Starting service...
[2022-12-20 10:05:33] [info]  [ 9048] Service started in 1184 ms.
[2022-12-20 16:14:22] [info]  [15288] Console CTRL+CLOSE event signaled
[2022-12-20 16:14:22] [info]  [15288] Stopping service...
[2022-12-20 16:14:23] [info]  [15288] Service stop thread completed.
[2022-12-20 16:14:25] [info]  [16892] Commons Daemon procrun (1.0.15.0 64-bit) started
[2022-12-20 16:14:25] [info]  [16892] Debugging 'Tomcat9' service...
[2022-12-20 16:14:25] [info]  [16892] Starting service...
[2022-12-20 16:14:26] [info]  [16892] Service started in 1238 ms.
[2022-12-21 10:24:44] [info]  [10364] Console CTRL+CLOSE event signaled
[2022-12-21 10:24:44] [info]  [10364] Stopping service...
[2022-12-21 10:24:46] [info]  [10364] Service stop thread completed.
