[2022-12-14 21:10:00] [info]  [ 9412] Commons Daemon procrun (1.0.15.0 64-bit) started
[2022-12-14 21:10:00] [info]  [ 9412] Running 'Tomcat9' Service...
[2022-12-14 21:10:00] [info]  [15564] Starting service...
[2022-12-14 21:10:01] [info]  [15564] Service started in 1219 ms.
[2022-12-14 21:10:09] [info]  [ 9412] Run service finished.
[2022-12-14 21:10:09] [info]  [ 9412] Commons Daemon procrun finished
[2022-12-14 21:11:55] [info]  [ 4220] Commons Daemon procrun (1.0.15.0 64-bit) started
[2022-12-14 21:11:55] [info]  [ 4220] Running 'Tomcat9' Service...
[2022-12-14 21:11:55] [info]  [13460] Starting service...
[2022-12-14 21:11:56] [info]  [13460] Service started in 1198 ms.
[2022-12-14 21:12:00] [info]  [14444] Stopping service...
[2022-12-14 21:12:03] [info]  [14444] Service stop thread completed.
[2022-12-14 21:12:04] [info]  [ 4220] Run service finished.
[2022-12-14 21:12:04] [info]  [ 4220] Commons Daemon procrun finished
[2022-12-14 21:12:04] [info]  [ 4392] Commons Daemon procrun (1.0.15.0 64-bit) started
[2022-12-14 21:12:04] [info]  [ 4392] Running 'Tomcat9' Service...
[2022-12-14 21:12:04] [info]  [17680] Starting service...
[2022-12-14 21:12:05] [info]  [17680] Service started in 1187 ms.
[2022-12-14 21:12:12] [info]  [ 4392] Run service finished.
[2022-12-14 21:12:12] [info]  [ 4392] Commons Daemon procrun finished
[2022-12-14 21:13:38] [info]  [17380] Commons Daemon procrun (1.0.15.0 64-bit) started
[2022-12-14 21:13:38] [info]  [17380] Running 'Tomcat9' Service...
[2022-12-14 21:13:38] [info]  [18088] Starting service...
[2022-12-14 21:13:39] [info]  [18088] Service started in 1188 ms.
[2022-12-14 21:13:46] [info]  [17380] Run service finished.
[2022-12-14 21:13:46] [info]  [17380] Commons Daemon procrun finished
[2022-12-14 21:14:35] [info]  [16764] Commons Daemon procrun (1.0.15.0 64-bit) started
[2022-12-14 21:14:35] [info]  [16764] Debugging 'Tomcat9' service...
[2022-12-14 21:14:35] [info]  [16764] Starting service...
[2022-12-14 21:14:37] [info]  [16764] Service started in 1195 ms.
[2022-12-14 21:14:43] [info]  [16764] Debug service finished with exit code 0
[2022-12-14 21:14:43] [info]  [16764] Commons Daemon procrun finished
[2022-12-14 21:15:02] [info]  [16664] Commons Daemon procrun (1.0.15.0 64-bit) started
[2022-12-14 21:15:02] [info]  [16664] Debugging 'Tomcat9' service...
[2022-12-14 21:15:02] [info]  [16664] Starting service...
[2022-12-14 21:15:03] [info]  [16664] Service started in 1197 ms.
[2022-12-14 21:15:10] [info]  [16664] Debug service finished with exit code 0
[2022-12-14 21:15:10] [info]  [16664] Commons Daemon procrun finished
[2022-12-14 21:16:43] [info]  [ 5312] Commons Daemon procrun (1.0.15.0 64-bit) started
[2022-12-14 21:16:44] [info]  [ 5312] Running 'Tomcat9' Service...
[2022-12-14 21:16:44] [info]  [ 6556] Starting service...
[2022-12-14 21:16:45] [info]  [ 6556] Service started in 1436 ms.
[2022-12-14 21:16:57] [info]  [ 5312] Run service finished.
[2022-12-14 21:16:57] [info]  [ 5312] Commons Daemon procrun finished
[2022-12-14 21:17:41] [info]  [ 3032] Commons Daemon procrun (1.0.15.0 64-bit) started
[2022-12-14 21:17:41] [info]  [ 3032] Debugging 'Tomcat9' service...
[2022-12-14 21:17:41] [info]  [ 3032] Starting service...
[2022-12-14 21:17:42] [info]  [ 3032] Service started in 1153 ms.
[2022-12-14 21:17:47] [info]  [ 3032] Debug service finished with exit code 0
[2022-12-14 21:17:47] [info]  [ 3032] Commons Daemon procrun finished
[2022-12-14 21:18:05] [info]  [ 5492] Commons Daemon procrun (1.0.15.0 64-bit) started
[2022-12-14 21:18:05] [info]  [ 5492] Running 'Tomcat9' Service...
[2022-12-14 21:18:05] [info]  [ 8416] Starting service...
[2022-12-14 21:18:06] [info]  [ 8416] Service started in 1181 ms.
[2022-12-14 21:18:13] [info]  [ 5492] Run service finished.
[2022-12-14 21:18:13] [info]  [ 5492] Commons Daemon procrun finished
[2022-12-14 21:19:15] [info]  [11040] Commons Daemon procrun (1.0.15.0 64-bit) started
[2022-12-14 21:19:15] [info]  [11040] Running 'Tomcat9' Service...
[2022-12-14 21:19:15] [info]  [ 9800] Starting service...
[2022-12-14 21:19:16] [info]  [ 9800] Service started in 1184 ms.
[2022-12-14 21:19:31] [info]  [ 3088] Stopping service...
[2022-12-14 21:19:32] [info]  [ 3088] Service stop thread completed.
[2022-12-14 21:19:32] [info]  [11040] Run service finished.
[2022-12-14 21:19:32] [info]  [11040] Commons Daemon procrun finished
[2022-12-14 21:19:32] [info]  [ 3600] Commons Daemon procrun (1.0.15.0 64-bit) started
[2022-12-14 21:19:32] [info]  [ 3600] Running 'Tomcat9' Service...
[2022-12-14 21:19:32] [info]  [ 3864] Starting service...
[2022-12-14 21:19:34] [info]  [ 3864] Service started in 1166 ms.
[2022-12-15 08:55:41] [info]  [12640] Stopping service...
[2022-12-15 08:55:42] [info]  [12640] Service stop thread completed.
[2022-12-15 08:55:42] [info]  [ 3600] Run service finished.
[2022-12-15 08:55:42] [info]  [ 3600] Commons Daemon procrun finished
