[2023-02-05 09:10:01] [info]  [19916] Commons Daemon procrun (1.0.15.0 64-bit) started
[2023-02-05 09:10:01] [info]  [19916] Debugging 'Tomcat9' service...
[2023-02-05 09:10:01] [info]  [19916] Starting service...
[2023-02-05 09:10:02] [info]  [19916] Service started in 1141 ms.
[2023-02-05 16:36:10] [info]  [ 8136] Console CTRL+CLOSE event signaled
[2023-02-05 16:36:10] [info]  [ 8136] Stopping service...
[2023-02-05 16:36:11] [info]  [ 8136] Service stop thread completed.
[2023-02-05 16:36:13] [info]  [11364] Commons Daemon procrun (1.0.15.0 64-bit) started
[2023-02-05 16:36:13] [info]  [11364] Debugging 'Tomcat9' service...
[2023-02-05 16:36:13] [info]  [11364] Starting service...
[2023-02-05 16:36:14] [info]  [11364] Service started in 1141 ms.
[2023-02-05 16:38:25] [info]  [15584] Console CTRL+CLOSE event signaled
[2023-02-05 16:38:25] [info]  [15584] Stopping service...
[2023-02-05 16:38:26] [info]  [15584] Service stop thread completed.
[2023-02-05 16:38:33] [info]  [ 7988] Commons Daemon procrun (1.0.15.0 64-bit) started
[2023-02-05 16:38:33] [info]  [ 7988] Debugging 'Tomcat9' service...
[2023-02-05 16:38:33] [info]  [ 7988] Starting service...
[2023-02-05 16:38:34] [info]  [ 7988] Service started in 1116 ms.
[2023-02-05 16:39:47] [info]  [15680] Console CTRL+CLOSE event signaled
[2023-02-05 16:39:47] [info]  [15680] Stopping service...
[2023-02-05 16:39:48] [info]  [15680] Service stop thread completed.
[2023-02-05 16:40:06] [info]  [15088] Commons Daemon procrun (1.0.15.0 64-bit) started
[2023-02-05 16:40:06] [info]  [15088] Running 'Tomcat9' Service...
[2023-02-05 16:40:06] [info]  [18676] Starting service...
[2023-02-05 16:40:07] [info]  [18676] Service started in 1119 ms.
[2023-02-05 16:40:10] [info]  [13976] Stopping service...
[2023-02-05 16:40:11] [info]  [13976] Service stop thread completed.
[2023-02-05 16:40:11] [info]  [15088] Run service finished.
[2023-02-05 16:40:11] [info]  [15088] Commons Daemon procrun finished
[2023-02-05 16:40:11] [info]  [16320] Commons Daemon procrun (1.0.15.0 64-bit) started
[2023-02-05 16:40:11] [info]  [16320] Running 'Tomcat9' Service...
[2023-02-05 16:40:11] [info]  [ 9516] Starting service...
[2023-02-05 16:40:13] [info]  [ 9516] Service started in 1148 ms.
[2023-02-05 16:41:11] [info]  [ 9764] Console SHUTDOWN event signaled
[2023-02-05 16:41:11] [info]  [ 9764] Stopping service...
[2023-02-05 16:41:12] [info]  [ 9764] Service stop thread completed.
[2023-02-05 16:41:12] [info]  [16320] Run service finished.
[2023-02-05 16:41:12] [info]  [16320] Commons Daemon procrun finished
[2023-02-05 16:41:35] [info]  [ 5272] Commons Daemon procrun (1.0.15.0 64-bit) started
[2023-02-05 16:41:36] [info]  [ 5272] Running 'Tomcat9' Service...
[2023-02-05 16:41:36] [info]  [ 6460] Starting service...
[2023-02-05 16:41:37] [info]  [ 6460] Service started in 1341 ms.
[2023-02-05 16:41:47] [info]  [ 5272] Run service finished.
[2023-02-05 16:41:47] [info]  [ 5272] Commons Daemon procrun finished
[2023-02-05 16:53:54] [info]  [ 6156] Commons Daemon procrun (1.0.15.0 64-bit) started
[2023-02-05 16:53:54] [info]  [ 6156] Debugging 'Tomcat9' service...
[2023-02-05 16:53:54] [info]  [ 6156] Starting service...
[2023-02-05 16:53:55] [info]  [ 6156] Service started in 1118 ms.
[2023-02-05 16:57:33] [info]  [ 6296] Console CTRL+CLOSE event signaled
[2023-02-05 16:57:33] [info]  [ 6296] Stopping service...
[2023-02-05 16:57:46] [info]  [ 3968] Commons Daemon procrun (1.0.15.0 64-bit) started
[2023-02-05 16:57:46] [info]  [ 3968] Debugging 'Tomcat9' service...
[2023-02-05 16:57:46] [info]  [ 3968] Starting service...
[2023-02-05 16:57:47] [info]  [ 3968] Service started in 1178 ms.
[2023-02-05 16:58:52] [info]  [ 6608] Console CTRL+CLOSE event signaled
[2023-02-05 16:58:52] [info]  [ 6608] Stopping service...
[2023-02-05 16:58:53] [info]  [ 6608] Service stop thread completed.
[2023-02-05 16:59:01] [info]  [10528] Commons Daemon procrun (1.0.15.0 64-bit) started
[2023-02-05 16:59:01] [info]  [10528] Running 'Tomcat9' Service...
[2023-02-05 16:59:01] [info]  [ 5792] Starting service...
[2023-02-05 16:59:02] [info]  [ 5792] Service started in 1187 ms.
[2023-02-05 17:00:01] [info]  [ 1684] Stopping service...
[2023-02-05 17:00:02] [info]  [ 1684] Service stop thread completed.
[2023-02-05 17:00:03] [info]  [10528] Run service finished.
[2023-02-05 17:00:03] [info]  [10528] Commons Daemon procrun finished
[2023-02-05 17:00:03] [info]  [12852] Commons Daemon procrun (1.0.15.0 64-bit) started
[2023-02-05 17:00:03] [info]  [12852] Running 'Tomcat9' Service...
[2023-02-05 17:00:03] [info]  [13400] Starting service...
[2023-02-05 17:00:04] [info]  [13400] Service started in 1176 ms.
[2023-02-05 17:00:36] [info]  [11344] Stopping service...
[2023-02-05 17:00:37] [info]  [11344] Service stop thread completed.
[2023-02-05 17:00:38] [info]  [12852] Run service finished.
[2023-02-05 17:00:38] [info]  [12852] Commons Daemon procrun finished
[2023-02-05 17:05:25] [info]  [ 9460] Commons Daemon procrun (1.0.15.0 64-bit) started
[2023-02-05 17:05:25] [info]  [ 9460] Debugging 'Tomcat9' service...
[2023-02-05 17:05:25] [info]  [ 9460] Starting service...
[2023-02-05 17:05:26] [info]  [ 9460] Service started in 1174 ms.
[2023-02-05 17:05:40] [info]  [10420] Console CTRL+CLOSE event signaled
[2023-02-05 17:05:40] [info]  [10420] Stopping service...
[2023-02-05 17:05:41] [info]  [10420] Service stop thread completed.
[2023-02-05 17:10:07] [info]  [ 8808] Commons Daemon procrun (1.0.15.0 64-bit) started
[2023-02-05 17:10:07] [info]  [ 8808] Debugging 'Tomcat9' service...
[2023-02-05 17:10:07] [info]  [ 8808] Starting service...
[2023-02-05 17:10:08] [info]  [ 8808] Service started in 1169 ms.
[2023-02-05 17:14:50] [info]  [11864] Console CTRL+CLOSE event signaled
[2023-02-05 17:14:50] [info]  [11864] Stopping service...
[2023-02-05 17:14:51] [info]  [11864] Service stop thread completed.
[2023-02-05 17:15:48] [info]  [ 6404] Commons Daemon procrun (1.0.15.0 64-bit) started
[2023-02-05 17:15:48] [info]  [ 6404] Debugging 'Tomcat9' service...
[2023-02-05 17:15:48] [info]  [ 6404] Starting service...
[2023-02-05 17:15:49] [info]  [ 6404] Service started in 1194 ms.
[2023-02-06 16:57:50] [info]  [ 5904] Console CTRL+CLOSE event signaled
[2023-02-06 16:57:50] [info]  [ 5904] Stopping service...
[2023-02-06 16:57:51] [info]  [ 5904] Service stop thread completed.
