[2022-10-26 10:15:41] [info]  [28704] Commons Daemon procrun (1.0.15.0 64-bit) started
[2022-10-26 10:15:41] [info]  [28704] Debugging 'Tomcat9' service...
[2022-10-26 10:15:41] [info]  [28704] Starting service...
[2022-10-26 10:15:42] [info]  [28704] Service started in 1221 ms.
[2022-10-26 10:15:42] [info]  [26744] Console CTRL+CLOSE event signaled
[2022-10-26 10:15:42] [info]  [26744] Stopping service...
[2022-10-26 10:32:01] [info]  [ 8436] Commons Daemon procrun (1.0.15.0 64-bit) started
[2022-10-26 10:32:01] [info]  [ 8436] Running 'Tomcat9' Service...
[2022-10-26 10:32:01] [info]  [22668] Starting service...
[2022-10-26 10:32:02] [info]  [22668] Service started in 1137 ms.
[2022-10-26 12:33:07] [info]  [19436] Stopping service...
[2022-10-26 12:33:08] [info]  [19436] Service stop thread completed.
[2022-10-26 12:33:08] [info]  [ 8436] Run service finished.
[2022-10-26 12:33:08] [info]  [ 8436] Commons Daemon procrun finished
[2022-10-26 14:52:39] [info]  [28008] Commons Daemon procrun (1.0.15.0 64-bit) started
[2022-10-26 14:52:39] [info]  [28008] Running 'Tomcat9' Service...
[2022-10-26 14:52:39] [info]  [27036] Starting service...
[2022-10-26 14:52:40] [info]  [27036] Service started in 1107 ms.
[2022-10-26 15:29:43] [info]  [29468] Stopping service...
[2022-10-26 15:29:44] [info]  [29468] Service stop thread completed.
[2022-10-26 15:29:45] [info]  [28008] Run service finished.
[2022-10-26 15:29:45] [info]  [28008] Commons Daemon procrun finished
[2022-10-26 15:39:28] [info]  [ 5328] Commons Daemon procrun (1.0.15.0 64-bit) started
[2022-10-26 15:39:28] [info]  [ 5328] Running 'Tomcat9' Service...
[2022-10-26 15:39:28] [info]  [ 6288] Starting service...
[2022-10-26 15:39:30] [info]  [ 6288] Service started in 1420 ms.
