[2023-02-28 10:00:49] [info]  [ 5716] Commons Daemon procrun (1.0.15.0 64-bit) started
[2023-02-28 10:00:49] [info]  [ 5716] Debugging 'Tomcat9' service...
[2023-02-28 10:00:49] [info]  [ 5716] Starting service...
[2023-02-28 10:00:50] [info]  [ 5716] Service started in 1136 ms.
[2023-02-28 10:38:54] [info]  [27580] Console CTRL+CLOSE event signaled
[2023-02-28 10:38:54] [info]  [27580] Stopping service...
[2023-02-28 10:38:55] [info]  [27580] Service stop thread completed.
[2023-02-28 10:38:56] [info]  [11048] Commons Daemon procrun (1.0.15.0 64-bit) started
[2023-02-28 10:38:56] [info]  [11048] Debugging 'Tomcat9' service...
[2023-02-28 10:38:56] [info]  [11048] Starting service...
[2023-02-28 10:38:58] [info]  [11048] Service started in 1114 ms.
[2023-02-28 15:07:15] [info]  [13048] Console CTRL+CLOSE event signaled
[2023-02-28 15:07:15] [info]  [13048] Stopping service...
[2023-02-28 15:07:16] [info]  [13048] Service stop thread completed.
[2023-02-28 15:07:18] [info]  [ 2492] Commons Daemon procrun (1.0.15.0 64-bit) started
[2023-02-28 15:07:18] [info]  [ 2492] Debugging 'Tomcat9' service...
[2023-02-28 15:07:18] [info]  [ 2492] Starting service...
[2023-02-28 15:07:19] [info]  [ 2492] Service started in 1238 ms.
[2023-03-01 15:14:38] [info]  [22672] Console CTRL+CLOSE event signaled
[2023-03-01 15:14:38] [info]  [22672] Stopping service...
