[2022-11-21 09:31:50] [info]  [21292] Commons Daemon procrun (1.0.15.0 64-bit) started
[2022-11-21 09:31:50] [info]  [21292] Debugging 'Tomcat9' service...
[2022-11-21 09:31:50] [info]  [21292] Starting service...
[2022-11-21 09:31:51] [info]  [21292] Service started in 1157 ms.
[2022-11-21 10:02:15] [info]  [16532] Console CTRL+CLOSE event signaled
[2022-11-21 10:02:15] [info]  [16532] Stopping service...
[2022-11-21 10:02:16] [info]  [16532] Service stop thread completed.
[2022-11-21 10:02:18] [info]  [19700] Commons Daemon procrun (1.0.15.0 64-bit) started
[2022-11-21 10:02:18] [info]  [19700] Debugging 'Tomcat9' service...
[2022-11-21 10:02:18] [info]  [19700] Starting service...
[2022-11-21 10:02:19] [info]  [19700] Service started in 1213 ms.
[2022-11-21 10:05:24] [info]  [12996] Console CTRL+CLOSE event signaled
[2022-11-21 10:05:24] [info]  [12996] Stopping service...
[2022-11-21 10:05:25] [info]  [12996] Service stop thread completed.
[2022-11-21 10:05:29] [info]  [12380] Commons Daemon procrun (1.0.15.0 64-bit) started
[2022-11-21 10:05:29] [info]  [12380] Debugging 'Tomcat9' service...
[2022-11-21 10:05:29] [info]  [12380] Starting service...
[2022-11-21 10:05:30] [info]  [12380] Service started in 1191 ms.
[2022-11-21 10:07:10] [info]  [ 8308] Console CTRL+CLOSE event signaled
[2022-11-21 10:07:10] [info]  [ 8308] Stopping service...
[2022-11-21 10:07:11] [info]  [ 8308] Service stop thread completed.
[2022-11-21 10:07:13] [info]  [20040] Commons Daemon procrun (1.0.15.0 64-bit) started
[2022-11-21 10:07:13] [info]  [20040] Debugging 'Tomcat9' service...
[2022-11-21 10:07:13] [info]  [20040] Starting service...
[2022-11-21 10:07:15] [info]  [20040] Service started in 1187 ms.
[2022-11-21 11:39:23] [info]  [14232] Console CTRL+CLOSE event signaled
[2022-11-21 11:39:23] [info]  [14232] Stopping service...
[2022-11-21 11:39:30] [info]  [17320] Commons Daemon procrun (1.0.15.0 64-bit) started
[2022-11-21 11:39:30] [info]  [17320] Debugging 'Tomcat9' service...
[2022-11-21 11:39:30] [info]  [17320] Starting service...
[2022-11-21 11:39:32] [info]  [17320] Service started in 1213 ms.
[2022-11-21 12:11:16] [info]  [ 6416] Console CTRL+CLOSE event signaled
[2022-11-21 12:11:16] [info]  [ 6416] Stopping service...
[2022-11-21 12:11:17] [info]  [ 6416] Service stop thread completed.
[2022-11-21 12:11:19] [info]  [18804] Commons Daemon procrun (1.0.15.0 64-bit) started
[2022-11-21 12:11:19] [info]  [18804] Debugging 'Tomcat9' service...
[2022-11-21 12:11:19] [info]  [18804] Starting service...
[2022-11-21 12:11:20] [info]  [18804] Service started in 1214 ms.
[2022-11-21 12:12:15] [info]  [14900] Console CTRL+CLOSE event signaled
[2022-11-21 12:12:15] [info]  [14900] Stopping service...
[2022-11-21 12:12:16] [info]  [14900] Service stop thread completed.
[2022-11-21 12:12:17] [info]  [ 4728] Commons Daemon procrun (1.0.15.0 64-bit) started
[2022-11-21 12:12:17] [info]  [ 4728] Debugging 'Tomcat9' service...
[2022-11-21 12:12:17] [info]  [ 4728] Starting service...
[2022-11-21 12:12:18] [info]  [ 4728] Service started in 1182 ms.
[2022-11-21 12:18:21] [info]  [14912] Console CTRL+CLOSE event signaled
[2022-11-21 12:18:21] [info]  [14912] Stopping service...
[2022-11-21 12:18:22] [info]  [14912] Service stop thread completed.
[2022-11-21 12:18:24] [info]  [20236] Commons Daemon procrun (1.0.15.0 64-bit) started
[2022-11-21 12:18:24] [info]  [20236] Debugging 'Tomcat9' service...
[2022-11-21 12:18:24] [info]  [20236] Starting service...
[2022-11-21 12:18:25] [info]  [20236] Service started in 1171 ms.
[2022-11-21 12:35:39] [info]  [15644] Console CTRL+CLOSE event signaled
[2022-11-21 12:35:39] [info]  [15644] Stopping service...
[2022-11-21 12:35:40] [info]  [15644] Service stop thread completed.
[2022-11-21 12:35:41] [info]  [12888] Commons Daemon procrun (1.0.15.0 64-bit) started
[2022-11-21 12:35:41] [info]  [12888] Debugging 'Tomcat9' service...
[2022-11-21 12:35:41] [info]  [12888] Starting service...
[2022-11-21 12:35:43] [info]  [12888] Service started in 1188 ms.
[2022-11-21 12:49:24] [info]  [21144] Console CTRL+CLOSE event signaled
[2022-11-21 12:49:24] [info]  [21144] Stopping service...
[2022-11-21 12:49:25] [info]  [21144] Service stop thread completed.
[2022-11-21 12:49:27] [info]  [15852] Commons Daemon procrun (1.0.15.0 64-bit) started
[2022-11-21 12:49:27] [info]  [15852] Debugging 'Tomcat9' service...
[2022-11-21 12:49:27] [info]  [15852] Starting service...
[2022-11-21 12:49:28] [info]  [15852] Service started in 1206 ms.
[2022-11-21 12:55:14] [info]  [19900] Console CTRL+CLOSE event signaled
[2022-11-21 12:55:14] [info]  [19900] Stopping service...
[2022-11-21 12:55:15] [info]  [19900] Service stop thread completed.
[2022-11-21 12:55:16] [info]  [ 8476] Commons Daemon procrun (1.0.15.0 64-bit) started
[2022-11-21 12:55:16] [info]  [ 8476] Debugging 'Tomcat9' service...
[2022-11-21 12:55:16] [info]  [ 8476] Starting service...
[2022-11-21 12:55:17] [info]  [ 8476] Service started in 1124 ms.
[2022-11-21 13:12:25] [info]  [13744] Console CTRL+CLOSE event signaled
[2022-11-21 13:12:25] [info]  [13744] Stopping service...
[2022-11-21 13:12:26] [info]  [13744] Service stop thread completed.
[2022-11-21 13:12:28] [info]  [18552] Commons Daemon procrun (1.0.15.0 64-bit) started
[2022-11-21 13:12:28] [info]  [18552] Debugging 'Tomcat9' service...
[2022-11-21 13:12:28] [info]  [18552] Starting service...
[2022-11-21 13:12:29] [info]  [18552] Service started in 1248 ms.
[2022-11-21 13:30:12] [info]  [12472] Console CTRL+CLOSE event signaled
[2022-11-21 13:30:12] [info]  [12472] Stopping service...
[2022-11-21 13:30:13] [info]  [12472] Service stop thread completed.
[2022-11-21 13:30:14] [info]  [18176] Commons Daemon procrun (1.0.15.0 64-bit) started
[2022-11-21 13:30:14] [info]  [18176] Debugging 'Tomcat9' service...
[2022-11-21 13:30:14] [info]  [18176] Starting service...
[2022-11-21 13:30:15] [info]  [18176] Service started in 1191 ms.
[2022-11-22 09:51:52] [info]  [15568] Console CTRL+CLOSE event signaled
[2022-11-22 09:51:52] [info]  [15568] Stopping service...
[2022-11-22 09:51:53] [info]  [15568] Service stop thread completed.
