[2022-11-15 09:25:50] [info]  [ 9072] Commons Daemon procrun (1.0.15.0 64-bit) started
[2022-11-15 09:25:50] [info]  [ 9072] Debugging 'Tomcat9' service...
[2022-11-15 09:25:50] [info]  [ 9072] Starting service...
[2022-11-15 09:25:52] [info]  [ 9072] Service started in 1250 ms.
[2022-11-15 09:25:58] [info]  [ 9072] Debug service finished with exit code 0
[2022-11-15 09:25:58] [info]  [ 9072] Commons Daemon procrun finished
[2022-11-15 09:26:46] [info]  [13116] Commons Daemon procrun (1.0.15.0 64-bit) started
[2022-11-15 09:26:46] [info]  [13116] Debugging 'Tomcat9' service...
[2022-11-15 09:26:46] [info]  [13116] Starting service...
[2022-11-15 09:26:48] [info]  [13116] Service started in 1109 ms.
[2022-11-15 09:26:52] [info]  [13116] Debug service finished with exit code 0
[2022-11-15 09:26:52] [info]  [13116] Commons Daemon procrun finished
[2022-11-15 09:39:46] [info]  [ 9316] Commons Daemon procrun (1.0.15.0 64-bit) started
[2022-11-15 09:39:46] [info]  [ 9316] Debugging 'Tomcat9' service...
[2022-11-15 09:39:46] [info]  [ 9316] Starting service...
[2022-11-15 09:39:47] [info]  [ 9316] Service started in 1127 ms.
[2022-11-15 09:39:51] [info]  [ 9316] Debug service finished with exit code 0
[2022-11-15 09:39:51] [info]  [ 9316] Commons Daemon procrun finished
[2022-11-15 09:44:53] [info]  [ 7716] Commons Daemon procrun (1.0.15.0 64-bit) started
[2022-11-15 09:44:53] [info]  [ 7716] Debugging 'Tomcat9' service...
[2022-11-15 09:44:53] [info]  [ 7716] Starting service...
[2022-11-15 09:44:54] [info]  [ 7716] Service started in 1106 ms.
[2022-11-15 09:44:58] [info]  [ 7716] Debug service finished with exit code 0
[2022-11-15 09:44:58] [info]  [ 7716] Commons Daemon procrun finished
[2022-11-15 09:46:53] [info]  [ 8572] Commons Daemon procrun (1.0.15.0 64-bit) started
[2022-11-15 09:46:53] [info]  [ 8572] Debugging 'Tomcat9' service...
[2022-11-15 09:46:53] [info]  [ 8572] Starting service...
[2022-11-15 09:46:54] [info]  [ 8572] Service started in 1118 ms.
[2022-11-15 09:50:08] [info]  [15344] Console CTRL+CLOSE event signaled
[2022-11-15 09:50:08] [info]  [15344] Stopping service...
[2022-11-15 09:50:09] [info]  [15344] Service stop thread completed.
[2022-11-15 09:55:42] [info]  [15072] Commons Daemon procrun (1.0.15.0 64-bit) started
[2022-11-15 09:55:42] [info]  [15072] Debugging 'Tomcat9' service...
[2022-11-15 09:55:42] [info]  [15072] Starting service...
[2022-11-15 09:55:44] [info]  [15072] Service started in 1115 ms.
[2022-11-15 13:23:58] [info]  [11840] Console CTRL+CLOSE event signaled
[2022-11-15 13:23:58] [info]  [11840] Stopping service...
[2022-11-15 13:23:59] [info]  [11840] Service stop thread completed.
[2022-11-15 16:13:55] [info]  [ 3172] Commons Daemon procrun (1.0.15.0 64-bit) started
[2022-11-15 16:13:55] [info]  [ 3172] Running 'Tomcat9' Service...
[2022-11-15 16:13:55] [info]  [ 5376] Starting service...
[2022-11-15 16:13:57] [info]  [ 5376] Service started in 1773 ms.
[2022-11-16 12:59:46] [info]  [13460] Console SHUTDOWN event signaled
[2022-11-16 12:59:46] [info]  [13460] Stopping service...
[2022-11-16 12:59:47] [info]  [13460] Service stop thread completed.
[2022-11-16 12:59:47] [info]  [ 3172] Run service finished.
[2022-11-16 12:59:47] [info]  [ 3172] Commons Daemon procrun finished
