[2022-10-18 09:45:58] [info]  [ 7736] Commons Daemon procrun (1.0.15.0 64-bit) started
[2022-10-18 09:45:58] [info]  [ 7736] Debugging 'Tomcat9' service...
[2022-10-18 09:45:58] [info]  [ 7736] Starting service...
[2022-10-18 09:45:59] [info]  [ 7736] Service started in 1181 ms.
[2022-10-18 09:46:30] [info]  [17440] Console CTRL+CLOSE event signaled
[2022-10-18 09:46:30] [info]  [17440] Stopping service...
[2022-10-18 09:46:31] [info]  [17440] Service stop thread completed.
[2022-10-18 09:46:32] [info]  [15188] Commons Daemon procrun (1.0.15.0 64-bit) started
[2022-10-18 09:46:32] [info]  [15188] Debugging 'Tomcat9' service...
[2022-10-18 09:46:32] [info]  [15188] Starting service...
[2022-10-18 09:46:34] [info]  [15188] Service started in 1191 ms.
[2022-10-18 10:07:38] [info]  [20692] Commons Daemon procrun (1.0.15.0 64-bit) started
[2022-10-18 10:07:38] [info]  [20692] Running 'Tomcat9' Service...
[2022-10-18 10:07:38] [info]  [18812] Starting service...
[2022-10-18 10:07:39] [info]  [18812] Service started in 1179 ms.
[2022-10-18 10:07:47] [info]  [20692] Run service finished.
[2022-10-18 10:07:47] [info]  [20692] Commons Daemon procrun finished
[2022-10-18 10:09:41] [info]  [17152] Commons Daemon procrun (1.0.15.0 64-bit) started
[2022-10-18 10:09:41] [info]  [17152] Running 'Tomcat9' Service...
[2022-10-18 10:09:41] [info]  [ 4504] Starting service...
[2022-10-18 10:09:42] [info]  [ 4504] Service started in 1169 ms.
[2022-10-18 10:09:49] [info]  [17152] Run service finished.
[2022-10-18 10:09:49] [info]  [17152] Commons Daemon procrun finished
[2022-10-18 10:10:01] [info]  [15420] Console CTRL+CLOSE event signaled
[2022-10-18 10:10:01] [info]  [15420] Stopping service...
[2022-10-18 10:10:02] [info]  [15420] Service stop thread completed.
[2022-10-18 10:10:34] [info]  [16192] Commons Daemon procrun (1.0.15.0 64-bit) started
[2022-10-18 10:10:34] [info]  [16192] Running 'Tomcat9' Service...
[2022-10-18 10:10:34] [info]  [ 1432] Starting service...
[2022-10-18 10:10:36] [info]  [ 1432] Service started in 1179 ms.
[2022-10-18 10:12:38] [info]  [ 4944] Console SHUTDOWN event signaled
[2022-10-18 10:12:38] [info]  [ 4944] Stopping service...
[2022-10-18 10:12:39] [info]  [ 4944] Service stop thread completed.
[2022-10-18 10:12:39] [info]  [16192] Run service finished.
[2022-10-18 10:12:39] [info]  [16192] Commons Daemon procrun finished
[2022-10-18 10:12:59] [info]  [ 5292] Commons Daemon procrun (1.0.15.0 64-bit) started
[2022-10-18 10:12:59] [info]  [ 5292] Running 'Tomcat9' Service...
[2022-10-18 10:12:59] [info]  [ 5372] Starting service...
[2022-10-18 10:13:01] [info]  [ 5372] Service started in 1398 ms.
[2022-10-18 11:53:16] [info]  [10372] Commons Daemon procrun (1.0.15.0 64-bit) started
[2022-10-18 11:53:16] [info]  [10372] Debugging 'Tomcat9' service...
[2022-10-18 11:53:16] [info]  [10372] Starting service...
[2022-10-18 11:53:17] [info]  [10372] Service started in 1236 ms.
[2022-10-18 11:53:25] [info]  [10372] Debug service finished with exit code 0
[2022-10-18 11:53:25] [info]  [10372] Commons Daemon procrun finished
[2022-10-18 11:53:31] [info]  [ 3584] Stopping service...
[2022-10-18 11:53:32] [info]  [ 3584] Service stop thread completed.
[2022-10-18 11:53:33] [info]  [ 5292] Run service finished.
[2022-10-18 11:53:33] [info]  [ 5292] Commons Daemon procrun finished
[2022-10-18 11:53:36] [info]  [ 9672] Commons Daemon procrun (1.0.15.0 64-bit) started
[2022-10-18 11:53:36] [info]  [ 9672] Debugging 'Tomcat9' service...
[2022-10-18 11:53:36] [info]  [ 9672] Starting service...
[2022-10-18 11:53:37] [info]  [ 9672] Service started in 1174 ms.
