[2022-11-28 10:36:15] [info]  [14920] Commons Daemon procrun (1.0.15.0 64-bit) started
[2022-11-28 10:36:15] [info]  [14920] Debugging 'Tomcat9' service...
[2022-11-28 10:36:15] [info]  [14920] Starting service...
[2022-11-28 10:36:16] [info]  [14920] Service started in 1132 ms.
[2022-11-28 10:39:14] [info]  [16740] Console CTRL+CLOSE event signaled
[2022-11-28 10:39:14] [info]  [16740] Stopping service...
[2022-11-28 10:39:15] [info]  [16740] Service stop thread completed.
[2022-11-28 10:39:17] [info]  [ 9852] Commons Daemon procrun (1.0.15.0 64-bit) started
[2022-11-28 10:39:17] [info]  [ 9852] Debugging 'Tomcat9' service...
[2022-11-28 10:39:17] [info]  [ 9852] Starting service...
[2022-11-28 10:39:18] [info]  [ 9852] Service started in 1128 ms.
[2022-11-28 11:32:01] [info]  [20756] Console CTRL+CLOSE event signaled
[2022-11-28 11:32:01] [info]  [20756] Stopping service...
[2022-11-28 11:32:02] [info]  [20756] Service stop thread completed.
[2022-11-28 11:36:42] [info]  [ 4372] Commons Daemon procrun (1.0.15.0 64-bit) started
[2022-11-28 11:36:42] [info]  [ 4372] Running 'Tomcat9' Service...
[2022-11-28 11:36:42] [info]  [ 5736] Starting service...
[2022-11-28 11:36:44] [info]  [ 5736] Service started in 1524 ms.
[2022-11-28 11:40:31] [info]  [ 7992] Stopping service...
[2022-11-28 11:40:32] [info]  [ 7992] Service stop thread completed.
[2022-11-28 11:40:32] [info]  [ 4372] Run service finished.
[2022-11-28 11:40:32] [info]  [ 4372] Commons Daemon procrun finished
[2022-11-28 15:32:54] [info]  [13640] Commons Daemon procrun (1.0.15.0 64-bit) started
[2022-11-28 15:32:54] [info]  [13640] Debugging 'Tomcat9' service...
[2022-11-28 15:32:54] [info]  [13640] Starting service...
[2022-11-28 15:32:55] [info]  [13640] Service started in 1240 ms.
[2022-11-28 15:32:56] [info]  [13764] Console CTRL+CLOSE event signaled
[2022-11-28 15:32:56] [info]  [13764] Stopping service...
[2022-11-28 16:34:54] [info]  [12576] Commons Daemon procrun (1.0.15.0 64-bit) started
[2022-11-28 16:34:54] [info]  [12576] Debugging 'Tomcat9' service...
[2022-11-28 16:34:54] [info]  [12576] Starting service...
[2022-11-28 16:34:55] [info]  [12576] Service started in 1208 ms.
[2022-11-29 10:14:38] [info]  [ 3272] Console CTRL+CLOSE event signaled
[2022-11-29 10:14:38] [info]  [ 3272] Stopping service...
[2022-11-29 10:14:39] [info]  [ 3272] Service stop thread completed.
