[2023-03-02 17:40:57] [info]  [23676] Commons Daemon procrun (1.0.15.0 64-bit) started
[2023-03-02 17:40:57] [info]  [23676] Debugging 'Tomcat9' service...
[2023-03-02 17:40:57] [info]  [23676] Starting service...
[2023-03-02 17:40:58] [info]  [23676] Service started in 1242 ms.
[2023-03-02 18:00:03] [info]  [ 2688] Console CTRL+CLOSE event signaled
[2023-03-02 18:00:03] [info]  [ 2688] Stopping service...
[2023-03-02 18:00:10] [info]  [25728] Commons Daemon procrun (1.0.15.0 64-bit) started
[2023-03-02 18:00:10] [info]  [25728] Debugging 'Tomcat9' service...
[2023-03-02 18:00:11] [info]  [25728] Starting service...
[2023-03-02 18:00:12] [info]  [25728] Service started in 1189 ms.
[2023-03-02 18:13:12] [info]  [27192] Console CTRL+CLOSE event signaled
[2023-03-02 18:13:12] [info]  [27192] Stopping service...
[2023-03-02 18:13:13] [info]  [27192] Service stop thread completed.
[2023-03-02 18:13:19] [info]  [25516] Commons Daemon procrun (1.0.15.0 64-bit) started
[2023-03-02 18:13:19] [info]  [25516] Debugging 'Tomcat9' service...
[2023-03-02 18:13:19] [info]  [25516] Starting service...
[2023-03-02 18:13:20] [info]  [25516] Service started in 1196 ms.
[2023-03-02 18:18:04] [info]  [10324] Console CTRL+CLOSE event signaled
[2023-03-02 18:18:04] [info]  [10324] Stopping service...
[2023-03-02 18:18:05] [info]  [10324] Service stop thread completed.
[2023-03-02 18:18:14] [info]  [17804] Commons Daemon procrun (1.0.15.0 64-bit) started
[2023-03-02 18:18:14] [info]  [17804] Debugging 'Tomcat9' service...
[2023-03-02 18:18:14] [info]  [17804] Starting service...
[2023-03-02 18:18:15] [info]  [17804] Service started in 1240 ms.
[2023-03-02 18:26:59] [info]  [11360] Console CTRL+CLOSE event signaled
[2023-03-02 18:26:59] [info]  [11360] Stopping service...
[2023-03-02 18:30:07] [info]  [13388] Commons Daemon procrun (1.0.15.0 64-bit) started
[2023-03-02 18:30:07] [info]  [13388] Debugging 'Tomcat9' service...
[2023-03-02 18:30:07] [info]  [13388] Starting service...
[2023-03-02 18:30:08] [info]  [13388] Service started in 1190 ms.
[2023-03-02 22:32:53] [info]  [ 8440] Console CTRL+CLOSE event signaled
[2023-03-02 22:32:53] [info]  [ 8440] Stopping service...
[2023-03-02 22:32:54] [info]  [ 8440] Service stop thread completed.
