[2022-11-13 09:11:59] [info]  [23896] Commons Daemon procrun (1.0.15.0 64-bit) started
[2022-11-13 09:11:59] [info]  [23896] Debugging 'Tomcat9' service...
[2022-11-13 09:11:59] [info]  [23896] Starting service...
[2022-11-13 09:12:00] [info]  [23896] Service started in 1119 ms.
[2022-11-13 10:00:06] [info]  [24148] Console CTRL+CLOSE event signaled
[2022-11-13 10:00:06] [info]  [24148] Stopping service...
[2022-11-13 10:00:07] [info]  [24148] Service stop thread completed.
[2022-11-13 10:00:24] [info]  [17348] Commons Daemon procrun (1.0.15.0 64-bit) started
[2022-11-13 10:00:24] [info]  [17348] Debugging 'Tomcat9' service...
[2022-11-13 10:00:24] [info]  [17348] Starting service...
[2022-11-13 10:00:26] [info]  [17348] Service started in 1225 ms.
[2022-11-13 10:02:10] [info]  [26384] Console CTRL+CLOSE event signaled
[2022-11-13 10:02:10] [info]  [26384] Stopping service...
[2022-11-13 10:02:11] [info]  [26384] Service stop thread completed.
[2022-11-13 10:02:13] [info]  [19800] Commons Daemon procrun (1.0.15.0 64-bit) started
[2022-11-13 10:02:13] [info]  [19800] Debugging 'Tomcat9' service...
[2022-11-13 10:02:13] [info]  [19800] Starting service...
[2022-11-13 10:02:14] [info]  [19800] Service started in 1176 ms.
[2022-11-13 10:24:56] [info]  [13232] Console CTRL+CLOSE event signaled
[2022-11-13 10:24:56] [info]  [13232] Stopping service...
[2022-11-13 10:24:57] [info]  [13232] Service stop thread completed.
[2022-11-13 10:24:59] [info]  [24304] Commons Daemon procrun (1.0.15.0 64-bit) started
[2022-11-13 10:24:59] [info]  [24304] Debugging 'Tomcat9' service...
[2022-11-13 10:24:59] [info]  [24304] Starting service...
[2022-11-13 10:25:00] [info]  [24304] Service started in 1267 ms.
[2022-11-13 10:26:35] [info]  [16136] Console CTRL+CLOSE event signaled
[2022-11-13 10:26:35] [info]  [16136] Stopping service...
[2022-11-13 10:26:36] [info]  [16136] Service stop thread completed.
[2022-11-13 10:26:38] [info]  [21100] Commons Daemon procrun (1.0.15.0 64-bit) started
[2022-11-13 10:26:38] [info]  [21100] Debugging 'Tomcat9' service...
[2022-11-13 10:26:38] [info]  [21100] Starting service...
[2022-11-13 10:26:39] [info]  [21100] Service started in 1182 ms.
[2022-11-13 11:39:13] [info]  [19096] Console CTRL+CLOSE event signaled
[2022-11-13 11:39:13] [info]  [19096] Stopping service...
[2022-11-13 11:39:14] [info]  [19096] Service stop thread completed.
[2022-11-13 12:34:17] [info]  [25140] Commons Daemon procrun (1.0.15.0 64-bit) started
[2022-11-13 12:34:17] [info]  [25140] Debugging 'Tomcat9' service...
[2022-11-13 12:34:17] [info]  [25140] Starting service...
[2022-11-13 12:34:18] [info]  [25140] Service started in 1115 ms.
[2022-11-13 12:36:02] [info]  [19520] Console CTRL+CLOSE event signaled
[2022-11-13 12:36:02] [info]  [19520] Stopping service...
[2022-11-13 12:36:18] [info]  [18156] Commons Daemon procrun (1.0.15.0 64-bit) started
[2022-11-13 12:36:18] [info]  [18156] Debugging 'Tomcat9' service...
[2022-11-13 12:36:18] [info]  [18156] Starting service...
[2022-11-13 12:36:19] [info]  [18156] Service started in 1119 ms.
[2022-11-13 12:36:55] [info]  [ 8632] Console CTRL+CLOSE event signaled
[2022-11-13 12:36:55] [info]  [ 8632] Stopping service...
[2022-11-13 12:36:56] [info]  [ 8632] Service stop thread completed.
[2022-11-13 12:37:03] [info]  [25212] Commons Daemon procrun (1.0.15.0 64-bit) started
[2022-11-13 12:37:03] [info]  [25212] Debugging 'Tomcat9' service...
[2022-11-13 12:37:03] [info]  [25212] Starting service...
[2022-11-13 12:37:04] [info]  [25212] Service started in 1101 ms.
[2022-11-13 12:48:27] [info]  [ 9432] Console CTRL+CLOSE event signaled
[2022-11-13 12:48:27] [info]  [ 9432] Stopping service...
[2022-11-13 12:48:28] [info]  [ 9432] Service stop thread completed.
[2022-11-13 12:48:41] [info]  [15760] Commons Daemon procrun (1.0.15.0 64-bit) started
[2022-11-13 12:48:41] [info]  [15760] Debugging 'Tomcat9' service...
[2022-11-13 12:48:41] [info]  [15760] Starting service...
[2022-11-13 12:48:42] [info]  [15760] Service started in 1184 ms.
[2022-11-13 12:51:16] [info]  [24772] Console CTRL+CLOSE event signaled
[2022-11-13 12:51:16] [info]  [24772] Stopping service...
[2022-11-13 12:51:17] [info]  [24772] Service stop thread completed.
[2022-11-13 12:51:19] [info]  [14936] Commons Daemon procrun (1.0.15.0 64-bit) started
[2022-11-13 12:51:19] [info]  [14936] Debugging 'Tomcat9' service...
[2022-11-13 12:51:19] [info]  [14936] Starting service...
[2022-11-13 12:51:21] [info]  [14936] Service started in 1198 ms.
[2022-11-13 13:15:00] [info]  [10128] Console CTRL+CLOSE event signaled
[2022-11-13 13:15:00] [info]  [10128] Stopping service...
[2022-11-13 13:15:01] [info]  [10128] Service stop thread completed.
[2022-11-13 13:15:04] [info]  [15676] Commons Daemon procrun (1.0.15.0 64-bit) started
[2022-11-13 13:15:04] [info]  [15676] Debugging 'Tomcat9' service...
[2022-11-13 13:15:04] [info]  [15676] Starting service...
[2022-11-13 13:15:05] [info]  [15676] Service started in 1137 ms.
[2022-11-13 13:18:25] [info]  [ 2000] Console CTRL+CLOSE event signaled
[2022-11-13 13:18:25] [info]  [ 2000] Stopping service...
[2022-11-13 13:18:26] [info]  [ 2000] Service stop thread completed.
[2022-11-13 13:18:27] [info]  [ 1408] Commons Daemon procrun (1.0.15.0 64-bit) started
[2022-11-13 13:18:27] [info]  [ 1408] Debugging 'Tomcat9' service...
[2022-11-13 13:18:27] [info]  [ 1408] Starting service...
[2022-11-13 13:18:28] [info]  [ 1408] Service started in 1196 ms.
[2022-11-13 13:25:47] [info]  [14596] Console CTRL+CLOSE event signaled
[2022-11-13 13:25:47] [info]  [14596] Stopping service...
[2022-11-13 13:25:48] [info]  [14596] Service stop thread completed.
[2022-11-13 13:25:50] [info]  [16252] Commons Daemon procrun (1.0.15.0 64-bit) started
[2022-11-13 13:25:50] [info]  [16252] Debugging 'Tomcat9' service...
[2022-11-13 13:25:50] [info]  [16252] Starting service...
[2022-11-13 13:25:51] [info]  [16252] Service started in 1250 ms.
[2022-11-13 14:37:34] [info]  [20512] Console CTRL+CLOSE event signaled
[2022-11-13 14:37:34] [info]  [20512] Stopping service...
[2022-11-13 14:37:35] [info]  [20512] Service stop thread completed.
[2022-11-13 14:37:37] [info]  [13272] Commons Daemon procrun (1.0.15.0 64-bit) started
[2022-11-13 14:37:37] [info]  [13272] Debugging 'Tomcat9' service...
[2022-11-13 14:37:37] [info]  [13272] Starting service...
[2022-11-13 14:37:38] [info]  [13272] Service started in 1223 ms.
[2022-11-13 14:38:53] [info]  [18384] Console CTRL+CLOSE event signaled
[2022-11-13 14:38:53] [info]  [18384] Stopping service...
[2022-11-13 14:38:54] [info]  [18384] Service stop thread completed.
[2022-11-13 14:38:55] [info]  [11628] Commons Daemon procrun (1.0.15.0 64-bit) started
[2022-11-13 14:38:55] [info]  [11628] Debugging 'Tomcat9' service...
[2022-11-13 14:38:55] [info]  [11628] Starting service...
[2022-11-13 14:38:56] [info]  [11628] Service started in 1207 ms.
[2022-11-05 14:55:29] [info]  [26072] Console CTRL+CLOSE event signaled
[2022-11-05 14:55:29] [info]  [26072] Stopping service...
[2022-11-05 14:55:30] [info]  [26072] Service stop thread completed.
[2022-11-13 15:51:31] [info]  [12136] Commons Daemon procrun (1.0.15.0 64-bit) started
[2022-11-13 15:51:31] [info]  [12136] Debugging 'Tomcat9' service...
[2022-11-13 15:51:31] [info]  [12136] Starting service...
[2022-11-13 15:51:32] [info]  [12136] Service started in 1114 ms.
[2022-11-13 16:02:29] [info]  [25828] Console CTRL+CLOSE event signaled
[2022-11-13 16:02:29] [info]  [25828] Stopping service...
[2022-11-13 16:02:30] [info]  [25828] Service stop thread completed.
[2022-11-13 16:02:32] [info]  [20724] Commons Daemon procrun (1.0.15.0 64-bit) started
[2022-11-13 16:02:32] [info]  [20724] Debugging 'Tomcat9' service...
[2022-11-13 16:02:32] [info]  [20724] Starting service...
[2022-11-13 16:02:33] [info]  [20724] Service started in 1113 ms.
[2022-11-13 16:45:44] [info]  [15116] Console CTRL+CLOSE event signaled
[2022-11-13 16:45:44] [info]  [15116] Stopping service...
[2022-11-13 16:45:45] [info]  [15116] Service stop thread completed.
[2022-11-13 16:45:47] [info]  [15664] Commons Daemon procrun (1.0.15.0 64-bit) started
[2022-11-13 16:45:47] [info]  [15664] Debugging 'Tomcat9' service...
[2022-11-13 16:45:47] [info]  [15664] Starting service...
[2022-11-13 16:45:48] [info]  [15664] Service started in 1125 ms.
[2022-11-13 16:55:36] [info]  [18032] Console CTRL+CLOSE event signaled
[2022-11-13 16:55:36] [info]  [18032] Stopping service...
[2022-11-13 16:55:37] [info]  [18032] Service stop thread completed.
[2022-11-13 16:55:38] [info]  [21924] Commons Daemon procrun (1.0.15.0 64-bit) started
[2022-11-13 16:55:38] [info]  [21924] Debugging 'Tomcat9' service...
[2022-11-13 16:55:38] [info]  [21924] Starting service...
[2022-11-13 16:55:39] [info]  [21924] Service started in 1127 ms.
[2022-11-14 09:15:47] [info]  [ 1748] Console CTRL+CLOSE event signaled
[2022-11-14 09:15:47] [info]  [ 1748] Stopping service...
[2022-11-14 09:15:48] [info]  [ 1748] Service stop thread completed.
