[2022-08-20 11:34:08] [info]  [ 8796] Commons Daemon procrun (1.0.15.0 64-bit) started
[2022-08-20 11:34:08] [info]  [ 8796] Service Tomcat9 name Apache Tomcat 9.0 Tomcat9
[2022-08-20 11:34:08] [info]  [ 8796] Service 'Tomcat9' installed
[2022-08-20 11:34:08] [info]  [ 8796] Commons Daemon procrun finished
[2022-08-20 11:34:09] [info]  [ 3732] Commons Daemon procrun (1.0.15.0 64-bit) started
[2022-08-20 11:34:09] [info]  [ 3732] Updating service...
[2022-08-20 11:34:09] [info]  [ 3732] Service 'Tomcat9' updated
[2022-08-20 11:34:09] [info]  [ 3732] Update service finished.
[2022-08-20 11:34:09] [info]  [ 3732] Commons Daemon procrun finished
[2022-08-20 11:34:09] [info]  [ 5936] Commons Daemon procrun (1.0.15.0 64-bit) started
[2022-08-20 11:34:09] [info]  [ 5936] Updating service...
[2022-08-20 11:34:09] [info]  [ 5936] Service 'Tomcat9' updated
[2022-08-20 11:34:09] [info]  [ 5936] Update service finished.
[2022-08-20 11:34:09] [info]  [ 5936] Commons Daemon procrun finished
[2022-08-20 11:34:09] [info]  [ 4552] Commons Daemon procrun (1.0.15.0 64-bit) started
[2022-08-20 11:34:09] [info]  [ 4552] Updating service...
[2022-08-20 11:34:09] [info]  [ 4552] Service 'Tomcat9' updated
[2022-08-20 11:34:09] [info]  [ 4552] Update service finished.
[2022-08-20 11:34:09] [info]  [ 4552] Commons Daemon procrun finished
[2022-08-20 11:34:14] [info]  [14044] Commons Daemon procrun (1.0.15.0 64-bit) started
[2022-08-20 11:34:14] [info]  [14044] Running 'Tomcat9' Service...
[2022-08-20 11:34:14] [info]  [ 3844] Starting service...
[2022-08-20 11:34:15] [info]  [ 3844] Service started in 1209 ms.
[2022-08-20 11:35:25] [info]  [ 9088] Stopping service...
[2022-08-20 11:35:30] [info]  [ 9088] Service stop thread completed.
[2022-08-20 11:35:30] [info]  [14044] Run service finished.
[2022-08-20 11:35:30] [info]  [14044] Commons Daemon procrun finished
[2022-08-20 11:35:45] [info]  [11080] Commons Daemon procrun (1.0.15.0 64-bit) started
[2022-08-20 11:35:45] [info]  [11080] Debugging 'Tomcat9' service...
[2022-08-20 11:35:45] [info]  [11080] Starting service...
[2022-08-20 11:35:46] [info]  [11080] Service started in 1174 ms.
[2022-08-20 11:43:14] [info]  [ 2212] Console CTRL+CLOSE event signaled
[2022-08-20 11:43:14] [info]  [ 2212] Stopping service...
[2022-08-20 11:43:15] [info]  [ 2212] Service stop thread completed.
[2022-08-20 11:43:24] [info]  [ 1636] Commons Daemon procrun (1.0.15.0 64-bit) started
[2022-08-20 11:43:24] [info]  [ 1636] Debugging 'Tomcat9' service...
[2022-08-20 11:43:24] [info]  [ 1636] Starting service...
[2022-08-20 11:43:25] [info]  [ 1636] Service started in 1168 ms.
[2022-08-20 11:51:17] [info]  [11656] Commons Daemon procrun (1.0.15.0 64-bit) started
[2022-08-20 11:51:17] [info]  [11656] Running 'Tomcat9' Service...
[2022-08-20 11:51:17] [info]  [ 6996] Starting service...
[2022-08-20 11:51:18] [info]  [ 6996] Service started in 1162 ms.
[2022-08-20 11:51:24] [info]  [11656] Run service finished.
[2022-08-20 11:51:24] [info]  [11656] Commons Daemon procrun finished
[2022-08-20 11:53:47] [info]  [ 2484] Commons Daemon procrun (1.0.15.0 64-bit) started
[2022-08-20 11:53:47] [info]  [ 2484] Running 'Tomcat9' Service...
[2022-08-20 11:53:47] [info]  [ 8444] Starting service...
[2022-08-20 11:53:48] [info]  [ 8444] Service started in 1173 ms.
[2022-08-20 11:53:54] [info]  [ 2484] Run service finished.
[2022-08-20 11:53:54] [info]  [ 2484] Commons Daemon procrun finished
[2022-08-20 11:54:09] [info]  [ 5800] Console CTRL+CLOSE event signaled
[2022-08-20 11:54:09] [info]  [ 5800] Stopping service...
[2022-08-20 11:54:10] [info]  [ 5800] Service stop thread completed.
[2022-08-20 11:54:22] [info]  [12196] Commons Daemon procrun (1.0.15.0 64-bit) started
[2022-08-20 11:54:22] [info]  [12196] Running 'Tomcat9' Service...
[2022-08-20 11:54:22] [info]  [ 3076] Starting service...
[2022-08-20 11:54:23] [info]  [ 3076] Service started in 1178 ms.
[2022-08-20 12:25:07] [info]  [ 7608] Commons Daemon procrun (1.0.15.0 64-bit) started
[2022-08-20 12:25:07] [info]  [ 7608] Debugging 'Tomcat9' service...
[2022-08-20 12:25:07] [info]  [ 7608] Starting service...
[2022-08-20 12:25:08] [info]  [ 7608] Service started in 1177 ms.
[2022-08-20 12:25:15] [info]  [ 7608] Debug service finished with exit code 0
[2022-08-20 12:25:15] [info]  [ 7608] Commons Daemon procrun finished
[2022-08-20 12:25:53] [info]  [ 9684] Stopping service...
[2022-08-20 12:25:54] [info]  [ 9684] Service stop thread completed.
[2022-08-20 12:25:55] [info]  [12196] Run service finished.
[2022-08-20 12:25:55] [info]  [12196] Commons Daemon procrun finished
[2022-08-20 12:25:55] [info]  [ 8124] Commons Daemon procrun (1.0.15.0 64-bit) started
[2022-08-20 12:25:55] [info]  [ 8124] Running 'Tomcat9' Service...
[2022-08-20 12:25:55] [info]  [ 3960] Starting service...
[2022-08-20 12:25:56] [info]  [ 3960] Service started in 1176 ms.
[2022-08-20 13:08:13] [info]  [ 5616] Stopping service...
[2022-08-20 13:08:14] [info]  [ 5616] Service stop thread completed.
[2022-08-20 13:08:15] [info]  [ 8124] Run service finished.
[2022-08-20 13:08:15] [info]  [ 8124] Commons Daemon procrun finished
[2022-08-20 13:08:21] [info]  [14192] Commons Daemon procrun (1.0.15.0 64-bit) started
[2022-08-20 13:08:21] [info]  [14192] Debugging 'Tomcat9' service...
[2022-08-20 13:08:21] [info]  [14192] Starting service...
[2022-08-20 13:08:23] [info]  [14192] Service started in 1209 ms.
[2022-08-20 16:24:20] [info]  [ 2932] Console CTRL+CLOSE event signaled
[2022-08-20 16:24:20] [info]  [ 2932] Stopping service...
[2022-08-20 16:24:21] [info]  [ 2932] Service stop thread completed.
[2022-08-20 16:44:32] [info]  [ 5936] Commons Daemon procrun (1.0.15.0 64-bit) started
[2022-08-20 16:44:32] [info]  [ 5936] Debugging 'Tomcat9' service...
[2022-08-20 16:44:32] [info]  [ 5936] Starting service...
[2022-08-20 16:44:33] [info]  [ 5936] Service started in 1128 ms.
[2022-08-20 16:53:43] [info]  [ 3392] Console CTRL+CLOSE event signaled
[2022-08-20 16:53:43] [info]  [ 3392] Stopping service...
[2022-08-20 16:53:44] [info]  [ 3392] Service stop thread completed.
[2022-08-20 16:53:47] [info]  [ 3084] Commons Daemon procrun (1.0.15.0 64-bit) started
[2022-08-20 16:53:47] [info]  [ 3084] Debugging 'Tomcat9' service...
[2022-08-20 16:53:47] [info]  [ 3084] Starting service...
[2022-08-20 16:53:48] [info]  [ 3084] Service started in 1115 ms.
[2022-08-20 17:37:31] [info]  [17340] Console CTRL+CLOSE event signaled
[2022-08-20 17:37:31] [info]  [17340] Stopping service...
[2022-08-20 17:37:32] [info]  [17340] Service stop thread completed.
[2022-08-20 17:37:36] [info]  [15732] Commons Daemon procrun (1.0.15.0 64-bit) started
[2022-08-20 17:37:36] [info]  [15732] Debugging 'Tomcat9' service...
[2022-08-20 17:37:36] [info]  [15732] Starting service...
[2022-08-20 17:37:37] [info]  [15732] Service started in 1513 ms.
[2022-08-21 09:43:29] [info]  [ 2520] Console CTRL+CLOSE event signaled
[2022-08-21 09:43:29] [info]  [ 2520] Stopping service...
[2022-08-21 09:43:30] [info]  [ 2520] Service stop thread completed.
