[2022-11-22 09:51:55] [info]  [19240] Commons Daemon procrun (1.0.15.0 64-bit) started
[2022-11-22 09:51:55] [info]  [19240] Debugging 'Tomcat9' service...
[2022-11-22 09:51:55] [info]  [19240] Starting service...
[2022-11-22 09:51:56] [info]  [19240] Service started in 1133 ms.
[2022-11-22 09:52:26] [info]  [11840] Console CTRL+CLOSE event signaled
[2022-11-22 09:52:26] [info]  [11840] Stopping service...
[2022-11-22 09:52:27] [info]  [11840] Service stop thread completed.
[2022-11-22 09:52:28] [info]  [20340] Commons Daemon procrun (1.0.15.0 64-bit) started
[2022-11-22 09:52:28] [info]  [20340] Debugging 'Tomcat9' service...
[2022-11-22 09:52:28] [info]  [20340] Starting service...
[2022-11-22 09:52:29] [info]  [20340] Service started in 1125 ms.
[2022-11-22 10:12:06] [info]  [13360] Console CTRL+CLOSE event signaled
[2022-11-22 10:12:06] [info]  [13360] Stopping service...
[2022-11-22 10:12:07] [info]  [13360] Service stop thread completed.
[2022-11-22 10:12:09] [info]  [21212] Commons Daemon procrun (1.0.15.0 64-bit) started
[2022-11-22 10:12:09] [info]  [21212] Debugging 'Tomcat9' service...
[2022-11-22 10:12:09] [info]  [21212] Starting service...
[2022-11-22 10:12:10] [info]  [21212] Service started in 1122 ms.
[2022-11-22 11:03:20] [info]  [16276] Console CTRL+CLOSE event signaled
[2022-11-22 11:03:20] [info]  [16276] Stopping service...
[2022-11-22 11:03:21] [info]  [16276] Service stop thread completed.
[2022-11-22 11:03:23] [info]  [16328] Commons Daemon procrun (1.0.15.0 64-bit) started
[2022-11-22 11:03:23] [info]  [16328] Debugging 'Tomcat9' service...
[2022-11-22 11:03:23] [info]  [16328] Starting service...
[2022-11-22 11:03:24] [info]  [16328] Service started in 1226 ms.
[2022-11-22 11:40:11] [info]  [18236] Console CTRL+CLOSE event signaled
[2022-11-22 11:40:11] [info]  [18236] Stopping service...
[2022-11-22 11:40:22] [info]  [19948] Commons Daemon procrun (1.0.15.0 64-bit) started
[2022-11-22 11:40:22] [info]  [19948] Debugging 'Tomcat9' service...
[2022-11-22 11:40:22] [info]  [19948] Starting service...
[2022-11-22 11:40:23] [info]  [19948] Service started in 1186 ms.
[2022-11-22 11:43:34] [info]  [11088] Console CTRL+CLOSE event signaled
[2022-11-22 11:43:34] [info]  [11088] Stopping service...
[2022-11-22 11:43:39] [info]  [19672] Commons Daemon procrun (1.0.15.0 64-bit) started
[2022-11-22 11:43:39] [info]  [19672] Running 'Tomcat9' Service...
[2022-11-22 11:43:39] [info]  [ 8368] Starting service...
[2022-11-22 11:43:40] [info]  [ 8368] Service started in 1122 ms.
[2022-11-22 11:50:40] [info]  [10880] Stopping service...
[2022-11-22 11:50:41] [info]  [10880] Service stop thread completed.
[2022-11-22 11:50:42] [info]  [19672] Run service finished.
[2022-11-22 11:50:42] [info]  [19672] Commons Daemon procrun finished
[2022-11-22 11:50:42] [info]  [18368] Commons Daemon procrun (1.0.15.0 64-bit) started
[2022-11-22 11:50:42] [info]  [18368] Running 'Tomcat9' Service...
[2022-11-22 11:50:42] [info]  [20228] Starting service...
[2022-11-22 11:50:43] [info]  [20228] Service started in 1120 ms.
[2022-11-22 15:11:46] [info]  [ 9540] Commons Daemon procrun (1.0.15.0 64-bit) started
[2022-11-22 15:11:46] [info]  [ 9540] Debugging 'Tomcat9' service...
[2022-11-22 15:11:46] [info]  [ 9540] Starting service...
[2022-11-22 15:11:47] [info]  [ 9540] Service started in 1218 ms.
[2022-11-22 15:11:55] [info]  [ 9540] Debug service finished with exit code 0
[2022-11-22 15:11:55] [info]  [ 9540] Commons Daemon procrun finished
[2022-11-22 15:15:00] [info]  [13676] Commons Daemon procrun (1.0.15.0 64-bit) started
[2022-11-22 15:15:00] [info]  [13676] Debugging 'Tomcat9' service...
[2022-11-22 15:15:00] [info]  [13676] Starting service...
[2022-11-22 15:15:01] [info]  [13676] Service started in 1189 ms.
[2022-11-22 15:15:08] [info]  [13676] Debug service finished with exit code 0
[2022-11-22 15:15:08] [info]  [13676] Commons Daemon procrun finished
[2022-11-22 15:15:58] [info]  [ 3160] Commons Daemon procrun (1.0.15.0 64-bit) started
[2022-11-22 15:15:58] [info]  [ 3160] Debugging 'Tomcat9' service...
[2022-11-22 15:15:58] [info]  [ 3160] Starting service...
[2022-11-22 15:15:59] [info]  [ 3160] Service started in 1182 ms.
[2022-11-22 15:16:06] [info]  [ 3160] Debug service finished with exit code 0
[2022-11-22 15:16:06] [info]  [ 3160] Commons Daemon procrun finished
[2022-11-22 15:16:11] [info]  [21064] Stopping service...
[2022-11-22 15:16:12] [info]  [21064] Service stop thread completed.
[2022-11-22 15:16:13] [info]  [18368] Run service finished.
[2022-11-22 15:16:13] [info]  [18368] Commons Daemon procrun finished
[2022-11-22 15:16:15] [info]  [17356] Commons Daemon procrun (1.0.15.0 64-bit) started
[2022-11-22 15:16:15] [info]  [17356] Debugging 'Tomcat9' service...
[2022-11-22 15:16:15] [info]  [17356] Starting service...
[2022-11-22 15:16:16] [info]  [17356] Service started in 1192 ms.
[2022-11-22 15:23:48] [info]  [13340] Console CTRL+CLOSE event signaled
[2022-11-22 15:23:48] [info]  [13340] Stopping service...
[2022-11-22 15:23:49] [info]  [13340] Service stop thread completed.
[2022-11-22 15:23:51] [info]  [14340] Commons Daemon procrun (1.0.15.0 64-bit) started
[2022-11-22 15:23:51] [info]  [14340] Debugging 'Tomcat9' service...
[2022-11-22 15:23:51] [info]  [14340] Starting service...
[2022-11-22 15:23:52] [info]  [14340] Service started in 1204 ms.
[2022-11-23 08:51:25] [info]  [22032] Console CTRL+CLOSE event signaled
[2022-11-23 08:51:25] [info]  [22032] Stopping service...
[2022-11-23 08:51:26] [info]  [22032] Service stop thread completed.
