[2022-10-16 09:58:50] [info]  [17552] Commons Daemon procrun (1.0.15.0 64-bit) started
[2022-10-16 09:58:50] [info]  [17552] Debugging 'Tomcat9' service...
[2022-10-16 09:58:50] [info]  [17552] Starting service...
[2022-10-16 09:58:52] [info]  [17552] Service started in 1220 ms.
[2022-10-16 10:03:25] [info]  [13400] Console CTRL+CLOSE event signaled
[2022-10-16 10:03:25] [info]  [13400] Stopping service...
[2022-10-16 10:03:26] [info]  [13400] Service stop thread completed.
[2022-10-16 10:03:28] [info]  [15292] Commons Daemon procrun (1.0.15.0 64-bit) started
[2022-10-16 10:03:28] [info]  [15292] Debugging 'Tomcat9' service...
[2022-10-16 10:03:28] [info]  [15292] Starting service...
[2022-10-16 10:03:29] [info]  [15292] Service started in 1217 ms.
[2022-10-16 10:04:42] [info]  [18180] Console CTRL+CLOSE event signaled
[2022-10-16 10:04:42] [info]  [18180] Stopping service...
[2022-10-16 10:04:43] [info]  [18180] Service stop thread completed.
[2022-10-16 10:04:45] [info]  [10896] Commons Daemon procrun (1.0.15.0 64-bit) started
[2022-10-16 10:04:45] [info]  [10896] Debugging 'Tomcat9' service...
[2022-10-16 10:04:45] [info]  [10896] Starting service...
[2022-10-16 10:04:46] [info]  [10896] Service started in 1182 ms.
[2022-10-16 10:05:31] [info]  [ 8488] Console CTRL+CLOSE event signaled
[2022-10-16 10:05:31] [info]  [ 8488] Stopping service...
[2022-10-16 10:05:32] [info]  [ 8488] Service stop thread completed.
[2022-10-16 10:05:34] [info]  [13932] Commons Daemon procrun (1.0.15.0 64-bit) started
[2022-10-16 10:05:34] [info]  [13932] Debugging 'Tomcat9' service...
[2022-10-16 10:05:34] [info]  [13932] Starting service...
[2022-10-16 10:05:35] [info]  [13932] Service started in 1186 ms.
[2022-10-16 10:31:51] [info]  [14692] Console CTRL+CLOSE event signaled
[2022-10-16 10:31:51] [info]  [14692] Stopping service...
[2022-10-16 10:31:52] [info]  [14692] Service stop thread completed.
[2022-10-16 10:31:54] [info]  [ 5360] Commons Daemon procrun (1.0.15.0 64-bit) started
[2022-10-16 10:31:54] [info]  [ 5360] Debugging 'Tomcat9' service...
[2022-10-16 10:31:54] [info]  [ 5360] Starting service...
[2022-10-16 10:31:55] [info]  [ 5360] Service started in 1200 ms.
[2022-10-16 11:00:43] [info]  [16844] Console CTRL+CLOSE event signaled
[2022-10-16 11:00:43] [info]  [16844] Stopping service...
[2022-10-16 11:00:44] [info]  [16844] Service stop thread completed.
[2022-10-16 11:00:46] [info]  [17396] Commons Daemon procrun (1.0.15.0 64-bit) started
[2022-10-16 11:00:46] [info]  [17396] Debugging 'Tomcat9' service...
[2022-10-16 11:00:46] [info]  [17396] Starting service...
[2022-10-16 11:00:47] [info]  [17396] Service started in 1188 ms.
[2022-10-16 11:03:58] [info]  [15356] Console CTRL+CLOSE event signaled
[2022-10-16 11:03:58] [info]  [15356] Stopping service...
[2022-10-16 11:03:59] [info]  [15356] Service stop thread completed.
[2022-10-16 11:04:01] [info]  [ 1776] Commons Daemon procrun (1.0.15.0 64-bit) started
[2022-10-16 11:04:01] [info]  [ 1776] Debugging 'Tomcat9' service...
[2022-10-16 11:04:01] [info]  [ 1776] Starting service...
[2022-10-16 11:04:02] [info]  [ 1776] Service started in 1203 ms.
[2022-10-16 11:05:22] [info]  [13904] Console CTRL+CLOSE event signaled
[2022-10-16 11:05:22] [info]  [13904] Stopping service...
[2022-10-16 11:05:23] [info]  [13904] Service stop thread completed.
[2022-10-16 11:05:24] [info]  [ 9124] Commons Daemon procrun (1.0.15.0 64-bit) started
[2022-10-16 11:05:24] [info]  [ 9124] Debugging 'Tomcat9' service...
[2022-10-16 11:05:24] [info]  [ 9124] Starting service...
[2022-10-16 11:05:25] [info]  [ 9124] Service started in 1199 ms.
[2022-10-16 11:09:17] [info]  [ 3608] Console CTRL+CLOSE event signaled
[2022-10-16 11:09:17] [info]  [ 3608] Stopping service...
[2022-10-16 11:09:18] [info]  [ 3608] Service stop thread completed.
[2022-10-16 11:09:19] [info]  [ 8132] Commons Daemon procrun (1.0.15.0 64-bit) started
[2022-10-16 11:09:19] [info]  [ 8132] Debugging 'Tomcat9' service...
[2022-10-16 11:09:19] [info]  [ 8132] Starting service...
[2022-10-16 11:09:20] [info]  [ 8132] Service started in 1220 ms.
[2022-10-16 11:09:58] [info]  [ 2348] Console CTRL+CLOSE event signaled
[2022-10-16 11:09:58] [info]  [ 2348] Stopping service...
[2022-10-16 11:09:59] [info]  [ 2348] Service stop thread completed.
[2022-10-16 11:10:33] [info]  [14652] Commons Daemon procrun (1.0.15.0 64-bit) started
[2022-10-16 11:10:33] [info]  [14652] Debugging 'Tomcat9' service...
[2022-10-16 11:10:33] [info]  [14652] Starting service...
[2022-10-16 11:10:34] [info]  [14652] Service started in 1177 ms.
[2022-10-16 11:11:16] [info]  [ 7628] Console CTRL+CLOSE event signaled
[2022-10-16 11:11:16] [info]  [ 7628] Stopping service...
[2022-10-16 11:11:17] [info]  [ 7628] Service stop thread completed.
[2022-10-16 11:11:18] [info]  [16528] Commons Daemon procrun (1.0.15.0 64-bit) started
[2022-10-16 11:11:18] [info]  [16528] Debugging 'Tomcat9' service...
[2022-10-16 11:11:18] [info]  [16528] Starting service...
[2022-10-16 11:11:19] [info]  [16528] Service started in 1195 ms.
[2022-10-16 11:14:39] [info]  [ 9104] Console CTRL+CLOSE event signaled
[2022-10-16 11:14:39] [info]  [ 9104] Stopping service...
[2022-10-16 11:14:46] [info]  [ 7568] Commons Daemon procrun (1.0.15.0 64-bit) started
[2022-10-16 11:14:46] [info]  [ 7568] Debugging 'Tomcat9' service...
[2022-10-16 11:14:46] [info]  [ 7568] Starting service...
[2022-10-16 11:14:47] [info]  [ 7568] Service started in 1185 ms.
[2022-10-16 11:22:10] [info]  [ 9820] Console CTRL+CLOSE event signaled
[2022-10-16 11:22:10] [info]  [ 9820] Stopping service...
[2022-10-16 11:22:11] [info]  [ 9820] Service stop thread completed.
[2022-10-16 11:22:13] [info]  [ 6192] Commons Daemon procrun (1.0.15.0 64-bit) started
[2022-10-16 11:22:13] [info]  [ 6192] Debugging 'Tomcat9' service...
[2022-10-16 11:22:13] [info]  [ 6192] Starting service...
[2022-10-16 11:22:14] [info]  [ 6192] Service started in 1188 ms.
[2022-10-16 11:40:00] [info]  [13540] Console CTRL+CLOSE event signaled
[2022-10-16 11:40:00] [info]  [13540] Stopping service...
[2022-10-16 11:40:01] [info]  [13540] Service stop thread completed.
[2022-10-16 11:40:04] [info]  [17816] Commons Daemon procrun (1.0.15.0 64-bit) started
[2022-10-16 11:40:04] [info]  [17816] Debugging 'Tomcat9' service...
[2022-10-16 11:40:04] [info]  [17816] Starting service...
[2022-10-16 11:40:05] [info]  [17816] Service started in 1189 ms.
[2022-10-16 11:43:25] [info]  [  488] Console CTRL+CLOSE event signaled
[2022-10-16 11:43:25] [info]  [  488] Stopping service...
[2022-10-16 11:43:26] [info]  [  488] Service stop thread completed.
[2022-10-16 11:43:28] [info]  [18280] Commons Daemon procrun (1.0.15.0 64-bit) started
[2022-10-16 11:43:28] [info]  [18280] Debugging 'Tomcat9' service...
[2022-10-16 11:43:28] [info]  [18280] Starting service...
[2022-10-16 11:43:29] [info]  [18280] Service started in 1176 ms.
[2022-10-16 11:46:42] [info]  [ 8924] Console CTRL+CLOSE event signaled
[2022-10-16 11:46:42] [info]  [ 8924] Stopping service...
[2022-10-16 11:46:43] [info]  [ 8924] Service stop thread completed.
[2022-10-16 11:46:45] [info]  [ 5876] Commons Daemon procrun (1.0.15.0 64-bit) started
[2022-10-16 11:46:45] [info]  [ 5876] Debugging 'Tomcat9' service...
[2022-10-16 11:46:45] [info]  [ 5876] Starting service...
[2022-10-16 11:46:46] [info]  [ 5876] Service started in 1177 ms.
[2022-10-16 11:48:38] [info]  [  812] Console CTRL+CLOSE event signaled
[2022-10-16 11:48:38] [info]  [  812] Stopping service...
[2022-10-16 11:48:39] [info]  [  812] Service stop thread completed.
[2022-10-16 11:48:41] [info]  [14208] Commons Daemon procrun (1.0.15.0 64-bit) started
[2022-10-16 11:48:41] [info]  [14208] Debugging 'Tomcat9' service...
[2022-10-16 11:48:41] [info]  [14208] Starting service...
[2022-10-16 11:48:42] [info]  [14208] Service started in 1194 ms.
[2022-10-16 12:22:59] [info]  [11464] Console CTRL+CLOSE event signaled
[2022-10-16 12:22:59] [info]  [11464] Stopping service...
[2022-10-16 12:23:00] [info]  [11464] Service stop thread completed.
[2022-10-16 12:23:01] [info]  [17264] Commons Daemon procrun (1.0.15.0 64-bit) started
[2022-10-16 12:23:01] [info]  [17264] Debugging 'Tomcat9' service...
[2022-10-16 12:23:01] [info]  [17264] Starting service...
[2022-10-16 12:23:02] [info]  [17264] Service started in 1178 ms.
[2022-10-16 12:24:48] [info]  [10356] Console CTRL+CLOSE event signaled
[2022-10-16 12:24:48] [info]  [10356] Stopping service...
[2022-10-16 12:24:49] [info]  [10356] Service stop thread completed.
[2022-10-16 12:24:55] [info]  [15008] Commons Daemon procrun (1.0.15.0 64-bit) started
[2022-10-16 12:24:55] [info]  [15008] Debugging 'Tomcat9' service...
[2022-10-16 12:24:55] [info]  [15008] Starting service...
[2022-10-16 12:24:56] [info]  [15008] Service started in 1207 ms.
[2022-10-16 12:27:31] [info]  [10760] Console CTRL+CLOSE event signaled
[2022-10-16 12:27:31] [info]  [10760] Stopping service...
[2022-10-16 12:27:32] [info]  [10760] Service stop thread completed.
[2022-10-16 12:29:00] [info]  [17008] Commons Daemon procrun (1.0.15.0 64-bit) started
[2022-10-16 12:29:00] [info]  [17008] Debugging 'Tomcat9' service...
[2022-10-16 12:29:00] [info]  [17008] Starting service...
[2022-10-16 12:29:02] [info]  [17008] Service started in 1179 ms.
[2022-10-16 13:30:11] [info]  [16488] Console CTRL+CLOSE event signaled
[2022-10-16 13:30:11] [info]  [16488] Stopping service...
[2022-10-16 13:30:12] [info]  [16488] Service stop thread completed.
[2022-10-16 13:30:13] [info]  [10104] Commons Daemon procrun (1.0.15.0 64-bit) started
[2022-10-16 13:30:13] [info]  [10104] Debugging 'Tomcat9' service...
[2022-10-16 13:30:13] [info]  [10104] Starting service...
[2022-10-16 13:30:15] [info]  [10104] Service started in 1103 ms.
[2022-10-16 15:13:39] [info]  [17784] Console CTRL+CLOSE event signaled
[2022-10-16 15:13:39] [info]  [17784] Stopping service...
[2022-10-16 15:13:40] [info]  [17784] Service stop thread completed.
[2022-10-16 15:18:24] [info]  [ 6776] Commons Daemon procrun (1.0.15.0 64-bit) started
[2022-10-16 15:18:24] [info]  [ 6776] Debugging 'Tomcat9' service...
[2022-10-16 15:18:24] [info]  [ 6776] Starting service...
[2022-10-16 15:18:25] [info]  [ 6776] Service started in 1140 ms.
