[2022-09-03 11:26:13] [info]  [26104] Commons Daemon procrun (1.0.15.0 64-bit) started
[2022-09-03 11:26:13] [info]  [26104] Debugging 'Tomcat9' service...
[2022-09-03 11:26:13] [info]  [26104] Starting service...
[2022-09-03 11:26:14] [info]  [26104] Service started in 1448 ms.
[2022-09-03 12:35:09] [info]  [ 6496] Console CTRL+CLOSE event signaled
[2022-09-03 12:35:10] [info]  [ 6496] Stopping service...
[2022-09-03 12:35:11] [info]  [ 6496] Service stop thread completed.
[2022-09-03 12:35:14] [info]  [30316] Commons Daemon procrun (1.0.15.0 64-bit) started
[2022-09-03 12:35:14] [info]  [30316] Debugging 'Tomcat9' service...
[2022-09-03 12:35:14] [info]  [30316] Starting service...
[2022-09-03 12:35:15] [info]  [30316] Service started in 1312 ms.
[2022-09-03 12:55:42] [info]  [21248] Console CTRL+CLOSE event signaled
[2022-09-03 12:55:42] [info]  [21248] Stopping service...
[2022-09-03 12:55:43] [info]  [21248] Service stop thread completed.
[2022-09-03 13:08:21] [info]  [ 2204] Commons Daemon procrun (1.0.15.0 64-bit) started
[2022-09-03 13:08:21] [info]  [ 2204] Debugging 'Tomcat9' service...
[2022-09-03 13:08:21] [info]  [ 2204] Starting service...
[2022-09-03 13:08:22] [info]  [ 2204] Service started in 1205 ms.
[2022-09-03 13:08:41] [info]  [ 5456] Console CTRL+CLOSE event signaled
[2022-09-03 13:08:41] [info]  [ 5456] Stopping service...
[2022-09-03 13:13:05] [info]  [11432] Commons Daemon procrun (1.0.15.0 64-bit) started
[2022-09-03 13:13:05] [info]  [11432] Debugging 'Tomcat9' service...
[2022-09-03 13:13:05] [info]  [11432] Starting service...
[2022-09-03 13:13:06] [info]  [11432] Service started in 1186 ms.
[2022-09-03 14:07:16] [info]  [ 4000] Console CTRL+CLOSE event signaled
[2022-09-03 14:07:16] [info]  [ 4000] Stopping service...
[2022-09-03 14:07:17] [info]  [ 4000] Service stop thread completed.
[2022-09-03 14:07:40] [info]  [13452] Commons Daemon procrun (1.0.15.0 64-bit) started
[2022-09-03 14:07:40] [info]  [13452] Debugging 'Tomcat9' service...
[2022-09-03 14:07:40] [info]  [13452] Starting service...
[2022-09-03 14:07:41] [info]  [13452] Service started in 1195 ms.
[2022-09-03 15:25:39] [info]  [13724] Console CTRL+CLOSE event signaled
[2022-09-03 15:25:39] [info]  [13724] Stopping service...
[2022-09-03 15:25:55] [info]  [ 1524] Commons Daemon procrun (1.0.15.0 64-bit) started
[2022-09-03 15:25:55] [info]  [ 1524] Debugging 'Tomcat9' service...
[2022-09-03 15:25:55] [info]  [ 1524] Starting service...
[2022-09-03 15:25:57] [info]  [ 1524] Service started in 1297 ms.
[2022-09-03 14:49:36] [info]  [ 8216] Console CTRL+CLOSE event signaled
[2022-09-03 14:49:36] [info]  [ 8216] Stopping service...
