[2022-11-06 09:49:02] [info]  [10280] Commons Daemon procrun (1.0.15.0 64-bit) started
[2022-11-06 09:49:02] [info]  [10280] Running 'Tomcat9' Service...
[2022-11-06 09:49:02] [info]  [19412] Starting service...
[2022-11-06 09:49:03] [info]  [19412] Service started in 1213 ms.
[2022-11-06 11:12:33] [info]  [20256] Stopping service...
[2022-11-06 11:12:34] [info]  [20256] Service stop thread completed.
[2022-11-06 11:12:35] [info]  [10280] Run service finished.
[2022-11-06 11:12:35] [info]  [10280] Commons Daemon procrun finished
[2022-11-06 11:58:21] [info]  [14044] Commons Daemon procrun (1.0.15.0 64-bit) started
[2022-11-06 11:58:21] [info]  [14044] Debugging 'Tomcat9' service...
[2022-11-06 11:58:21] [info]  [14044] Starting service...
[2022-11-06 11:58:22] [info]  [14044] Service started in 1392 ms.
[2022-11-06 12:01:01] [info]  [12932] Console CTRL+CLOSE event signaled
[2022-11-06 12:01:01] [info]  [12932] Stopping service...
[2022-11-06 12:01:10] [info]  [10568] Commons Daemon procrun (1.0.15.0 64-bit) started
[2022-11-06 12:01:10] [info]  [10568] Debugging 'Tomcat9' service...
[2022-11-06 12:01:10] [info]  [10568] Starting service...
[2022-11-06 12:01:11] [info]  [10568] Service started in 1181 ms.
[2022-11-06 12:01:39] [info]  [ 4516] Console CTRL+CLOSE event signaled
[2022-11-06 12:01:39] [info]  [ 4516] Stopping service...
[2022-11-06 12:01:46] [info]  [  852] Commons Daemon procrun (1.0.15.0 64-bit) started
[2022-11-06 12:01:46] [info]  [  852] Running 'Tomcat9' Service...
[2022-11-06 12:01:46] [info]  [13208] Starting service...
[2022-11-06 12:01:47] [info]  [13208] Service started in 1198 ms.
[2022-11-06 12:30:22] [info]  [15948] Commons Daemon procrun (1.0.15.0 64-bit) started
[2022-11-06 12:30:22] [info]  [15948] Debugging 'Tomcat9' service...
[2022-11-06 12:30:22] [info]  [15948] Starting service...
[2022-11-06 12:30:24] [info]  [15948] Service started in 1190 ms.
[2022-11-06 12:30:31] [info]  [15948] Debug service finished with exit code 0
[2022-11-06 12:30:31] [info]  [15948] Commons Daemon procrun finished
[2022-11-06 12:40:17] [info]  [ 1964] Commons Daemon procrun (1.0.15.0 64-bit) started
[2022-11-06 12:40:17] [info]  [ 1964] Debugging 'Tomcat9' service...
[2022-11-06 12:40:17] [info]  [ 1964] Starting service...
[2022-11-06 12:40:18] [info]  [ 1964] Service started in 1184 ms.
[2022-11-06 12:40:25] [info]  [ 1964] Debug service finished with exit code 0
[2022-11-06 12:40:25] [info]  [ 1964] Commons Daemon procrun finished
[2022-11-06 12:55:05] [info]  [19996] Commons Daemon procrun (1.0.15.0 64-bit) started
[2022-11-06 12:55:05] [info]  [19996] Debugging 'Tomcat9' service...
[2022-11-06 12:55:05] [info]  [19996] Starting service...
[2022-11-06 12:55:07] [info]  [19996] Service started in 1119 ms.
[2022-11-06 12:55:11] [info]  [19996] Debug service finished with exit code 0
[2022-11-06 12:55:11] [info]  [19996] Commons Daemon procrun finished
[2022-11-06 12:57:56] [info]  [ 2752] Commons Daemon procrun (1.0.15.0 64-bit) started
[2022-11-06 12:57:56] [info]  [ 2752] Debugging 'Tomcat9' service...
[2022-11-06 12:57:56] [info]  [ 2752] Starting service...
[2022-11-06 12:57:57] [info]  [ 2752] Service started in 1234 ms.
[2022-11-06 12:58:03] [info]  [ 2752] Debug service finished with exit code 0
[2022-11-06 12:58:03] [info]  [ 2752] Commons Daemon procrun finished
[2022-11-06 13:01:28] [info]  [15508] Commons Daemon procrun (1.0.15.0 64-bit) started
[2022-11-06 13:01:28] [info]  [15508] Debugging 'Tomcat9' service...
[2022-11-06 13:01:28] [info]  [15508] Starting service...
[2022-11-06 13:01:29] [info]  [15508] Service started in 1359 ms.
[2022-11-06 13:01:36] [info]  [15508] Debug service finished with exit code 0
[2022-11-06 13:01:36] [info]  [15508] Commons Daemon procrun finished
[2022-11-06 13:06:11] [info]  [18532] Commons Daemon procrun (1.0.15.0 64-bit) started
[2022-11-06 13:06:11] [info]  [18532] Debugging 'Tomcat9' service...
[2022-11-06 13:06:11] [info]  [18532] Starting service...
[2022-11-06 13:06:12] [info]  [18532] Service started in 1132 ms.
[2022-11-06 13:06:16] [info]  [18532] Debug service finished with exit code 0
[2022-11-06 13:06:16] [info]  [18532] Commons Daemon procrun finished
[2022-11-06 13:10:00] [info]  [20076] Commons Daemon procrun (1.0.15.0 64-bit) started
[2022-11-06 13:10:00] [info]  [20076] Debugging 'Tomcat9' service...
[2022-11-06 13:10:00] [info]  [20076] Starting service...
[2022-11-06 13:10:01] [info]  [20076] Service started in 1112 ms.
[2022-11-06 13:10:05] [info]  [20076] Debug service finished with exit code 0
[2022-11-06 13:10:05] [info]  [20076] Commons Daemon procrun finished
[2022-11-06 13:10:08] [info]  [19972] Stopping service...
[2022-11-06 13:10:09] [info]  [19972] Service stop thread completed.
[2022-11-06 13:10:09] [info]  [  852] Run service finished.
[2022-11-06 13:10:09] [info]  [  852] Commons Daemon procrun finished
[2022-11-06 13:10:21] [info]  [11788] Commons Daemon procrun (1.0.15.0 64-bit) started
[2022-11-06 13:10:21] [info]  [11788] Debugging 'Tomcat9' service...
[2022-11-06 13:10:21] [info]  [11788] Starting service...
[2022-11-06 13:10:22] [info]  [11788] Service started in 1135 ms.
[2022-11-06 13:11:42] [info]  [14476] Console CTRL+CLOSE event signaled
[2022-11-06 13:11:42] [info]  [14476] Stopping service...
[2022-11-06 13:11:43] [info]  [14476] Service stop thread completed.
[2022-11-06 13:11:45] [info]  [ 9004] Commons Daemon procrun (1.0.15.0 64-bit) started
[2022-11-06 13:11:45] [info]  [ 9004] Debugging 'Tomcat9' service...
[2022-11-06 13:11:45] [info]  [ 9004] Starting service...
[2022-11-06 13:11:46] [info]  [ 9004] Service started in 1109 ms.
[2022-11-06 13:16:29] [info]  [13692] Console CTRL+CLOSE event signaled
[2022-11-06 13:16:29] [info]  [13692] Stopping service...
[2022-11-06 13:16:30] [info]  [13692] Service stop thread completed.
[2022-11-06 13:16:31] [info]  [19572] Commons Daemon procrun (1.0.15.0 64-bit) started
[2022-11-06 13:16:31] [info]  [19572] Debugging 'Tomcat9' service...
[2022-11-06 13:16:31] [info]  [19572] Starting service...
[2022-11-06 13:16:32] [info]  [19572] Service started in 1120 ms.
[2022-11-06 14:35:57] [info]  [11568] Console CTRL+CLOSE event signaled
[2022-11-06 14:35:57] [info]  [11568] Stopping service...
[2022-11-06 14:35:58] [info]  [11568] Service stop thread completed.
[2022-11-06 14:36:01] [info]  [13736] Commons Daemon procrun (1.0.15.0 64-bit) started
[2022-11-06 14:36:01] [info]  [13736] Debugging 'Tomcat9' service...
[2022-11-06 14:36:01] [info]  [13736] Starting service...
[2022-11-06 14:36:02] [info]  [13736] Service started in 1213 ms.
[2022-11-06 14:37:22] [info]  [19372] Console CTRL+CLOSE event signaled
[2022-11-06 14:37:22] [info]  [19372] Stopping service...
[2022-11-06 14:37:23] [info]  [19372] Service stop thread completed.
[2022-11-06 14:37:25] [info]  [ 3400] Commons Daemon procrun (1.0.15.0 64-bit) started
[2022-11-06 14:37:25] [info]  [ 3400] Debugging 'Tomcat9' service...
[2022-11-06 14:37:25] [info]  [ 3400] Starting service...
[2022-11-06 14:37:26] [info]  [ 3400] Service started in 1191 ms.
[2022-11-06 15:05:59] [info]  [19272] Console CTRL+CLOSE event signaled
[2022-11-06 15:05:59] [info]  [19272] Stopping service...
[2022-11-06 15:06:00] [info]  [19272] Service stop thread completed.
[2022-11-06 15:06:01] [info]  [17696] Commons Daemon procrun (1.0.15.0 64-bit) started
[2022-11-06 15:06:01] [info]  [17696] Debugging 'Tomcat9' service...
[2022-11-06 15:06:01] [info]  [17696] Starting service...
[2022-11-06 15:06:03] [info]  [17696] Service started in 1190 ms.
[2022-11-06 15:07:03] [info]  [15348] Console CTRL+CLOSE event signaled
[2022-11-06 15:07:03] [info]  [15348] Stopping service...
[2022-11-06 15:07:04] [info]  [15348] Service stop thread completed.
[2022-11-06 15:07:05] [info]  [  480] Commons Daemon procrun (1.0.15.0 64-bit) started
[2022-11-06 15:07:06] [info]  [  480] Debugging 'Tomcat9' service...
[2022-11-06 15:07:06] [info]  [  480] Starting service...
[2022-11-06 15:07:07] [info]  [  480] Service started in 1201 ms.
[2022-11-06 15:08:25] [info]  [15824] Console CTRL+CLOSE event signaled
[2022-11-06 15:08:25] [info]  [15824] Stopping service...
[2022-11-06 15:08:26] [info]  [15824] Service stop thread completed.
[2022-11-06 15:08:27] [info]  [14464] Commons Daemon procrun (1.0.15.0 64-bit) started
[2022-11-06 15:08:27] [info]  [14464] Debugging 'Tomcat9' service...
[2022-11-06 15:08:27] [info]  [14464] Starting service...
[2022-11-06 15:08:29] [info]  [14464] Service started in 1172 ms.
[2022-11-06 15:10:15] [info]  [18664] Console CTRL+CLOSE event signaled
[2022-11-06 15:10:15] [info]  [18664] Stopping service...
[2022-11-06 15:10:16] [info]  [18664] Service stop thread completed.
[2022-11-06 15:10:18] [info]  [15416] Commons Daemon procrun (1.0.15.0 64-bit) started
[2022-11-06 15:10:18] [info]  [15416] Debugging 'Tomcat9' service...
[2022-11-06 15:10:18] [info]  [15416] Starting service...
[2022-11-06 15:10:19] [info]  [15416] Service started in 1188 ms.
[2022-11-06 15:11:26] [info]  [ 7016] Console CTRL+CLOSE event signaled
[2022-11-06 15:11:26] [info]  [ 7016] Stopping service...
[2022-11-06 15:11:27] [info]  [ 7016] Service stop thread completed.
[2022-11-06 15:11:28] [info]  [ 4144] Commons Daemon procrun (1.0.15.0 64-bit) started
[2022-11-06 15:11:28] [info]  [ 4144] Debugging 'Tomcat9' service...
[2022-11-06 15:11:28] [info]  [ 4144] Starting service...
[2022-11-06 15:11:29] [info]  [ 4144] Service started in 1194 ms.
[2022-11-06 15:21:37] [info]  [11600] Console CTRL+CLOSE event signaled
[2022-11-06 15:21:37] [info]  [11600] Stopping service...
[2022-11-06 15:21:38] [info]  [11600] Service stop thread completed.
[2022-11-06 15:21:57] [info]  [16572] Commons Daemon procrun (1.0.15.0 64-bit) started
[2022-11-06 15:21:57] [info]  [16572] Debugging 'Tomcat9' service...
[2022-11-06 15:21:57] [info]  [16572] Starting service...
[2022-11-06 15:21:58] [info]  [16572] Service started in 1207 ms.
[2022-11-06 15:36:49] [info]  [ 4280] Console CTRL+CLOSE event signaled
[2022-11-06 15:36:49] [info]  [ 4280] Stopping service...
[2022-11-06 15:36:50] [info]  [ 4280] Service stop thread completed.
[2022-11-06 15:36:52] [info]  [ 1600] Commons Daemon procrun (1.0.15.0 64-bit) started
[2022-11-06 15:36:52] [info]  [ 1600] Debugging 'Tomcat9' service...
[2022-11-06 15:36:52] [info]  [ 1600] Starting service...
[2022-11-06 15:36:53] [info]  [ 1600] Service started in 1189 ms.
[2022-11-06 15:47:20] [info]  [ 8116] Console CTRL+CLOSE event signaled
[2022-11-06 15:47:20] [info]  [ 8116] Stopping service...
[2022-11-06 15:47:21] [info]  [ 8116] Service stop thread completed.
[2022-11-06 15:47:23] [info]  [17356] Commons Daemon procrun (1.0.15.0 64-bit) started
[2022-11-06 15:47:23] [info]  [17356] Debugging 'Tomcat9' service...
[2022-11-06 15:47:23] [info]  [17356] Starting service...
[2022-11-06 15:47:24] [info]  [17356] Service started in 1198 ms.
[2022-11-06 15:48:34] [info]  [ 5264] Console CTRL+CLOSE event signaled
[2022-11-06 15:48:34] [info]  [ 5264] Stopping service...
[2022-11-06 15:48:35] [info]  [ 5264] Service stop thread completed.
[2022-11-06 15:48:36] [info]  [18164] Commons Daemon procrun (1.0.15.0 64-bit) started
[2022-11-06 15:48:36] [info]  [18164] Debugging 'Tomcat9' service...
[2022-11-06 15:48:36] [info]  [18164] Starting service...
[2022-11-06 15:48:37] [info]  [18164] Service started in 1187 ms.
[2022-11-07 09:37:23] [info]  [16776] Console CTRL+CLOSE event signaled
[2022-11-07 09:37:23] [info]  [16776] Stopping service...
[2022-11-07 09:37:24] [info]  [16776] Service stop thread completed.
