[2023-01-26 11:12:20] [info]  [11252] Commons Daemon procrun (1.0.15.0 64-bit) started
[2023-01-26 11:12:20] [info]  [11252] Debugging 'Tomcat9' service...
[2023-01-26 11:12:20] [info]  [11252] Starting service...
[2023-01-26 11:12:21] [info]  [11252] Service started in 1243 ms.
[2023-01-26 11:13:21] [info]  [11748] Console CTRL+CLOSE event signaled
[2023-01-26 11:13:21] [info]  [11748] Stopping service...
[2023-01-26 11:13:22] [info]  [11748] Service stop thread completed.
[2023-01-26 11:13:23] [info]  [15876] Commons Daemon procrun (1.0.15.0 64-bit) started
[2023-01-26 11:13:23] [info]  [15876] Debugging 'Tomcat9' service...
[2023-01-26 11:13:23] [info]  [15876] Starting service...
[2023-01-26 11:13:24] [info]  [15876] Service started in 1187 ms.
[2023-01-26 11:15:56] [info]  [ 5260] Commons Daemon procrun (1.0.15.0 64-bit) started
[2023-01-26 11:15:56] [info]  [ 5260] Running 'Tomcat9' Service...
[2023-01-26 11:15:56] [info]  [ 6248] Starting service...
[2023-01-26 11:15:58] [info]  [ 6248] Service started in 1576 ms.
[2023-01-26 11:16:09] [info]  [ 5260] Run service finished.
[2023-01-26 11:16:09] [info]  [ 5260] Commons Daemon procrun finished
[2023-01-26 11:16:27] [info]  [13052] Commons Daemon procrun (1.0.15.0 64-bit) started
[2023-01-26 11:16:27] [info]  [13052] Running 'Tomcat9' Service...
[2023-01-26 11:16:27] [info]  [13160] Starting service...
[2023-01-26 11:16:28] [info]  [13160] Service started in 1145 ms.
[2023-01-26 11:19:33] [info]  [15088] Stopping service...
[2023-01-26 11:19:34] [info]  [15088] Service stop thread completed.
[2023-01-26 11:19:35] [info]  [13052] Run service finished.
[2023-01-26 11:19:35] [info]  [13052] Commons Daemon procrun finished
[2023-01-26 11:19:48] [info]  [14372] Commons Daemon procrun (1.0.15.0 64-bit) started
[2023-01-26 11:19:48] [info]  [14372] Debugging 'Tomcat9' service...
[2023-01-26 11:19:48] [info]  [14372] Starting service...
[2023-01-26 11:19:49] [info]  [14372] Service started in 1131 ms.
[2023-01-26 11:26:30] [info]  [ 8048] Console CTRL+CLOSE event signaled
[2023-01-26 11:26:30] [info]  [ 8048] Stopping service...
[2023-01-26 11:30:59] [info]  [11960] Commons Daemon procrun (1.0.15.0 64-bit) started
[2023-01-26 11:30:59] [info]  [11960] Debugging 'Tomcat9' service...
[2023-01-26 11:30:59] [info]  [11960] Starting service...
[2023-01-26 11:31:00] [info]  [11960] Service started in 1182 ms.
[2023-01-31 10:01:05] [info]  [ 7084] Console CTRL+CLOSE event signaled
[2023-01-31 10:01:05] [info]  [ 7084] Stopping service...
[2023-01-31 10:01:06] [info]  [ 7084] Service stop thread completed.
