[2022-11-08 11:45:20] [info]  [22336] Commons Daemon procrun (1.0.15.0 64-bit) started
[2022-11-08 11:45:20] [info]  [22336] Debugging 'Tomcat9' service...
[2022-11-08 11:45:20] [info]  [22336] Starting service...
[2022-11-08 11:45:21] [info]  [22336] Service started in 1211 ms.
[2022-11-08 15:24:35] [info]  [ 7584] Console CTRL+CLOSE event signaled
[2022-11-08 15:24:35] [info]  [ 7584] Stopping service...
[2022-11-08 15:24:42] [info]  [12056] Commons Daemon procrun (1.0.15.0 64-bit) started
[2022-11-08 15:24:42] [info]  [12056] Debugging 'Tomcat9' service...
[2022-11-08 15:24:42] [info]  [12056] Starting service...
[2022-11-08 15:24:44] [info]  [12056] Service started in 1181 ms.
[2022-11-08 15:39:37] [info]  [12824] Console CTRL+CLOSE event signaled
[2022-11-08 15:39:37] [info]  [12824] Stopping service...
[2022-11-08 15:39:38] [info]  [12824] Service stop thread completed.
[2022-11-08 15:39:40] [info]  [16800] Commons Daemon procrun (1.0.15.0 64-bit) started
[2022-11-08 15:39:40] [info]  [16800] Debugging 'Tomcat9' service...
[2022-11-08 15:39:40] [info]  [16800] Starting service...
[2022-11-08 15:39:41] [info]  [16800] Service started in 1133 ms.
[2022-11-08 15:44:09] [info]  [ 7980] Console CTRL+CLOSE event signaled
[2022-11-08 15:44:09] [info]  [ 7980] Stopping service...
[2022-11-08 15:44:10] [info]  [ 7980] Service stop thread completed.
[2022-11-08 15:44:11] [info]  [14060] Commons Daemon procrun (1.0.15.0 64-bit) started
[2022-11-08 15:44:11] [info]  [14060] Debugging 'Tomcat9' service...
[2022-11-08 15:44:11] [info]  [14060] Starting service...
[2022-11-08 15:44:12] [info]  [14060] Service started in 1122 ms.
[2022-11-09 14:30:57] [info]  [22816] Console CTRL+CLOSE event signaled
[2022-11-09 14:30:57] [info]  [22816] Stopping service...
[2022-11-09 14:30:58] [info]  [22816] Service stop thread completed.
