[2023-03-15 11:41:27] [info]  [21048] Commons Daemon procrun (1.0.15.0 64-bit) started
[2023-03-15 11:41:27] [info]  [21048] Debugging 'Tomcat9' service...
[2023-03-15 11:41:27] [info]  [21048] Starting service...
[2023-03-15 11:41:28] [info]  [21048] Service started in 1342 ms.
[2023-03-15 11:43:16] [info]  [16732] Console CTRL+CLOSE event signaled
[2023-03-15 11:43:16] [info]  [16732] Stopping service...
[2023-03-15 11:43:17] [info]  [16732] Service stop thread completed.
[2023-03-15 11:46:06] [info]  [ 6060] Commons Daemon procrun (1.0.15.0 64-bit) started
[2023-03-15 11:46:06] [info]  [ 6060] Debugging 'Tomcat9' service...
[2023-03-15 11:46:06] [info]  [ 6060] Starting service...
[2023-03-15 11:46:07] [info]  [ 6060] Service started in 1118 ms.
[2023-03-15 11:47:35] [info]  [11704] Console CTRL+CLOSE event signaled
[2023-03-15 11:47:35] [info]  [11704] Stopping service...
[2023-03-15 11:47:36] [info]  [11704] Service stop thread completed.
[2023-03-15 11:47:37] [info]  [22156] Commons Daemon procrun (1.0.15.0 64-bit) started
[2023-03-15 11:47:37] [info]  [22156] Debugging 'Tomcat9' service...
[2023-03-15 11:47:37] [info]  [22156] Starting service...
[2023-03-15 11:47:39] [info]  [22156] Service started in 1130 ms.
[2023-03-15 12:02:56] [info]  [21480] Console CTRL+CLOSE event signaled
[2023-03-15 12:02:56] [info]  [21480] Stopping service...
[2023-03-15 12:02:57] [info]  [21480] Service stop thread completed.
[2023-03-15 12:02:58] [info]  [ 9380] Commons Daemon procrun (1.0.15.0 64-bit) started
[2023-03-15 12:02:58] [info]  [ 9380] Debugging 'Tomcat9' service...
[2023-03-15 12:02:58] [info]  [ 9380] Starting service...
[2023-03-15 12:03:00] [info]  [ 9380] Service started in 1194 ms.
[2023-03-15 14:34:03] [info]  [22636] Console CTRL+CLOSE event signaled
[2023-03-15 14:34:03] [info]  [22636] Stopping service...
[2023-03-15 14:34:04] [info]  [22636] Service stop thread completed.
[2023-03-15 14:34:06] [info]  [20448] Commons Daemon procrun (1.0.15.0 64-bit) started
[2023-03-15 14:34:06] [info]  [20448] Debugging 'Tomcat9' service...
[2023-03-15 14:34:06] [info]  [20448] Starting service...
[2023-03-15 14:34:07] [info]  [20448] Service started in 1123 ms.
[2023-03-15 15:29:22] [info]  [ 9944] Console CTRL+CLOSE event signaled
[2023-03-15 15:29:22] [info]  [ 9944] Stopping service...
[2023-03-15 15:29:23] [info]  [ 9944] Service stop thread completed.
[2023-03-15 15:29:25] [info]  [22532] Commons Daemon procrun (1.0.15.0 64-bit) started
[2023-03-15 15:29:25] [info]  [22532] Debugging 'Tomcat9' service...
[2023-03-15 15:29:25] [info]  [22532] Starting service...
[2023-03-15 15:29:26] [info]  [22532] Service started in 1115 ms.
[2023-03-15 16:35:25] [info]  [15400] Console CTRL+CLOSE event signaled
[2023-03-15 16:35:25] [info]  [15400] Stopping service...
[2023-03-15 16:35:26] [info]  [15400] Service stop thread completed.
[2023-03-15 16:35:29] [info]  [18268] Commons Daemon procrun (1.0.15.0 64-bit) started
[2023-03-15 16:35:29] [info]  [18268] Debugging 'Tomcat9' service...
[2023-03-15 16:35:29] [info]  [18268] Starting service...
[2023-03-15 16:35:30] [info]  [18268] Service started in 1182 ms.
[2023-03-15 16:38:03] [info]  [ 8772] Console CTRL+CLOSE event signaled
[2023-03-15 16:38:03] [info]  [ 8772] Stopping service...
[2023-03-15 16:38:04] [info]  [ 8772] Service stop thread completed.
[2023-03-15 16:38:44] [info]  [18996] Commons Daemon procrun (1.0.15.0 64-bit) started
[2023-03-15 16:38:45] [info]  [18996] Debugging 'Tomcat9' service...
[2023-03-15 16:38:45] [info]  [18996] Starting service...
[2023-03-15 16:38:46] [info]  [18996] Service started in 1201 ms.
[2023-03-15 16:42:55] [info]  [ 7712] Console CTRL+CLOSE event signaled
[2023-03-15 16:42:55] [info]  [ 7712] Stopping service...
[2023-03-15 16:42:56] [info]  [ 7712] Service stop thread completed.
[2023-03-15 16:59:44] [info]  [21716] Commons Daemon procrun (1.0.15.0 64-bit) started
[2023-03-15 16:59:44] [info]  [21716] Debugging 'Tomcat9' service...
[2023-03-15 16:59:44] [info]  [21716] Starting service...
[2023-03-15 16:59:45] [info]  [21716] Service started in 1233 ms.
[2023-03-15 17:09:26] [info]  [18364] Console CTRL+CLOSE event signaled
[2023-03-15 17:09:26] [info]  [18364] Stopping service...
[2023-03-15 17:09:35] [info]  [21616] Commons Daemon procrun (1.0.15.0 64-bit) started
[2023-03-15 17:09:35] [info]  [21616] Debugging 'Tomcat9' service...
[2023-03-15 17:09:35] [info]  [21616] Starting service...
[2023-03-15 17:09:36] [info]  [21616] Service started in 1188 ms.
