[2022-10-12 10:02:56] [info]  [ 5524] Commons Daemon procrun (1.0.15.0 64-bit) started
[2022-10-12 10:02:56] [info]  [ 5524] Running 'Tomcat9' Service...
[2022-10-12 10:02:56] [info]  [ 6360] Starting service...
[2022-10-12 10:02:58] [info]  [ 6360] Service started in 1650 ms.
[2022-10-12 14:19:37] [info]  [16988] Stopping service...
[2022-10-12 14:19:38] [info]  [16988] Service stop thread completed.
[2022-10-12 14:19:39] [info]  [ 5524] Run service finished.
[2022-10-12 14:19:39] [info]  [ 5524] Commons Daemon procrun finished
[2022-10-12 14:25:27] [info]  [15120] Commons Daemon procrun (1.0.15.0 64-bit) started
[2022-10-12 14:25:27] [info]  [15120] Running 'Tomcat9' Service...
[2022-10-12 14:25:27] [info]  [ 5616] Starting service...
[2022-10-12 14:25:28] [info]  [ 5616] Service started in 1108 ms.
[2022-10-12 14:37:24] [info]  [16672] Stopping service...
[2022-10-12 14:37:25] [info]  [16672] Service stop thread completed.
[2022-10-12 14:37:26] [info]  [15120] Run service finished.
[2022-10-12 14:37:26] [info]  [15120] Commons Daemon procrun finished
[2022-10-12 14:37:26] [info]  [ 7608] Commons Daemon procrun (1.0.15.0 64-bit) started
[2022-10-12 14:37:26] [info]  [ 7608] Running 'Tomcat9' Service...
[2022-10-12 14:37:26] [info]  [10848] Starting service...
[2022-10-12 14:37:27] [info]  [10848] Service started in 1216 ms.
[2022-10-12 14:54:27] [info]  [10600] Stopping service...
[2022-10-12 14:54:28] [info]  [10600] Service stop thread completed.
[2022-10-12 14:54:28] [info]  [ 7608] Run service finished.
[2022-10-12 14:54:28] [info]  [ 7608] Commons Daemon procrun finished
[2022-10-12 14:54:29] [info]  [ 1108] Commons Daemon procrun (1.0.15.0 64-bit) started
[2022-10-12 14:54:29] [info]  [ 1108] Running 'Tomcat9' Service...
[2022-10-12 14:54:29] [info]  [10996] Starting service...
[2022-10-12 14:54:30] [info]  [10996] Service started in 1169 ms.
[2022-10-12 14:58:36] [info]  [ 7916] Stopping service...
[2022-10-12 14:58:37] [info]  [ 7916] Service stop thread completed.
[2022-10-12 14:58:37] [info]  [ 1108] Run service finished.
[2022-10-12 14:58:37] [info]  [ 1108] Commons Daemon procrun finished
[2022-10-12 14:58:38] [info]  [ 5572] Commons Daemon procrun (1.0.15.0 64-bit) started
[2022-10-12 14:58:38] [info]  [ 5572] Running 'Tomcat9' Service...
[2022-10-12 14:58:38] [info]  [16584] Starting service...
[2022-10-12 14:58:39] [info]  [16584] Service started in 1168 ms.
[2022-10-12 15:51:50] [info]  [ 2660] Stopping service...
[2022-10-12 15:51:51] [info]  [ 2660] Service stop thread completed.
[2022-10-12 15:51:52] [info]  [ 5572] Run service finished.
[2022-10-12 15:51:52] [info]  [ 5572] Commons Daemon procrun finished
[2022-10-12 15:57:12] [info]  [ 3752] Commons Daemon procrun (1.0.15.0 64-bit) started
[2022-10-12 15:57:12] [info]  [ 3752] Debugging 'Tomcat9' service...
[2022-10-12 15:57:12] [info]  [ 3752] Starting service...
[2022-10-12 15:57:13] [info]  [ 3752] Service started in 1191 ms.
[2022-10-13 09:55:58] [info]  [14500] Console CTRL+CLOSE event signaled
[2022-10-13 09:55:58] [info]  [14500] Stopping service...
[2022-10-13 09:55:59] [info]  [14500] Service stop thread completed.
