[2022-11-01 09:32:22] [info]  [ 5172] Commons Daemon procrun (1.0.15.0 64-bit) started
[2022-11-01 09:32:22] [info]  [ 5172] Running 'Tomcat9' Service...
[2022-11-01 09:32:22] [info]  [ 6028] Starting service...
[2022-11-01 09:32:24] [info]  [ 6028] Service started in 1416 ms.
[2022-11-01 13:27:59] [info]  [10644] Stopping service...
[2022-11-01 13:28:00] [info]  [10644] Service stop thread completed.
[2022-11-01 13:28:01] [info]  [ 5172] Run service finished.
[2022-11-01 13:28:01] [info]  [ 5172] Commons Daemon procrun finished
[2022-11-01 15:44:12] [info]  [12408] Commons Daemon procrun (1.0.15.0 64-bit) started
[2022-11-01 15:44:12] [info]  [12408] Running 'Tomcat9' Service...
[2022-11-01 15:44:12] [info]  [13824] Starting service...
[2022-11-01 15:44:14] [info]  [13824] Service started in 1130 ms.
[2022-11-01 16:55:32] [info]  [11852] Stopping service...
[2022-11-01 16:55:33] [info]  [11852] Service stop thread completed.
[2022-11-01 16:55:34] [info]  [12408] Run service finished.
[2022-11-01 16:55:34] [info]  [12408] Commons Daemon procrun finished
[2022-11-01 16:55:37] [info]  [ 4768] Commons Daemon procrun (1.0.15.0 64-bit) started
[2022-11-01 16:55:37] [info]  [ 4768] Debugging 'Tomcat9' service...
[2022-11-01 16:55:37] [info]  [ 4768] Starting service...
[2022-11-01 16:55:38] [info]  [ 4768] Service started in 1208 ms.
[2022-11-02 09:06:22] [info]  [21248] Console CTRL+CLOSE event signaled
[2022-11-02 09:06:22] [info]  [21248] Stopping service...
[2022-11-02 09:06:23] [info]  [21248] Service stop thread completed.
