[2022-11-17 10:21:29] [info]  [ 3444] Commons Daemon procrun (1.0.15.0 64-bit) started
[2022-11-17 10:21:29] [info]  [ 3444] Debugging 'Tomcat9' service...
[2022-11-17 10:21:29] [info]  [ 3444] Starting service...
[2022-11-17 10:21:30] [info]  [ 3444] Service started in 1282 ms.
[2022-11-17 10:21:38] [info]  [ 3444] Debug service finished with exit code 0
[2022-11-17 10:21:38] [info]  [ 3444] Commons Daemon procrun finished
[2022-11-17 10:21:48] [info]  [17752] Commons Daemon procrun (1.0.15.0 64-bit) started
[2022-11-17 10:21:48] [info]  [17752] Debugging 'Tomcat9' service...
[2022-11-17 10:21:48] [info]  [17752] Starting service...
[2022-11-17 10:21:49] [info]  [17752] Service started in 1184 ms.
[2022-11-17 10:21:51] [info]  [15604] Console CTRL+CLOSE event signaled
[2022-11-17 10:21:51] [info]  [15604] Stopping service...
[2022-11-17 10:22:14] [info]  [15900] Commons Daemon procrun (1.0.15.0 64-bit) started
[2022-11-17 10:22:14] [info]  [15900] Debugging 'Tomcat9' service...
[2022-11-17 10:22:14] [info]  [15900] Starting service...
[2022-11-17 10:22:15] [info]  [15900] Service started in 1236 ms.
[2022-11-17 10:28:43] [info]  [15060] Console CTRL+CLOSE event signaled
[2022-11-17 10:28:43] [info]  [15060] Stopping service...
[2022-11-17 10:28:44] [info]  [15060] Service stop thread completed.
[2022-11-17 10:28:46] [info]  [ 5760] Commons Daemon procrun (1.0.15.0 64-bit) started
[2022-11-17 10:28:46] [info]  [ 5760] Debugging 'Tomcat9' service...
[2022-11-17 10:28:46] [info]  [ 5760] Starting service...
[2022-11-17 10:28:47] [info]  [ 5760] Service started in 1174 ms.
[2022-11-17 11:36:37] [info]  [14692] Console CTRL+CLOSE event signaled
[2022-11-17 11:36:37] [info]  [14692] Stopping service...
[2022-11-17 11:36:38] [info]  [14692] Service stop thread completed.
[2022-11-17 11:36:40] [info]  [14992] Commons Daemon procrun (1.0.15.0 64-bit) started
[2022-11-17 11:36:40] [info]  [14992] Debugging 'Tomcat9' service...
[2022-11-17 11:36:40] [info]  [14992] Starting service...
[2022-11-17 11:36:41] [info]  [14992] Service started in 1208 ms.
[2022-11-17 11:43:19] [info]  [17928] Console CTRL+CLOSE event signaled
[2022-11-17 11:43:19] [info]  [17928] Stopping service...
[2022-11-17 11:43:20] [info]  [17928] Service stop thread completed.
[2022-11-17 11:43:21] [info]  [13844] Commons Daemon procrun (1.0.15.0 64-bit) started
[2022-11-17 11:43:21] [info]  [13844] Debugging 'Tomcat9' service...
[2022-11-17 11:43:21] [info]  [13844] Starting service...
[2022-11-17 11:43:22] [info]  [13844] Service started in 1208 ms.
[2022-11-17 11:49:10] [info]  [15844] Console CTRL+CLOSE event signaled
[2022-11-17 11:49:10] [info]  [15844] Stopping service...
[2022-11-17 11:49:11] [info]  [15844] Service stop thread completed.
[2022-11-17 11:49:12] [info]  [18260] Commons Daemon procrun (1.0.15.0 64-bit) started
[2022-11-17 11:49:13] [info]  [18260] Debugging 'Tomcat9' service...
[2022-11-17 11:49:13] [info]  [18260] Starting service...
[2022-11-17 11:49:14] [info]  [18260] Service started in 1188 ms.
[2022-11-17 11:50:40] [info]  [14224] Console CTRL+CLOSE event signaled
[2022-11-17 11:50:40] [info]  [14224] Stopping service...
[2022-11-17 11:50:41] [info]  [14224] Service stop thread completed.
[2022-11-17 11:50:43] [info]  [11728] Commons Daemon procrun (1.0.15.0 64-bit) started
[2022-11-17 11:50:43] [info]  [11728] Debugging 'Tomcat9' service...
[2022-11-17 11:50:43] [info]  [11728] Starting service...
[2022-11-17 11:50:44] [info]  [11728] Service started in 1231 ms.
[2022-11-17 11:59:09] [info]  [17332] Console CTRL+CLOSE event signaled
[2022-11-17 11:59:09] [info]  [17332] Stopping service...
[2022-11-17 11:59:10] [info]  [17332] Service stop thread completed.
[2022-11-17 11:59:12] [info]  [18472] Commons Daemon procrun (1.0.15.0 64-bit) started
[2022-11-17 11:59:12] [info]  [18472] Debugging 'Tomcat9' service...
[2022-11-17 11:59:12] [info]  [18472] Starting service...
[2022-11-17 11:59:13] [info]  [18472] Service started in 1227 ms.
[2022-11-17 12:00:49] [info]  [16204] Console CTRL+CLOSE event signaled
[2022-11-17 12:00:49] [info]  [16204] Stopping service...
[2022-11-17 12:00:50] [info]  [16204] Service stop thread completed.
[2022-11-17 12:00:52] [info]  [15628] Commons Daemon procrun (1.0.15.0 64-bit) started
[2022-11-17 12:00:52] [info]  [15628] Debugging 'Tomcat9' service...
[2022-11-17 12:00:52] [info]  [15628] Starting service...
[2022-11-17 12:00:53] [info]  [15628] Service started in 1205 ms.
[2022-11-17 12:06:31] [info]  [18304] Console CTRL+CLOSE event signaled
[2022-11-17 12:06:31] [info]  [18304] Stopping service...
[2022-11-17 12:06:32] [info]  [18304] Service stop thread completed.
[2022-11-17 12:06:40] [info]  [19180] Commons Daemon procrun (1.0.15.0 64-bit) started
[2022-11-17 12:06:40] [info]  [19180] Debugging 'Tomcat9' service...
[2022-11-17 12:06:40] [info]  [19180] Starting service...
[2022-11-17 12:06:41] [info]  [19180] Service started in 1194 ms.
[2022-11-17 12:09:28] [info]  [ 7728] Console CTRL+CLOSE event signaled
[2022-11-17 12:09:28] [info]  [ 7728] Stopping service...
[2022-11-17 12:09:30] [info]  [ 7728] Service stop thread completed.
[2022-11-17 12:09:31] [info]  [ 1912] Commons Daemon procrun (1.0.15.0 64-bit) started
[2022-11-17 12:09:31] [info]  [ 1912] Debugging 'Tomcat9' service...
[2022-11-17 12:09:31] [info]  [ 1912] Starting service...
[2022-11-17 12:09:32] [info]  [ 1912] Service started in 1190 ms.
[2022-11-17 12:29:51] [info]  [ 9464] Console CTRL+CLOSE event signaled
[2022-11-17 12:29:51] [info]  [ 9464] Stopping service...
[2022-11-17 12:29:52] [info]  [ 9464] Service stop thread completed.
[2022-11-17 12:29:55] [info]  [14936] Commons Daemon procrun (1.0.15.0 64-bit) started
[2022-11-17 12:29:55] [info]  [14936] Debugging 'Tomcat9' service...
[2022-11-17 12:29:55] [info]  [14936] Starting service...
[2022-11-17 12:29:56] [info]  [14936] Service started in 1178 ms.
[2022-11-17 14:57:19] [info]  [ 4992] Commons Daemon procrun (1.0.15.0 64-bit) started
[2022-11-17 14:57:19] [info]  [ 4992] Running 'Tomcat9' Service...
[2022-11-17 14:57:19] [info]  [ 5828] Starting service...
[2022-11-17 14:57:20] [info]  [ 5828] Service started in 1315 ms.
[2022-11-17 14:57:28] [info]  [ 6284] Console SHUTDOWN event signaled
[2022-11-17 14:57:28] [info]  [ 6284] Stopping service...
[2022-11-17 14:57:29] [info]  [ 6284] Service stop thread completed.
[2022-11-17 14:57:30] [info]  [ 4992] Run service finished.
[2022-11-17 14:57:30] [info]  [ 4992] Commons Daemon procrun finished
[2022-11-17 14:57:53] [info]  [ 5112] Commons Daemon procrun (1.0.15.0 64-bit) started
[2022-11-17 14:57:53] [info]  [ 5112] Running 'Tomcat9' Service...
[2022-11-17 14:57:53] [info]  [ 5704] Starting service...
[2022-11-17 14:57:55] [info]  [ 5704] Service started in 1367 ms.
[2022-11-17 16:55:04] [info]  [ 7028] Commons Daemon procrun (1.0.15.0 64-bit) started
[2022-11-17 16:55:04] [info]  [ 7028] Debugging 'Tomcat9' service...
[2022-11-17 16:55:04] [info]  [ 7028] Starting service...
[2022-11-17 16:55:05] [info]  [ 7028] Service started in 1221 ms.
[2022-11-17 16:55:11] [info]  [12780] Stopping service...
[2022-11-17 16:55:12] [info]  [12780] Service stop thread completed.
[2022-11-17 16:55:12] [info]  [12988] Console CTRL+BREAK event signaled
[2022-11-17 16:55:12] [info]  [ 5112] Run service finished.
[2022-11-17 16:55:12] [info]  [ 5112] Commons Daemon procrun finished
[2022-11-17 16:56:05] [info]  [ 8944] Console CTRL+CLOSE event signaled
[2022-11-17 16:56:05] [info]  [ 8944] Stopping service...
[2022-11-17 16:56:06] [info]  [ 8944] Service stop thread completed.
[2022-11-17 16:56:08] [info]  [13356] Commons Daemon procrun (1.0.15.0 64-bit) started
[2022-11-17 16:56:08] [info]  [13356] Debugging 'Tomcat9' service...
[2022-11-17 16:56:08] [info]  [13356] Starting service...
[2022-11-17 16:56:09] [info]  [13356] Service started in 1171 ms.
[2022-11-17 16:57:29] [info]  [12708] Console CTRL+CLOSE event signaled
[2022-11-17 16:57:29] [info]  [12708] Stopping service...
[2022-11-17 16:57:30] [info]  [12708] Service stop thread completed.
[2022-11-17 16:57:44] [info]  [ 5528] Commons Daemon procrun (1.0.15.0 64-bit) started
[2022-11-17 16:57:44] [info]  [ 5528] Debugging 'Tomcat9' service...
[2022-11-17 16:57:44] [info]  [ 5528] Starting service...
[2022-11-17 16:57:46] [info]  [ 5528] Service started in 1224 ms.
[2022-11-17 17:02:26] [info]  [16020] Console CTRL+CLOSE event signaled
[2022-11-17 17:02:26] [info]  [16020] Stopping service...
[2022-11-17 17:02:27] [info]  [16020] Service stop thread completed.
[2022-11-17 17:03:04] [info]  [16252] Commons Daemon procrun (1.0.15.0 64-bit) started
[2022-11-17 17:03:04] [info]  [16252] Debugging 'Tomcat9' service...
[2022-11-17 17:03:04] [info]  [16252] Starting service...
[2022-11-17 17:03:05] [info]  [16252] Service started in 1194 ms.
