[2022-12-29 08:53:23] [info]  [18036] Commons Daemon procrun (1.0.15.0 64-bit) started
[2022-12-29 08:53:23] [info]  [18036] Debugging 'Tomcat9' service...
[2022-12-29 08:53:23] [info]  [18036] Starting service...
[2022-12-29 08:53:24] [info]  [18036] Service started in 1142 ms.
[2022-12-29 09:11:42] [info]  [12076] Console CTRL+CLOSE event signaled
[2022-12-29 09:11:42] [info]  [12076] Stopping service...
[2022-12-29 09:11:43] [info]  [12076] Service stop thread completed.
[2022-12-29 09:11:45] [info]  [14996] Commons Daemon procrun (1.0.15.0 64-bit) started
[2022-12-29 09:11:45] [info]  [14996] Debugging 'Tomcat9' service...
[2022-12-29 09:11:45] [info]  [14996] Starting service...
[2022-12-29 09:11:46] [info]  [14996] Service started in 1231 ms.
[2022-12-29 09:19:28] [info]  [ 8184] Console CTRL+CLOSE event signaled
[2022-12-29 09:19:28] [info]  [ 8184] Stopping service...
[2022-12-29 09:19:29] [info]  [ 8184] Service stop thread completed.
[2022-12-29 09:19:30] [info]  [ 1564] Commons Daemon procrun (1.0.15.0 64-bit) started
[2022-12-29 09:19:30] [info]  [ 1564] Debugging 'Tomcat9' service...
[2022-12-29 09:19:30] [info]  [ 1564] Starting service...
[2022-12-29 09:19:31] [info]  [ 1564] Service started in 1184 ms.
[2022-12-29 09:41:48] [info]  [21540] Console CTRL+CLOSE event signaled
[2022-12-29 09:41:48] [info]  [21540] Stopping service...
[2022-12-29 09:41:49] [info]  [21540] Service stop thread completed.
[2022-12-29 12:01:34] [info]  [ 5144] Commons Daemon procrun (1.0.15.0 64-bit) started
[2022-12-29 12:01:35] [info]  [ 5144] Running 'Tomcat9' Service...
[2022-12-29 12:01:35] [info]  [ 6188] Starting service...
[2022-12-29 12:01:36] [info]  [ 6188] Service started in 1610 ms.
[2022-12-29 12:01:50] [info]  [ 5144] Run service finished.
[2022-12-29 12:01:50] [info]  [ 5144] Commons Daemon procrun finished
[2022-12-29 12:35:17] [info]  [ 3856] Commons Daemon procrun (1.0.15.0 64-bit) started
[2022-12-29 12:35:17] [info]  [ 3856] Debugging 'Tomcat9' service...
[2022-12-29 12:35:17] [info]  [ 3856] Starting service...
[2022-12-29 12:35:19] [info]  [ 3856] Service started in 1137 ms.
[2022-12-29 12:35:23] [info]  [ 3856] Debug service finished with exit code 0
[2022-12-29 12:35:23] [info]  [ 3856] Commons Daemon procrun finished
[2022-12-29 12:35:34] [info]  [12852] Commons Daemon procrun (1.0.15.0 64-bit) started
[2022-12-29 12:35:35] [info]  [12852] Debugging 'Tomcat9' service...
[2022-12-29 12:35:35] [info]  [12852] Starting service...
[2022-12-29 12:35:36] [info]  [12852] Service started in 1123 ms.
[2022-12-29 12:35:39] [info]  [12852] Debug service finished with exit code 0
[2022-12-29 12:35:39] [info]  [12852] Commons Daemon procrun finished
[2022-12-29 12:35:58] [info]  [12200] Commons Daemon procrun (1.0.15.0 64-bit) started
[2022-12-29 12:35:58] [info]  [12200] Running 'Tomcat9' Service...
[2022-12-29 12:35:58] [info]  [ 9428] Starting service...
[2022-12-29 12:36:00] [info]  [ 9428] Service started in 1132 ms.
[2022-12-29 12:36:02] [info]  [ 2656] Stopping service...
[2022-12-29 12:36:03] [info]  [ 2656] Service stop thread completed.
[2022-12-29 12:36:04] [info]  [12200] Run service finished.
[2022-12-29 12:36:04] [info]  [12200] Commons Daemon procrun finished
[2022-12-29 12:36:04] [info]  [ 9120] Commons Daemon procrun (1.0.15.0 64-bit) started
[2022-12-29 12:36:04] [info]  [ 9120] Running 'Tomcat9' Service...
[2022-12-29 12:36:04] [info]  [11792] Starting service...
[2022-12-29 12:36:05] [info]  [11792] Service started in 1116 ms.
[2022-12-29 12:36:09] [info]  [ 9120] Run service finished.
[2022-12-29 12:36:09] [info]  [ 9120] Commons Daemon procrun finished
