[2022-11-07 09:37:26] [info]  [ 3624] Commons Daemon procrun (1.0.15.0 64-bit) started
[2022-11-07 09:37:26] [info]  [ 3624] Debugging 'Tomcat9' service...
[2022-11-07 09:37:26] [info]  [ 3624] Starting service...
[2022-11-07 09:37:27] [info]  [ 3624] Service started in 1145 ms.
[2022-11-07 09:38:32] [info]  [22144] Console CTRL+CLOSE event signaled
[2022-11-07 09:38:32] [info]  [22144] Stopping service...
[2022-11-07 09:38:33] [info]  [22144] Service stop thread completed.
[2022-11-07 09:38:34] [info]  [19724] Commons Daemon procrun (1.0.15.0 64-bit) started
[2022-11-07 09:38:34] [info]  [19724] Debugging 'Tomcat9' service...
[2022-11-07 09:38:34] [info]  [19724] Starting service...
[2022-11-07 09:38:35] [info]  [19724] Service started in 1113 ms.
[2022-11-07 09:41:49] [info]  [19120] Console CTRL+CLOSE event signaled
[2022-11-07 09:41:49] [info]  [19120] Stopping service...
[2022-11-07 09:41:50] [info]  [19120] Service stop thread completed.
[2022-11-07 09:41:52] [info]  [19908] Commons Daemon procrun (1.0.15.0 64-bit) started
[2022-11-07 09:41:52] [info]  [19908] Debugging 'Tomcat9' service...
[2022-11-07 09:41:52] [info]  [19908] Starting service...
[2022-11-07 09:41:53] [info]  [19908] Service started in 1107 ms.
[2022-11-07 10:22:24] [info]  [ 6208] Console CTRL+CLOSE event signaled
[2022-11-07 10:22:24] [info]  [ 6208] Stopping service...
[2022-11-07 10:22:25] [info]  [ 6208] Service stop thread completed.
[2022-11-07 10:22:28] [info]  [ 3364] Commons Daemon procrun (1.0.15.0 64-bit) started
[2022-11-07 10:22:28] [info]  [ 3364] Debugging 'Tomcat9' service...
[2022-11-07 10:22:28] [info]  [ 3364] Starting service...
[2022-11-07 10:22:29] [info]  [ 3364] Service started in 1211 ms.
[2022-11-07 10:24:32] [info]  [11236] Console CTRL+CLOSE event signaled
[2022-11-07 10:24:32] [info]  [11236] Stopping service...
[2022-11-07 10:24:33] [info]  [11236] Service stop thread completed.
[2022-11-07 10:24:35] [info]  [15724] Commons Daemon procrun (1.0.15.0 64-bit) started
[2022-11-07 10:24:35] [info]  [15724] Debugging 'Tomcat9' service...
[2022-11-07 10:24:35] [info]  [15724] Starting service...
[2022-11-07 10:24:36] [info]  [15724] Service started in 1163 ms.
[2022-11-07 10:55:20] [info]  [ 2012] Console CTRL+CLOSE event signaled
[2022-11-07 10:55:20] [info]  [ 2012] Stopping service...
[2022-11-07 10:55:21] [info]  [ 2012] Service stop thread completed.
[2022-11-07 10:55:23] [info]  [14652] Commons Daemon procrun (1.0.15.0 64-bit) started
[2022-11-07 10:55:23] [info]  [14652] Debugging 'Tomcat9' service...
[2022-11-07 10:55:23] [info]  [14652] Starting service...
[2022-11-07 10:55:24] [info]  [14652] Service started in 1171 ms.
[2022-11-07 12:37:56] [info]  [18092] Console CTRL+CLOSE event signaled
[2022-11-07 12:37:56] [info]  [18092] Stopping service...
[2022-11-07 12:37:57] [info]  [18092] Service stop thread completed.
[2022-11-07 12:37:59] [info]  [ 7800] Commons Daemon procrun (1.0.15.0 64-bit) started
[2022-11-07 12:37:59] [info]  [ 7800] Debugging 'Tomcat9' service...
[2022-11-07 12:37:59] [info]  [ 7800] Starting service...
[2022-11-07 12:38:00] [info]  [ 7800] Service started in 1197 ms.
[2022-11-07 12:39:44] [info]  [ 8856] Console CTRL+CLOSE event signaled
[2022-11-07 12:39:44] [info]  [ 8856] Stopping service...
[2022-11-07 12:39:45] [info]  [ 8856] Service stop thread completed.
[2022-11-07 12:39:46] [info]  [ 2960] Commons Daemon procrun (1.0.15.0 64-bit) started
[2022-11-07 12:39:46] [info]  [ 2960] Debugging 'Tomcat9' service...
[2022-11-07 12:39:46] [info]  [ 2960] Starting service...
[2022-11-07 12:39:47] [info]  [ 2960] Service started in 1181 ms.
[2022-11-07 12:40:47] [info]  [21744] Console CTRL+CLOSE event signaled
[2022-11-07 12:40:47] [info]  [21744] Stopping service...
[2022-11-07 12:40:48] [info]  [21744] Service stop thread completed.
[2022-11-07 12:40:49] [info]  [20616] Commons Daemon procrun (1.0.15.0 64-bit) started
[2022-11-07 12:40:49] [info]  [20616] Debugging 'Tomcat9' service...
[2022-11-07 12:40:49] [info]  [20616] Starting service...
[2022-11-07 12:40:50] [info]  [20616] Service started in 1174 ms.
[2022-11-08 11:45:18] [info]  [ 7968] Console CTRL+CLOSE event signaled
[2022-11-08 11:45:18] [info]  [ 7968] Stopping service...
[2022-11-08 11:45:19] [info]  [ 7968] Service stop thread completed.
