[2022-10-15 09:14:05] [info]  [10804] Commons Daemon procrun (1.0.15.0 64-bit) started
[2022-10-15 09:14:05] [info]  [10804] Debugging 'Tomcat9' service...
[2022-10-15 09:14:05] [info]  [10804] Starting service...
[2022-10-15 09:14:06] [info]  [10804] Service started in 1188 ms.
[2022-10-15 15:19:59] [info]  [ 5312] Commons Daemon procrun (1.0.15.0 64-bit) started
[2022-10-15 15:19:59] [info]  [ 5312] Running 'Tomcat9' Service...
[2022-10-15 15:19:59] [info]  [ 6156] Starting service...
[2022-10-15 15:20:00] [info]  [ 6156] Service started in 1320 ms.
[2022-10-15 16:19:53] [info]  [12012] Commons Daemon procrun (1.0.15.0 64-bit) started
[2022-10-15 16:19:53] [info]  [12012] Debugging 'Tomcat9' service...
[2022-10-15 16:19:53] [info]  [12012] Starting service...
[2022-10-15 16:19:54] [info]  [12012] Service started in 1195 ms.
[2022-10-15 16:20:01] [info]  [12012] Debug service finished with exit code 0
[2022-10-15 16:20:01] [info]  [12012] Commons Daemon procrun finished
[2022-10-15 16:27:36] [info]  [ 1640] Commons Daemon procrun (1.0.15.0 64-bit) started
[2022-10-15 16:27:36] [info]  [ 1640] Debugging 'Tomcat9' service...
[2022-10-15 16:27:36] [info]  [ 1640] Starting service...
[2022-10-15 16:27:37] [info]  [ 1640] Service started in 1187 ms.
[2022-10-15 16:27:44] [info]  [ 1640] Debug service finished with exit code 0
[2022-10-15 16:27:44] [info]  [ 1640] Commons Daemon procrun finished
[2022-10-15 16:28:44] [info]  [11232] Commons Daemon procrun (1.0.15.0 64-bit) started
[2022-10-15 16:28:44] [info]  [11232] Debugging 'Tomcat9' service...
[2022-10-15 16:28:44] [info]  [11232] Starting service...
[2022-10-15 16:28:45] [info]  [11232] Service started in 1170 ms.
[2022-10-15 16:28:51] [info]  [11232] Debug service finished with exit code 0
[2022-10-15 16:28:51] [info]  [11232] Commons Daemon procrun finished
[2022-10-15 16:29:23] [info]  [10840] Commons Daemon procrun (1.0.15.0 64-bit) started
[2022-10-15 16:29:23] [info]  [10840] Debugging 'Tomcat9' service...
[2022-10-15 16:29:23] [info]  [10840] Starting service...
[2022-10-15 16:29:24] [info]  [10840] Service started in 1200 ms.
[2022-10-15 16:29:30] [info]  [10840] Debug service finished with exit code 0
[2022-10-15 16:29:30] [info]  [10840] Commons Daemon procrun finished
[2022-10-15 16:31:10] [info]  [ 2264] Stopping service...
[2022-10-15 16:31:11] [info]  [ 2264] Service stop thread completed.
[2022-10-15 16:31:12] [info]  [ 5312] Run service finished.
[2022-10-15 16:31:12] [info]  [ 5312] Commons Daemon procrun finished
[2022-10-15 16:31:16] [info]  [ 9136] Commons Daemon procrun (1.0.15.0 64-bit) started
[2022-10-15 16:31:16] [info]  [ 9136] Debugging 'Tomcat9' service...
[2022-10-15 16:31:16] [info]  [ 9136] Starting service...
[2022-10-15 16:31:17] [info]  [ 9136] Service started in 1184 ms.
[2022-10-15 16:32:31] [info]  [ 2060] Console CTRL+CLOSE event signaled
[2022-10-15 16:32:31] [info]  [ 2060] Stopping service...
[2022-10-15 16:32:32] [info]  [ 2060] Service stop thread completed.
[2022-10-15 16:33:11] [info]  [13660] Commons Daemon procrun (1.0.15.0 64-bit) started
[2022-10-15 16:33:11] [info]  [13660] Debugging 'Tomcat9' service...
[2022-10-15 16:33:11] [info]  [13660] Starting service...
[2022-10-15 16:33:13] [info]  [13660] Service started in 1175 ms.
[2022-10-15 16:39:49] [info]  [ 2980] Console CTRL+CLOSE event signaled
[2022-10-15 16:39:49] [info]  [ 2980] Stopping service...
[2022-10-15 16:39:50] [info]  [ 2980] Service stop thread completed.
[2022-10-15 16:39:52] [info]  [ 6980] Commons Daemon procrun (1.0.15.0 64-bit) started
[2022-10-15 16:39:52] [info]  [ 6980] Debugging 'Tomcat9' service...
[2022-10-15 16:39:52] [info]  [ 6980] Starting service...
[2022-10-15 16:39:53] [info]  [ 6980] Service started in 1188 ms.
[2022-10-15 16:46:12] [info]  [ 4488] Console CTRL+CLOSE event signaled
[2022-10-15 16:46:12] [info]  [ 4488] Stopping service...
[2022-10-15 16:46:13] [info]  [ 4488] Service stop thread completed.
[2022-10-15 16:46:14] [info]  [14292] Commons Daemon procrun (1.0.15.0 64-bit) started
[2022-10-15 16:46:14] [info]  [14292] Debugging 'Tomcat9' service...
[2022-10-15 16:46:14] [info]  [14292] Starting service...
[2022-10-15 16:46:16] [info]  [14292] Service started in 1182 ms.
[2022-10-16 09:58:46] [info]  [ 3764] Console CTRL+CLOSE event signaled
[2022-10-16 09:58:46] [info]  [ 3764] Stopping service...
[2022-10-16 09:58:47] [info]  [ 3764] Service stop thread completed.
