[2022-11-10 09:25:51] [info]  [15908] Commons Daemon procrun (1.0.15.0 64-bit) started
[2022-11-10 09:25:51] [info]  [15908] Debugging 'Tomcat9' service...
[2022-11-10 09:25:51] [info]  [15908] Starting service...
[2022-11-10 09:25:52] [info]  [15908] Service started in 1154 ms.
[2022-11-10 09:37:56] [info]  [ 3776] Console CTRL+CLOSE event signaled
[2022-11-10 09:37:56] [info]  [ 3776] Stopping service...
[2022-11-10 09:37:57] [info]  [ 3776] Service stop thread completed.
[2022-11-10 09:37:59] [info]  [18088] Commons Daemon procrun (1.0.15.0 64-bit) started
[2022-11-10 09:37:59] [info]  [18088] Debugging 'Tomcat9' service...
[2022-11-10 09:37:59] [info]  [18088] Starting service...
[2022-11-10 09:38:00] [info]  [18088] Service started in 1188 ms.
[2022-11-10 09:39:10] [info]  [16880] Console CTRL+CLOSE event signaled
[2022-11-10 09:39:10] [info]  [16880] Stopping service...
[2022-11-10 09:39:18] [info]  [20276] Commons Daemon procrun (1.0.15.0 64-bit) started
[2022-11-10 09:39:18] [info]  [20276] Debugging 'Tomcat9' service...
[2022-11-10 09:39:18] [info]  [20276] Starting service...
[2022-11-10 09:39:19] [info]  [20276] Service started in 1200 ms.
[2022-11-10 09:47:44] [info]  [24180] Console CTRL+CLOSE event signaled
[2022-11-10 09:47:44] [info]  [24180] Stopping service...
[2022-11-10 09:47:45] [info]  [24180] Service stop thread completed.
[2022-11-10 09:48:06] [info]  [12676] Commons Daemon procrun (1.0.15.0 64-bit) started
[2022-11-10 09:48:06] [info]  [12676] Debugging 'Tomcat9' service...
[2022-11-10 09:48:06] [info]  [12676] Starting service...
[2022-11-10 09:48:07] [info]  [12676] Service started in 1206 ms.
[2022-11-10 10:06:30] [info]  [19840] Console CTRL+CLOSE event signaled
[2022-11-10 10:06:30] [info]  [19840] Stopping service...
[2022-11-10 10:06:31] [info]  [19840] Service stop thread completed.
[2022-11-10 10:06:34] [info]  [21488] Commons Daemon procrun (1.0.15.0 64-bit) started
[2022-11-10 10:06:34] [info]  [21488] Debugging 'Tomcat9' service...
[2022-11-10 10:06:34] [info]  [21488] Starting service...
[2022-11-10 10:06:35] [info]  [21488] Service started in 1216 ms.
[2022-11-10 10:07:40] [info]  [16844] Console CTRL+CLOSE event signaled
[2022-11-10 10:07:40] [info]  [16844] Stopping service...
[2022-11-10 10:07:41] [info]  [16844] Service stop thread completed.
[2022-11-10 10:07:42] [info]  [10412] Commons Daemon procrun (1.0.15.0 64-bit) started
[2022-11-10 10:07:42] [info]  [10412] Debugging 'Tomcat9' service...
[2022-11-10 10:07:42] [info]  [10412] Starting service...
[2022-11-10 10:07:44] [info]  [10412] Service started in 1197 ms.
[2022-11-10 10:32:49] [info]  [16876] Console CTRL+CLOSE event signaled
[2022-11-10 10:32:49] [info]  [16876] Stopping service...
[2022-11-10 10:32:50] [info]  [16876] Service stop thread completed.
[2022-11-10 10:32:53] [info]  [16192] Commons Daemon procrun (1.0.15.0 64-bit) started
[2022-11-10 10:32:53] [info]  [16192] Debugging 'Tomcat9' service...
[2022-11-10 10:32:53] [info]  [16192] Starting service...
[2022-11-10 10:32:54] [info]  [16192] Service started in 1199 ms.
[2022-11-10 10:46:03] [info]  [ 1588] Console CTRL+CLOSE event signaled
[2022-11-10 10:46:03] [info]  [ 1588] Stopping service...
[2022-11-10 10:46:04] [info]  [ 1588] Service stop thread completed.
[2022-11-10 10:46:06] [info]  [ 9008] Commons Daemon procrun (1.0.15.0 64-bit) started
[2022-11-10 10:46:06] [info]  [ 9008] Debugging 'Tomcat9' service...
[2022-11-10 10:46:06] [info]  [ 9008] Starting service...
[2022-11-10 10:46:07] [info]  [ 9008] Service started in 1191 ms.
[2022-11-10 10:47:10] [info]  [16644] Console CTRL+CLOSE event signaled
[2022-11-10 10:47:10] [info]  [16644] Stopping service...
[2022-11-10 10:47:11] [info]  [16644] Service stop thread completed.
[2022-11-10 10:47:12] [info]  [24864] Commons Daemon procrun (1.0.15.0 64-bit) started
[2022-11-10 10:47:12] [info]  [24864] Debugging 'Tomcat9' service...
[2022-11-10 10:47:12] [info]  [24864] Starting service...
[2022-11-10 10:47:13] [info]  [24864] Service started in 1199 ms.
[2022-11-10 10:50:58] [info]  [22132] Console CTRL+CLOSE event signaled
[2022-11-10 10:50:58] [info]  [22132] Stopping service...
[2022-11-10 10:50:59] [info]  [22132] Service stop thread completed.
[2022-11-10 10:51:00] [info]  [25444] Commons Daemon procrun (1.0.15.0 64-bit) started
[2022-11-10 10:51:00] [info]  [25444] Debugging 'Tomcat9' service...
[2022-11-10 10:51:00] [info]  [25444] Starting service...
[2022-11-10 10:51:01] [info]  [25444] Service started in 1177 ms.
[2022-11-10 11:12:46] [info]  [25148] Console CTRL+CLOSE event signaled
[2022-11-10 11:12:46] [info]  [25148] Stopping service...
[2022-11-10 11:12:47] [info]  [25148] Service stop thread completed.
[2022-11-10 11:12:48] [info]  [18972] Commons Daemon procrun (1.0.15.0 64-bit) started
[2022-11-10 11:12:48] [info]  [18972] Debugging 'Tomcat9' service...
[2022-11-10 11:12:48] [info]  [18972] Starting service...
[2022-11-10 11:12:50] [info]  [18972] Service started in 1187 ms.
[2022-11-10 11:20:07] [info]  [ 7088] Console CTRL+CLOSE event signaled
[2022-11-10 11:20:07] [info]  [ 7088] Stopping service...
[2022-11-10 11:20:08] [info]  [ 7088] Service stop thread completed.
[2022-11-10 11:20:10] [info]  [ 7032] Commons Daemon procrun (1.0.15.0 64-bit) started
[2022-11-10 11:20:10] [info]  [ 7032] Debugging 'Tomcat9' service...
[2022-11-10 11:20:10] [info]  [ 7032] Starting service...
[2022-11-10 11:20:11] [info]  [ 7032] Service started in 1211 ms.
[2022-11-10 11:21:51] [info]  [25176] Console CTRL+CLOSE event signaled
[2022-11-10 11:21:51] [info]  [25176] Stopping service...
[2022-11-10 11:21:52] [info]  [25176] Service stop thread completed.
[2022-11-10 11:21:55] [info]  [ 1944] Commons Daemon procrun (1.0.15.0 64-bit) started
[2022-11-10 11:21:55] [info]  [ 1944] Debugging 'Tomcat9' service...
[2022-11-10 11:21:55] [info]  [ 1944] Starting service...
[2022-11-10 11:21:56] [info]  [ 1944] Service started in 1183 ms.
[2022-11-10 11:23:46] [info]  [21308] Console CTRL+CLOSE event signaled
[2022-11-10 11:23:46] [info]  [21308] Stopping service...
[2022-11-10 11:23:47] [info]  [21308] Service stop thread completed.
[2022-11-10 11:24:02] [info]  [17760] Commons Daemon procrun (1.0.15.0 64-bit) started
[2022-11-10 11:24:02] [info]  [17760] Debugging 'Tomcat9' service...
[2022-11-10 11:24:02] [info]  [17760] Starting service...
[2022-11-10 11:24:03] [info]  [17760] Service started in 1192 ms.
[2022-11-10 11:30:24] [info]  [20248] Console CTRL+CLOSE event signaled
[2022-11-10 11:30:24] [info]  [20248] Stopping service...
[2022-11-10 11:30:25] [info]  [20248] Service stop thread completed.
[2022-11-10 11:30:26] [info]  [20800] Commons Daemon procrun (1.0.15.0 64-bit) started
[2022-11-10 11:30:26] [info]  [20800] Debugging 'Tomcat9' service...
[2022-11-10 11:30:26] [info]  [20800] Starting service...
[2022-11-10 11:30:27] [info]  [20800] Service started in 1179 ms.
[2022-11-10 11:33:39] [info]  [19472] Console CTRL+CLOSE event signaled
[2022-11-10 11:33:39] [info]  [19472] Stopping service...
[2022-11-10 11:33:40] [info]  [19472] Service stop thread completed.
[2022-11-10 11:33:41] [info]  [25388] Commons Daemon procrun (1.0.15.0 64-bit) started
[2022-11-10 11:33:41] [info]  [25388] Debugging 'Tomcat9' service...
[2022-11-10 11:33:41] [info]  [25388] Starting service...
[2022-11-10 11:33:42] [info]  [25388] Service started in 1183 ms.
[2022-11-10 11:42:12] [info]  [18276] Console CTRL+CLOSE event signaled
[2022-11-10 11:42:12] [info]  [18276] Stopping service...
[2022-11-10 11:42:13] [info]  [18276] Service stop thread completed.
[2022-11-10 11:42:14] [info]  [15416] Commons Daemon procrun (1.0.15.0 64-bit) started
[2022-11-10 11:42:14] [info]  [15416] Debugging 'Tomcat9' service...
[2022-11-10 11:42:14] [info]  [15416] Starting service...
[2022-11-10 11:42:16] [info]  [15416] Service started in 1208 ms.
[2022-11-10 11:43:36] [info]  [ 5764] Console CTRL+CLOSE event signaled
[2022-11-10 11:43:36] [info]  [ 5764] Stopping service...
[2022-11-10 11:43:37] [info]  [ 5764] Service stop thread completed.
[2022-11-10 11:43:38] [info]  [24640] Commons Daemon procrun (1.0.15.0 64-bit) started
[2022-11-10 11:43:38] [info]  [24640] Debugging 'Tomcat9' service...
[2022-11-10 11:43:38] [info]  [24640] Starting service...
[2022-11-10 11:43:39] [info]  [24640] Service started in 1183 ms.
[2022-11-10 11:50:01] [info]  [ 1200] Console CTRL+CLOSE event signaled
[2022-11-10 11:50:01] [info]  [ 1200] Stopping service...
[2022-11-10 11:50:02] [info]  [ 1200] Service stop thread completed.
[2022-11-10 11:50:04] [info]  [23632] Commons Daemon procrun (1.0.15.0 64-bit) started
[2022-11-10 11:50:04] [info]  [23632] Debugging 'Tomcat9' service...
[2022-11-10 11:50:04] [info]  [23632] Starting service...
[2022-11-10 11:50:05] [info]  [23632] Service started in 1184 ms.
[2022-11-10 11:56:31] [info]  [17644] Console CTRL+CLOSE event signaled
[2022-11-10 11:56:31] [info]  [17644] Stopping service...
[2022-11-10 11:56:32] [info]  [17644] Service stop thread completed.
[2022-11-10 11:56:33] [info]  [20772] Commons Daemon procrun (1.0.15.0 64-bit) started
[2022-11-10 11:56:33] [info]  [20772] Debugging 'Tomcat9' service...
[2022-11-10 11:56:33] [info]  [20772] Starting service...
[2022-11-10 11:56:34] [info]  [20772] Service started in 1206 ms.
[2022-11-10 11:57:31] [info]  [25408] Console CTRL+CLOSE event signaled
[2022-11-10 11:57:32] [info]  [25408] Stopping service...
[2022-11-10 11:57:33] [info]  [25408] Service stop thread completed.
[2022-11-10 11:57:34] [info]  [21984] Commons Daemon procrun (1.0.15.0 64-bit) started
[2022-11-10 11:57:34] [info]  [21984] Debugging 'Tomcat9' service...
[2022-11-10 11:57:34] [info]  [21984] Starting service...
[2022-11-10 11:57:35] [info]  [21984] Service started in 1183 ms.
[2022-11-10 12:06:16] [info]  [19884] Console CTRL+CLOSE event signaled
[2022-11-10 12:06:16] [info]  [19884] Stopping service...
[2022-11-10 12:06:17] [info]  [19884] Service stop thread completed.
[2022-11-10 12:06:19] [info]  [17192] Commons Daemon procrun (1.0.15.0 64-bit) started
[2022-11-10 12:06:19] [info]  [17192] Debugging 'Tomcat9' service...
[2022-11-10 12:06:19] [info]  [17192] Starting service...
[2022-11-10 12:06:21] [info]  [17192] Service started in 1220 ms.
[2022-11-10 12:38:02] [info]  [10536] Console CTRL+CLOSE event signaled
[2022-11-10 12:38:02] [info]  [10536] Stopping service...
[2022-11-10 12:38:03] [info]  [10536] Service stop thread completed.
[2022-11-10 12:38:05] [info]  [23892] Commons Daemon procrun (1.0.15.0 64-bit) started
[2022-11-10 12:38:05] [info]  [23892] Debugging 'Tomcat9' service...
[2022-11-10 12:38:05] [info]  [23892] Starting service...
[2022-11-10 12:38:06] [info]  [23892] Service started in 1244 ms.
[2022-11-10 13:28:33] [info]  [10464] Console CTRL+CLOSE event signaled
[2022-11-10 13:28:33] [info]  [10464] Stopping service...
[2022-11-10 13:28:34] [info]  [10464] Service stop thread completed.
[2022-11-10 13:28:35] [info]  [  672] Commons Daemon procrun (1.0.15.0 64-bit) started
[2022-11-10 13:28:35] [info]  [  672] Debugging 'Tomcat9' service...
[2022-11-10 13:28:35] [info]  [  672] Starting service...
[2022-11-10 13:28:36] [info]  [  672] Service started in 1212 ms.
[2022-11-10 14:37:43] [info]  [23008] Console CTRL+CLOSE event signaled
[2022-11-10 14:37:43] [info]  [23008] Stopping service...
[2022-11-10 14:37:44] [info]  [23008] Service stop thread completed.
[2022-11-10 14:37:46] [info]  [19216] Commons Daemon procrun (1.0.15.0 64-bit) started
[2022-11-10 14:37:46] [info]  [19216] Debugging 'Tomcat9' service...
[2022-11-10 14:37:46] [info]  [19216] Starting service...
[2022-11-10 14:37:47] [info]  [19216] Service started in 1121 ms.
[2022-11-10 14:40:25] [info]  [ 5152] Console CTRL+CLOSE event signaled
[2022-11-10 14:40:25] [info]  [ 5152] Stopping service...
[2022-11-10 14:40:26] [info]  [ 5152] Service stop thread completed.
[2022-11-10 14:40:27] [info]  [16724] Commons Daemon procrun (1.0.15.0 64-bit) started
[2022-11-10 14:40:27] [info]  [16724] Debugging 'Tomcat9' service...
[2022-11-10 14:40:27] [info]  [16724] Starting service...
[2022-11-10 14:40:28] [info]  [16724] Service started in 1116 ms.
[2022-11-10 14:42:45] [info]  [ 6108] Console CTRL+CLOSE event signaled
[2022-11-10 14:42:45] [info]  [ 6108] Stopping service...
[2022-11-10 14:42:46] [info]  [ 6108] Service stop thread completed.
[2022-11-10 14:42:47] [info]  [22020] Commons Daemon procrun (1.0.15.0 64-bit) started
[2022-11-10 14:42:47] [info]  [22020] Debugging 'Tomcat9' service...
[2022-11-10 14:42:47] [info]  [22020] Starting service...
[2022-11-10 14:42:49] [info]  [22020] Service started in 1113 ms.
[2022-11-10 14:45:15] [info]  [19080] Console CTRL+CLOSE event signaled
[2022-11-10 14:45:15] [info]  [19080] Stopping service...
[2022-11-10 14:45:16] [info]  [19080] Service stop thread completed.
[2022-11-10 14:45:17] [info]  [16468] Commons Daemon procrun (1.0.15.0 64-bit) started
[2022-11-10 14:45:17] [info]  [16468] Debugging 'Tomcat9' service...
[2022-11-10 14:45:17] [info]  [16468] Starting service...
[2022-11-10 14:45:18] [info]  [16468] Service started in 1111 ms.
[2022-11-10 14:47:16] [info]  [23168] Console CTRL+CLOSE event signaled
[2022-11-10 14:47:16] [info]  [23168] Stopping service...
[2022-11-10 14:47:17] [info]  [23168] Service stop thread completed.
[2022-11-10 14:47:19] [info]  [15368] Commons Daemon procrun (1.0.15.0 64-bit) started
[2022-11-10 14:47:19] [info]  [15368] Debugging 'Tomcat9' service...
[2022-11-10 14:47:19] [info]  [15368] Starting service...
[2022-11-10 14:47:20] [info]  [15368] Service started in 1108 ms.
[2022-11-10 15:22:46] [info]  [19852] Console CTRL+CLOSE event signaled
[2022-11-10 15:22:46] [info]  [19852] Stopping service...
[2022-11-10 15:22:47] [info]  [19852] Service stop thread completed.
[2022-11-10 15:22:48] [info]  [14964] Commons Daemon procrun (1.0.15.0 64-bit) started
[2022-11-10 15:22:48] [info]  [14964] Debugging 'Tomcat9' service...
[2022-11-10 15:22:48] [info]  [14964] Starting service...
[2022-11-10 15:22:50] [info]  [14964] Service started in 1222 ms.
[2022-11-10 15:28:15] [info]  [18256] Console CTRL+CLOSE event signaled
[2022-11-10 15:28:15] [info]  [18256] Stopping service...
[2022-11-10 15:28:16] [info]  [18256] Service stop thread completed.
[2022-11-10 15:28:17] [info]  [ 8000] Commons Daemon procrun (1.0.15.0 64-bit) started
[2022-11-10 15:28:17] [info]  [ 8000] Debugging 'Tomcat9' service...
[2022-11-10 15:28:17] [info]  [ 8000] Starting service...
[2022-11-10 15:28:18] [info]  [ 8000] Service started in 1185 ms.
[2022-11-10 16:18:15] [info]  [18364] Console CTRL+CLOSE event signaled
[2022-11-10 16:18:15] [info]  [18364] Stopping service...
[2022-11-10 16:18:16] [info]  [18364] Service stop thread completed.
[2022-11-10 16:18:17] [info]  [16344] Commons Daemon procrun (1.0.15.0 64-bit) started
[2022-11-10 16:18:17] [info]  [16344] Debugging 'Tomcat9' service...
[2022-11-10 16:18:17] [info]  [16344] Starting service...
[2022-11-10 16:18:19] [info]  [16344] Service started in 1193 ms.
[2022-11-10 16:20:41] [info]  [25480] Console CTRL+CLOSE event signaled
[2022-11-10 16:20:41] [info]  [25480] Stopping service...
[2022-11-10 16:20:42] [info]  [25480] Service stop thread completed.
[2022-11-10 16:20:43] [info]  [25504] Commons Daemon procrun (1.0.15.0 64-bit) started
[2022-11-10 16:20:43] [info]  [25504] Debugging 'Tomcat9' service...
[2022-11-10 16:20:43] [info]  [25504] Starting service...
[2022-11-10 16:20:44] [info]  [25504] Service started in 1188 ms.
[2022-11-10 16:24:05] [info]  [17020] Console CTRL+CLOSE event signaled
[2022-11-10 16:24:05] [info]  [17020] Stopping service...
[2022-11-10 16:24:06] [info]  [17020] Service stop thread completed.
[2022-11-10 16:24:07] [info]  [ 1684] Commons Daemon procrun (1.0.15.0 64-bit) started
[2022-11-10 16:24:07] [info]  [ 1684] Debugging 'Tomcat9' service...
[2022-11-10 16:24:07] [info]  [ 1684] Starting service...
[2022-11-10 16:24:08] [info]  [ 1684] Service started in 1185 ms.
[2022-11-13 09:11:51] [info]  [20716] Console CTRL+CLOSE event signaled
[2022-11-13 09:11:51] [info]  [20716] Stopping service...
[2022-11-13 09:11:56] [info]  [20716] Service stop thread completed.
