[2022-12-06 10:09:39] [info]  [14700] Commons Daemon procrun (1.0.15.0 64-bit) started
[2022-12-06 10:09:39] [info]  [14700] Running 'Tomcat9' Service...
[2022-12-06 10:09:39] [info]  [ 3188] Starting service...
[2022-12-06 10:09:40] [info]  [ 3188] Service started in 1230 ms.
[2022-12-06 10:11:06] [info]  [16460] Stopping service...
[2022-12-06 10:11:07] [info]  [16460] Service stop thread completed.
[2022-12-06 10:11:07] [info]  [14700] Run service finished.
[2022-12-06 10:11:07] [info]  [14700] Commons Daemon procrun finished
[2022-12-06 10:11:07] [info]  [ 1844] Commons Daemon procrun (1.0.15.0 64-bit) started
[2022-12-06 10:11:07] [info]  [ 1844] Running 'Tomcat9' Service...
[2022-12-06 10:11:07] [info]  [17444] Starting service...
[2022-12-06 10:11:09] [info]  [17444] Service started in 1111 ms.
[2022-12-06 11:13:07] [info]  [13892] Console SHUTDOWN event signaled
[2022-12-06 11:13:07] [info]  [13892] Stopping service...
[2022-12-06 11:13:08] [info]  [13892] Service stop thread completed.
[2022-12-06 11:13:09] [info]  [ 1844] Run service finished.
[2022-12-06 11:13:09] [info]  [ 1844] Commons Daemon procrun finished
[2022-12-06 11:13:32] [info]  [ 5200] Commons Daemon procrun (1.0.15.0 64-bit) started
[2022-12-06 11:13:32] [info]  [ 5200] Running 'Tomcat9' Service...
[2022-12-06 11:13:32] [info]  [ 6008] Starting service...
[2022-12-06 11:13:33] [info]  [ 6008] Service started in 1332 ms.
[2022-12-06 11:16:12] [info]  [ 1120] Stopping service...
[2022-12-06 11:16:13] [info]  [ 1120] Service stop thread completed.
[2022-12-06 11:16:13] [info]  [ 5200] Run service finished.
[2022-12-06 11:16:13] [info]  [ 5200] Commons Daemon procrun finished
[2022-12-06 13:24:43] [info]  [ 6052] Commons Daemon procrun (1.0.15.0 64-bit) started
[2022-12-06 13:24:43] [info]  [ 6052] Debugging 'Tomcat9' service...
[2022-12-06 13:24:43] [info]  [ 6052] Starting service...
[2022-12-06 13:24:44] [info]  [ 6052] Service started in 1238 ms.
