[2022-10-13 09:57:07] [info]  [10172] Commons Daemon procrun (1.0.15.0 64-bit) started
[2022-10-13 09:57:07] [info]  [10172] Debugging 'Tomcat9' service...
[2022-10-13 09:57:07] [info]  [10172] Starting service...
[2022-10-13 09:57:08] [info]  [10172] Service started in 1154 ms.
[2022-10-13 10:00:03] [info]  [ 2876] Console CTRL+CLOSE event signaled
[2022-10-13 10:00:03] [info]  [ 2876] Stopping service...
[2022-10-13 10:00:04] [info]  [ 2876] Service stop thread completed.
[2022-10-13 10:00:05] [info]  [19212] Commons Daemon procrun (1.0.15.0 64-bit) started
[2022-10-13 10:00:05] [info]  [19212] Debugging 'Tomcat9' service...
[2022-10-13 10:00:05] [info]  [19212] Starting service...
[2022-10-13 10:00:06] [info]  [19212] Service started in 1106 ms.
[2022-10-13 10:05:32] [info]  [ 3708] Console CTRL+CLOSE event signaled
[2022-10-13 10:05:32] [info]  [ 3708] Stopping service...
[2022-10-13 10:05:33] [info]  [ 3708] Service stop thread completed.
[2022-10-13 10:05:35] [info]  [18800] Commons Daemon procrun (1.0.15.0 64-bit) started
[2022-10-13 10:05:35] [info]  [18800] Debugging 'Tomcat9' service...
[2022-10-13 10:05:35] [info]  [18800] Starting service...
[2022-10-13 10:05:36] [info]  [18800] Service started in 1116 ms.
[2022-10-13 10:12:12] [info]  [ 6200] Console CTRL+CLOSE event signaled
[2022-10-13 10:12:12] [info]  [ 6200] Stopping service...
[2022-10-13 10:12:13] [info]  [ 6200] Service stop thread completed.
[2022-10-13 10:12:15] [info]  [18076] Commons Daemon procrun (1.0.15.0 64-bit) started
[2022-10-13 10:12:15] [info]  [18076] Debugging 'Tomcat9' service...
[2022-10-13 10:12:15] [info]  [18076] Starting service...
[2022-10-13 10:12:16] [info]  [18076] Service started in 1193 ms.
[2022-10-13 10:24:15] [info]  [11236] Console CTRL+CLOSE event signaled
[2022-10-13 10:24:15] [info]  [11236] Stopping service...
[2022-10-13 10:24:16] [info]  [11236] Service stop thread completed.
[2022-10-13 10:24:18] [info]  [18884] Commons Daemon procrun (1.0.15.0 64-bit) started
[2022-10-13 10:24:18] [info]  [18884] Debugging 'Tomcat9' service...
[2022-10-13 10:24:18] [info]  [18884] Starting service...
[2022-10-13 10:24:20] [info]  [18884] Service started in 1212 ms.
[2022-10-13 10:36:24] [info]  [16476] Console CTRL+CLOSE event signaled
[2022-10-13 10:36:24] [info]  [16476] Stopping service...
[2022-10-13 10:36:25] [info]  [16476] Service stop thread completed.
[2022-10-13 10:36:28] [info]  [ 5152] Commons Daemon procrun (1.0.15.0 64-bit) started
[2022-10-13 10:36:28] [info]  [ 5152] Debugging 'Tomcat9' service...
[2022-10-13 10:36:28] [info]  [ 5152] Starting service...
[2022-10-13 10:36:29] [info]  [ 5152] Service started in 1251 ms.
[2022-10-13 10:39:43] [info]  [ 6040] Console CTRL+CLOSE event signaled
[2022-10-13 10:39:43] [info]  [ 6040] Stopping service...
[2022-10-13 10:39:44] [info]  [ 6040] Service stop thread completed.
[2022-10-13 10:39:46] [info]  [ 2876] Commons Daemon procrun (1.0.15.0 64-bit) started
[2022-10-13 10:39:46] [info]  [ 2876] Debugging 'Tomcat9' service...
[2022-10-13 10:39:46] [info]  [ 2876] Starting service...
[2022-10-13 10:39:47] [info]  [ 2876] Service started in 1204 ms.
[2022-10-13 10:46:14] [info]  [ 4260] Console CTRL+CLOSE event signaled
[2022-10-13 10:46:14] [info]  [ 4260] Stopping service...
[2022-10-13 10:46:15] [info]  [ 4260] Service stop thread completed.
[2022-10-13 10:46:18] [info]  [ 7512] Commons Daemon procrun (1.0.15.0 64-bit) started
[2022-10-13 10:46:18] [info]  [ 7512] Debugging 'Tomcat9' service...
[2022-10-13 10:46:18] [info]  [ 7512] Starting service...
[2022-10-13 10:46:19] [info]  [ 7512] Service started in 1197 ms.
[2022-10-13 11:09:53] [info]  [15928] Console CTRL+CLOSE event signaled
[2022-10-13 11:09:53] [info]  [15928] Stopping service...
[2022-10-13 11:09:54] [info]  [15928] Service stop thread completed.
[2022-10-13 11:09:56] [info]  [18908] Commons Daemon procrun (1.0.15.0 64-bit) started
[2022-10-13 11:09:56] [info]  [18908] Debugging 'Tomcat9' service...
[2022-10-13 11:09:56] [info]  [18908] Starting service...
[2022-10-13 11:09:57] [info]  [18908] Service started in 1168 ms.
[2022-10-13 11:10:21] [info]  [18924] Console CTRL+CLOSE event signaled
[2022-10-13 11:10:21] [info]  [18924] Stopping service...
[2022-10-13 11:10:22] [info]  [18924] Service stop thread completed.
[2022-10-13 11:10:23] [info]  [17824] Commons Daemon procrun (1.0.15.0 64-bit) started
[2022-10-13 11:10:23] [info]  [17824] Debugging 'Tomcat9' service...
[2022-10-13 11:10:23] [info]  [17824] Starting service...
[2022-10-13 11:10:25] [info]  [17824] Service started in 1192 ms.
[2022-10-13 12:03:56] [info]  [18012] Console CTRL+CLOSE event signaled
[2022-10-13 12:03:56] [info]  [18012] Stopping service...
[2022-10-13 12:03:57] [info]  [18012] Service stop thread completed.
[2022-10-13 12:03:59] [info]  [18912] Commons Daemon procrun (1.0.15.0 64-bit) started
[2022-10-13 12:03:59] [info]  [18912] Debugging 'Tomcat9' service...
[2022-10-13 12:03:59] [info]  [18912] Starting service...
[2022-10-13 12:04:01] [info]  [18912] Service started in 1208 ms.
[2022-10-13 12:04:39] [info]  [ 9108] Console CTRL+CLOSE event signaled
[2022-10-13 12:04:39] [info]  [ 9108] Stopping service...
[2022-10-13 12:04:43] [info]  [ 9108] Service stop thread completed.
[2022-10-13 12:04:48] [info]  [12560] Commons Daemon procrun (1.0.15.0 64-bit) started
[2022-10-13 12:04:48] [info]  [12560] Debugging 'Tomcat9' service...
[2022-10-13 12:04:48] [info]  [12560] Starting service...
[2022-10-13 12:04:49] [info]  [12560] Service started in 1192 ms.
[2022-10-13 12:10:32] [info]  [16296] Console CTRL+CLOSE event signaled
[2022-10-13 12:10:32] [info]  [16296] Stopping service...
[2022-10-13 12:10:33] [info]  [16296] Service stop thread completed.
[2022-10-13 12:10:35] [info]  [16152] Commons Daemon procrun (1.0.15.0 64-bit) started
[2022-10-13 12:10:35] [info]  [16152] Debugging 'Tomcat9' service...
[2022-10-13 12:10:35] [info]  [16152] Starting service...
[2022-10-13 12:10:36] [info]  [16152] Service started in 1193 ms.
[2022-10-13 12:23:27] [info]  [ 9900] Console CTRL+CLOSE event signaled
[2022-10-13 12:23:27] [info]  [ 9900] Stopping service...
[2022-10-13 12:23:28] [info]  [ 9900] Service stop thread completed.
[2022-10-13 12:23:29] [info]  [18164] Commons Daemon procrun (1.0.15.0 64-bit) started
[2022-10-13 12:23:29] [info]  [18164] Debugging 'Tomcat9' service...
[2022-10-13 12:23:29] [info]  [18164] Starting service...
[2022-10-13 12:23:30] [info]  [18164] Service started in 1179 ms.
[2022-10-13 12:28:47] [info]  [17904] Console CTRL+CLOSE event signaled
[2022-10-13 12:28:47] [info]  [17904] Stopping service...
[2022-10-13 12:28:48] [info]  [17904] Service stop thread completed.
[2022-10-13 12:28:50] [info]  [17844] Commons Daemon procrun (1.0.15.0 64-bit) started
[2022-10-13 12:28:50] [info]  [17844] Debugging 'Tomcat9' service...
[2022-10-13 12:28:50] [info]  [17844] Starting service...
[2022-10-13 12:28:51] [info]  [17844] Service started in 1213 ms.
[2022-10-13 12:31:15] [info]  [16500] Console CTRL+CLOSE event signaled
[2022-10-13 12:31:15] [info]  [16500] Stopping service...
[2022-10-13 12:31:16] [info]  [16500] Service stop thread completed.
[2022-10-13 12:31:17] [info]  [ 2648] Commons Daemon procrun (1.0.15.0 64-bit) started
[2022-10-13 12:31:17] [info]  [ 2648] Debugging 'Tomcat9' service...
[2022-10-13 12:31:17] [info]  [ 2648] Starting service...
[2022-10-13 12:31:18] [info]  [ 2648] Service started in 1194 ms.
[2022-10-13 12:33:09] [info]  [10508] Console CTRL+CLOSE event signaled
[2022-10-13 12:33:09] [info]  [10508] Stopping service...
[2022-10-13 12:33:10] [info]  [10508] Service stop thread completed.
[2022-10-13 12:33:11] [info]  [10268] Commons Daemon procrun (1.0.15.0 64-bit) started
[2022-10-13 12:33:11] [info]  [10268] Debugging 'Tomcat9' service...
[2022-10-13 12:33:11] [info]  [10268] Starting service...
[2022-10-13 12:33:12] [info]  [10268] Service started in 1193 ms.
[2022-10-13 12:42:49] [info]  [14096] Console CTRL+CLOSE event signaled
[2022-10-13 12:42:49] [info]  [14096] Stopping service...
[2022-10-13 12:42:50] [info]  [14096] Service stop thread completed.
[2022-10-13 12:42:52] [info]  [ 2940] Commons Daemon procrun (1.0.15.0 64-bit) started
[2022-10-13 12:42:52] [info]  [ 2940] Debugging 'Tomcat9' service...
[2022-10-13 12:42:52] [info]  [ 2940] Starting service...
[2022-10-13 12:42:53] [info]  [ 2940] Service started in 1186 ms.
[2022-10-13 12:47:13] [info]  [ 9072] Console CTRL+CLOSE event signaled
[2022-10-13 12:47:13] [info]  [ 9072] Stopping service...
[2022-10-13 12:47:14] [info]  [ 9072] Service stop thread completed.
[2022-10-13 12:47:15] [info]  [14708] Commons Daemon procrun (1.0.15.0 64-bit) started
[2022-10-13 12:47:15] [info]  [14708] Debugging 'Tomcat9' service...
[2022-10-13 12:47:15] [info]  [14708] Starting service...
[2022-10-13 12:47:17] [info]  [14708] Service started in 1180 ms.
[2022-10-13 12:53:49] [info]  [17808] Console CTRL+CLOSE event signaled
[2022-10-13 12:53:49] [info]  [17808] Stopping service...
[2022-10-13 12:53:50] [info]  [17808] Service stop thread completed.
[2022-10-13 12:53:52] [info]  [17764] Commons Daemon procrun (1.0.15.0 64-bit) started
[2022-10-13 12:53:52] [info]  [17764] Debugging 'Tomcat9' service...
[2022-10-13 12:53:52] [info]  [17764] Starting service...
[2022-10-13 12:53:53] [info]  [17764] Service started in 1204 ms.
[2022-10-13 12:57:06] [info]  [10128] Console CTRL+CLOSE event signaled
[2022-10-13 12:57:06] [info]  [10128] Stopping service...
[2022-10-13 12:57:07] [info]  [10128] Service stop thread completed.
[2022-10-13 12:57:09] [info]  [ 7724] Commons Daemon procrun (1.0.15.0 64-bit) started
[2022-10-13 12:57:09] [info]  [ 7724] Debugging 'Tomcat9' service...
[2022-10-13 12:57:09] [info]  [ 7724] Starting service...
[2022-10-13 12:57:10] [info]  [ 7724] Service started in 1179 ms.
[2022-10-13 13:18:10] [info]  [  336] Console CTRL+CLOSE event signaled
[2022-10-13 13:18:10] [info]  [  336] Stopping service...
[2022-10-13 13:18:11] [info]  [  336] Service stop thread completed.
[2022-10-13 13:18:12] [info]  [13108] Commons Daemon procrun (1.0.15.0 64-bit) started
[2022-10-13 13:18:12] [info]  [13108] Debugging 'Tomcat9' service...
[2022-10-13 13:18:12] [info]  [13108] Starting service...
[2022-10-13 13:18:13] [info]  [13108] Service started in 1108 ms.
[2022-10-13 13:24:14] [info]  [16888] Console CTRL+CLOSE event signaled
[2022-10-13 13:24:14] [info]  [16888] Stopping service...
[2022-10-13 13:24:15] [info]  [16888] Service stop thread completed.
[2022-10-13 13:24:16] [info]  [10840] Commons Daemon procrun (1.0.15.0 64-bit) started
[2022-10-13 13:24:16] [info]  [10840] Debugging 'Tomcat9' service...
[2022-10-13 13:24:16] [info]  [10840] Starting service...
[2022-10-13 13:24:18] [info]  [10840] Service started in 1110 ms.
[2022-10-13 14:15:04] [info]  [18052] Console CTRL+CLOSE event signaled
[2022-10-13 14:15:04] [info]  [18052] Stopping service...
[2022-10-13 14:15:05] [info]  [18052] Service stop thread completed.
[2022-10-13 14:15:07] [info]  [10664] Commons Daemon procrun (1.0.15.0 64-bit) started
[2022-10-13 14:15:07] [info]  [10664] Debugging 'Tomcat9' service...
[2022-10-13 14:15:07] [info]  [10664] Starting service...
[2022-10-13 14:15:08] [info]  [10664] Service started in 1130 ms.
[2022-10-13 14:21:43] [info]  [17400] Console CTRL+CLOSE event signaled
[2022-10-13 14:21:43] [info]  [17400] Stopping service...
[2022-10-13 14:21:44] [info]  [17400] Service stop thread completed.
[2022-10-13 14:21:54] [info]  [ 2136] Commons Daemon procrun (1.0.15.0 64-bit) started
[2022-10-13 14:21:54] [info]  [ 2136] Debugging 'Tomcat9' service...
[2022-10-13 14:21:54] [info]  [ 2136] Starting service...
[2022-10-13 14:21:55] [info]  [ 2136] Service started in 1118 ms.
[2022-10-13 14:23:24] [info]  [ 9472] Console CTRL+CLOSE event signaled
[2022-10-13 14:23:24] [info]  [ 9472] Stopping service...
[2022-10-13 14:23:25] [info]  [ 9472] Service stop thread completed.
[2022-10-13 14:23:26] [info]  [ 8212] Commons Daemon procrun (1.0.15.0 64-bit) started
[2022-10-13 14:23:26] [info]  [ 8212] Debugging 'Tomcat9' service...
[2022-10-13 14:23:26] [info]  [ 8212] Starting service...
[2022-10-13 14:23:27] [info]  [ 8212] Service started in 1104 ms.
[2022-10-15 09:12:28] [info]  [20984] Console CTRL+CLOSE event signaled
[2022-10-15 09:12:28] [info]  [20984] Stopping service...
[2022-10-15 09:12:29] [info]  [20984] Service stop thread completed.
