[2022-10-17 09:16:05] [info]  [ 5496] Commons Daemon procrun (1.0.15.0 64-bit) started
[2022-10-17 09:16:05] [info]  [ 5496] Running 'Tomcat9' Service...
[2022-10-17 09:16:05] [info]  [ 6380] Starting service...
[2022-10-17 09:16:06] [info]  [ 6380] Service started in 1336 ms.
[2022-10-17 09:19:11] [info]  [ 9976] Stopping service...
[2022-10-17 09:19:12] [info]  [ 9976] Service stop thread completed.
[2022-10-17 09:19:13] [info]  [ 5496] Run service finished.
[2022-10-17 09:19:13] [info]  [ 5496] Commons Daemon procrun finished
[2022-10-17 09:19:13] [info]  [ 5388] Commons Daemon procrun (1.0.15.0 64-bit) started
[2022-10-17 09:19:13] [info]  [ 5388] Running 'Tomcat9' Service...
[2022-10-17 09:19:13] [info]  [11480] Starting service...
[2022-10-17 09:19:14] [info]  [11480] Service started in 1106 ms.
[2022-10-17 09:35:47] [info]  [14356] Stopping service...
[2022-10-17 09:35:48] [info]  [14356] Service stop thread completed.
[2022-10-17 09:35:49] [info]  [ 5388] Run service finished.
[2022-10-17 09:35:49] [info]  [ 5388] Commons Daemon procrun finished
[2022-10-17 09:35:49] [info]  [ 8560] Commons Daemon procrun (1.0.15.0 64-bit) started
[2022-10-17 09:35:49] [info]  [ 8560] Running 'Tomcat9' Service...
[2022-10-17 09:35:49] [info]  [ 4204] Starting service...
[2022-10-17 09:35:51] [info]  [ 4204] Service started in 1189 ms.
[2022-10-17 09:36:28] [info]  [12204] Stopping service...
[2022-10-17 09:36:29] [info]  [12204] Service stop thread completed.
[2022-10-17 09:36:29] [info]  [ 8560] Run service finished.
[2022-10-17 09:36:29] [info]  [ 8560] Commons Daemon procrun finished
[2022-10-17 09:36:29] [info]  [ 8556] Commons Daemon procrun (1.0.15.0 64-bit) started
[2022-10-17 09:36:29] [info]  [ 8556] Running 'Tomcat9' Service...
[2022-10-17 09:36:29] [info]  [ 6948] Starting service...
[2022-10-17 09:36:30] [info]  [ 6948] Service started in 1155 ms.
[2022-10-18 09:45:49] [info]  [14312] Stopping service...
[2022-10-18 09:45:50] [info]  [14312] Service stop thread completed.
[2022-10-18 09:45:51] [info]  [ 8556] Run service finished.
[2022-10-18 09:45:51] [info]  [ 8556] Commons Daemon procrun finished
