[2022-11-05 08:53:36] [info]  [ 5268] Commons Daemon procrun (1.0.15.0 64-bit) started
[2022-11-05 08:53:37] [info]  [ 5268] Running 'Tomcat9' Service...
[2022-11-05 08:53:37] [info]  [ 6280] Starting service...
[2022-11-05 08:53:38] [info]  [ 6280] Service started in 1340 ms.
[2022-11-05 12:29:17] [info]  [ 2192] Stopping service...
[2022-11-05 12:29:18] [info]  [ 2192] Service stop thread completed.
[2022-11-05 12:29:18] [info]  [ 5268] Run service finished.
[2022-11-05 12:29:18] [info]  [ 5268] Commons Daemon procrun finished
[2022-11-05 12:42:16] [info]  [15088] Commons Daemon procrun (1.0.15.0 64-bit) started
[2022-11-05 12:42:16] [info]  [15088] Running 'Tomcat9' Service...
[2022-11-05 12:42:16] [info]  [ 6572] Starting service...
[2022-11-05 12:42:18] [info]  [ 6572] Service started in 1186 ms.
[2022-11-05 12:49:32] [info]  [ 7580] Stopping service...
[2022-11-05 12:49:33] [info]  [ 7580] Service stop thread completed.
[2022-11-05 12:49:33] [info]  [15088] Run service finished.
[2022-11-05 12:49:34] [info]  [15088] Commons Daemon procrun finished
[2022-11-05 12:50:53] [info]  [ 9688] Commons Daemon procrun (1.0.15.0 64-bit) started
[2022-11-05 12:50:54] [info]  [ 9688] Running 'Tomcat9' Service...
[2022-11-05 12:50:54] [info]  [ 3176] Starting service...
[2022-11-05 12:50:55] [info]  [ 3176] Service started in 1195 ms.
[2022-11-06 09:49:00] [info]  [ 1908] Stopping service...
[2022-11-06 09:49:01] [info]  [ 1908] Service stop thread completed.
[2022-11-06 09:49:01] [info]  [ 9688] Run service finished.
[2022-11-06 09:49:01] [info]  [ 9688] Commons Daemon procrun finished
[2022-11-05 12:00:56] [info]  [ 8176] Commons Daemon procrun (1.0.15.0 64-bit) started
[2022-11-05 12:00:56] [info]  [ 8176] Debugging 'Tomcat9' service...
[2022-11-05 12:00:56] [info]  [ 8176] Starting service...
[2022-11-05 12:00:57] [info]  [ 8176] Service started in 1125 ms.
[2022-11-05 12:02:40] [info]  [11192] Console CTRL+CLOSE event signaled
[2022-11-05 12:02:40] [info]  [11192] Stopping service...
[2022-11-05 12:02:41] [info]  [11192] Service stop thread completed.
[2022-11-05 12:04:44] [info]  [19792] Commons Daemon procrun (1.0.15.0 64-bit) started
[2022-11-05 12:04:44] [info]  [19792] Debugging 'Tomcat9' service...
[2022-11-05 12:04:44] [info]  [19792] Starting service...
[2022-11-05 12:04:45] [info]  [19792] Service started in 1117 ms.
[2022-11-05 12:08:34] [info]  [17076] Console CTRL+CLOSE event signaled
[2022-11-05 12:08:34] [info]  [17076] Stopping service...
[2022-11-05 12:08:35] [info]  [17076] Service stop thread completed.
[2022-11-05 12:09:20] [info]  [ 5336] Commons Daemon procrun (1.0.15.0 64-bit) started
[2022-11-05 12:09:20] [info]  [ 5336] Debugging 'Tomcat9' service...
[2022-11-05 12:09:20] [info]  [ 5336] Starting service...
[2022-11-05 12:09:21] [info]  [ 5336] Service started in 1108 ms.
[2022-11-05 12:11:34] [info]  [23576] Console CTRL+CLOSE event signaled
[2022-11-05 12:11:34] [info]  [23576] Stopping service...
[2022-11-05 12:11:35] [info]  [23576] Service stop thread completed.
[2022-11-05 12:11:37] [info]  [ 1768] Commons Daemon procrun (1.0.15.0 64-bit) started
[2022-11-05 12:11:37] [info]  [ 1768] Debugging 'Tomcat9' service...
[2022-11-05 12:11:37] [info]  [ 1768] Starting service...
[2022-11-05 12:11:38] [info]  [ 1768] Service started in 1102 ms.
[2022-11-05 12:25:23] [info]  [26248] Console CTRL+CLOSE event signaled
[2022-11-05 12:25:23] [info]  [26248] Stopping service...
[2022-11-05 12:25:26] [info]  [26248] Service stop thread completed.
[2022-11-05 12:25:27] [info]  [20160] Commons Daemon procrun (1.0.15.0 64-bit) started
[2022-11-05 12:25:27] [info]  [20160] Debugging 'Tomcat9' service...
[2022-11-05 12:25:27] [info]  [20160] Starting service...
[2022-11-05 12:25:28] [info]  [20160] Service started in 1117 ms.
[2022-11-05 12:32:40] [info]  [ 3772] Console CTRL+CLOSE event signaled
[2022-11-05 12:32:40] [info]  [ 3772] Stopping service...
[2022-11-05 14:55:32] [info]  [23108] Commons Daemon procrun (1.0.15.0 64-bit) started
[2022-11-05 14:55:32] [info]  [23108] Debugging 'Tomcat9' service...
[2022-11-05 14:55:32] [info]  [23108] Starting service...
[2022-11-05 14:55:33] [info]  [23108] Service started in 1214 ms.
[2022-11-05 14:56:49] [info]  [26384] Console CTRL+CLOSE event signaled
[2022-11-05 14:56:49] [info]  [26384] Stopping service...
[2022-11-05 14:56:50] [info]  [26384] Service stop thread completed.
[2022-11-05 14:56:51] [info]  [18768] Commons Daemon procrun (1.0.15.0 64-bit) started
[2022-11-05 14:56:51] [info]  [18768] Debugging 'Tomcat9' service...
[2022-11-05 14:56:51] [info]  [18768] Starting service...
[2022-11-05 14:56:52] [info]  [18768] Service started in 1213 ms.
[2022-11-05 14:59:45] [info]  [ 5952] Console CTRL+CLOSE event signaled
[2022-11-05 14:59:45] [info]  [ 5952] Stopping service...
[2022-11-05 14:59:46] [info]  [ 5952] Service stop thread completed.
[2022-11-05 14:59:47] [info]  [ 4680] Commons Daemon procrun (1.0.15.0 64-bit) started
[2022-11-05 14:59:47] [info]  [ 4680] Debugging 'Tomcat9' service...
[2022-11-05 14:59:47] [info]  [ 4680] Starting service...
[2022-11-05 14:59:48] [info]  [ 4680] Service started in 1218 ms.
[2022-11-05 15:11:00] [info]  [ 8872] Console CTRL+CLOSE event signaled
[2022-11-05 15:11:00] [info]  [ 8872] Stopping service...
[2022-11-05 15:11:01] [info]  [ 8872] Service stop thread completed.
[2022-11-05 15:11:03] [info]  [ 8632] Commons Daemon procrun (1.0.15.0 64-bit) started
[2022-11-05 15:11:03] [info]  [ 8632] Debugging 'Tomcat9' service...
[2022-11-05 15:11:03] [info]  [ 8632] Starting service...
[2022-11-05 15:11:04] [info]  [ 8632] Service started in 1251 ms.
[2022-11-05 15:17:33] [info]  [25344] Console CTRL+CLOSE event signaled
[2022-11-05 15:17:33] [info]  [25344] Stopping service...
[2022-11-05 15:17:34] [info]  [25344] Service stop thread completed.
[2022-11-05 15:17:37] [info]  [ 7376] Commons Daemon procrun (1.0.15.0 64-bit) started
[2022-11-05 15:17:37] [info]  [ 7376] Debugging 'Tomcat9' service...
[2022-11-05 15:17:37] [info]  [ 7376] Starting service...
[2022-11-05 15:17:39] [info]  [ 7376] Service started in 1279 ms.
[2022-11-05 15:20:08] [info]  [19772] Console CTRL+CLOSE event signaled
[2022-11-05 15:20:08] [info]  [19772] Stopping service...
[2022-11-05 15:20:09] [info]  [19772] Service stop thread completed.
[2022-11-05 15:20:10] [info]  [18160] Commons Daemon procrun (1.0.15.0 64-bit) started
[2022-11-05 15:20:10] [info]  [18160] Debugging 'Tomcat9' service...
[2022-11-05 15:20:10] [info]  [18160] Starting service...
[2022-11-05 15:20:12] [info]  [18160] Service started in 1241 ms.
[2022-11-05 15:28:01] [info]  [25800] Console CTRL+CLOSE event signaled
[2022-11-05 15:28:01] [info]  [25800] Stopping service...
[2022-11-05 15:28:02] [info]  [25800] Service stop thread completed.
[2022-11-05 15:28:03] [info]  [22804] Commons Daemon procrun (1.0.15.0 64-bit) started
[2022-11-05 15:28:03] [info]  [22804] Debugging 'Tomcat9' service...
[2022-11-05 15:28:03] [info]  [22804] Starting service...
[2022-11-05 15:28:05] [info]  [22804] Service started in 1276 ms.
[2022-11-05 15:29:38] [info]  [ 2092] Console CTRL+CLOSE event signaled
[2022-11-05 15:29:38] [info]  [ 2092] Stopping service...
[2022-11-05 15:29:39] [info]  [ 2092] Service stop thread completed.
[2022-11-05 15:29:40] [info]  [10252] Commons Daemon procrun (1.0.15.0 64-bit) started
[2022-11-05 15:29:40] [info]  [10252] Debugging 'Tomcat9' service...
[2022-11-05 15:29:40] [info]  [10252] Starting service...
[2022-11-05 15:29:42] [info]  [10252] Service started in 1241 ms.
[2022-11-05 15:38:24] [info]  [24140] Console CTRL+CLOSE event signaled
[2022-11-05 15:38:24] [info]  [24140] Stopping service...
[2022-11-05 15:38:25] [info]  [24140] Service stop thread completed.
[2022-11-05 15:38:37] [info]  [10144] Commons Daemon procrun (1.0.15.0 64-bit) started
[2022-11-05 15:38:37] [info]  [10144] Debugging 'Tomcat9' service...
[2022-11-05 15:38:37] [info]  [10144] Starting service...
[2022-11-05 15:38:38] [info]  [10144] Service started in 1253 ms.
[2022-11-13 15:51:29] [info]  [13136] Console CTRL+CLOSE event signaled
[2022-11-13 15:51:29] [info]  [13136] Stopping service...
[2022-11-13 15:51:30] [info]  [13136] Service stop thread completed.
