[2022-11-14 09:15:50] [info]  [ 4568] Commons Daemon procrun (1.0.15.0 64-bit) started
[2022-11-14 09:15:50] [info]  [ 4568] Debugging 'Tomcat9' service...
[2022-11-14 09:15:50] [info]  [ 4568] Starting service...
[2022-11-14 09:15:51] [info]  [ 4568] Service started in 1133 ms.
[2022-11-14 09:19:59] [info]  [12808] Console CTRL+CLOSE event signaled
[2022-11-14 09:19:59] [info]  [12808] Stopping service...
[2022-11-14 09:20:00] [info]  [12808] Service stop thread completed.
[2022-11-14 09:20:02] [info]  [14988] Commons Daemon procrun (1.0.15.0 64-bit) started
[2022-11-14 09:20:02] [info]  [14988] Debugging 'Tomcat9' service...
[2022-11-14 09:20:02] [info]  [14988] Starting service...
[2022-11-14 09:20:03] [info]  [14988] Service started in 1172 ms.
[2022-11-14 09:21:00] [info]  [19612] Console CTRL+CLOSE event signaled
[2022-11-14 09:21:00] [info]  [19612] Stopping service...
[2022-11-14 09:21:01] [info]  [19612] Service stop thread completed.
[2022-11-14 09:21:03] [info]  [13740] Commons Daemon procrun (1.0.15.0 64-bit) started
[2022-11-14 09:21:03] [info]  [13740] Debugging 'Tomcat9' service...
[2022-11-14 09:21:03] [info]  [13740] Starting service...
[2022-11-14 09:21:04] [info]  [13740] Service started in 1220 ms.
[2022-11-14 09:22:58] [info]  [23728] Console CTRL+CLOSE event signaled
[2022-11-14 09:22:58] [info]  [23728] Stopping service...
[2022-11-14 09:22:59] [info]  [23728] Service stop thread completed.
[2022-11-14 09:23:00] [info]  [25860] Commons Daemon procrun (1.0.15.0 64-bit) started
[2022-11-14 09:23:00] [info]  [25860] Debugging 'Tomcat9' service...
[2022-11-14 09:23:00] [info]  [25860] Starting service...
[2022-11-14 09:23:02] [info]  [25860] Service started in 1204 ms.
[2022-11-14 10:06:01] [info]  [19560] Console CTRL+CLOSE event signaled
[2022-11-14 10:06:01] [info]  [19560] Stopping service...
[2022-11-14 10:06:02] [info]  [19560] Service stop thread completed.
[2022-11-14 10:06:04] [info]  [  568] Commons Daemon procrun (1.0.15.0 64-bit) started
[2022-11-14 10:06:04] [info]  [  568] Debugging 'Tomcat9' service...
[2022-11-14 10:06:04] [info]  [  568] Starting service...
[2022-11-14 10:06:05] [info]  [  568] Service started in 1183 ms.
[2022-11-14 10:07:18] [info]  [24272] Console CTRL+CLOSE event signaled
[2022-11-14 10:07:19] [info]  [24272] Stopping service...
[2022-11-14 10:07:27] [info]  [ 7316] Commons Daemon procrun (1.0.15.0 64-bit) started
[2022-11-14 10:07:27] [info]  [ 7316] Debugging 'Tomcat9' service...
[2022-11-14 10:07:27] [info]  [ 7316] Starting service...
[2022-11-14 10:07:28] [info]  [ 7316] Service started in 1186 ms.
[2022-11-14 10:10:54] [info]  [26620] Console CTRL+CLOSE event signaled
[2022-11-14 10:10:54] [info]  [26620] Stopping service...
[2022-11-14 10:10:55] [info]  [26620] Service stop thread completed.
[2022-11-14 10:17:12] [info]  [16436] Commons Daemon procrun (1.0.15.0 64-bit) started
[2022-11-14 10:17:12] [info]  [16436] Debugging 'Tomcat9' service...
[2022-11-14 10:17:12] [info]  [16436] Starting service...
[2022-11-14 10:17:13] [info]  [16436] Service started in 1190 ms.
[2022-11-14 10:23:19] [info]  [ 2480] Console CTRL+CLOSE event signaled
[2022-11-14 10:23:19] [info]  [ 2480] Stopping service...
[2022-11-14 10:23:20] [info]  [ 2480] Service stop thread completed.
[2022-11-14 10:23:22] [info]  [ 6872] Commons Daemon procrun (1.0.15.0 64-bit) started
[2022-11-14 10:23:22] [info]  [ 6872] Debugging 'Tomcat9' service...
[2022-11-14 10:23:22] [info]  [ 6872] Starting service...
[2022-11-14 10:23:23] [info]  [ 6872] Service started in 1117 ms.
[2022-11-14 10:28:46] [info]  [ 8032] Console CTRL+CLOSE event signaled
[2022-11-14 10:28:46] [info]  [ 8032] Stopping service...
[2022-11-14 10:28:47] [info]  [ 8032] Service stop thread completed.
[2022-11-14 10:28:50] [info]  [ 7388] Commons Daemon procrun (1.0.15.0 64-bit) started
[2022-11-14 10:28:50] [info]  [ 7388] Debugging 'Tomcat9' service...
[2022-11-14 10:28:50] [info]  [ 7388] Starting service...
[2022-11-14 10:28:51] [info]  [ 7388] Service started in 1111 ms.
[2022-11-14 10:31:00] [info]  [ 3272] Console CTRL+CLOSE event signaled
[2022-11-14 10:31:00] [info]  [ 3272] Stopping service...
[2022-11-14 10:31:01] [info]  [ 3272] Service stop thread completed.
[2022-11-14 10:31:15] [info]  [ 8044] Commons Daemon procrun (1.0.15.0 64-bit) started
[2022-11-14 10:31:15] [info]  [ 8044] Debugging 'Tomcat9' service...
[2022-11-14 10:31:15] [info]  [ 8044] Starting service...
[2022-11-14 10:31:16] [info]  [ 8044] Service started in 1120 ms.
[2022-11-14 11:07:52] [info]  [16556] Console CTRL+CLOSE event signaled
[2022-11-14 11:07:52] [info]  [16556] Stopping service...
[2022-11-14 11:07:53] [info]  [16556] Service stop thread completed.
[2022-11-14 11:07:53] [2022-11-14 11:07:55] [info]  [ 3396] Commons Daemon procrun (1.0.15.0 64-bit) started
[2022-11-14 11:07:55] [info]  [ 3396] Debugging 'Tomcat9' service...
[2022-11-14 11:07:55] [info]  [ 3396] Starting service...
[2022-11-14 11:07:56] [info]  [ 3396] Service started in 1107 ms.
[2022-11-14 15:12:33] [info]  [ 4992] Commons Daemon procrun (1.0.15.0 64-bit) started
[2022-11-14 15:12:33] [info]  [ 4992] Running 'Tomcat9' Service...
[2022-11-14 15:12:33] [info]  [ 6220] Starting service...
[2022-11-14 15:12:35] [info]  [ 6220] Service started in 1392 ms.
[2022-11-14 15:53:19] [info]  [ 1288] Console SHUTDOWN event signaled
[2022-11-14 15:53:19] [info]  [ 1288] Stopping service...
[2022-11-14 15:53:20] [info]  [ 1288] Service stop thread completed.
[2022-11-14 15:53:20] [info]  [ 4992] Run service finished.
[2022-11-14 15:53:20] [info]  [ 4992] Commons Daemon procrun finished
[2022-11-14 16:11:36] [info]  [ 4732] Commons Daemon procrun (1.0.15.0 64-bit) started
[2022-11-14 16:11:36] [info]  [ 4732] Running 'Tomcat9' Service...
[2022-11-14 16:11:36] [info]  [ 5760] Starting service...
[2022-11-14 16:11:38] [info]  [ 5760] Service started in 1545 ms.
[2022-11-15 09:45:14] [info]  [15928] Stopping service...
[2022-11-15 09:45:15] [info]  [15928] Service stop thread completed.
[2022-11-15 09:45:15] [info]  [ 4732] Run service finished.
[2022-11-15 09:45:15] [info]  [ 4732] Commons Daemon procrun finished
