12-Oct-2022 15:43:26.533 SEVERE [http-nio-8090-exec-8] org.apache.catalina.core.StandardWrapperValve.invoke Servlet.service() for servlet [totalsale] in context with path [/zab] threw exception
 java.lang.NullPointerException
	at zaberp.zab.zabInfo.log(zabInfo.java:134)
	at zaberp.zab.totalsale.doGet(totalsale.java:815)
	at javax.servlet.http.HttpServlet.service(HttpServlet.java:622)
	at javax.servlet.http.HttpServlet.service(HttpServlet.java:729)
	at org.apache.catalina.core.ApplicationFilterChain.internalDoFilter(ApplicationFilterChain.java:269)
	at org.apache.catalina.core.ApplicationFilterChain.doFilter(ApplicationFilterChain.java:184)
	at org.apache.tomcat.websocket.server.WsFilter.doFilter(WsFilter.java:53)
	at org.apache.catalina.core.ApplicationFilterChain.internalDoFilter(ApplicationFilterChain.java:217)
	at org.apache.catalina.core.ApplicationFilterChain.doFilter(ApplicationFilterChain.java:184)
	at org.apache.catalina.core.StandardWrapperValve.invoke(StandardWrapperValve.java:199)
	at org.apache.catalina.core.StandardContextValve.invoke(StandardContextValve.java:105)
	at org.apache.catalina.authenticator.AuthenticatorBase.invoke(AuthenticatorBase.java:506)
	at org.apache.catalina.core.StandardHostValve.invoke(StandardHostValve.java:140)
	at org.apache.catalina.valves.ErrorReportValve.invoke(ErrorReportValve.java:79)
	at org.apache.catalina.valves.AbstractAccessLogValve.invoke(AbstractAccessLogValve.java:616)
	at org.apache.catalina.core.StandardEngineValve.invoke(StandardEngineValve.java:87)
	at org.apache.catalina.connector.CoyoteAdapter.service(CoyoteAdapter.java:361)
	at org.apache.coyote.http11.Http11Processor.service(Http11Processor.java:1080)
	at org.apache.coyote.AbstractProcessorLight.process(AbstractProcessorLight.java:75)
	at org.apache.coyote.AbstractProtocol$ConnectionHandler.process(AbstractProtocol.java:757)
	at org.apache.tomcat.util.net.NioEndpoint$SocketProcessor.run(NioEndpoint.java:1515)
	at java.util.concurrent.ThreadPoolExecutor.runWorker(Unknown Source)
	at java.util.concurrent.ThreadPoolExecutor$Worker.run(Unknown Source)
	at org.apache.tomcat.util.threads.TaskThread$WrappingRunnable.run(TaskThread.java:61)
	at java.lang.Thread.run(Unknown Source)

12-Oct-2022 15:43:33.684 SEVERE [http-nio-8090-exec-11] org.apache.catalina.core.StandardWrapperValve.invoke Servlet.service() for servlet [totalsale] in context with path [/zab] threw exception
 java.lang.NullPointerException
	at zaberp.zab.zabInfo.log(zabInfo.java:134)
	at zaberp.zab.totalsale.doGet(totalsale.java:815)
	at javax.servlet.http.HttpServlet.service(HttpServlet.java:622)
	at javax.servlet.http.HttpServlet.service(HttpServlet.java:729)
	at org.apache.catalina.core.ApplicationFilterChain.internalDoFilter(ApplicationFilterChain.java:269)
	at org.apache.catalina.core.ApplicationFilterChain.doFilter(ApplicationFilterChain.java:184)
	at org.apache.tomcat.websocket.server.WsFilter.doFilter(WsFilter.java:53)
	at org.apache.catalina.core.ApplicationFilterChain.internalDoFilter(ApplicationFilterChain.java:217)
	at org.apache.catalina.core.ApplicationFilterChain.doFilter(ApplicationFilterChain.java:184)
	at org.apache.catalina.core.StandardWrapperValve.invoke(StandardWrapperValve.java:199)
	at org.apache.catalina.core.StandardContextValve.invoke(StandardContextValve.java:105)
	at org.apache.catalina.authenticator.AuthenticatorBase.invoke(AuthenticatorBase.java:506)
	at org.apache.catalina.core.StandardHostValve.invoke(StandardHostValve.java:140)
	at org.apache.catalina.valves.ErrorReportValve.invoke(ErrorReportValve.java:79)
	at org.apache.catalina.valves.AbstractAccessLogValve.invoke(AbstractAccessLogValve.java:616)
	at org.apache.catalina.core.StandardEngineValve.invoke(StandardEngineValve.java:87)
	at org.apache.catalina.connector.CoyoteAdapter.service(CoyoteAdapter.java:361)
	at org.apache.coyote.http11.Http11Processor.service(Http11Processor.java:1080)
	at org.apache.coyote.AbstractProcessorLight.process(AbstractProcessorLight.java:75)
	at org.apache.coyote.AbstractProtocol$ConnectionHandler.process(AbstractProtocol.java:757)
	at org.apache.tomcat.util.net.NioEndpoint$SocketProcessor.run(NioEndpoint.java:1515)
	at java.util.concurrent.ThreadPoolExecutor.runWorker(Unknown Source)
	at java.util.concurrent.ThreadPoolExecutor$Worker.run(Unknown Source)
	at org.apache.tomcat.util.threads.TaskThread$WrappingRunnable.run(TaskThread.java:61)
	at java.lang.Thread.run(Unknown Source)

12-Oct-2022 15:43:51.970 SEVERE [http-nio-8090-exec-7] org.apache.catalina.core.StandardWrapperValve.invoke Servlet.service() for servlet [totalsale] in context with path [/zab] threw exception
 java.lang.NullPointerException
	at zaberp.zab.zabInfo.log(zabInfo.java:134)
	at zaberp.zab.totalsale.doGet(totalsale.java:815)
	at javax.servlet.http.HttpServlet.service(HttpServlet.java:622)
	at javax.servlet.http.HttpServlet.service(HttpServlet.java:729)
	at org.apache.catalina.core.ApplicationFilterChain.internalDoFilter(ApplicationFilterChain.java:269)
	at org.apache.catalina.core.ApplicationFilterChain.doFilter(ApplicationFilterChain.java:184)
	at org.apache.tomcat.websocket.server.WsFilter.doFilter(WsFilter.java:53)
	at org.apache.catalina.core.ApplicationFilterChain.internalDoFilter(ApplicationFilterChain.java:217)
	at org.apache.catalina.core.ApplicationFilterChain.doFilter(ApplicationFilterChain.java:184)
	at org.apache.catalina.core.StandardWrapperValve.invoke(StandardWrapperValve.java:199)
	at org.apache.catalina.core.StandardContextValve.invoke(StandardContextValve.java:105)
	at org.apache.catalina.authenticator.AuthenticatorBase.invoke(AuthenticatorBase.java:506)
	at org.apache.catalina.core.StandardHostValve.invoke(StandardHostValve.java:140)
	at org.apache.catalina.valves.ErrorReportValve.invoke(ErrorReportValve.java:79)
	at org.apache.catalina.valves.AbstractAccessLogValve.invoke(AbstractAccessLogValve.java:616)
	at org.apache.catalina.core.StandardEngineValve.invoke(StandardEngineValve.java:87)
	at org.apache.catalina.connector.CoyoteAdapter.service(CoyoteAdapter.java:361)
	at org.apache.coyote.http11.Http11Processor.service(Http11Processor.java:1080)
	at org.apache.coyote.AbstractProcessorLight.process(AbstractProcessorLight.java:75)
	at org.apache.coyote.AbstractProtocol$ConnectionHandler.process(AbstractProtocol.java:757)
	at org.apache.tomcat.util.net.NioEndpoint$SocketProcessor.run(NioEndpoint.java:1515)
	at java.util.concurrent.ThreadPoolExecutor.runWorker(Unknown Source)
	at java.util.concurrent.ThreadPoolExecutor$Worker.run(Unknown Source)
	at org.apache.tomcat.util.threads.TaskThread$WrappingRunnable.run(TaskThread.java:61)
	at java.lang.Thread.run(Unknown Source)

12-Oct-2022 15:57:38.688 SEVERE [http-nio-8090-exec-1] org.apache.catalina.core.StandardWrapperValve.invoke Servlet.service() for servlet [totalsale] in context with path [/zab] threw exception
 java.lang.NullPointerException
	at zaberp.zab.zabInfo.log(zabInfo.java:134)
	at zaberp.zab.totalsale.doGet(totalsale.java:815)
	at javax.servlet.http.HttpServlet.service(HttpServlet.java:622)
	at javax.servlet.http.HttpServlet.service(HttpServlet.java:729)
	at org.apache.catalina.core.ApplicationFilterChain.internalDoFilter(ApplicationFilterChain.java:269)
	at org.apache.catalina.core.ApplicationFilterChain.doFilter(ApplicationFilterChain.java:184)
	at org.apache.tomcat.websocket.server.WsFilter.doFilter(WsFilter.java:53)
	at org.apache.catalina.core.ApplicationFilterChain.internalDoFilter(ApplicationFilterChain.java:217)
	at org.apache.catalina.core.ApplicationFilterChain.doFilter(ApplicationFilterChain.java:184)
	at org.apache.catalina.core.StandardWrapperValve.invoke(StandardWrapperValve.java:199)
	at org.apache.catalina.core.StandardContextValve.invoke(StandardContextValve.java:105)
	at org.apache.catalina.authenticator.AuthenticatorBase.invoke(AuthenticatorBase.java:506)
	at org.apache.catalina.core.StandardHostValve.invoke(StandardHostValve.java:140)
	at org.apache.catalina.valves.ErrorReportValve.invoke(ErrorReportValve.java:79)
	at org.apache.catalina.valves.AbstractAccessLogValve.invoke(AbstractAccessLogValve.java:616)
	at org.apache.catalina.core.StandardEngineValve.invoke(StandardEngineValve.java:87)
	at org.apache.catalina.connector.CoyoteAdapter.service(CoyoteAdapter.java:361)
	at org.apache.coyote.http11.Http11Processor.service(Http11Processor.java:1080)
	at org.apache.coyote.AbstractProcessorLight.process(AbstractProcessorLight.java:75)
	at org.apache.coyote.AbstractProtocol$ConnectionHandler.process(AbstractProtocol.java:757)
	at org.apache.tomcat.util.net.NioEndpoint$SocketProcessor.run(NioEndpoint.java:1515)
	at java.util.concurrent.ThreadPoolExecutor.runWorker(Unknown Source)
	at java.util.concurrent.ThreadPoolExecutor$Worker.run(Unknown Source)
	at org.apache.tomcat.util.threads.TaskThread$WrappingRunnable.run(TaskThread.java:61)
	at java.lang.Thread.run(Unknown Source)

12-Oct-2022 16:21:07.200 SEVERE [http-nio-8090-exec-2] org.apache.catalina.core.StandardWrapperValve.invoke Servlet.service() for servlet [totalsale] in context with path [/zab] threw exception
 java.lang.NullPointerException
	at zaberp.zab.zabInfo.log(zabInfo.java:134)
	at zaberp.zab.totalsale.doGet(totalsale.java:815)
	at javax.servlet.http.HttpServlet.service(HttpServlet.java:622)
	at javax.servlet.http.HttpServlet.service(HttpServlet.java:729)
	at org.apache.catalina.core.ApplicationFilterChain.internalDoFilter(ApplicationFilterChain.java:269)
	at org.apache.catalina.core.ApplicationFilterChain.doFilter(ApplicationFilterChain.java:184)
	at org.apache.tomcat.websocket.server.WsFilter.doFilter(WsFilter.java:53)
	at org.apache.catalina.core.ApplicationFilterChain.internalDoFilter(ApplicationFilterChain.java:217)
	at org.apache.catalina.core.ApplicationFilterChain.doFilter(ApplicationFilterChain.java:184)
	at org.apache.catalina.core.StandardWrapperValve.invoke(StandardWrapperValve.java:199)
	at org.apache.catalina.core.StandardContextValve.invoke(StandardContextValve.java:105)
	at org.apache.catalina.authenticator.AuthenticatorBase.invoke(AuthenticatorBase.java:506)
	at org.apache.catalina.core.StandardHostValve.invoke(StandardHostValve.java:140)
	at org.apache.catalina.valves.ErrorReportValve.invoke(ErrorReportValve.java:79)
	at org.apache.catalina.valves.AbstractAccessLogValve.invoke(AbstractAccessLogValve.java:616)
	at org.apache.catalina.core.StandardEngineValve.invoke(StandardEngineValve.java:87)
	at org.apache.catalina.connector.CoyoteAdapter.service(CoyoteAdapter.java:361)
	at org.apache.coyote.http11.Http11Processor.service(Http11Processor.java:1080)
	at org.apache.coyote.AbstractProcessorLight.process(AbstractProcessorLight.java:75)
	at org.apache.coyote.AbstractProtocol$ConnectionHandler.process(AbstractProtocol.java:757)
	at org.apache.tomcat.util.net.NioEndpoint$SocketProcessor.run(NioEndpoint.java:1515)
	at java.util.concurrent.ThreadPoolExecutor.runWorker(Unknown Source)
	at java.util.concurrent.ThreadPoolExecutor$Worker.run(Unknown Source)
	at org.apache.tomcat.util.threads.TaskThread$WrappingRunnable.run(TaskThread.java:61)
	at java.lang.Thread.run(Unknown Source)

