26-Jan-2023 11:13:21.174 SEVERE [localhost-startStop-2] org.apache.catalina.core.ApplicationContext.log Servlet pool threw unload() exception
 javax.servlet.ServletException: Servlet.destroy() for servlet pool threw exception
	at org.apache.catalina.core.StandardWrapper.unload(StandardWrapper.java:1455)
	at org.apache.catalina.core.StandardWrapper.stopInternal(StandardWrapper.java:1764)
	at org.apache.catalina.util.LifecycleBase.stop(LifecycleBase.java:237)
	at org.apache.catalina.core.StandardContext.stopInternal(StandardContext.java:5407)
	at org.apache.catalina.util.LifecycleBase.stop(LifecycleBase.java:237)
	at org.apache.catalina.core.ContainerBase$StopChild.call(ContainerBase.java:1420)
	at org.apache.catalina.core.ContainerBase$StopChild.call(ContainerBase.java:1409)
	at java.util.concurrent.FutureTask.run(Unknown Source)
	at java.util.concurrent.ThreadPoolExecutor.runWorker(Unknown Source)
	at java.util.concurrent.ThreadPoolExecutor$Worker.run(Unknown Source)
	at java.lang.Thread.run(Unknown Source)
Caused by: java.lang.NullPointerException
	at zaberp.zab.Pool.destroy(Pool.java:31)
	at org.apache.catalina.core.StandardWrapper.unload(StandardWrapper.java:1433)
	... 10 more

26-Jan-2023 11:16:09.592 SEVERE [localhost-startStop-1] org.apache.catalina.core.ApplicationContext.log Servlet pool threw unload() exception
 javax.servlet.ServletException: Servlet.destroy() for servlet pool threw exception
	at org.apache.catalina.core.StandardWrapper.unload(StandardWrapper.java:1455)
	at org.apache.catalina.core.StandardWrapper.stopInternal(StandardWrapper.java:1764)
	at org.apache.catalina.util.LifecycleBase.stop(LifecycleBase.java:237)
	at org.apache.catalina.core.StandardContext.stopInternal(StandardContext.java:5407)
	at org.apache.catalina.util.LifecycleBase.stop(LifecycleBase.java:237)
	at org.apache.catalina.core.ContainerBase$StopChild.call(ContainerBase.java:1420)
	at org.apache.catalina.core.ContainerBase$StopChild.call(ContainerBase.java:1409)
	at java.util.concurrent.FutureTask.run(Unknown Source)
	at java.util.concurrent.ThreadPoolExecutor.runWorker(Unknown Source)
	at java.util.concurrent.ThreadPoolExecutor$Worker.run(Unknown Source)
	at java.lang.Thread.run(Unknown Source)
Caused by: java.lang.NullPointerException
	at zaberp.zab.Pool.destroy(Pool.java:31)
	at org.apache.catalina.core.StandardWrapper.unload(StandardWrapper.java:1433)
	... 10 more

26-Jan-2023 11:19:33.767 SEVERE [localhost-startStop-2] org.apache.catalina.core.ApplicationContext.log Servlet pool threw unload() exception
 javax.servlet.ServletException: Servlet.destroy() for servlet pool threw exception
	at org.apache.catalina.core.StandardWrapper.unload(StandardWrapper.java:1455)
	at org.apache.catalina.core.StandardWrapper.stopInternal(StandardWrapper.java:1764)
	at org.apache.catalina.util.LifecycleBase.stop(LifecycleBase.java:237)
	at org.apache.catalina.core.StandardContext.stopInternal(StandardContext.java:5407)
	at org.apache.catalina.util.LifecycleBase.stop(LifecycleBase.java:237)
	at org.apache.catalina.core.ContainerBase$StopChild.call(ContainerBase.java:1420)
	at org.apache.catalina.core.ContainerBase$StopChild.call(ContainerBase.java:1409)
	at java.util.concurrent.FutureTask.run(Unknown Source)
	at java.util.concurrent.ThreadPoolExecutor.runWorker(Unknown Source)
	at java.util.concurrent.ThreadPoolExecutor$Worker.run(Unknown Source)
	at java.lang.Thread.run(Unknown Source)
Caused by: java.lang.NullPointerException
	at zaberp.zab.Pool.destroy(Pool.java:31)
	at org.apache.catalina.core.StandardWrapper.unload(StandardWrapper.java:1433)
	... 10 more

