17-Nov-2022 17:00:10.041 INFO [http-nio-8090-exec-2] org.apache.catalina.core.ApplicationContext.log Marking servlet mmprescriptions as unavailable
17-Nov-2022 17:00:10.041 SEVERE [http-nio-8090-exec-2] org.apache.catalina.core.StandardWrapperValve.invoke Allocate exception for servlet mmprescriptions
 java.lang.ClassNotFoundException: zaberp.zab.mmprescriptions
	at org.apache.catalina.loader.WebappClassLoaderBase.loadClass(WebappClassLoaderBase.java:1335)
	at org.apache.catalina.loader.WebappClassLoaderBase.loadClass(WebappClassLoaderBase.java:1169)
	at org.apache.catalina.core.DefaultInstanceManager.loadClass(DefaultInstanceManager.java:520)
	at org.apache.catalina.core.DefaultInstanceManager.loadClassMaybePrivileged(DefaultInstanceManager.java:501)
	at org.apache.catalina.core.DefaultInstanceManager.newInstance(DefaultInstanceManager.java:120)
	at org.apache.catalina.core.StandardWrapper.loadServlet(StandardWrapper.java:1095)
	at org.apache.catalina.core.StandardWrapper.allocate(StandardWrapper.java:817)
	at org.apache.catalina.core.StandardWrapperValve.invoke(StandardWrapperValve.java:133)
	at org.apache.catalina.core.StandardContextValve.invoke(StandardContextValve.java:105)
	at org.apache.catalina.authenticator.AuthenticatorBase.invoke(AuthenticatorBase.java:506)
	at org.apache.catalina.core.StandardHostValve.invoke(StandardHostValve.java:140)
	at org.apache.catalina.valves.ErrorReportValve.invoke(ErrorReportValve.java:79)
	at org.apache.catalina.valves.AbstractAccessLogValve.invoke(AbstractAccessLogValve.java:616)
	at org.apache.catalina.core.StandardEngineValve.invoke(StandardEngineValve.java:87)
	at org.apache.catalina.connector.CoyoteAdapter.service(CoyoteAdapter.java:361)
	at org.apache.coyote.http11.Http11Processor.service(Http11Processor.java:1080)
	at org.apache.coyote.AbstractProcessorLight.process(AbstractProcessorLight.java:75)
	at org.apache.coyote.AbstractProtocol$ConnectionHandler.process(AbstractProtocol.java:757)
	at org.apache.tomcat.util.net.NioEndpoint$SocketProcessor.run(NioEndpoint.java:1515)
	at java.util.concurrent.ThreadPoolExecutor.runWorker(Unknown Source)
	at java.util.concurrent.ThreadPoolExecutor$Worker.run(Unknown Source)
	at org.apache.tomcat.util.threads.TaskThread$WrappingRunnable.run(TaskThread.java:61)
	at java.lang.Thread.run(Unknown Source)

