
2022-11-05 08:53:37 Commons Daemon procrun stderr initialized
05-Nov-2022 08:53:38.434 INFO [main] org.apache.catalina.startup.VersionLoggerListener.log Server version:        Apache Tomcat/9.0.0.M1
05-Nov-2022 08:53:38.434 INFO [main] org.apache.catalina.startup.VersionLoggerListener.log Server built:          Nov 12 2015 22:05:52 UTC
05-Nov-2022 08:53:38.437 INFO [main] org.apache.catalina.startup.VersionLoggerListener.log Server number:         9.0.0.0
05-Nov-2022 08:53:38.437 INFO [main] org.apache.catalina.startup.VersionLoggerListener.log OS Name:               Windows 10
05-Nov-2022 08:53:38.437 INFO [main] org.apache.catalina.startup.VersionLoggerListener.log OS Version:            10.0
05-Nov-2022 08:53:38.437 INFO [main] org.apache.catalina.startup.VersionLoggerListener.log Architecture:          amd64
05-Nov-2022 08:53:38.437 INFO [main] org.apache.catalina.startup.VersionLoggerListener.log Java Home:             C:\Program Files\JAVA\jre1.8.0_92
05-Nov-2022 08:53:38.437 INFO [main] org.apache.catalina.startup.VersionLoggerListener.log JVM Version:           1.8.0_92-b14
05-Nov-2022 08:53:38.437 INFO [main] org.apache.catalina.startup.VersionLoggerListener.log JVM Vendor:            Oracle Corporation
05-Nov-2022 08:53:38.437 INFO [main] org.apache.catalina.startup.VersionLoggerListener.log CATALINA_BASE:         D:\Tomcat
05-Nov-2022 08:53:38.437 INFO [main] org.apache.catalina.startup.VersionLoggerListener.log CATALINA_HOME:         D:\Tomcat
05-Nov-2022 08:53:38.437 INFO [main] org.apache.catalina.startup.VersionLoggerListener.log Command line argument: -Dcatalina.home=D:\Tomcat
05-Nov-2022 08:53:38.437 INFO [main] org.apache.catalina.startup.VersionLoggerListener.log Command line argument: -Dcatalina.base=D:\Tomcat
05-Nov-2022 08:53:38.437 INFO [main] org.apache.catalina.startup.VersionLoggerListener.log Command line argument: -Djava.io.tmpdir=D:\Tomcat\temp
05-Nov-2022 08:53:38.437 INFO [main] org.apache.catalina.startup.VersionLoggerListener.log Command line argument: -Djava.util.logging.manager=org.apache.juli.ClassLoaderLogManager
05-Nov-2022 08:53:38.437 INFO [main] org.apache.catalina.startup.VersionLoggerListener.log Command line argument: -Djava.util.logging.config.file=D:\Tomcat\conf\logging.properties
05-Nov-2022 08:53:38.437 INFO [main] org.apache.catalina.startup.VersionLoggerListener.log Command line argument: exit
05-Nov-2022 08:53:38.437 INFO [main] org.apache.catalina.startup.VersionLoggerListener.log Command line argument: -Xms128m
05-Nov-2022 08:53:38.437 INFO [main] org.apache.catalina.startup.VersionLoggerListener.log Command line argument: -Xmx256m
05-Nov-2022 08:53:38.437 INFO [main] org.apache.catalina.core.AprLifecycleListener.lifecycleEvent The APR based Apache Tomcat Native library which allows optimal performance in production environments was not found on the java.library.path: D:\Tomcat\bin;C:\Windows\Sun\Java\bin;C:\Windows\system32;C:\Windows;C:\ProgramData\Oracle\Java\javapath;C:\Program Files (x86)\Common Files\Intel\Shared Libraries\redist\intel64\compiler;C:\Windows\system32;C:\Windows;C:\Windows\System32\Wbem;C:\Windows\System32\WindowsPowerShell\v1.0\;C:\Windows\System32\OpenSSH\;C:\Program Files\Git\cmd;C:\Program Files\nodejs\;C:\Program Files\Azure Data Studio\bin;C:\Program Files\Microsoft SQL Server\Client SDK\ODBC\170\Tools\Binn\;C:\Program Files (x86)\Microsoft SQL Server\150\Tools\Binn\;C:\Program Files\Microsoft SQL Server\150\Tools\Binn\;C:\Program Files\Microsoft SQL Server\150\DTS\Binn\;C:\Program Files (x86)\Microsoft SQL Server\150\DTS\Binn\;C:\Windows\system32\config\systemprofile\AppData\Local\Microsoft\WindowsApps;.
05-Nov-2022 08:53:38.705 INFO [main] org.apache.coyote.AbstractProtocol.init Initializing ProtocolHandler ["http-nio-8090"]
05-Nov-2022 08:53:38.863 INFO [main] org.apache.tomcat.util.net.NioSelectorPool.getSharedSelector Using a shared selector for servlet write/read
05-Nov-2022 08:53:38.863 INFO [main] org.apache.coyote.AbstractProtocol.init Initializing ProtocolHandler ["ajp-nio-8009"]
05-Nov-2022 08:53:38.863 INFO [main] org.apache.tomcat.util.net.NioSelectorPool.getSharedSelector Using a shared selector for servlet write/read
05-Nov-2022 08:53:38.863 INFO [main] org.apache.catalina.startup.Catalina.load Initialization processed in 1282 ms
05-Nov-2022 08:53:38.909 INFO [main] org.apache.catalina.core.StandardService.startInternal Starting service Catalina
05-Nov-2022 08:53:38.909 INFO [main] org.apache.catalina.core.StandardEngine.startInternal Starting Servlet Engine: Apache Tomcat/9.0.0.M1
05-Nov-2022 08:53:38.941 INFO [localhost-startStop-1] org.apache.catalina.startup.HostConfig.deployDirectory Deploying web application directory D:\Tomcat\webapps\zab
05-Nov-2022 08:53:45.446 INFO [localhost-startStop-1] org.apache.jasper.servlet.TldScanner.scanJars At least one JAR was scanned for TLDs yet contained no TLDs. Enable debug logging for this logger for a complete list of JARs that were scanned but no TLDs were found in them. Skipping unneeded JARs during scanning can improve startup time and JSP compilation time.
05-Nov-2022 08:53:45.605 INFO [localhost-startStop-1] org.apache.catalina.util.SessionIdGeneratorBase.createSecureRandom Creation of SecureRandom instance for session ID generation using [SHA1PRNG] took [106] milliseconds.
05-Nov-2022 08:53:46.693 INFO [localhost-startStop-1] org.apache.catalina.startup.HostConfig.deployDirectory Deployment of web application directory D:\Tomcat\webapps\zab has finished in 7,752 ms
05-Nov-2022 08:53:46.693 INFO [main] org.apache.coyote.AbstractProtocol.start Starting ProtocolHandler [http-nio-8090]
05-Nov-2022 08:53:46.693 INFO [main] org.apache.coyote.AbstractProtocol.start Starting ProtocolHandler [ajp-nio-8009]
05-Nov-2022 08:53:46.704 INFO [main] org.apache.catalina.startup.Catalina.start Server startup in 7829 ms
05-Nov-2022 12:11:39.503 INFO [http-nio-8090-exec-4] org.apache.tomcat.util.http.parser.Cookie.logInvalidHeader A cookie header was received [49]] that contained an invalid cookie. That cookie will be ignored.Note: further occurrences of this error will be logged at DEBUG level.
05-Nov-2022 12:29:17.138 INFO [Thread-6] org.apache.coyote.AbstractProtocol.pause Pausing ProtocolHandler ["http-nio-8090"]
05-Nov-2022 12:29:17.199 INFO [Thread-6] org.apache.coyote.AbstractProtocol.pause Pausing ProtocolHandler ["ajp-nio-8009"]
05-Nov-2022 12:29:17.251 INFO [Thread-6] org.apache.catalina.core.StandardService.stopInternal Stopping service Catalina
05-Nov-2022 12:29:17.312 WARNING [localhost-startStop-2] org.apache.catalina.loader.WebappClassLoaderBase.clearReferencesJdbc The web application [zab] registered the JDBC driver [com.microsoft.sqlserver.jdbc.SQLServerDriver] but failed to unregister it when the web application was stopped. To prevent a memory leak, the JDBC Driver has been forcibly unregistered.
05-Nov-2022 12:29:17.328 INFO [Thread-6] org.apache.coyote.AbstractProtocol.stop Stopping ProtocolHandler ["http-nio-8090"]
05-Nov-2022 12:29:17.332 INFO [Thread-6] org.apache.coyote.AbstractProtocol.stop Stopping ProtocolHandler ["ajp-nio-8009"]

2022-11-05 12:42:16 Commons Daemon procrun stderr initialized
05-Nov-2022 12:42:17.648 INFO [main] org.apache.catalina.startup.VersionLoggerListener.log Server version:        Apache Tomcat/9.0.0.M1
05-Nov-2022 12:42:17.649 INFO [main] org.apache.catalina.startup.VersionLoggerListener.log Server built:          Nov 12 2015 22:05:52 UTC
05-Nov-2022 12:42:17.649 INFO [main] org.apache.catalina.startup.VersionLoggerListener.log Server number:         9.0.0.0
05-Nov-2022 12:42:17.649 INFO [main] org.apache.catalina.startup.VersionLoggerListener.log OS Name:               Windows 10
05-Nov-2022 12:42:17.649 INFO [main] org.apache.catalina.startup.VersionLoggerListener.log OS Version:            10.0
05-Nov-2022 12:42:17.649 INFO [main] org.apache.catalina.startup.VersionLoggerListener.log Architecture:          amd64
05-Nov-2022 12:42:17.650 INFO [main] org.apache.catalina.startup.VersionLoggerListener.log Java Home:             C:\Program Files\JAVA\jre1.8.0_92
05-Nov-2022 12:42:17.650 INFO [main] org.apache.catalina.startup.VersionLoggerListener.log JVM Version:           1.8.0_92-b14
05-Nov-2022 12:42:17.668 INFO [main] org.apache.catalina.startup.VersionLoggerListener.log JVM Vendor:            Oracle Corporation
05-Nov-2022 12:42:17.668 INFO [main] org.apache.catalina.startup.VersionLoggerListener.log CATALINA_BASE:         D:\Tomcat
05-Nov-2022 12:42:17.669 INFO [main] org.apache.catalina.startup.VersionLoggerListener.log CATALINA_HOME:         D:\Tomcat
05-Nov-2022 12:42:17.669 INFO [main] org.apache.catalina.startup.VersionLoggerListener.log Command line argument: -Dcatalina.home=D:\Tomcat
05-Nov-2022 12:42:17.669 INFO [main] org.apache.catalina.startup.VersionLoggerListener.log Command line argument: -Dcatalina.base=D:\Tomcat
05-Nov-2022 12:42:17.669 INFO [main] org.apache.catalina.startup.VersionLoggerListener.log Command line argument: -Djava.io.tmpdir=D:\Tomcat\temp
05-Nov-2022 12:42:17.669 INFO [main] org.apache.catalina.startup.VersionLoggerListener.log Command line argument: -Djava.util.logging.manager=org.apache.juli.ClassLoaderLogManager
05-Nov-2022 12:42:17.669 INFO [main] org.apache.catalina.startup.VersionLoggerListener.log Command line argument: -Djava.util.logging.config.file=D:\Tomcat\conf\logging.properties
05-Nov-2022 12:42:17.670 INFO [main] org.apache.catalina.startup.VersionLoggerListener.log Command line argument: exit
05-Nov-2022 12:42:17.670 INFO [main] org.apache.catalina.startup.VersionLoggerListener.log Command line argument: -Xms128m
05-Nov-2022 12:42:17.670 INFO [main] org.apache.catalina.startup.VersionLoggerListener.log Command line argument: -Xmx256m
05-Nov-2022 12:42:17.670 INFO [main] org.apache.catalina.core.AprLifecycleListener.lifecycleEvent The APR based Apache Tomcat Native library which allows optimal performance in production environments was not found on the java.library.path: D:\Tomcat\bin;C:\Windows\Sun\Java\bin;C:\Windows\system32;C:\Windows;C:\ProgramData\Oracle\Java\javapath;C:\Program Files (x86)\Common Files\Intel\Shared Libraries\redist\intel64\compiler;C:\Windows\system32;C:\Windows;C:\Windows\System32\Wbem;C:\Windows\System32\WindowsPowerShell\v1.0\;C:\Windows\System32\OpenSSH\;C:\Program Files\Git\cmd;C:\Program Files\nodejs\;C:\Program Files\Azure Data Studio\bin;C:\Program Files\Microsoft SQL Server\Client SDK\ODBC\170\Tools\Binn\;C:\Program Files (x86)\Microsoft SQL Server\150\Tools\Binn\;C:\Program Files\Microsoft SQL Server\150\Tools\Binn\;C:\Program Files\Microsoft SQL Server\150\DTS\Binn\;C:\Program Files (x86)\Microsoft SQL Server\150\DTS\Binn\;C:\Windows\system32\config\systemprofile\AppData\Local\Microsoft\WindowsApps;.
05-Nov-2022 12:42:17.833 INFO [main] org.apache.coyote.AbstractProtocol.init Initializing ProtocolHandler ["http-nio-8090"]
05-Nov-2022 12:42:17.942 INFO [main] org.apache.tomcat.util.net.NioSelectorPool.getSharedSelector Using a shared selector for servlet write/read
05-Nov-2022 12:42:17.946 INFO [main] org.apache.coyote.AbstractProtocol.init Initializing ProtocolHandler ["ajp-nio-8009"]
05-Nov-2022 12:42:17.950 INFO [main] org.apache.tomcat.util.net.NioSelectorPool.getSharedSelector Using a shared selector for servlet write/read
05-Nov-2022 12:42:17.950 INFO [main] org.apache.catalina.startup.Catalina.load Initialization processed in 815 ms
05-Nov-2022 12:42:17.985 INFO [main] org.apache.catalina.core.StandardService.startInternal Starting service Catalina
05-Nov-2022 12:42:17.985 INFO [main] org.apache.catalina.core.StandardEngine.startInternal Starting Servlet Engine: Apache Tomcat/9.0.0.M1
05-Nov-2022 12:42:17.996 INFO [localhost-startStop-1] org.apache.catalina.startup.HostConfig.deployDirectory Deploying web application directory D:\Tomcat\webapps\zab
05-Nov-2022 12:42:24.106 INFO [localhost-startStop-1] org.apache.jasper.servlet.TldScanner.scanJars At least one JAR was scanned for TLDs yet contained no TLDs. Enable debug logging for this logger for a complete list of JARs that were scanned but no TLDs were found in them. Skipping unneeded JARs during scanning can improve startup time and JSP compilation time.
05-Nov-2022 12:42:24.296 INFO [localhost-startStop-1] org.apache.catalina.util.SessionIdGeneratorBase.createSecureRandom Creation of SecureRandom instance for session ID generation using [SHA1PRNG] took [139] milliseconds.
05-Nov-2022 12:42:25.677 INFO [localhost-startStop-1] org.apache.catalina.startup.HostConfig.deployDirectory Deployment of web application directory D:\Tomcat\webapps\zab has finished in 7,681 ms
05-Nov-2022 12:42:25.683 INFO [main] org.apache.coyote.AbstractProtocol.start Starting ProtocolHandler [http-nio-8090]
05-Nov-2022 12:42:25.693 INFO [main] org.apache.coyote.AbstractProtocol.start Starting ProtocolHandler [ajp-nio-8009]
05-Nov-2022 12:42:25.695 INFO [main] org.apache.catalina.startup.Catalina.start Server startup in 7743 ms
05-Nov-2022 12:42:27.341 INFO [http-nio-8090-exec-1] org.apache.tomcat.util.http.parser.Cookie.logInvalidHeader A cookie header was received [49]] that contained an invalid cookie. That cookie will be ignored.Note: further occurrences of this error will be logged at DEBUG level.
05-Nov-2022 12:49:32.353 INFO [Thread-14] org.apache.coyote.AbstractProtocol.pause Pausing ProtocolHandler ["http-nio-8090"]
05-Nov-2022 12:49:32.412 INFO [Thread-14] org.apache.coyote.AbstractProtocol.pause Pausing ProtocolHandler ["ajp-nio-8009"]
05-Nov-2022 12:49:32.481 INFO [Thread-14] org.apache.catalina.core.StandardService.stopInternal Stopping service Catalina
05-Nov-2022 12:49:32.512 WARNING [localhost-startStop-2] org.apache.catalina.loader.WebappClassLoaderBase.clearReferencesJdbc The web application [zab] registered the JDBC driver [com.microsoft.sqlserver.jdbc.SQLServerDriver] but failed to unregister it when the web application was stopped. To prevent a memory leak, the JDBC Driver has been forcibly unregistered.
05-Nov-2022 12:49:32.513 WARNING [localhost-startStop-2] org.apache.catalina.loader.WebappClassLoaderBase.clearReferencesThreads The web application [zab] appears to have started a thread named [Background Batch Spiller 0] but has failed to stop it. This is very likely to create a memory leak. Stack trace of thread:
 sun.misc.Unsafe.park(Native Method)
 java.util.concurrent.locks.LockSupport.park(Unknown Source)
 java.util.concurrent.locks.AbstractQueuedSynchronizer$ConditionObject.await(Unknown Source)
 java.util.concurrent.LinkedBlockingQueue.take(Unknown Source)
 com.crystaldecisions12.reports.saveddata.saveddata90.Batch$e.if(SourceFile:1238)
 com.crystaldecisions12.reports.saveddata.saveddata90.Batch$e.a(SourceFile:1252)
 com.crystaldecisions12.reports.saveddata.saveddata90.Batch$e.run(SourceFile:1283)
 java.lang.Thread.run(Unknown Source)
05-Nov-2022 12:49:32.514 WARNING [localhost-startStop-2] org.apache.catalina.loader.WebappClassLoaderBase.clearReferencesThreads The web application [zab] appears to have started a thread named [Background Batch Spiller 1] but has failed to stop it. This is very likely to create a memory leak. Stack trace of thread:
 sun.misc.Unsafe.park(Native Method)
 java.util.concurrent.locks.LockSupport.park(Unknown Source)
 java.util.concurrent.locks.AbstractQueuedSynchronizer$ConditionObject.await(Unknown Source)
 java.util.concurrent.LinkedBlockingQueue.take(Unknown Source)
 com.crystaldecisions12.reports.saveddata.saveddata90.Batch$e.if(SourceFile:1238)
 com.crystaldecisions12.reports.saveddata.saveddata90.Batch$e.a(SourceFile:1252)
 com.crystaldecisions12.reports.saveddata.saveddata90.Batch$e.run(SourceFile:1283)
 java.lang.Thread.run(Unknown Source)
05-Nov-2022 12:49:32.515 WARNING [localhost-startStop-2] org.apache.catalina.loader.WebappClassLoaderBase.clearReferencesThreads The web application [zab] appears to have started a thread named [Background Batch Spiller 2] but has failed to stop it. This is very likely to create a memory leak. Stack trace of thread:
 sun.misc.Unsafe.park(Native Method)
 java.util.concurrent.locks.LockSupport.park(Unknown Source)
 java.util.concurrent.locks.AbstractQueuedSynchronizer$ConditionObject.await(Unknown Source)
 java.util.concurrent.LinkedBlockingQueue.take(Unknown Source)
 com.crystaldecisions12.reports.saveddata.saveddata90.Batch$e.if(SourceFile:1238)
 com.crystaldecisions12.reports.saveddata.saveddata90.Batch$e.a(SourceFile:1252)
 com.crystaldecisions12.reports.saveddata.saveddata90.Batch$e.run(SourceFile:1283)
 java.lang.Thread.run(Unknown Source)
05-Nov-2022 12:49:32.516 WARNING [localhost-startStop-2] org.apache.catalina.loader.WebappClassLoaderBase.clearReferencesThreads The web application [zab] appears to have started a thread named [Thread-9] but has failed to stop it. This is very likely to create a memory leak. Stack trace of thread:
 sun.print.Win32PrintServiceLookup.notifyPrinterChange(Native Method)
 sun.print.Win32PrintServiceLookup.access$100(Unknown Source)
 sun.print.Win32PrintServiceLookup$PrinterChangeListener.run(Unknown Source)
05-Nov-2022 12:49:32.517 WARNING [localhost-startStop-2] org.apache.catalina.loader.WebappClassLoaderBase.clearReferencesThreads The web application [zab] appears to have started a thread named [Background Batch Spiller 0] but has failed to stop it. This is very likely to create a memory leak. Stack trace of thread:
 sun.misc.Unsafe.park(Native Method)
 java.util.concurrent.locks.LockSupport.park(Unknown Source)
 java.util.concurrent.locks.AbstractQueuedSynchronizer$ConditionObject.await(Unknown Source)
 java.util.concurrent.LinkedBlockingQueue.take(Unknown Source)
 com.crystaldecisions.reports.saveddata.saveddata.Batch$d.if(SourceFile:943)
 com.crystaldecisions.reports.saveddata.saveddata.Batch$d.a(SourceFile:957)
 com.crystaldecisions.reports.saveddata.saveddata.Batch$d.run(SourceFile:991)
 java.lang.Thread.run(Unknown Source)
05-Nov-2022 12:49:32.518 WARNING [localhost-startStop-2] org.apache.catalina.loader.WebappClassLoaderBase.clearReferencesThreads The web application [zab] appears to have started a thread named [Background Batch Spiller 1] but has failed to stop it. This is very likely to create a memory leak. Stack trace of thread:
 sun.misc.Unsafe.park(Native Method)
 java.util.concurrent.locks.LockSupport.park(Unknown Source)
 java.util.concurrent.locks.AbstractQueuedSynchronizer$ConditionObject.await(Unknown Source)
 java.util.concurrent.LinkedBlockingQueue.take(Unknown Source)
 com.crystaldecisions.reports.saveddata.saveddata.Batch$d.if(SourceFile:943)
 com.crystaldecisions.reports.saveddata.saveddata.Batch$d.a(SourceFile:957)
 com.crystaldecisions.reports.saveddata.saveddata.Batch$d.run(SourceFile:991)
 java.lang.Thread.run(Unknown Source)
05-Nov-2022 12:49:32.518 WARNING [localhost-startStop-2] org.apache.catalina.loader.WebappClassLoaderBase.clearReferencesThreads The web application [zab] appears to have started a thread named [Background Batch Spiller 2] but has failed to stop it. This is very likely to create a memory leak. Stack trace of thread:
 sun.misc.Unsafe.park(Native Method)
 java.util.concurrent.locks.LockSupport.park(Unknown Source)
 java.util.concurrent.locks.AbstractQueuedSynchronizer$ConditionObject.await(Unknown Source)
 java.util.concurrent.LinkedBlockingQueue.take(Unknown Source)
 com.crystaldecisions.reports.saveddata.saveddata.Batch$d.if(SourceFile:943)
 com.crystaldecisions.reports.saveddata.saveddata.Batch$d.a(SourceFile:957)
 com.crystaldecisions.reports.saveddata.saveddata.Batch$d.run(SourceFile:991)
 java.lang.Thread.run(Unknown Source)
05-Nov-2022 12:49:32.520 SEVERE [localhost-startStop-2] org.apache.catalina.loader.WebappClassLoaderBase.checkThreadLocalMapForLeaks The web application [zab] created a ThreadLocal with key of type [com.crystaldecisions.reports.exporters.format.page.pdf.pdflib.DoubleFormatter$1] (value [com.crystaldecisions.reports.exporters.format.page.pdf.pdflib.DoubleFormatter$1@137742f4]) and a value of type [java.lang.StringBuilder] (value [860]) but failed to remove it when the web application was stopped. Threads are going to be renewed over time to try and avoid a probable memory leak.
05-Nov-2022 12:49:32.521 SEVERE [localhost-startStop-2] org.apache.catalina.loader.WebappClassLoaderBase.checkThreadLocalMapForLeaks The web application [zab] created a ThreadLocal with key of type [com.crystaldecisions.reports.common.locale.FormatterCache$2] (value [com.crystaldecisions.reports.common.locale.FormatterCache$2@35aaa8d5]) and a value of type [java.util.HashMap] (value [{en_US=com.ibm.icu.text.DecimalFormat@67500}]) but failed to remove it when the web application was stopped. Threads are going to be renewed over time to try and avoid a probable memory leak.
05-Nov-2022 12:49:32.521 SEVERE [localhost-startStop-2] org.apache.catalina.loader.WebappClassLoaderBase.checkThreadLocalMapForLeaks The web application [zab] created a ThreadLocal with key of type [com.crystaldecisions.reports.exporters.format.page.pdf.fontembedding.opentype.reader.OpenTypeReader$2] (value [com.crystaldecisions.reports.exporters.format.page.pdf.fontembedding.opentype.reader.OpenTypeReader$2@cc443]) and a value of type [java.util.ArrayList] (value [[]]) but failed to remove it when the web application was stopped. Threads are going to be renewed over time to try and avoid a probable memory leak.
05-Nov-2022 12:49:32.521 SEVERE [localhost-startStop-2] org.apache.catalina.loader.WebappClassLoaderBase.checkThreadLocalMapForLeaks The web application [zab] created a ThreadLocal with key of type [com.crystaldecisions.reports.common.locale.FormatterCache$3] (value [com.crystaldecisions.reports.common.locale.FormatterCache$3@148bac07]) and a value of type [java.util.HashMap] (value [{com.ibm.icu.util.GregorianCalendar[time=1667606400000,areFieldsSet=true,areAllFieldsSet=true,lenient=true,zone=com.ibm.icu.impl.JavaTimeZone@1142e,firstDayOfWeek=1,minimalDaysInFirstWeek=4,ERA=1,YEAR=2022,MONTH=10,WEEK_OF_YEAR=44,WEEK_OF_MONTH=1,DAY_OF_MONTH=5,DAY_OF_YEAR=309,DAY_OF_WEEK=7,DAY_OF_WEEK_IN_MONTH=1,AM_PM=0,HOUR=0,HOUR_OF_DAY=0,MINUTE=0,SECOND=0,MILLISECOND=0,ZONE_OFFSET=0,DST_OFFSET=0,YEAR_WOY=2022,DOW_LOCAL=7,EXTENDED_YEAR=2022,JULIAN_DAY=2459889,MILLISECONDS_IN_DAY=0]={en_US=com.ibm.icu.text.SimpleDateFormat@8629ad2d}}]) but failed to remove it when the web application was stopped. Threads are going to be renewed over time to try and avoid a probable memory leak.
05-Nov-2022 12:49:32.522 SEVERE [localhost-startStop-2] org.apache.catalina.loader.WebappClassLoaderBase.checkThreadLocalMapForLeaks The web application [zab] created a ThreadLocal with key of type [com.crystaldecisions.reports.common.locale.FormatterCache$5] (value [com.crystaldecisions.reports.common.locale.FormatterCache$5@3dc23c80]) and a value of type [java.util.HashMap] (value [{com.ibm.icu.util.GregorianCalendar[time=1667630727873,areFieldsSet=false,areAllFieldsSet=false,lenient=true,zone=com.ibm.icu.impl.JavaTimeZone@6dcd0e4d,firstDayOfWeek=1,minimalDaysInFirstWeek=4,ERA=0,YEAR=0,MONTH=0,WEEK_OF_YEAR=0,WEEK_OF_MONTH=0,DAY_OF_MONTH=0,DAY_OF_YEAR=0,DAY_OF_WEEK=0,DAY_OF_WEEK_IN_MONTH=0,AM_PM=0,HOUR=0,HOUR_OF_DAY=0,MINUTE=0,SECOND=0,MILLISECOND=0,ZONE_OFFSET=0,DST_OFFSET=0,YEAR_WOY=0,DOW_LOCAL=0,EXTENDED_YEAR=0,JULIAN_DAY=0,MILLISECONDS_IN_DAY=0]={en_US=com.ibm.icu.text.SimpleDateFormat@b4dc7db3}}]) but failed to remove it when the web application was stopped. Threads are going to be renewed over time to try and avoid a probable memory leak.
05-Nov-2022 12:49:32.522 SEVERE [localhost-startStop-2] org.apache.catalina.loader.WebappClassLoaderBase.checkThreadLocalMapForLeaks The web application [zab] created a ThreadLocal with key of type [com.crystaldecisions.reports.reportdefinition.FormattedFieldValue$1] (value [com.crystaldecisions.reports.reportdefinition.FormattedFieldValue$1@3b863ecb]) and a value of type [com.crystaldecisions.reports.reportdefinition.FormattedFieldValue.a] (value [com.crystaldecisions.reports.reportdefinition.FormattedFieldValue$a@72a44628]) but failed to remove it when the web application was stopped. Threads are going to be renewed over time to try and avoid a probable memory leak.
05-Nov-2022 12:49:32.522 SEVERE [localhost-startStop-2] org.apache.catalina.loader.WebappClassLoaderBase.checkThreadLocalMapForLeaks The web application [zab] created a ThreadLocal with key of type [com.crystaldecisions.reports.common.value.DTSParser$1] (value [com.crystaldecisions.reports.common.value.DTSParser$1@75f41747]) and a value of type [com.crystaldecisions.reports.common.value.DTSParser] (value [com.crystaldecisions.reports.common.value.DTSParser@7f8e0f54]) but failed to remove it when the web application was stopped. Threads are going to be renewed over time to try and avoid a probable memory leak.
05-Nov-2022 12:49:32.522 SEVERE [localhost-startStop-2] org.apache.catalina.loader.WebappClassLoaderBase.checkThreadLocalMapForLeaks The web application [zab] created a ThreadLocal with key of type [com.crystaldecisions.reports.exporters.format.page.pdf.dom.j$1] (value [com.crystaldecisions.reports.exporters.format.page.pdf.dom.j$1@2fcb938b]) and a value of type [com.crystaldecisions.reports.exporters.format.page.pdf.dom.j] (value [com.crystaldecisions.reports.exporters.format.page.pdf.dom.j@3dffcf0]) but failed to remove it when the web application was stopped. Threads are going to be renewed over time to try and avoid a probable memory leak.
05-Nov-2022 12:49:32.522 SEVERE [localhost-startStop-2] org.apache.catalina.loader.WebappClassLoaderBase.checkThreadLocalMapForLeaks The web application [zab] created a ThreadLocal with key of type [com.crystaldecisions.reports.exporters.format.page.pdf.pdflib.n$1] (value [com.crystaldecisions.reports.exporters.format.page.pdf.pdflib.n$1@56448de3]) and a value of type [com.crystaldecisions.reports.exporters.format.page.pdf.pdflib.n] (value [com.crystaldecisions.reports.exporters.format.page.pdf.pdflib.n@59bfdcd0]) but failed to remove it when the web application was stopped. Threads are going to be renewed over time to try and avoid a probable memory leak.
05-Nov-2022 12:49:32.522 SEVERE [localhost-startStop-2] org.apache.catalina.loader.WebappClassLoaderBase.checkThreadLocalMapForLeaks The web application [zab] created a ThreadLocal with key of type [com.crystaldecisions.reports.common.locale.FormatterCache$1] (value [com.crystaldecisions.reports.common.locale.FormatterCache$1@2a1b4ba7]) and a value of type [java.util.HashMap] (value [{en_US=com.ibm.icu.text.DecimalFormat@674dc}]) but failed to remove it when the web application was stopped. Threads are going to be renewed over time to try and avoid a probable memory leak.
05-Nov-2022 12:49:32.522 SEVERE [localhost-startStop-2] org.apache.catalina.loader.WebappClassLoaderBase.checkThreadLocalMapForLeaks The web application [zab] created a ThreadLocal with key of type [com.crystaldecisions.reports.exporters.format.page.pdf.pdflib.DoubleFormatter$1] (value [com.crystaldecisions.reports.exporters.format.page.pdf.pdflib.DoubleFormatter$1@137742f4]) and a value of type [java.lang.StringBuilder] (value [860]) but failed to remove it when the web application was stopped. Threads are going to be renewed over time to try and avoid a probable memory leak.
05-Nov-2022 12:49:32.522 SEVERE [localhost-startStop-2] org.apache.catalina.loader.WebappClassLoaderBase.checkThreadLocalMapForLeaks The web application [zab] created a ThreadLocal with key of type [com.crystaldecisions.reports.exporters.format.page.pdf.fontembedding.opentype.reader.OpenTypeReader$2] (value [com.crystaldecisions.reports.exporters.format.page.pdf.fontembedding.opentype.reader.OpenTypeReader$2@cc443]) and a value of type [java.util.ArrayList] (value [[]]) but failed to remove it when the web application was stopped. Threads are going to be renewed over time to try and avoid a probable memory leak.
05-Nov-2022 12:49:32.522 SEVERE [localhost-startStop-2] org.apache.catalina.loader.WebappClassLoaderBase.checkThreadLocalMapForLeaks The web application [zab] created a ThreadLocal with key of type [com.crystaldecisions.reports.common.locale.FormatterCache$5] (value [com.crystaldecisions.reports.common.locale.FormatterCache$5@3dc23c80]) and a value of type [java.util.HashMap] (value [{com.ibm.icu.util.GregorianCalendar[time=1667630588434,areFieldsSet=false,areAllFieldsSet=false,lenient=true,zone=com.ibm.icu.impl.JavaTimeZone@6dcd0e4d,firstDayOfWeek=1,minimalDaysInFirstWeek=4,ERA=0,YEAR=0,MONTH=0,WEEK_OF_YEAR=0,WEEK_OF_MONTH=0,DAY_OF_MONTH=0,DAY_OF_YEAR=0,DAY_OF_WEEK=0,DAY_OF_WEEK_IN_MONTH=0,AM_PM=0,HOUR=0,HOUR_OF_DAY=0,MINUTE=0,SECOND=0,MILLISECOND=0,ZONE_OFFSET=0,DST_OFFSET=0,YEAR_WOY=0,DOW_LOCAL=0,EXTENDED_YEAR=0,JULIAN_DAY=0,MILLISECONDS_IN_DAY=0]={en_US=com.ibm.icu.text.SimpleDateFormat@b4dc7db3}, com.ibm.icu.util.GregorianCalendar[time=1667630592495,areFieldsSet=false,areAllFieldsSet=false,lenient=true,zone=com.ibm.icu.impl.JavaTimeZone@6dcd0e4d,firstDayOfWeek=1,minimalDaysInFirstWeek=4,ERA=0,YEAR=0,MONTH=0,WEEK_OF_YEAR=0,WEEK_OF_MONTH=0,DAY_OF_MONTH=0,DAY_OF_YEAR=0,DAY_OF_WEEK=0,DAY_OF_WEEK_IN_MONTH=0,AM_PM=0,HOUR=0,HOUR_OF_DAY=0,MINUTE=0,SECOND=0,MILLISECOND=0,ZONE_OFFSET=0,DST_OFFSET=0,YEAR_WOY=0,DOW_LOCAL=0,EXTENDED_YEAR=0,JULIAN_DAY=0,MILLISECONDS_IN_DAY=0]={en_US=com.ibm.icu.text.SimpleDateFormat@b4dc7db3}, com.ibm.icu.util.GregorianCalendar[time=1667630593611,areFieldsSet=false,areAllFieldsSet=false,lenient=true,zone=com.ibm.icu.impl.JavaTimeZone@6dcd0e4d,firstDayOfWeek=1,minimalDaysInFirstWeek=4,ERA=0,YEAR=0,MONTH=0,WEEK_OF_YEAR=0,WEEK_OF_MONTH=0,DAY_OF_MONTH=0,DAY_OF_YEAR=0,DAY_OF_WEEK=0,DAY_OF_WEEK_IN_MONTH=0,AM_PM=0,HOUR=0,HOUR_OF_DAY=0,MINUTE=0,SECOND=0,MILLISECOND=0,ZONE_OFFSET=0,DST_OFFSET=0,YEAR_WOY=0,DOW_LOCAL=0,EXTENDED_YEAR=0,JULIAN_DAY=0,MILLISECONDS_IN_DAY=0]={en_US=com.ibm.icu.text.SimpleDateFormat@b4dc7db3}}]) but failed to remove it when the web application was stopped. Threads are going to be renewed over time to try and avoid a probable memory leak.
05-Nov-2022 12:49:32.522 SEVERE [localhost-startStop-2] org.apache.catalina.loader.WebappClassLoaderBase.checkThreadLocalMapForLeaks The web application [zab] created a ThreadLocal with key of type [com.crystaldecisions.reports.reportdefinition.FormattedFieldValue$1] (value [com.crystaldecisions.reports.reportdefinition.FormattedFieldValue$1@3b863ecb]) and a value of type [com.crystaldecisions.reports.reportdefinition.FormattedFieldValue.a] (value [com.crystaldecisions.reports.reportdefinition.FormattedFieldValue$a@60586a04]) but failed to remove it when the web application was stopped. Threads are going to be renewed over time to try and avoid a probable memory leak.
05-Nov-2022 12:49:32.522 SEVERE [localhost-startStop-2] org.apache.catalina.loader.WebappClassLoaderBase.checkThreadLocalMapForLeaks The web application [zab] created a ThreadLocal with key of type [com.crystaldecisions.reports.common.value.DTSParser$1] (value [com.crystaldecisions.reports.common.value.DTSParser$1@75f41747]) and a value of type [com.crystaldecisions.reports.common.value.DTSParser] (value [com.crystaldecisions.reports.common.value.DTSParser@210297da]) but failed to remove it when the web application was stopped. Threads are going to be renewed over time to try and avoid a probable memory leak.
05-Nov-2022 12:49:32.522 SEVERE [localhost-startStop-2] org.apache.catalina.loader.WebappClassLoaderBase.checkThreadLocalMapForLeaks The web application [zab] created a ThreadLocal with key of type [com.crystaldecisions.reports.common.locale.FormatterCache$1] (value [com.crystaldecisions.reports.common.locale.FormatterCache$1@2a1b4ba7]) and a value of type [java.util.HashMap] (value [{en_US=com.ibm.icu.text.DecimalFormat@674dc}]) but failed to remove it when the web application was stopped. Threads are going to be renewed over time to try and avoid a probable memory leak.
05-Nov-2022 12:49:32.522 SEVERE [localhost-startStop-2] org.apache.catalina.loader.WebappClassLoaderBase.checkThreadLocalMapForLeaks The web application [zab] created a ThreadLocal with key of type [com.crystaldecisions.reports.exporters.format.page.pdf.dom.j$1] (value [com.crystaldecisions.reports.exporters.format.page.pdf.dom.j$1@2fcb938b]) and a value of type [com.crystaldecisions.reports.exporters.format.page.pdf.dom.j] (value [com.crystaldecisions.reports.exporters.format.page.pdf.dom.j@4b6a233f]) but failed to remove it when the web application was stopped. Threads are going to be renewed over time to try and avoid a probable memory leak.
05-Nov-2022 12:49:32.522 SEVERE [localhost-startStop-2] org.apache.catalina.loader.WebappClassLoaderBase.checkThreadLocalMapForLeaks The web application [zab] created a ThreadLocal with key of type [com.crystaldecisions.reports.common.locale.FormatterCache$2] (value [com.crystaldecisions.reports.common.locale.FormatterCache$2@35aaa8d5]) and a value of type [java.util.HashMap] (value [{en_US=com.ibm.icu.text.DecimalFormat@67500}]) but failed to remove it when the web application was stopped. Threads are going to be renewed over time to try and avoid a probable memory leak.
05-Nov-2022 12:49:32.522 SEVERE [localhost-startStop-2] org.apache.catalina.loader.WebappClassLoaderBase.checkThreadLocalMapForLeaks The web application [zab] created a ThreadLocal with key of type [com.crystaldecisions.reports.exporters.format.page.pdf.pdflib.n$1] (value [com.crystaldecisions.reports.exporters.format.page.pdf.pdflib.n$1@56448de3]) and a value of type [com.crystaldecisions.reports.exporters.format.page.pdf.pdflib.n] (value [com.crystaldecisions.reports.exporters.format.page.pdf.pdflib.n@652320e9]) but failed to remove it when the web application was stopped. Threads are going to be renewed over time to try and avoid a probable memory leak.
05-Nov-2022 12:49:32.522 SEVERE [localhost-startStop-2] org.apache.catalina.loader.WebappClassLoaderBase.checkThreadLocalMapForLeaks The web application [zab] created a ThreadLocal with key of type [com.crystaldecisions.reports.common.locale.FormatterCache$3] (value [com.crystaldecisions.reports.common.locale.FormatterCache$3@148bac07]) and a value of type [java.util.HashMap] (value [{com.ibm.icu.util.GregorianCalendar[time=1667630588304,areFieldsSet=false,areAllFieldsSet=false,lenient=true,zone=com.ibm.icu.impl.JavaTimeZone@6dcd0e4d,firstDayOfWeek=1,minimalDaysInFirstWeek=4,ERA=0,YEAR=0,MONTH=0,WEEK_OF_YEAR=0,WEEK_OF_MONTH=0,DAY_OF_MONTH=0,DAY_OF_YEAR=0,DAY_OF_WEEK=0,DAY_OF_WEEK_IN_MONTH=0,AM_PM=0,HOUR=0,HOUR_OF_DAY=0,MINUTE=0,SECOND=0,MILLISECOND=0,ZONE_OFFSET=0,DST_OFFSET=0,YEAR_WOY=0,DOW_LOCAL=0,EXTENDED_YEAR=0,JULIAN_DAY=0,MILLISECONDS_IN_DAY=0]={en_US=com.ibm.icu.text.SimpleDateFormat@8629ad2d}, com.ibm.icu.util.GregorianCalendar[time=1667606400000,areFieldsSet=true,areAllFieldsSet=true,lenient=true,zone=com.ibm.icu.impl.JavaTimeZone@1142e,firstDayOfWeek=1,minimalDaysInFirstWeek=4,ERA=1,YEAR=2022,MONTH=10,WEEK_OF_YEAR=44,WEEK_OF_MONTH=1,DAY_OF_MONTH=5,DAY_OF_YEAR=309,DAY_OF_WEEK=7,DAY_OF_WEEK_IN_MONTH=1,AM_PM=0,HOUR=0,HOUR_OF_DAY=0,MINUTE=0,SECOND=0,MILLISECOND=0,ZONE_OFFSET=0,DST_OFFSET=0,YEAR_WOY=2022,DOW_LOCAL=7,EXTENDED_YEAR=2022,JULIAN_DAY=2459889,MILLISECONDS_IN_DAY=0]={en_US=com.ibm.icu.text.SimpleDateFormat@8629ad2d}}]) but failed to remove it when the web application was stopped. Threads are going to be renewed over time to try and avoid a probable memory leak.
05-Nov-2022 12:49:32.537 SEVERE [localhost-startStop-2] org.apache.catalina.loader.WebappClassLoaderBase.checkThreadLocalMapForLeaks The web application [zab] created a ThreadLocal with key of type [com.crystaldecisions.reports.common.filemanagement.DataPump$1] (value [com.crystaldecisions.reports.common.filemanagement.DataPump$1@6faf7123]) and a value of type [byte[]] (value [[B@1c5512fc]) but failed to remove it when the web application was stopped. Threads are going to be renewed over time to try and avoid a probable memory leak.
05-Nov-2022 12:49:32.564 INFO [Thread-14] org.apache.coyote.AbstractProtocol.stop Stopping ProtocolHandler ["http-nio-8090"]
05-Nov-2022 12:49:32.571 INFO [Thread-14] org.apache.coyote.AbstractProtocol.stop Stopping ProtocolHandler ["ajp-nio-8009"]

2022-11-05 12:50:54 Commons Daemon procrun stderr initialized
05-Nov-2022 12:50:54.753 INFO [main] org.apache.catalina.startup.VersionLoggerListener.log Server version:        Apache Tomcat/9.0.0.M1
05-Nov-2022 12:50:54.755 INFO [main] org.apache.catalina.startup.VersionLoggerListener.log Server built:          Nov 12 2015 22:05:52 UTC
05-Nov-2022 12:50:54.755 INFO [main] org.apache.catalina.startup.VersionLoggerListener.log Server number:         9.0.0.0
05-Nov-2022 12:50:54.756 INFO [main] org.apache.catalina.startup.VersionLoggerListener.log OS Name:               Windows 10
05-Nov-2022 12:50:54.756 INFO [main] org.apache.catalina.startup.VersionLoggerListener.log OS Version:            10.0
05-Nov-2022 12:50:54.756 INFO [main] org.apache.catalina.startup.VersionLoggerListener.log Architecture:          amd64
05-Nov-2022 12:50:54.756 INFO [main] org.apache.catalina.startup.VersionLoggerListener.log Java Home:             C:\Program Files\JAVA\jre1.8.0_92
05-Nov-2022 12:50:54.757 INFO [main] org.apache.catalina.startup.VersionLoggerListener.log JVM Version:           1.8.0_92-b14
05-Nov-2022 12:50:54.757 INFO [main] org.apache.catalina.startup.VersionLoggerListener.log JVM Vendor:            Oracle Corporation
05-Nov-2022 12:50:54.757 INFO [main] org.apache.catalina.startup.VersionLoggerListener.log CATALINA_BASE:         D:\Tomcat
05-Nov-2022 12:50:54.757 INFO [main] org.apache.catalina.startup.VersionLoggerListener.log CATALINA_HOME:         D:\Tomcat
05-Nov-2022 12:50:54.757 INFO [main] org.apache.catalina.startup.VersionLoggerListener.log Command line argument: -Dcatalina.home=D:\Tomcat
05-Nov-2022 12:50:54.757 INFO [main] org.apache.catalina.startup.VersionLoggerListener.log Command line argument: -Dcatalina.base=D:\Tomcat
05-Nov-2022 12:50:54.758 INFO [main] org.apache.catalina.startup.VersionLoggerListener.log Command line argument: -Djava.io.tmpdir=D:\Tomcat\temp
05-Nov-2022 12:50:54.758 INFO [main] org.apache.catalina.startup.VersionLoggerListener.log Command line argument: -Djava.util.logging.manager=org.apache.juli.ClassLoaderLogManager
05-Nov-2022 12:50:54.758 INFO [main] org.apache.catalina.startup.VersionLoggerListener.log Command line argument: -Djava.util.logging.config.file=D:\Tomcat\conf\logging.properties
05-Nov-2022 12:50:54.758 INFO [main] org.apache.catalina.startup.VersionLoggerListener.log Command line argument: exit
05-Nov-2022 12:50:54.758 INFO [main] org.apache.catalina.startup.VersionLoggerListener.log Command line argument: -Xms128m
05-Nov-2022 12:50:54.758 INFO [main] org.apache.catalina.startup.VersionLoggerListener.log Command line argument: -Xmx256m
05-Nov-2022 12:50:54.760 INFO [main] org.apache.catalina.core.AprLifecycleListener.lifecycleEvent The APR based Apache Tomcat Native library which allows optimal performance in production environments was not found on the java.library.path: D:\Tomcat\bin;C:\Windows\Sun\Java\bin;C:\Windows\system32;C:\Windows;C:\ProgramData\Oracle\Java\javapath;C:\Program Files (x86)\Common Files\Intel\Shared Libraries\redist\intel64\compiler;C:\Windows\system32;C:\Windows;C:\Windows\System32\Wbem;C:\Windows\System32\WindowsPowerShell\v1.0\;C:\Windows\System32\OpenSSH\;C:\Program Files\Git\cmd;C:\Program Files\nodejs\;C:\Program Files\Azure Data Studio\bin;C:\Program Files\Microsoft SQL Server\Client SDK\ODBC\170\Tools\Binn\;C:\Program Files (x86)\Microsoft SQL Server\150\Tools\Binn\;C:\Program Files\Microsoft SQL Server\150\Tools\Binn\;C:\Program Files\Microsoft SQL Server\150\DTS\Binn\;C:\Program Files (x86)\Microsoft SQL Server\150\DTS\Binn\;C:\Windows\system32\config\systemprofile\AppData\Local\Microsoft\WindowsApps;.
05-Nov-2022 12:50:54.914 INFO [main] org.apache.coyote.AbstractProtocol.init Initializing ProtocolHandler ["http-nio-8090"]
05-Nov-2022 12:50:55.004 INFO [main] org.apache.tomcat.util.net.NioSelectorPool.getSharedSelector Using a shared selector for servlet write/read
05-Nov-2022 12:50:55.007 INFO [main] org.apache.coyote.AbstractProtocol.init Initializing ProtocolHandler ["ajp-nio-8009"]
05-Nov-2022 12:50:55.010 INFO [main] org.apache.tomcat.util.net.NioSelectorPool.getSharedSelector Using a shared selector for servlet write/read
05-Nov-2022 12:50:55.010 INFO [main] org.apache.catalina.startup.Catalina.load Initialization processed in 712 ms
05-Nov-2022 12:50:55.042 INFO [main] org.apache.catalina.core.StandardService.startInternal Starting service Catalina
05-Nov-2022 12:50:55.043 INFO [main] org.apache.catalina.core.StandardEngine.startInternal Starting Servlet Engine: Apache Tomcat/9.0.0.M1
05-Nov-2022 12:50:55.056 INFO [localhost-startStop-1] org.apache.catalina.startup.HostConfig.deployDirectory Deploying web application directory D:\Tomcat\webapps\zab
05-Nov-2022 12:51:00.176 INFO [localhost-startStop-1] org.apache.jasper.servlet.TldScanner.scanJars At least one JAR was scanned for TLDs yet contained no TLDs. Enable debug logging for this logger for a complete list of JARs that were scanned but no TLDs were found in them. Skipping unneeded JARs during scanning can improve startup time and JSP compilation time.
05-Nov-2022 12:51:00.377 INFO [localhost-startStop-1] org.apache.catalina.util.SessionIdGeneratorBase.createSecureRandom Creation of SecureRandom instance for session ID generation using [SHA1PRNG] took [163] milliseconds.
05-Nov-2022 12:51:02.122 INFO [localhost-startStop-1] org.apache.catalina.startup.HostConfig.deployDirectory Deployment of web application directory D:\Tomcat\webapps\zab has finished in 7,066 ms
05-Nov-2022 12:51:02.138 INFO [main] org.apache.coyote.AbstractProtocol.start Starting ProtocolHandler [http-nio-8090]
05-Nov-2022 12:51:02.144 INFO [main] org.apache.coyote.AbstractProtocol.start Starting ProtocolHandler [ajp-nio-8009]
05-Nov-2022 12:51:02.146 INFO [main] org.apache.catalina.startup.Catalina.start Server startup in 7135 ms
06-Nov-2022 09:09:21.655 INFO [http-nio-8090-exec-1] org.apache.tomcat.util.http.parser.Cookie.logInvalidHeader A cookie header was received [-1]] that contained an invalid cookie. That cookie will be ignored.Note: further occurrences of this error will be logged at DEBUG level.
06-Nov-2022 09:49:00.201 INFO [Thread-6] org.apache.coyote.AbstractProtocol.pause Pausing ProtocolHandler ["http-nio-8090"]
06-Nov-2022 09:49:00.264 INFO [Thread-6] org.apache.coyote.AbstractProtocol.pause Pausing ProtocolHandler ["ajp-nio-8009"]
06-Nov-2022 09:49:00.330 INFO [Thread-6] org.apache.catalina.core.StandardService.stopInternal Stopping service Catalina
06-Nov-2022 09:49:00.406 WARNING [localhost-startStop-2] org.apache.catalina.loader.WebappClassLoaderBase.clearReferencesJdbc The web application [zab] registered the JDBC driver [com.microsoft.sqlserver.jdbc.SQLServerDriver] but failed to unregister it when the web application was stopped. To prevent a memory leak, the JDBC Driver has been forcibly unregistered.
06-Nov-2022 09:49:00.475 INFO [Thread-6] org.apache.coyote.AbstractProtocol.stop Stopping ProtocolHandler ["http-nio-8090"]
06-Nov-2022 09:49:00.480 INFO [Thread-6] org.apache.coyote.AbstractProtocol.stop Stopping ProtocolHandler ["ajp-nio-8009"]
