
2022-12-11 13:34:34 Commons Daemon procrun stderr initialized
11-Dec-2022 13:34:35.946 INFO [main] org.apache.catalina.startup.VersionLoggerListener.log Server version:        Apache Tomcat/9.0.0.M1
11-Dec-2022 13:34:35.961 INFO [main] org.apache.catalina.startup.VersionLoggerListener.log Server built:          Nov 12 2015 22:05:52 UTC
11-Dec-2022 13:34:35.961 INFO [main] org.apache.catalina.startup.VersionLoggerListener.log Server number:         9.0.0.0
11-Dec-2022 13:34:35.961 INFO [main] org.apache.catalina.startup.VersionLoggerListener.log OS Name:               Windows 10
11-Dec-2022 13:34:35.961 INFO [main] org.apache.catalina.startup.VersionLoggerListener.log OS Version:            10.0
11-Dec-2022 13:34:35.961 INFO [main] org.apache.catalina.startup.VersionLoggerListener.log Architecture:          amd64
11-Dec-2022 13:34:35.961 INFO [main] org.apache.catalina.startup.VersionLoggerListener.log Java Home:             C:\Program Files\JAVA\jre1.8.0_92
11-Dec-2022 13:34:35.961 INFO [main] org.apache.catalina.startup.VersionLoggerListener.log JVM Version:           1.8.0_92-b14
11-Dec-2022 13:34:35.961 INFO [main] org.apache.catalina.startup.VersionLoggerListener.log JVM Vendor:            Oracle Corporation
11-Dec-2022 13:34:35.961 INFO [main] org.apache.catalina.startup.VersionLoggerListener.log CATALINA_BASE:         D:\Tomcat
11-Dec-2022 13:34:35.961 INFO [main] org.apache.catalina.startup.VersionLoggerListener.log CATALINA_HOME:         D:\Tomcat
11-Dec-2022 13:34:35.961 INFO [main] org.apache.catalina.startup.VersionLoggerListener.log Command line argument: -Dcatalina.home=D:\Tomcat
11-Dec-2022 13:34:35.961 INFO [main] org.apache.catalina.startup.VersionLoggerListener.log Command line argument: -Dcatalina.base=D:\Tomcat
11-Dec-2022 13:34:35.961 INFO [main] org.apache.catalina.startup.VersionLoggerListener.log Command line argument: -Djava.io.tmpdir=D:\Tomcat\temp
11-Dec-2022 13:34:35.961 INFO [main] org.apache.catalina.startup.VersionLoggerListener.log Command line argument: -Djava.util.logging.manager=org.apache.juli.ClassLoaderLogManager
11-Dec-2022 13:34:35.961 INFO [main] org.apache.catalina.startup.VersionLoggerListener.log Command line argument: -Djava.util.logging.config.file=D:\Tomcat\conf\logging.properties
11-Dec-2022 13:34:35.961 INFO [main] org.apache.catalina.startup.VersionLoggerListener.log Command line argument: exit
11-Dec-2022 13:34:35.961 INFO [main] org.apache.catalina.startup.VersionLoggerListener.log Command line argument: -Xms128m
11-Dec-2022 13:34:35.961 INFO [main] org.apache.catalina.startup.VersionLoggerListener.log Command line argument: -Xmx256m
11-Dec-2022 13:34:35.961 INFO [main] org.apache.catalina.core.AprLifecycleListener.lifecycleEvent The APR based Apache Tomcat Native library which allows optimal performance in production environments was not found on the java.library.path: D:\Tomcat\bin;C:\WINDOWS\Sun\Java\bin;C:\WINDOWS\system32;C:\WINDOWS;C:\ProgramData\Oracle\Java\javapath;C:\Program Files (x86)\Common Files\Intel\Shared Libraries\redist\intel64\compiler;C:\WINDOWS\system32;C:\WINDOWS;C:\WINDOWS\System32\Wbem;C:\WINDOWS\System32\WindowsPowerShell\v1.0\;C:\WINDOWS\System32\OpenSSH\;C:\Program Files\Git\cmd;C:\Program Files\nodejs\;C:\Program Files\Azure Data Studio\bin;C:\Program Files\Microsoft SQL Server\Client SDK\ODBC\170\Tools\Binn\;C:\Program Files (x86)\Microsoft SQL Server\150\Tools\Binn\;C:\Program Files\Microsoft SQL Server\150\Tools\Binn\;C:\Program Files\Microsoft SQL Server\150\DTS\Binn\;C:\Program Files (x86)\Microsoft SQL Server\150\DTS\Binn\;C:\WINDOWS\system32\config\systemprofile\AppData\Local\Microsoft\WindowsApps;.
11-Dec-2022 13:34:36.631 INFO [main] org.apache.coyote.AbstractProtocol.init Initializing ProtocolHandler ["http-nio-8090"]
11-Dec-2022 13:34:37.076 INFO [main] org.apache.tomcat.util.net.NioSelectorPool.getSharedSelector Using a shared selector for servlet write/read
11-Dec-2022 13:34:37.091 INFO [main] org.apache.coyote.AbstractProtocol.init Initializing ProtocolHandler ["ajp-nio-8009"]
11-Dec-2022 13:34:37.091 INFO [main] org.apache.tomcat.util.net.NioSelectorPool.getSharedSelector Using a shared selector for servlet write/read
11-Dec-2022 13:34:37.091 INFO [main] org.apache.catalina.startup.Catalina.load Initialization processed in 2158 ms
11-Dec-2022 13:34:37.185 INFO [main] org.apache.catalina.core.StandardService.startInternal Starting service Catalina
11-Dec-2022 13:34:37.185 INFO [main] org.apache.catalina.core.StandardEngine.startInternal Starting Servlet Engine: Apache Tomcat/9.0.0.M1
11-Dec-2022 13:34:37.311 INFO [localhost-startStop-1] org.apache.catalina.startup.HostConfig.deployDirectory Deploying web application directory D:\Tomcat\webapps\zab
11-Dec-2022 13:34:47.226 INFO [localhost-startStop-1] org.apache.jasper.servlet.TldScanner.scanJars At least one JAR was scanned for TLDs yet contained no TLDs. Enable debug logging for this logger for a complete list of JARs that were scanned but no TLDs were found in them. Skipping unneeded JARs during scanning can improve startup time and JSP compilation time.
11-Dec-2022 13:34:47.697 INFO [localhost-startStop-1] org.apache.catalina.util.SessionIdGeneratorBase.createSecureRandom Creation of SecureRandom instance for session ID generation using [SHA1PRNG] took [173] milliseconds.
11-Dec-2022 13:34:49.377 INFO [localhost-startStop-1] org.apache.catalina.startup.HostConfig.deployDirectory Deployment of web application directory D:\Tomcat\webapps\zab has finished in 12,066 ms
11-Dec-2022 13:34:49.377 INFO [main] org.apache.coyote.AbstractProtocol.start Starting ProtocolHandler [http-nio-8090]
11-Dec-2022 13:34:49.392 INFO [main] org.apache.coyote.AbstractProtocol.start Starting ProtocolHandler [ajp-nio-8009]
11-Dec-2022 13:34:49.392 INFO [main] org.apache.catalina.startup.Catalina.start Server startup in 12302 ms
11-Dec-2022 13:34:49.392 SEVERE [main] org.apache.catalina.core.StandardServer.await StandardServer.await: create[localhost:8005]: 
 java.net.BindException: Address already in use: JVM_Bind
	at java.net.DualStackPlainSocketImpl.bind0(Native Method)
	at java.net.DualStackPlainSocketImpl.socketBind(Unknown Source)
	at java.net.AbstractPlainSocketImpl.bind(Unknown Source)
	at java.net.PlainSocketImpl.bind(Unknown Source)
	at java.net.ServerSocket.bind(Unknown Source)
	at java.net.ServerSocket.<init>(Unknown Source)
	at org.apache.catalina.core.StandardServer.await(StandardServer.java:421)
	at org.apache.catalina.startup.Catalina.await(Catalina.java:737)
	at org.apache.catalina.startup.Catalina.start(Catalina.java:683)
	at sun.reflect.NativeMethodAccessorImpl.invoke0(Native Method)
	at sun.reflect.NativeMethodAccessorImpl.invoke(Unknown Source)
	at sun.reflect.DelegatingMethodAccessorImpl.invoke(Unknown Source)
	at java.lang.reflect.Method.invoke(Unknown Source)
	at org.apache.catalina.startup.Bootstrap.start(Bootstrap.java:351)
	at org.apache.catalina.startup.Bootstrap.main(Bootstrap.java:485)

11-Dec-2022 13:34:49.392 INFO [main] org.apache.coyote.AbstractProtocol.pause Pausing ProtocolHandler ["http-nio-8090"]
11-Dec-2022 13:34:49.456 INFO [main] org.apache.coyote.AbstractProtocol.pause Pausing ProtocolHandler ["ajp-nio-8009"]
11-Dec-2022 13:34:49.518 INFO [main] org.apache.catalina.core.StandardService.stopInternal Stopping service Catalina
11-Dec-2022 13:34:49.518 WARNING [localhost-startStop-1] org.apache.catalina.loader.WebappClassLoaderBase.clearReferencesJdbc The web application [zab] registered the JDBC driver [com.microsoft.sqlserver.jdbc.SQLServerDriver] but failed to unregister it when the web application was stopped. To prevent a memory leak, the JDBC Driver has been forcibly unregistered.
11-Dec-2022 13:34:49.528 INFO [main] org.apache.coyote.AbstractProtocol.stop Stopping ProtocolHandler ["http-nio-8090"]
11-Dec-2022 13:34:49.534 INFO [main] org.apache.coyote.AbstractProtocol.stop Stopping ProtocolHandler ["ajp-nio-8009"]
11-Dec-2022 13:34:49.534 INFO [main] org.apache.coyote.AbstractProtocol.destroy Destroying ProtocolHandler ["http-nio-8090"]
11-Dec-2022 13:34:49.534 INFO [main] org.apache.coyote.AbstractProtocol.destroy Destroying ProtocolHandler ["ajp-nio-8009"]
