
2022-09-19 09:23:52 Commons Daemon procrun stdout initialized
blackcat---------
2022-09-20
end pdf---------------
calling stored procedure . . .
end mail---------------
2022-09-27
end pdf---------------
calling stored procedure . . .
end mail---------------
2022-09-27
end pdf---------------
calling stored procedure . . .
end mail---------------
2022-09-27
end pdf---------------
calling stored procedure . . .
end mail---------------
2022-09-27
end pdf---------------
calling stored procedure . . .
end mail---------------
2022-09-27
end pdf---------------
calling stored procedure . . .
end mail---------------
2022-09-27
end pdf---------------
calling stored procedure . . .
end mail---------------
2022-09-27
end pdf---------------
calling stored procedure . . .
end mail---------------
