
2022-09-28 15:18:55 Commons Daemon procrun stdout initialized
blackcat---------
2022-10-02
end pdf---------------
calling stored procedure . . .
end mail---------------
2022-10-02
end pdf---------------
calling stored procedure . . .
end mail---------------
2022-10-02
end pdf---------------
calling stored procedure . . .
end mail---------------
2022-10-02
end pdf---------------
calling stored procedure . . .
end mail---------------
2022-10-03
end pdf---------------
calling stored procedure . . .
end mail---------------
2022-10-04
end pdf---------------
calling stored procedure . . .
end mail---------------
2022-10-06
end pdf---------------
calling stored procedure . . .
end mail---------------
2022-10-06
end pdf---------------
calling stored procedure . . .
end mail---------------
