
2022-11-01 09:32:22 Commons Daemon procrun stderr initialized
01-Nov-2022 09:32:23.906 INFO [main] org.apache.catalina.startup.VersionLoggerListener.log Server version:        Apache Tomcat/9.0.0.M1
01-Nov-2022 09:32:23.906 INFO [main] org.apache.catalina.startup.VersionLoggerListener.log Server built:          Nov 12 2015 22:05:52 UTC
01-Nov-2022 09:32:23.906 INFO [main] org.apache.catalina.startup.VersionLoggerListener.log Server number:         9.0.0.0
01-Nov-2022 09:32:23.906 INFO [main] org.apache.catalina.startup.VersionLoggerListener.log OS Name:               Windows 10
01-Nov-2022 09:32:23.906 INFO [main] org.apache.catalina.startup.VersionLoggerListener.log OS Version:            10.0
01-Nov-2022 09:32:23.906 INFO [main] org.apache.catalina.startup.VersionLoggerListener.log Architecture:          amd64
01-Nov-2022 09:32:23.906 INFO [main] org.apache.catalina.startup.VersionLoggerListener.log Java Home:             C:\Program Files\JAVA\jre1.8.0_92
01-Nov-2022 09:32:23.906 INFO [main] org.apache.catalina.startup.VersionLoggerListener.log JVM Version:           1.8.0_92-b14
01-Nov-2022 09:32:23.906 INFO [main] org.apache.catalina.startup.VersionLoggerListener.log JVM Vendor:            Oracle Corporation
01-Nov-2022 09:32:23.906 INFO [main] org.apache.catalina.startup.VersionLoggerListener.log CATALINA_BASE:         D:\Tomcat
01-Nov-2022 09:32:23.906 INFO [main] org.apache.catalina.startup.VersionLoggerListener.log CATALINA_HOME:         D:\Tomcat
01-Nov-2022 09:32:23.906 INFO [main] org.apache.catalina.startup.VersionLoggerListener.log Command line argument: -Dcatalina.home=D:\Tomcat
01-Nov-2022 09:32:23.906 INFO [main] org.apache.catalina.startup.VersionLoggerListener.log Command line argument: -Dcatalina.base=D:\Tomcat
01-Nov-2022 09:32:23.906 INFO [main] org.apache.catalina.startup.VersionLoggerListener.log Command line argument: -Djava.io.tmpdir=D:\Tomcat\temp
01-Nov-2022 09:32:23.906 INFO [main] org.apache.catalina.startup.VersionLoggerListener.log Command line argument: -Djava.util.logging.manager=org.apache.juli.ClassLoaderLogManager
01-Nov-2022 09:32:23.906 INFO [main] org.apache.catalina.startup.VersionLoggerListener.log Command line argument: -Djava.util.logging.config.file=D:\Tomcat\conf\logging.properties
01-Nov-2022 09:32:23.906 INFO [main] org.apache.catalina.startup.VersionLoggerListener.log Command line argument: exit
01-Nov-2022 09:32:23.906 INFO [main] org.apache.catalina.startup.VersionLoggerListener.log Command line argument: -Xms128m
01-Nov-2022 09:32:23.906 INFO [main] org.apache.catalina.startup.VersionLoggerListener.log Command line argument: -Xmx256m
01-Nov-2022 09:32:23.921 INFO [main] org.apache.catalina.core.AprLifecycleListener.lifecycleEvent The APR based Apache Tomcat Native library which allows optimal performance in production environments was not found on the java.library.path: D:\Tomcat\bin;C:\Windows\Sun\Java\bin;C:\Windows\system32;C:\Windows;C:\ProgramData\Oracle\Java\javapath;C:\Program Files (x86)\Common Files\Intel\Shared Libraries\redist\intel64\compiler;C:\Windows\system32;C:\Windows;C:\Windows\System32\Wbem;C:\Windows\System32\WindowsPowerShell\v1.0\;C:\Windows\System32\OpenSSH\;C:\Program Files\Git\cmd;C:\Program Files\nodejs\;C:\Program Files\Azure Data Studio\bin;C:\Program Files\Microsoft SQL Server\Client SDK\ODBC\170\Tools\Binn\;C:\Program Files (x86)\Microsoft SQL Server\150\Tools\Binn\;C:\Program Files\Microsoft SQL Server\150\Tools\Binn\;C:\Program Files\Microsoft SQL Server\150\DTS\Binn\;C:\Program Files (x86)\Microsoft SQL Server\150\DTS\Binn\;C:\Windows\system32\config\systemprofile\AppData\Local\Microsoft\WindowsApps;.
01-Nov-2022 09:32:24.298 INFO [main] org.apache.coyote.AbstractProtocol.init Initializing ProtocolHandler ["http-nio-8090"]
01-Nov-2022 09:32:24.487 INFO [main] org.apache.tomcat.util.net.NioSelectorPool.getSharedSelector Using a shared selector for servlet write/read
01-Nov-2022 09:32:24.503 INFO [main] org.apache.coyote.AbstractProtocol.init Initializing ProtocolHandler ["ajp-nio-8009"]
01-Nov-2022 09:32:24.503 INFO [main] org.apache.tomcat.util.net.NioSelectorPool.getSharedSelector Using a shared selector for servlet write/read
01-Nov-2022 09:32:24.503 INFO [main] org.apache.catalina.startup.Catalina.load Initialization processed in 1309 ms
01-Nov-2022 09:32:24.549 INFO [main] org.apache.catalina.core.StandardService.startInternal Starting service Catalina
01-Nov-2022 09:32:24.549 INFO [main] org.apache.catalina.core.StandardEngine.startInternal Starting Servlet Engine: Apache Tomcat/9.0.0.M1
01-Nov-2022 09:32:24.612 INFO [localhost-startStop-1] org.apache.catalina.startup.HostConfig.deployDirectory Deploying web application directory D:\Tomcat\webapps\zab
01-Nov-2022 09:32:31.861 INFO [localhost-startStop-1] org.apache.jasper.servlet.TldScanner.scanJars At least one JAR was scanned for TLDs yet contained no TLDs. Enable debug logging for this logger for a complete list of JARs that were scanned but no TLDs were found in them. Skipping unneeded JARs during scanning can improve startup time and JSP compilation time.
01-Nov-2022 09:32:32.065 INFO [localhost-startStop-1] org.apache.catalina.util.SessionIdGeneratorBase.createSecureRandom Creation of SecureRandom instance for session ID generation using [SHA1PRNG] took [126] milliseconds.
01-Nov-2022 09:32:33.321 INFO [localhost-startStop-1] org.apache.catalina.startup.HostConfig.deployDirectory Deployment of web application directory D:\Tomcat\webapps\zab has finished in 8,709 ms
01-Nov-2022 09:32:33.321 INFO [main] org.apache.coyote.AbstractProtocol.start Starting ProtocolHandler [http-nio-8090]
01-Nov-2022 09:32:33.321 INFO [main] org.apache.coyote.AbstractProtocol.start Starting ProtocolHandler [ajp-nio-8009]
01-Nov-2022 09:32:33.336 INFO [main] org.apache.catalina.startup.Catalina.start Server startup in 8825 ms
01-Nov-2022 13:27:59.846 INFO [Thread-6] org.apache.coyote.AbstractProtocol.pause Pausing ProtocolHandler ["http-nio-8090"]
01-Nov-2022 13:27:59.912 INFO [Thread-6] org.apache.coyote.AbstractProtocol.pause Pausing ProtocolHandler ["ajp-nio-8009"]
01-Nov-2022 13:27:59.974 INFO [Thread-6] org.apache.catalina.core.StandardService.stopInternal Stopping service Catalina
01-Nov-2022 13:28:00.024 WARNING [localhost-startStop-2] org.apache.catalina.loader.WebappClassLoaderBase.clearReferencesJdbc The web application [zab] registered the JDBC driver [com.microsoft.sqlserver.jdbc.SQLServerDriver] but failed to unregister it when the web application was stopped. To prevent a memory leak, the JDBC Driver has been forcibly unregistered.
01-Nov-2022 13:28:00.123 INFO [Thread-6] org.apache.coyote.AbstractProtocol.stop Stopping ProtocolHandler ["http-nio-8090"]
01-Nov-2022 13:28:00.126 INFO [Thread-6] org.apache.coyote.AbstractProtocol.stop Stopping ProtocolHandler ["ajp-nio-8009"]

2022-11-01 15:44:12 Commons Daemon procrun stderr initialized
01-Nov-2022 15:44:13.405 INFO [main] org.apache.catalina.startup.VersionLoggerListener.log Server version:        Apache Tomcat/9.0.0.M1
01-Nov-2022 15:44:13.407 INFO [main] org.apache.catalina.startup.VersionLoggerListener.log Server built:          Nov 12 2015 22:05:52 UTC
01-Nov-2022 15:44:13.407 INFO [main] org.apache.catalina.startup.VersionLoggerListener.log Server number:         9.0.0.0
01-Nov-2022 15:44:13.407 INFO [main] org.apache.catalina.startup.VersionLoggerListener.log OS Name:               Windows 10
01-Nov-2022 15:44:13.407 INFO [main] org.apache.catalina.startup.VersionLoggerListener.log OS Version:            10.0
01-Nov-2022 15:44:13.407 INFO [main] org.apache.catalina.startup.VersionLoggerListener.log Architecture:          amd64
01-Nov-2022 15:44:13.407 INFO [main] org.apache.catalina.startup.VersionLoggerListener.log Java Home:             C:\Program Files\JAVA\jre1.8.0_92
01-Nov-2022 15:44:13.407 INFO [main] org.apache.catalina.startup.VersionLoggerListener.log JVM Version:           1.8.0_92-b14
01-Nov-2022 15:44:13.407 INFO [main] org.apache.catalina.startup.VersionLoggerListener.log JVM Vendor:            Oracle Corporation
01-Nov-2022 15:44:13.407 INFO [main] org.apache.catalina.startup.VersionLoggerListener.log CATALINA_BASE:         D:\Tomcat
01-Nov-2022 15:44:13.408 INFO [main] org.apache.catalina.startup.VersionLoggerListener.log CATALINA_HOME:         D:\Tomcat
01-Nov-2022 15:44:13.408 INFO [main] org.apache.catalina.startup.VersionLoggerListener.log Command line argument: -Dcatalina.home=D:\Tomcat
01-Nov-2022 15:44:13.408 INFO [main] org.apache.catalina.startup.VersionLoggerListener.log Command line argument: -Dcatalina.base=D:\Tomcat
01-Nov-2022 15:44:13.408 INFO [main] org.apache.catalina.startup.VersionLoggerListener.log Command line argument: -Djava.io.tmpdir=D:\Tomcat\temp
01-Nov-2022 15:44:13.408 INFO [main] org.apache.catalina.startup.VersionLoggerListener.log Command line argument: -Djava.util.logging.manager=org.apache.juli.ClassLoaderLogManager
01-Nov-2022 15:44:13.408 INFO [main] org.apache.catalina.startup.VersionLoggerListener.log Command line argument: -Djava.util.logging.config.file=D:\Tomcat\conf\logging.properties
01-Nov-2022 15:44:13.408 INFO [main] org.apache.catalina.startup.VersionLoggerListener.log Command line argument: exit
01-Nov-2022 15:44:13.409 INFO [main] org.apache.catalina.startup.VersionLoggerListener.log Command line argument: -Xms128m
01-Nov-2022 15:44:13.409 INFO [main] org.apache.catalina.startup.VersionLoggerListener.log Command line argument: -Xmx256m
01-Nov-2022 15:44:13.409 INFO [main] org.apache.catalina.core.AprLifecycleListener.lifecycleEvent The APR based Apache Tomcat Native library which allows optimal performance in production environments was not found on the java.library.path: D:\Tomcat\bin;C:\Windows\Sun\Java\bin;C:\Windows\system32;C:\Windows;C:\ProgramData\Oracle\Java\javapath;C:\Program Files (x86)\Common Files\Intel\Shared Libraries\redist\intel64\compiler;C:\Windows\system32;C:\Windows;C:\Windows\System32\Wbem;C:\Windows\System32\WindowsPowerShell\v1.0\;C:\Windows\System32\OpenSSH\;C:\Program Files\Git\cmd;C:\Program Files\nodejs\;C:\Program Files\Azure Data Studio\bin;C:\Program Files\Microsoft SQL Server\Client SDK\ODBC\170\Tools\Binn\;C:\Program Files (x86)\Microsoft SQL Server\150\Tools\Binn\;C:\Program Files\Microsoft SQL Server\150\Tools\Binn\;C:\Program Files\Microsoft SQL Server\150\DTS\Binn\;C:\Program Files (x86)\Microsoft SQL Server\150\DTS\Binn\;C:\Windows\system32\config\systemprofile\AppData\Local\Microsoft\WindowsApps;.
01-Nov-2022 15:44:13.561 INFO [main] org.apache.coyote.AbstractProtocol.init Initializing ProtocolHandler ["http-nio-8090"]
01-Nov-2022 15:44:13.641 INFO [main] org.apache.tomcat.util.net.NioSelectorPool.getSharedSelector Using a shared selector for servlet write/read
01-Nov-2022 15:44:13.644 INFO [main] org.apache.coyote.AbstractProtocol.init Initializing ProtocolHandler ["ajp-nio-8009"]
01-Nov-2022 15:44:13.646 INFO [main] org.apache.tomcat.util.net.NioSelectorPool.getSharedSelector Using a shared selector for servlet write/read
01-Nov-2022 15:44:13.647 INFO [main] org.apache.catalina.startup.Catalina.load Initialization processed in 502 ms
01-Nov-2022 15:44:13.669 INFO [main] org.apache.catalina.core.StandardService.startInternal Starting service Catalina
01-Nov-2022 15:44:13.670 INFO [main] org.apache.catalina.core.StandardEngine.startInternal Starting Servlet Engine: Apache Tomcat/9.0.0.M1
01-Nov-2022 15:44:13.679 INFO [localhost-startStop-1] org.apache.catalina.startup.HostConfig.deployDirectory Deploying web application directory D:\Tomcat\webapps\zab
01-Nov-2022 15:44:17.264 INFO [localhost-startStop-1] org.apache.jasper.servlet.TldScanner.scanJars At least one JAR was scanned for TLDs yet contained no TLDs. Enable debug logging for this logger for a complete list of JARs that were scanned but no TLDs were found in them. Skipping unneeded JARs during scanning can improve startup time and JSP compilation time.
01-Nov-2022 15:44:17.408 INFO [localhost-startStop-1] org.apache.catalina.util.SessionIdGeneratorBase.createSecureRandom Creation of SecureRandom instance for session ID generation using [SHA1PRNG] took [104] milliseconds.
01-Nov-2022 15:44:18.539 INFO [localhost-startStop-1] org.apache.catalina.startup.HostConfig.deployDirectory Deployment of web application directory D:\Tomcat\webapps\zab has finished in 4,860 ms
01-Nov-2022 15:44:18.542 INFO [main] org.apache.coyote.AbstractProtocol.start Starting ProtocolHandler [http-nio-8090]
01-Nov-2022 15:44:18.549 INFO [main] org.apache.coyote.AbstractProtocol.start Starting ProtocolHandler [ajp-nio-8009]
01-Nov-2022 15:44:18.551 INFO [main] org.apache.catalina.startup.Catalina.start Server startup in 4903 ms
01-Nov-2022 16:55:32.787 INFO [Thread-6] org.apache.coyote.AbstractProtocol.pause Pausing ProtocolHandler ["http-nio-8090"]
01-Nov-2022 16:55:32.852 INFO [Thread-6] org.apache.coyote.AbstractProtocol.pause Pausing ProtocolHandler ["ajp-nio-8009"]
01-Nov-2022 16:55:32.913 INFO [Thread-6] org.apache.catalina.core.StandardService.stopInternal Stopping service Catalina
01-Nov-2022 16:55:32.952 WARNING [localhost-startStop-2] org.apache.catalina.loader.WebappClassLoaderBase.clearReferencesJdbc The web application [zab] registered the JDBC driver [com.microsoft.sqlserver.jdbc.SQLServerDriver] but failed to unregister it when the web application was stopped. To prevent a memory leak, the JDBC Driver has been forcibly unregistered.
01-Nov-2022 16:55:33.091 INFO [Thread-6] org.apache.coyote.AbstractProtocol.stop Stopping ProtocolHandler ["http-nio-8090"]
01-Nov-2022 16:55:33.095 INFO [Thread-6] org.apache.coyote.AbstractProtocol.stop Stopping ProtocolHandler ["ajp-nio-8009"]
usiness []
pdatdef []
mmnutritionalassesmentform []
imtoapi []
mmotscheduleheader []
pdabsent []
pdgrade []
podef []
pdballog []
zaudittrail []
mmappointmentarc []
cacusdeleted []
mmempresent []
opdef []
mmaliquiddetail []
mktrefbusiness []
labheaderinfo []
fagli []
zdbmgtdef []
zdbmgt []
cadiscount []
acbaltemp []
pdtrainingheader []
mmlabesignature []
pdsupdelegation []
xusers []
pdtemp []
mktanalysis []
pdattlog []
pdleavedef []
bminstengmst []
acbudget []
famst []
mktprojasshd []
lccostaccount []
aitslabrule []
pdcalender []
pdcafetimedef []
xwhhrc1 []
potogli []
careportcount []
userunits []
cssdimtorheader []
mmstatusdischargetype []
mktactivities []
popiheader []
mmpatassessment []
apdef []
imtogli []
imchheader []
mmadvicedischargetype []
artogl []
modef []
mmemgpatass []
mmcollsumclsrpt []
mmopnotetype []
optrginscalcheader []
pdrosterstaff []
apsupinvm []
mmoperativetype []
opcattermsheader []
casp []
casm []
mmrtheader []
mmappdiabetes []
userpasspolicy []
caitemphback []
mktprojectdesc []
mmcolsumusrwsclsrpt []
mmbedtrndetails []
catdsdef []
mmotscheduledetail []
xroleprivilege []
acdef []
pdlyearti []
acgroup []
zdbschedule []
artogli []
mmadmission []
mopacking []
imtorheader []
crmcompany []
mmadmcancel []
cazid []
mmsignpof []
pocostmst []
acmst []
caitemdisc []
mktinfocenter []
mdisicdinfo []
xlabtitledetail []
pdtrainingdetail []
imstoretag []
opdopjdetail []
pdreviewhd []
xcodes []
mmdiettype []
mform9 []
cafm []
cappo []
poreqheader []
pocrnheader []
pdlplanehd []
pdnormaltrntype []
casup []
mmmarrecord []
cacus []
caexch []
aralcarc []
xpermitshistory []
mmdiagnosistype []
pdsalincheader []
msurgicalview []
xlocals []
caitemwvgbal []
faassetserial []
mmmachineapp []
mmliquidadmdet []
pdatlog []
optrginscalcitemdetail []
bmtrn []
pdlplanedt []
mmapplog []
pdrosterheader []
mmdtexcplan []
binmaster []
caitem_backup []
opdopromo []
acsub []
zlogs []
xwhgroup []
mmappointmentphy []
mmdietappheader []
mmantibiotics []
mealheader []
vatretsubheader []
poclaim []
mmassessmentype []
bmmachcatview []
lcinfo []
optrginsheader []
poprintcacusview []
caman []
mmbriefhistory []
pdbonusheader []
mmdischargecriteria []
mmappcanceldummy []
oppiheader []
caspfmview []
optrginscalcdetail []
pdcalenderheader []
cssdgaugeheader []
mmipdprescription []
apsupinvmdetail []
imdef []
opcattermsdetail []
zscreenheader []
mmassessment []
acheader []
pdsaldef []
mmdietappheaderdetail []
mmdismedication []
mmotappointment []
mmrtdetail []
pdotabsheader []
proccheck []
pdsignatoryrpt []
poimdef []
mmadmpackagedetail []
pdrosterdetailtemp []
mmappointmentprocedure []
arhed []
imtag []
mmpersonalhabits []
optrginspointdetail []
businessview []
acheadertemp []
zstakeholder []
opinvheader []
lcinfoview []
userstore []
pdtaxchallan []
pdhrc5 []
pdhrc4 []
pdhrc3 []
pdhrc2 []
pdhrc1 []
optoari []
oppromoheader []
cacusdisc []
mmappointment []
pdbonusballog []
mmappoinmentdialysis []
mmdentalhistory []
achrc5 []
achrc4 []
achrc3 []
pdrosterdept []
achrc2 []
achrc1 []
capromotion []
mmdiscardiac []
cabank []
pdinvheader []
cacusterms []
xtrn []
caind []
mminvesthistory []
acmstbankview []
cacar []
mmipdpresent []
markupslap []
mmadmissioncriteria []
genericmaster []
mopackdetail []
mmroomtypecharge []
xpermits []
vitalssign []
acheadertemppv []
beddetailstrn []
mmipdlaborder []
apvprcs []
mmappointmentdiet []
mmdietprescription []
xcodesinvest []
mmtconsulnt []
artrn []
lismachinemst []
aralc []
poreq []
mmopdprescrecon []
query []
mmappoinmentprocedure []
mmhistory []
bmdailyserviceupdate []
pdloantrn []
pmconstaskheader []
oppromoitem []
mmadmissiontype []
mmpresent []
opdmealheader []
opdcheader []
pdrosterdetail []
camanufacturer []
cacustrn []
cacostcenter []
imtorheaderrptview []
postdialysis []
optargetheader []
famstinsurance []
mmdiagnosis []
mmdiscardiacview []
pdreturn108 []
userprodnature []
faglmstview []
mmflowwupvistinst []
mmlogbook []
poprintzbusinessview []
carsm []
pdbonustrntype []
vatretsubdetail []
acreqheader []
aitslabheader []
mmadmroom []
optrginsdetail []
argiftvoucher []
pdbonusdetail []
fabal []
pddef []
mminvestigations []
mmvaccine []
accostcenterbr []
drugadjustmentmaster []
poquotheader []
mmdsignificantmd []
bmamccmc []
pdcalenderdetail []
mmappointmentoncology []
cacusbonus []
cacuspjdetail []
zscreendetail []
mmprescexamination []
acdetail []
mmprescoptical []
vatretsubforms []
pdtogli []
cahscodemst []
casupterms []
mmotmasterform []
cssdbomheader []
pdmst []
ardef []
caitemhrcheader []
pdotabsdetail []
cacategorygroup []
smsconfig []
mmfollowup []
mmaliquidheader []
podefault []
pdrosterdate []
pdtaxheader []
mmradiologytype []
processdef []
opinvdetail []
vitalssignview []
arhedarc []
mmlabtestsignature []
mmprodiagnosis []
caitem []
casupitem []
pdexperience []
moheader []
momrrheader []
sideeffectmaster []
opquotheader []
pdshift []
oppromodetail []
mmoutofentiocu []
caitemwhpcip []
mmpath []
mmotscheduleform []
imserial []
mmdietsummdetail []
mmprescadvice []
opcrnchheader []
mmdentisthistory []
mmlaborder []
mmappcancel []
caitemwh []
pdinvdetail []
pdmstnotcntview []
caitembonus []
pdtrnheader []
imtorheaderrptview2 []
imtrndetailimtorheaderview []
mmadmpackgitem []
rptcopy []
acpldetail []
xcur []
opcrnheader []
optrginsadditional []
mktmnthplan []
pogrndetailcost []
bmbomheader []
opordheader []
ppoview []
pdcafeteria []
pdroster []
mmdiet []
mform48 []
mform47 []
optrgactrpt []
mform43 []
mmclinicalnote []
mktcommtrckr []
caitemlcprofile []
pdleaveheader []
mmsurgichistory []
pdreqheader []
mmallergyhistory []
mminitappointment []
opratedefh []
opratedefd []
mmprescrecon []
cahsgroup []
mmmboard []
bmaccessories []
imtdet []
mform14 []
mform11 []
aphed []
pdemptransfer []
pmconstaskdetail []
mmdialysassment []
pdpromodt []
fatrn []
lctogli []
fadeplog []
caareaview []
caitempackage []
mmoperationnote []
opdcdetail []
xcodesnew []
mmambulancereq []
mmadvicedischarge []
cavatmst []
mmcontract []
acbal []
smsdetail []
mktquerytrckr []
mmotmaster []
mmipddismedictn []
pogrn []
acgltrn []
capromotiondetail []
optargetdetail []
mmhaemodialysis []
mmpatient []
accostallocation []
imoldstockrsvlog []
mmprofindings []
pdloanreschedule []
mmtboard []
actxchallan []
xprivilege []
mmpreschistory []
acreqdetail []
potoapi []
aitslabdetail []
oplctogli []
caitemdeleted []
pdmstrgn []
caroomheader []
xcodesitemledgerview []
mmdtheader []
mmappplan []
pdbonusbal []
mmadmissiondetail []
crmactivities []
xroles []
ipdvitals []
poquotdetail []
mmcolsumdailyclsrpt []
cagiftitem []
pdpoint []
emvitals []
mmconsulnt []
mmpostoperative []
caitemallview []
opdoheader []
mmdoclabprofile []
caspfmrsmview []
mmdisreasonadm []
pddependent []
apalcarcview []
pdsuperior []
mmadmissiontimeview []
acdetailtemp []
aphedarcviewrsc []
motrn []
poprintxcurview []
pdtaxdetail []
pdmaintrntype []
acfilerefview []
pdmstexpnshd []
lccacusview []
pdleaveasigne []
pomrp []
modetail []
momrrdetail []
opdosumview []
pdloanwriteoff []
opquotdetail []
mmadmpackgitecancel []
poclaimdetail []
poordheader []
caitemledview []
poprintpoordheadersignatory5view []
pogdt []
mmvitprescription []
opcrnchdetail []
caitemhrcdetail1 []
mmdisprescription []
mmcaitview []
pdmstexpnsdt []
pditsummary []
mmdocdrugprofile []
pdvariance []
caitemprocedureview []
mmrcorder []
pdtrndetail []
opdoheaderarc []
caitemlcinfoview []
poordheaderrptview []
oppiestcostheader []
mmpatienttransit []
casuphistory []
armralc []
mmprescription []
poprintporeqheaderview []
xwhhrc2 []
opcrndetail []
mmdmedicalassessmnt []
mmpatientdisease []
popidetail []
bmbomdetail []
oporddetail []
poprintpoordheaderview []
imtrnarc []
mmhospitalcourse []
acalc []
opdodetailcancel []
circulnursesview []
mmdtdetails []
pdleavedetail []
mmprescdiagnosis []
mmstatusdischarge []
mmpatienttransitview []
pdposting []
pmconstaskdetail1 []
mohrecipesetting []
shiftview []
poreqheaderrptview []
mmadmparoom []
pdleaveasignearchive []
caitemconsot []
lismachinemstdt []
caitemcons []
mmlogbookview []
caitemroomview []
lccost []
caspmsoview []
pdeducation []
opadvdetail []
mmclinicalnoteview []
mmambulance []
cadel []
caitembonusrbb []
mmopnote []
mmadmpackageheader []
mmurgentcare []
caroomdetail []
pmconscost1 []
pdabsentdetail []
xtrnp []
poprintpoordheadersignatory2view []
acdetailtemppv []
mmriskhistory []
fagltrnview []
mmpatientreatment []
cacusprice []
opterms []
pmconsactcost []
pddoctorview []
pdempat []
bmmodelno []
pdleaveview []
imtorrec []
pdotheader []
appaymentreqh []
pddocrscrules []
mmdisreq []
pdleave []
mmdailypatientnote []
mmdtlaborder []
apallocationarcviewrsc []
modailyprdtrn []
imreitemregister []
imtrn []
podelschedule []
poorddetail []
foodintrmaster []
mmorderprescription []
arhedarcview []
pdloantrndt []
lcpoordheaderview []
ardeposit []
caitemshelf []
caitempackageforview []
caitemprice []
mmonexam []
pdsignatoryrptview []
mmpatientepisode []
pdreviewdt []
lcamend []
oppiestcostdetail []
mmpatientpayer []
pdbal []
mmdailybednote []
mmdiagnosisopd []
mmlabtasktransit []
pdtaxslabdetail []
dosemaster []
cssdimtordetail []
opdodetcharge []
mmdialysismedcine []
opproducttarget []
pdsalarydetail []
imchdetail []
faglview []
nursenoteview []
imwtview []
ustrn []
imhazmat []
accostalcpercent []
mmappointmentlosview []
drugintrmaster []
acbalview []
caitemdetail []
imstocktakeview []
mmdtpresent []
pdinvslab []
pdmstdetail []
itembudget []
mmadmpackgitemdetail []
trnursesview []
lcitemcost []
caroomcharge []
poordcost []
mohrecipesettingdetail []
poprintpoordheadersignatory3view []
pddocfees []
mmdrugorder []
mmdocrcprofile []
pmconscost []
imtordetail []
oppiterms []
mmappointmentmachineview []
caroomcons []
diseaseintrmaster []
caitemcostprice []
pmconsactcost1 []
aralcarcview []
opipdpcreqheaderarc []
apgrnalc []
polcamend []
caitemnewview []
mmadmpackitem []
poreqdetail []
pocrndetail []
pdtransdt []
pdmstcntview []
poprintcaitemview []
fabaldview []
poprintpoorddetailview []
poprintpoordheaderprepview []
fabalview []
amccmcterms []
lcpolinkview []
pdsign6 []
pdsign5 []
pdsign4 []
pdsign3 []
pdsign2 []
poterms []
caitemaxmin []
caitemitemledview []
pdgradedt []
opdoheadermralc []
opordpricecostingitem []
opdocorporatedetail []
pdsalarydtview []
mmpatienttransitview1 []
opipdpcreqheader []
pdjobstschange []
acledmview []
cssdgaugedetail []
oppiamend []
pdathd []
polistpoordheaderview []
caitemimstockbalview []
caitemdetailexcept []
mowastage []
pdatdt []
aphedarcview []
poprintpoordheadersignatory4view []
optargetrsm []
cssdimtorsetdetail []
accostalcaccount []
opdowoalc []
pogrnheader []
optargetfm []
imtrnarcview []
pogrnadjdetail []
pogrncostvat []
pdsuspendview []
mmsample []
lcpoorddetailview []
opposmultiplecard []
arallocationarcview []
mmappdiabetesdetail []
mmlabtask []
mmmedicine []
mmradiotask []
poprintpoordheadersignatory1view []
opdodetail []
opipdpcreqdetail []
pdloanbalview []
opdosumallview []
opdodetailarc []
caitempackitem []
mmlabtaskchkview []
opdodetailview []
poreqdetailrptview []
caitemhrcdetail2 []
pogrncontainer []
xwhhrc3 []
pogrndetail []
apallocationarcview []
opdodetailpackageview []
pmconstaskdetail2 []
imtrndetail []
pogrncost []
pmconscost2 []
pdinvslabdetail []
mmlabmicroheader []
pogrndutypayment []
pdotdetail []
imtordetailrptview []
opipddoreqheader []
appaymentreqd []
mmlabtaskdetail []
potoglview []
caitempriceqtyview []
mmlabtaskdetails []
mmlabtaskrejectview []
poreqquotdetail []
opipdpcreqdetailarc []
mmctscan []
pdotamountview []
opipddoreqdetail []
pogrninvcost []
pmconsactcost2 []
mmradiotaskview []
cacreditview []
mmlabpcrrptview []
optarget []
mmlabtaskaplliedview []
pdotview []
mmmicrobiologyresults []
potoapview []
caitemhrcdetail3 []
pogrnitemcost []
xwhhrc4 []
pmconstaskdetail3 []
pmconscost3 []
pmconsactcost3 []
caitemhrcdetail4 []
xwhhrc5 []
pmconstaskdetail4 []
<p>Meta zabInfo for optrgactrpt -- Invalid object name 'optrgactrpt'.<br>

<p>Meta zabInfo for pmconstaskdetail -- Invalid object name 'pmconstaskdetail'.<br>

<p>Meta zabInfo for pogdt -- Invalid object name 'pogdt'.<br>

<p>Meta zabInfo for cadel -- Invalid object name 'cadel'.<br>

<p>Meta zabInfo for pdreviewdt -- Invalid object name 'pdreviewdt'.<br>

<p>Meta zabInfo for caitempackitem -- Invalid object name 'caitempackitem'.<br>

mmappointmentdummy []
zusers []
pdattemp []
mmonexamdummy []
mmprescriptiondummy []
castatus []
mmpatienttemp []
mmpresentdummy []
mmlaborderdummy []
oppossigninlog []
vitalssigndummy []
zlogintrail []
zaudittraildel []
zbusiness []
pdatdef []
mmnutritionalassesmentform []
imtoapi []
mmotscheduleheader []
pdabsent []
pdgrade []
podef []
pdballog []
zaudittrail []
mmappointmentarc []
cacusdeleted []
mmempresent []
opdef []
mmaliquiddetail []
mktrefbusiness []
labheaderinfo []
fagli []
zdbmgtdef []
zdbmgt []
cadiscount []
acbaltemp []
pdtrainingheader []
mmlabesignature []
pdsupdelegation []
xusers []
pdtemp []
mktanalysis []
pdattlog []
pdleavedef []
bminstengmst []
acbudget []
famst []
mktprojasshd []
lccostaccount []
aitslabrule []
pdcalender []
pdcafetimedef []
xwhhrc1 []
potogli []
careportcount []
userunits []
cssdimtorheader []
mmstatusdischargetype []
mktactivities []
popiheader []
mmpatassessment []
apdef []
imtogli []
imchheader []
mmadvicedischargetype []
artogl []
modef []
mmemgpatass []
mmcollsumclsrpt []
mmopnotetype []
optrginscalcheader []
pdrosterstaff []
apsupinvm []
mmoperativetype []
opcattermsheader []
casp []
casm []
mmrtheader []
mmappdiabetes []
userpasspolicy []
caitemphback []
mktprojectdesc []
mmcolsumusrwsclsrpt []
mmbedtrndetails []
catdsdef []
mmotscheduledetail []
xroleprivilege []
acdef []
pdlyearti []
acgroup []
zdbschedule []
artogli []
mmadmission []
mopacking []
imtorheader []
crmcompany []
mmadmcancel []
cazid []
mmsignpof []
pocostmst []
acmst []
caitemdisc []
mktinfocenter []
mdisicdinfo []
xlabtitledetail []
pdtrainingdetail []
imstoretag []
opdopjdetail []
pdreviewhd []
xcodes []
mmdiettype []
mform9 []
cafm []
cappo []
poreqheader []
pocrnheader []
pdlplanehd []
pdnormaltrntype []
casup []
mmmarrecord []
cacus []
caexch []
aralcarc []
xpermitshistory []
mmdiagnosistype []
pdsalincheader []
msurgicalview []
xlocals []
caitemwvgbal []
faassetserial []
mmmachineapp []
mmliquidadmdet []
pdatlog []
optrginscalcitemdetail []
bmtrn []
pdlplanedt []
mmapplog []
pdrosterheader []
mmdtexcplan []
binmaster []
caitem_backup []
opdopromo []
acsub []
zlogs []
xwhgroup []
mmappointmentphy []
mmdietappheader []
mmantibiotics []
mealheader []
vatretsubheader []
poclaim []
mmassessmentype []
bmmachcatview []
lcinfo []
optrginsheader []
poprintcacusview []
caman []
mmbriefhistory []
pdbonusheader []
mmdischargecriteria []
mmappcanceldummy []
oppiheader []
caspfmview []
optrginscalcdetail []
pdcalenderheader []
cssdgaugeheader []
mmipdprescription []
apsupinvmdetail []
imdef []
opcattermsdetail []
zscreenheader []
mmassessment []
acheader []
pdsaldef []
mmdietappheaderdetail []
mmdismedication []
mmotappointment []
mmrtdetail []
pdotabsheader []
proccheck []
pdsignatoryrpt []
poimdef []
mmadmpackagedetail []
pdrosterdetailtemp []
mmappointmentprocedure []
arhed []
imtag []
mmpersonalhabits []
optrginspointdetail []
businessview []
acheadertemp []
zstakeholder []
opinvheader []
lcinfoview []
userstore []
pdtaxchallan []
pdhrc5 []
pdhrc4 []
pdhrc3 []
pdhrc2 []
pdhrc1 []
optoari []
oppromoheader []
cacusdisc []
mmappointment []
pdbonusballog []
mmappoinmentdialysis []
mmdentalhistory []
achrc5 []
achrc4 []
achrc3 []
pdrosterdept []
achrc2 []
achrc1 []
capromotion []
mmdiscardiac []
cabank []
pdinvheader []
cacusterms []
xtrn []
caind []
mminvesthistory []
acmstbankview []
cacar []
mmipdpresent []
markupslap []
mmadmissioncriteria []
genericmaster []
mopackdetail []
mmroomtypecharge []
xpermits []
vitalssign []
acheadertemppv []
beddetailstrn []
mmipdlaborder []
apvprcs []
mmappointmentdiet []
mmdietprescription []
xcodesinvest []
mmtconsulnt []
artrn []
lismachinemst []
aralc []
poreq []
mmopdprescrecon []
query []
mmappoinmentprocedure []
mmhistory []
bmdailyserviceupdate []
pdloantrn []
pmconstaskheader []
oppromoitem []
mmadmissiontype []
mmpresent []
opdmealheader []
opdcheader []
pdrosterdetail []
camanufacturer []
cacustrn []
cacostcenter []
imtorheaderrptview []
postdialysis []
optargetheader []
famstinsurance []
mmdiagnosis []
mmdiscardiacview []
pdreturn108 []
userprodnature []
faglmstview []
mmflowwupvistinst []
mmlogbook []
poprintzbusinessview []
carsm []
pdbonustrntype []
vatretsubdetail []
acreqheader []
aitslabheader []
mmadmroom []
optrginsdetail []
argiftvoucher []
pdbonusdetail []
fabal []
pddef []
mminvestigations []
mmvaccine []
accostcenterbr []
drugadjustmentmaster []
poquotheader []
mmdsignificantmd []
bmamccmc []
pdcalenderdetail []
mmappointmentoncology []
cacusbonus []
cacuspjdetail []
zscreendetail []
mmprescexamination []
acdetail []
mmprescoptical []
vatretsubforms []
pdtogli []
cahscodemst []
casupterms []
mmotmasterform []
cssdbomheader []
pdmst []
ardef []
caitemhrcheader []
pdotabsdetail []
cacategorygroup []
smsconfig []
mmfollowup []
mmaliquidheader []
podefault []
pdrosterdate []
pdtaxheader []
mmradiologytype []
processdef []
opinvdetail []
vitalssignview []
arhedarc []
mmlabtestsignature []
mmprodiagnosis []
caitem []
casupitem []
pdexperience []
moheader []
momrrheader []
sideeffectmaster []
opquotheader []
pdshift []
oppromodetail []
mmoutofentiocu []
caitemwhpcip []
mmpath []
mmotscheduleform []
imserial []
mmdietsummdetail []
mmprescadvice []
opcrnchheader []
mmdentisthistory []
mmlaborder []
mmappcancel []
caitemwh []
pdinvdetail []
pdmstnotcntview []
caitembonus []
pdtrnheader []
imtorheaderrptview2 []
imtrndetailimtorheaderview []
mmadmpackgitem []
rptcopy []
acpldetail []
xcur []
opcrnheader []
optrginsadditional []
mktmnthplan []
pogrndetailcost []
bmbomheader []
opordheader []
ppoview []
pdcafeteria []
pdroster []
mmdiet []
mform48 []
mform47 []
optrgactrpt []
mform43 []
mmclinicalnote []
mktcommtrckr []
caitemlcprofile []
pdleaveheader []
mmsurgichistory []
pdreqheader []
mmallergyhistory []
mminitappointment []
opratedefh []
opratedefd []
mmprescrecon []
cahsgroup []
mmmboard []
bmaccessories []
imtdet []
mform14 []
mform11 []
aphed []
pdemptransfer []
pmconstaskdetail []
mmdialysassment []
pdpromodt []
fatrn []
lctogli []
fadeplog []
caareaview []
caitempackage []
mmoperationnote []
opdcdetail []
xcodesnew []
mmambulancereq []
mmadvicedischarge []
cavatmst []
mmcontract []
acbal []
smsdetail []
mktquerytrckr []
mmotmaster []
mmipddismedictn []
pogrn []
acgltrn []
capromotiondetail []
optargetdetail []
mmhaemodialysis []
mmpatient []
accostallocation []
imoldstockrsvlog []
mmprofindings []
pdloanreschedule []
mmtboard []
actxchallan []
xprivilege []
mmpreschistory []
acreqdetail []
potoapi []
aitslabdetail []
oplctogli []
caitemdeleted []
pdmstrgn []
caroomheader []
xcodesitemledgerview []
mmdtheader []
mmappplan []
pdbonusbal []
mmadmissiondetail []
crmactivities []
xroles []
ipdvitals []
poquotdetail []
mmcolsumdailyclsrpt []
cagiftitem []
pdpoint []
emvitals []
mmconsulnt []
mmpostoperative []
caitemallview []
opdoheader []
mmdoclabprofile []
caspfmrsmview []
mmdisreasonadm []
pddependent []
apalcarcview []
pdsuperior []
mmadmissiontimeview []
acdetailtemp []
aphedarcviewrsc []
motrn []
poprintxcurview []
pdtaxdetail []
pdmaintrntype []
acfilerefview []
pdmstexpnshd []
lccacusview []
pdleaveasigne []
pomrp []
modetail []
momrrdetail []
opdosumview []
pdloanwriteoff []
opquotdetail []
mmadmpackgitecancel []
poclaimdetail []
poordheader []
caitemledview []
poprintpoordheadersignatory5view []
pogdt []
mmvitprescription []
opcrnchdetail []
caitemhrcdetail1 []
mmdisprescription []
mmcaitview []
pdmstexpnsdt []
pditsummary []
mmdocdrugprofile []
pdvariance []
caitemprocedureview []
mmrcorder []
pdtrndetail []
opdoheaderarc []
caitemlcinfoview []
poordheaderrptview []
oppiestcostheader []
mmpatienttransit []
casuphistory []
armralc []
mmprescription []
poprintporeqheaderview []
xwhhrc2 []
opcrndetail []
mmdmedicalassessmnt []
mmpatientdisease []
popidetail []
bmbomdetail []
oporddetail []
poprintpoordheaderview []
imtrnarc []
mmhospitalcourse []
acalc []
opdodetailcancel []
circulnursesview []
mmdtdetails []
pdleavedetail []
mmprescdiagnosis []
mmstatusdischarge []
mmpatienttransitview []
pdposting []
pmconstaskdetail1 []
mohrecipesetting []
shiftview []
poreqheaderrptview []
mmadmparoom []
pdleaveasignearchive []
caitemconsot []
lismachinemstdt []
caitemcons []
mmlogbookview []
caitemroomview []
lccost []
caspmsoview []
pdeducation []
opadvdetail []
mmclinicalnoteview []
mmambulance []
cadel []
caitembonusrbb []
mmopnote []
mmadmpackageheader []
mmurgentcare []
caroomdetail []
pmconscost1 []
pdabsentdetail []
xtrnp []
poprintpoordheadersignatory2view []
acdetailtemppv []
mmriskhistory []
fagltrnview []
mmpatientreatment []
cacusprice []
opterms []
pmconsactcost []
pddoctorview []
pdempat []
bmmodelno []
pdleaveview []
imtorrec []
pdotheader []
appaymentreqh []
pddocrscrules []
mmdisreq []
pdleave []
mmdailypatientnote []
mmdtlaborder []
apallocationarcviewrsc []
modailyprdtrn []
imreitemregister []
imtrn []
podelschedule []
poorddetail []
foodintrmaster []
mmorderprescription []
arhedarcview []
pdloantrndt []
lcpoordheaderview []
ardeposit []
caitemshelf []
caitempackageforview []
caitemprice []
mmonexam []
pdsignatoryrptview []
mmpatientepisode []
pdreviewdt []
lcamend []
oppiestcostdetail []
mmpatientpayer []
pdbal []
mmdailybednote []
mmdiagnosisopd []
mmlabtasktransit []
pdtaxslabdetail []
dosemaster []
cssdimtordetail []
opdodetcharge []
mmdialysismedcine []
opproducttarget []
pdsalarydetail []
imchdetail []
faglview []
nursenoteview []
imwtview []
ustrn []
imhazmat []
accostalcpercent []
mmappointmentlosview []
drugintrmaster []
acbalview []
caitemdetail []
imstocktakeview []
mmdtpresent []
pdinvslab []
pdmstdetail []
itembudget []
mmadmpackgitemdetail []
trnursesview []
lcitemcost []
caroomcharge []
poordcost []
mohrecipesettingdetail []
poprintpoordheadersignatory3view []
pddocfees []
mmdrugorder []
mmdocrcprofile []
pmconscost []
imtordetail []
oppiterms []
mmappointmentmachineview []
caroomcons []
diseaseintrmaster []
caitemcostprice []
pmconsactcost1 []
aralcarcview []
opipdpcreqheaderarc []
apgrnalc []
polcamend []
caitemnewview []
mmadmpackitem []
poreqdetail []
pocrndetail []
pdtransdt []
pdmstcntview []
poprintcaitemview []
fabaldview []
poprintpoorddetailview []
poprintpoordheaderprepview []
fabalview []
amccmcterms []
lcpolinkview []
pdsign6 []
pdsign5 []
pdsign4 []
pdsign3 []
pdsign2 []
poterms []
caitemaxmin []
caitemitemledview []
pdgradedt []
opdoheadermralc []
opordpricecostingitem []
opdocorporatedetail []
pdsalarydtview []
mmpatienttransitview1 []
opipdpcreqheader []
pdjobstschange []
acledmview []
cssdgaugedetail []
oppiamend []
pdathd []
polistpoordheaderview []
caitemimstockbalview []
caitemdetailexcept []
mowastage []
pdatdt []
aphedarcview []
poprintpoordheadersignatory4view []
optargetrsm []
cssdimtorsetdetail []
accostalcaccount []
opdowoalc []
pogrnheader []
optargetfm []
imtrnarcview []
pogrnadjdetail []
pogrncostvat []
pdsuspendview []
mmsample []
lcpoorddetailview []
opposmultiplecard []
arallocationarcview []
mmappdiabetesdetail []
mmlabtask []
mmmedicine []
mmradiotask []
poprintpoordheadersignatory1view []
opdodetail []
opipdpcreqdetail []
pdloanbalview []
opdosumallview []
opdodetailarc []
caitempackitem []
mmlabtaskchkview []
opdodetailview []
poreqdetailrptview []
caitemhrcdetail2 []
pogrncontainer []
xwhhrc3 []
pogrndetail []
apallocationarcview []
opdodetailpackageview []
pmconstaskdetail2 []
imtrndetail []
pogrncost []
pmconscost2 []
pdinvslabdetail []
mmlabmicroheader []
pogrndutypayment []
pdotdetail []
imtordetailrptview []
opipddoreqheader []
appaymentreqd []
mmlabtaskdetail []
potoglview []
caitempriceqtyview []
mmlabtaskdetails []
mmlabtaskrejectview []
poreqquotdetail []
opipdpcreqdetailarc []
mmctscan []
pdotamountview []
opipddoreqdetail []
pogrninvcost []
pmconsactcost2 []
mmradiotaskview []
cacreditview []
mmlabpcrrptview []
optarget []
mmlabtaskaplliedview []
pdotview []
mmmicrobiologyresults []
potoapview []
caitemhrcdetail3 []
pogrnitemcost []
xwhhrc4 []
pmconstaskdetail3 []
pmconscost3 []
pmconsactcost3 []
caitemhrcdetail4 []
xwhhrc5 []
pmconstaskdetail4 []
<p>Meta zabInfo for optrgactrpt -- Invalid object name 'optrgactrpt'.<br>

<p>Meta zabInfo for pmconstaskdetail -- Invalid object name 'pmconstaskdetail'.<br>

<p>Meta zabInfo for pogdt -- Invalid object name 'pogdt'.<br>

<p>Meta zabInfo for cadel -- Invalid object name 'cadel'.<br>

<p>Meta zabInfo for pdreviewdt -- Invalid object name 'pdreviewdt'.<br>

<p>Meta zabInfo for caitempackitem -- Invalid object name 'caitempackitem'.<br>

ZAB Pool Running
