
2022-10-09 22:08:41 Commons Daemon procrun stderr initialized
09-Oct-2022 22:08:42.358 INFO [main] org.apache.catalina.startup.VersionLoggerListener.log Server version:        Apache Tomcat/9.0.0.M1
09-Oct-2022 22:08:42.374 INFO [main] org.apache.catalina.startup.VersionLoggerListener.log Server built:          Nov 12 2015 22:05:52 UTC
09-Oct-2022 22:08:42.374 INFO [main] org.apache.catalina.startup.VersionLoggerListener.log Server number:         9.0.0.0
09-Oct-2022 22:08:42.374 INFO [main] org.apache.catalina.startup.VersionLoggerListener.log OS Name:               Windows 10
09-Oct-2022 22:08:42.374 INFO [main] org.apache.catalina.startup.VersionLoggerListener.log OS Version:            10.0
09-Oct-2022 22:08:42.374 INFO [main] org.apache.catalina.startup.VersionLoggerListener.log Architecture:          amd64
09-Oct-2022 22:08:42.374 INFO [main] org.apache.catalina.startup.VersionLoggerListener.log Java Home:             C:\Program Files\JAVA\jre1.8.0_92
09-Oct-2022 22:08:42.374 INFO [main] org.apache.catalina.startup.VersionLoggerListener.log JVM Version:           1.8.0_92-b14
09-Oct-2022 22:08:42.374 INFO [main] org.apache.catalina.startup.VersionLoggerListener.log JVM Vendor:            Oracle Corporation
09-Oct-2022 22:08:42.374 INFO [main] org.apache.catalina.startup.VersionLoggerListener.log CATALINA_BASE:         D:\Tomcat
09-Oct-2022 22:08:42.374 INFO [main] org.apache.catalina.startup.VersionLoggerListener.log CATALINA_HOME:         D:\Tomcat
09-Oct-2022 22:08:42.374 INFO [main] org.apache.catalina.startup.VersionLoggerListener.log Command line argument: -Dcatalina.home=D:\Tomcat
09-Oct-2022 22:08:42.374 INFO [main] org.apache.catalina.startup.VersionLoggerListener.log Command line argument: -Dcatalina.base=D:\Tomcat
09-Oct-2022 22:08:42.374 INFO [main] org.apache.catalina.startup.VersionLoggerListener.log Command line argument: -Djava.io.tmpdir=D:\Tomcat\temp
09-Oct-2022 22:08:42.374 INFO [main] org.apache.catalina.startup.VersionLoggerListener.log Command line argument: -Djava.util.logging.manager=org.apache.juli.ClassLoaderLogManager
09-Oct-2022 22:08:42.374 INFO [main] org.apache.catalina.startup.VersionLoggerListener.log Command line argument: -Djava.util.logging.config.file=D:\Tomcat\conf\logging.properties
09-Oct-2022 22:08:42.374 INFO [main] org.apache.catalina.startup.VersionLoggerListener.log Command line argument: exit
09-Oct-2022 22:08:42.374 INFO [main] org.apache.catalina.startup.VersionLoggerListener.log Command line argument: -Xms128m
09-Oct-2022 22:08:42.374 INFO [main] org.apache.catalina.startup.VersionLoggerListener.log Command line argument: -Xmx256m
09-Oct-2022 22:08:42.374 INFO [main] org.apache.catalina.core.AprLifecycleListener.lifecycleEvent The APR based Apache Tomcat Native library which allows optimal performance in production environments was not found on the java.library.path: D:\Tomcat\bin;C:\Windows\Sun\Java\bin;C:\Windows\system32;C:\Windows;C:\ProgramData\Oracle\Java\javapath;C:\Program Files (x86)\Common Files\Intel\Shared Libraries\redist\intel64\compiler;C:\Windows\system32;C:\Windows;C:\Windows\System32\Wbem;C:\Windows\System32\WindowsPowerShell\v1.0\;C:\Windows\System32\OpenSSH\;C:\Program Files\Git\cmd;C:\Program Files\nodejs\;C:\Program Files\Azure Data Studio\bin;C:\Program Files\Microsoft SQL Server\Client SDK\ODBC\170\Tools\Binn\;C:\Program Files (x86)\Microsoft SQL Server\150\Tools\Binn\;C:\Program Files\Microsoft SQL Server\150\Tools\Binn\;C:\Program Files\Microsoft SQL Server\150\DTS\Binn\;C:\Program Files (x86)\Microsoft SQL Server\150\DTS\Binn\;C:\Windows\system32\config\systemprofile\AppData\Local\Microsoft\WindowsApps;.
09-Oct-2022 22:08:42.625 INFO [main] org.apache.coyote.AbstractProtocol.init Initializing ProtocolHandler ["http-nio-8090"]
09-Oct-2022 22:08:42.767 INFO [main] org.apache.tomcat.util.net.NioSelectorPool.getSharedSelector Using a shared selector for servlet write/read
09-Oct-2022 22:08:42.771 INFO [main] org.apache.coyote.AbstractProtocol.init Initializing ProtocolHandler ["ajp-nio-8009"]
09-Oct-2022 22:08:42.775 INFO [main] org.apache.tomcat.util.net.NioSelectorPool.getSharedSelector Using a shared selector for servlet write/read
09-Oct-2022 22:08:42.776 INFO [main] org.apache.catalina.startup.Catalina.load Initialization processed in 1198 ms
09-Oct-2022 22:08:42.831 INFO [main] org.apache.catalina.core.StandardService.startInternal Starting service Catalina
09-Oct-2022 22:08:42.831 INFO [main] org.apache.catalina.core.StandardEngine.startInternal Starting Servlet Engine: Apache Tomcat/9.0.0.M1
09-Oct-2022 22:08:42.858 INFO [localhost-startStop-1] org.apache.catalina.startup.HostConfig.deployDirectory Deploying web application directory D:\Tomcat\webapps\zab
09-Oct-2022 22:08:49.466 INFO [localhost-startStop-1] org.apache.jasper.servlet.TldScanner.scanJars At least one JAR was scanned for TLDs yet contained no TLDs. Enable debug logging for this logger for a complete list of JARs that were scanned but no TLDs were found in them. Skipping unneeded JARs during scanning can improve startup time and JSP compilation time.
09-Oct-2022 22:08:50.549 INFO [localhost-startStop-1] org.apache.catalina.startup.HostConfig.deployDirectory Deployment of web application directory D:\Tomcat\webapps\zab has finished in 7,691 ms
09-Oct-2022 22:08:50.549 INFO [main] org.apache.coyote.AbstractProtocol.start Starting ProtocolHandler [http-nio-8090]
09-Oct-2022 22:08:50.549 INFO [main] org.apache.coyote.AbstractProtocol.start Starting ProtocolHandler [ajp-nio-8009]
09-Oct-2022 22:08:50.549 INFO [main] org.apache.catalina.startup.Catalina.start Server startup in 7785 ms
